ARM GAS  /tmp/ccfYJ5dH.s 			page 1


   1              		.cpu cortex-m7
   2              		.eabi_attribute 28, 1
   3              		.eabi_attribute 20, 1
   4              		.eabi_attribute 21, 1
   5              		.eabi_attribute 23, 3
   6              		.eabi_attribute 24, 1
   7              		.eabi_attribute 25, 1
   8              		.eabi_attribute 26, 1
   9              		.eabi_attribute 30, 1
  10              		.eabi_attribute 34, 1
  11              		.eabi_attribute 18, 4
  12              		.file	"math_utils.c"
  13              		.text
  14              	.Ltext0:
  15              		.cfi_sections	.debug_frame
  16              		.section	.text.multiplyQuat,"ax",%progbits
  17              		.align	1
  18              		.global	multiplyQuat
  19              		.arch armv7e-m
  20              		.syntax unified
  21              		.thumb
  22              		.thumb_func
  23              		.fpu fpv5-d16
  25              	multiplyQuat:
  26              	.LVL0:
  27              	.LFB0:
  28              		.file 1 "Core/Src/math_utils.c"
   1:Core/Src/math_utils.c **** void multiplyQuat(double r[4], double s[4], double *result) {
  29              		.loc 1 1 61 view -0
  30              		.cfi_startproc
  31              		@ args = 0, pretend = 0, frame = 32
  32              		@ frame_needed = 0, uses_anonymous_args = 0
  33              		@ link register save eliminated.
  34              		.loc 1 1 61 is_stmt 0 view .LVU1
  35 0000 30B4     		push	{r4, r5}
  36              	.LCFI0:
  37              		.cfi_def_cfa_offset 8
  38              		.cfi_offset 4, -8
  39              		.cfi_offset 5, -4
  40 0002 2DED028B 		vpush.64	{d8}
  41              	.LCFI1:
  42              		.cfi_def_cfa_offset 16
  43              		.cfi_offset 80, -16
  44              		.cfi_offset 81, -12
  45 0006 88B0     		sub	sp, sp, #32
  46              	.LCFI2:
  47              		.cfi_def_cfa_offset 48
   2:Core/Src/math_utils.c **** 	double temp[4];
  48              		.loc 1 2 2 is_stmt 1 view .LVU2
   3:Core/Src/math_utils.c **** 	temp[0] = r[0] * s[0] - r[1] * s[1] - r[2] * s[2] - r[3] * s[3];
  49              		.loc 1 3 2 view .LVU3
  50              		.loc 1 3 13 is_stmt 0 view .LVU4
  51 0008 90ED000B 		vldr.64	d0, [r0]
  52              		.loc 1 3 20 view .LVU5
  53 000c 91ED004B 		vldr.64	d4, [r1]
  54              		.loc 1 3 27 view .LVU6
  55 0010 90ED027B 		vldr.64	d7, [r0, #8]
ARM GAS  /tmp/ccfYJ5dH.s 			page 2


  56              		.loc 1 3 34 view .LVU7
  57 0014 91ED022B 		vldr.64	d2, [r1, #8]
  58              		.loc 1 3 31 view .LVU8
  59 0018 27EE026B 		vmul.f64	d6, d7, d2
  60              		.loc 1 3 24 view .LVU9
  61 001c 10EE046B 		vnmls.f64	d6, d0, d4
  62              		.loc 1 3 41 view .LVU10
  63 0020 90ED043B 		vldr.64	d3, [r0, #16]
  64              		.loc 1 3 48 view .LVU11
  65 0024 91ED048B 		vldr.64	d8, [r1, #16]
  66              		.loc 1 3 38 view .LVU12
  67 0028 03EE486B 		vmls.f64	d6, d3, d8
  68              		.loc 1 3 55 view .LVU13
  69 002c 90ED065B 		vldr.64	d5, [r0, #24]
  70              		.loc 1 3 62 view .LVU14
  71 0030 91ED061B 		vldr.64	d1, [r1, #24]
  72              		.loc 1 3 52 view .LVU15
  73 0034 05EE416B 		vmls.f64	d6, d5, d1
  74              		.loc 1 3 10 view .LVU16
  75 0038 8DED006B 		vstr.64	d6, [sp]
   4:Core/Src/math_utils.c **** 	temp[1] = r[0] * s[1] + r[1] * s[0] - r[2] * s[3] + r[3] * s[2];
  76              		.loc 1 4 2 is_stmt 1 view .LVU17
  77              		.loc 1 4 31 is_stmt 0 view .LVU18
  78 003c 24EE076B 		vmul.f64	d6, d4, d7
  79              		.loc 1 4 24 view .LVU19
  80 0040 00EE026B 		vmla.f64	d6, d0, d2
  81              		.loc 1 4 38 view .LVU20
  82 0044 03EE416B 		vmls.f64	d6, d3, d1
  83              		.loc 1 4 52 view .LVU21
  84 0048 08EE056B 		vmla.f64	d6, d8, d5
  85              		.loc 1 4 10 view .LVU22
  86 004c 8DED026B 		vstr.64	d6, [sp, #8]
   5:Core/Src/math_utils.c **** 	temp[2] = r[0] * s[2] + r[1] * s[3] + r[2] * s[0] - r[3] * s[1];
  87              		.loc 1 5 2 is_stmt 1 view .LVU23
  88              		.loc 1 5 31 is_stmt 0 view .LVU24
  89 0050 27EE016B 		vmul.f64	d6, d7, d1
  90              		.loc 1 5 24 view .LVU25
  91 0054 00EE086B 		vmla.f64	d6, d0, d8
  92              		.loc 1 5 38 view .LVU26
  93 0058 04EE036B 		vmla.f64	d6, d4, d3
  94              		.loc 1 5 52 view .LVU27
  95 005c 02EE456B 		vmls.f64	d6, d2, d5
  96              		.loc 1 5 10 view .LVU28
  97 0060 8DED046B 		vstr.64	d6, [sp, #16]
   6:Core/Src/math_utils.c **** 	temp[3] = r[0] * s[3] - r[1] * s[2] + r[2] * s[1] + r[3] * s[0];
  98              		.loc 1 6 2 is_stmt 1 view .LVU29
  99              		.loc 1 6 31 is_stmt 0 view .LVU30
 100 0064 27EE087B 		vmul.f64	d7, d7, d8
 101              		.loc 1 6 24 view .LVU31
 102 0068 10EE017B 		vnmls.f64	d7, d0, d1
 103              		.loc 1 6 38 view .LVU32
 104 006c 02EE037B 		vmla.f64	d7, d2, d3
 105              		.loc 1 6 52 view .LVU33
 106 0070 04EE057B 		vmla.f64	d7, d4, d5
 107              		.loc 1 6 10 view .LVU34
 108 0074 8DED067B 		vstr.64	d7, [sp, #24]
   7:Core/Src/math_utils.c **** 
ARM GAS  /tmp/ccfYJ5dH.s 			page 3


   8:Core/Src/math_utils.c **** 	for (int i = 0; i < 4; i++) {
 109              		.loc 1 8 2 is_stmt 1 view .LVU35
 110              	.LBB2:
 111              		.loc 1 8 7 view .LVU36
 112              	.LVL1:
 113              		.loc 1 8 11 is_stmt 0 view .LVU37
 114 0078 0023     		movs	r3, #0
 115              		.loc 1 8 2 view .LVU38
 116 007a 09E0     		b	.L2
 117              	.LVL2:
 118              	.L3:
   9:Core/Src/math_utils.c **** 		result[i] = temp[i];
 119              		.loc 1 9 3 is_stmt 1 discriminator 3 view .LVU39
 120              		.loc 1 9 9 is_stmt 0 discriminator 3 view .LVU40
 121 007c 02EBC301 		add	r1, r2, r3, lsl #3
 122              		.loc 1 9 19 discriminator 3 view .LVU41
 123 0080 08A8     		add	r0, sp, #32
 124 0082 00EBC300 		add	r0, r0, r3, lsl #3
 125 0086 50E90845 		ldrd	r4, [r0, #-32]
 126              		.loc 1 9 13 discriminator 3 view .LVU42
 127 008a C1E90045 		strd	r4, [r1]
   8:Core/Src/math_utils.c **** 		result[i] = temp[i];
 128              		.loc 1 8 25 is_stmt 1 discriminator 3 view .LVU43
   8:Core/Src/math_utils.c **** 		result[i] = temp[i];
 129              		.loc 1 8 26 is_stmt 0 discriminator 3 view .LVU44
 130 008e 0133     		adds	r3, r3, #1
 131              	.LVL3:
 132              	.L2:
   8:Core/Src/math_utils.c **** 		result[i] = temp[i];
 133              		.loc 1 8 18 is_stmt 1 discriminator 1 view .LVU45
   8:Core/Src/math_utils.c **** 		result[i] = temp[i];
 134              		.loc 1 8 2 is_stmt 0 discriminator 1 view .LVU46
 135 0090 032B     		cmp	r3, #3
 136 0092 F3DD     		ble	.L3
 137              	.LBE2:
  10:Core/Src/math_utils.c **** 	}
  11:Core/Src/math_utils.c **** }
 138              		.loc 1 11 1 view .LVU47
 139 0094 08B0     		add	sp, sp, #32
 140              	.LCFI3:
 141              		.cfi_def_cfa_offset 16
 142              		@ sp needed
 143 0096 BDEC028B 		vldm	sp!, {d8}
 144              	.LCFI4:
 145              		.cfi_restore 80
 146              		.cfi_restore 81
 147              		.cfi_def_cfa_offset 8
 148 009a 30BC     		pop	{r4, r5}
 149              	.LCFI5:
 150              		.cfi_restore 5
 151              		.cfi_restore 4
 152              		.cfi_def_cfa_offset 0
 153 009c 7047     		bx	lr
 154              		.cfi_endproc
 155              	.LFE0:
 157              		.section	.text.dotProduct,"ax",%progbits
 158              		.align	1
ARM GAS  /tmp/ccfYJ5dH.s 			page 4


 159              		.global	dotProduct
 160              		.syntax unified
 161              		.thumb
 162              		.thumb_func
 163              		.fpu fpv5-d16
 165              	dotProduct:
 166              	.LVL4:
 167              	.LFB1:
  12:Core/Src/math_utils.c **** 
  13:Core/Src/math_utils.c **** double dotProduct(double a[4], double b[4]) {
 168              		.loc 1 13 45 is_stmt 1 view -0
 169              		.cfi_startproc
 170              		@ args = 0, pretend = 0, frame = 0
 171              		@ frame_needed = 0, uses_anonymous_args = 0
 172              		@ link register save eliminated.
  14:Core/Src/math_utils.c **** 	return (a[1] * b[1] + a[2] * b[2] + a[3] * b[3]);
 173              		.loc 1 14 2 view .LVU49
 174              		.loc 1 14 11 is_stmt 0 view .LVU50
 175 0000 90ED026B 		vldr.64	d6, [r0, #8]
 176              		.loc 1 14 18 view .LVU51
 177 0004 91ED027B 		vldr.64	d7, [r1, #8]
 178              		.loc 1 14 25 view .LVU52
 179 0008 90ED040B 		vldr.64	d0, [r0, #16]
 180              		.loc 1 14 32 view .LVU53
 181 000c 91ED045B 		vldr.64	d5, [r1, #16]
 182              		.loc 1 14 29 view .LVU54
 183 0010 20EE050B 		vmul.f64	d0, d0, d5
 184              		.loc 1 14 22 view .LVU55
 185 0014 06EE070B 		vmla.f64	d0, d6, d7
 186              		.loc 1 14 39 view .LVU56
 187 0018 90ED066B 		vldr.64	d6, [r0, #24]
 188              		.loc 1 14 46 view .LVU57
 189 001c 91ED067B 		vldr.64	d7, [r1, #24]
  15:Core/Src/math_utils.c **** }
 190              		.loc 1 15 1 view .LVU58
 191 0020 06EE070B 		vmla.f64	d0, d6, d7
 192 0024 7047     		bx	lr
 193              		.cfi_endproc
 194              	.LFE1:
 196              		.section	.text.magnitude,"ax",%progbits
 197              		.align	1
 198              		.global	magnitude
 199              		.syntax unified
 200              		.thumb
 201              		.thumb_func
 202              		.fpu fpv5-d16
 204              	magnitude:
 205              	.LVL5:
 206              	.LFB2:
  16:Core/Src/math_utils.c **** 
  17:Core/Src/math_utils.c **** double magnitude(double vector[4]) {
 207              		.loc 1 17 36 is_stmt 1 view -0
 208              		.cfi_startproc
 209              		@ args = 0, pretend = 0, frame = 0
 210              		@ frame_needed = 0, uses_anonymous_args = 0
 211              		.loc 1 17 36 is_stmt 0 view .LVU60
 212 0000 08B5     		push	{r3, lr}
ARM GAS  /tmp/ccfYJ5dH.s 			page 5


 213              	.LCFI6:
 214              		.cfi_def_cfa_offset 8
 215              		.cfi_offset 3, -8
 216              		.cfi_offset 14, -4
  18:Core/Src/math_utils.c **** 	return sqrt(
 217              		.loc 1 18 2 is_stmt 1 view .LVU61
  19:Core/Src/math_utils.c **** 			vector[0] * vector[0] + vector[1] * vector[1]
 218              		.loc 1 19 10 is_stmt 0 view .LVU62
 219 0002 90ED007B 		vldr.64	d7, [r0]
 220              		.loc 1 19 34 view .LVU63
 221 0006 90ED020B 		vldr.64	d0, [r0, #8]
 222              		.loc 1 19 38 view .LVU64
 223 000a 20EE000B 		vmul.f64	d0, d0, d0
 224              		.loc 1 19 26 view .LVU65
 225 000e 07EE070B 		vmla.f64	d0, d7, d7
  20:Core/Src/math_utils.c **** 					+ vector[2] * vector[2] + vector[3] * vector[3]);
 226              		.loc 1 20 14 view .LVU66
 227 0012 90ED047B 		vldr.64	d7, [r0, #16]
 228              		.loc 1 20 6 view .LVU67
 229 0016 07EE070B 		vmla.f64	d0, d7, d7
 230              		.loc 1 20 38 view .LVU68
 231 001a 90ED067B 		vldr.64	d7, [r0, #24]
  18:Core/Src/math_utils.c **** 	return sqrt(
 232              		.loc 1 18 9 view .LVU69
 233 001e 07EE070B 		vmla.f64	d0, d7, d7
 234 0022 FFF7FEFF 		bl	sqrt
 235              	.LVL6:
  21:Core/Src/math_utils.c **** }...
 236              		.loc 1 21 1 view .LVU70
 237 0026 08BD     		pop	{r3, pc}
 238              		.cfi_endproc
 239              	.LFE2:
 241              		.text
 242              	.Letext0:
 243              		.file 2 "<built-in>"
ARM GAS  /tmp/ccfYJ5dH.s 			page 6


DEFINED SYMBOLS
                            *ABS*:0000000000000000 math_utils.c
     /tmp/ccfYJ5dH.s:17     .text.multiplyQuat:0000000000000000 $t
     /tmp/ccfYJ5dH.s:25     .text.multiplyQuat:0000000000000000 multiplyQuat
     /tmp/ccfYJ5dH.s:158    .text.dotProduct:0000000000000000 $t
     /tmp/ccfYJ5dH.s:165    .text.dotProduct:0000000000000000 dotProduct
     /tmp/ccfYJ5dH.s:197    .text.magnitude:0000000000000000 $t
     /tmp/ccfYJ5dH.s:204    .text.magnitude:0000000000000000 magnitude

UNDEFINED SYMBOLS
sqrt
