ARM GAS  /tmp/ccz7gYyM.s 			page 1


   1              		.cpu cortex-m7
   2              		.eabi_attribute 28, 1
   3              		.eabi_attribute 20, 1
   4              		.eabi_attribute 21, 1
   5              		.eabi_attribute 23, 3
   6              		.eabi_attribute 24, 1
   7              		.eabi_attribute 25, 1
   8              		.eabi_attribute 26, 1
   9              		.eabi_attribute 30, 1
  10              		.eabi_attribute 34, 1
  11              		.eabi_attribute 18, 4
  12              		.file	"sd_diskio.c"
  13              		.text
  14              	.Ltext0:
  15              		.cfi_sections	.debug_frame
  16              		.section	.text.SD_CheckStatus,"ax",%progbits
  17              		.align	1
  18              		.arch armv7e-m
  19              		.syntax unified
  20              		.thumb
  21              		.thumb_func
  22              		.fpu fpv5-d16
  24              	SD_CheckStatus:
  25              	.LVL0:
  26              	.LFB351:
  27              		.file 1 "FATFS/Target/sd_diskio.c"
   1:FATFS/Target/sd_diskio.c **** /* USER CODE BEGIN Header */
   2:FATFS/Target/sd_diskio.c **** /**
   3:FATFS/Target/sd_diskio.c ****   ******************************************************************************
   4:FATFS/Target/sd_diskio.c ****   * @file    sd_diskio.c
   5:FATFS/Target/sd_diskio.c ****   * @brief   SD Disk I/O driver
   6:FATFS/Target/sd_diskio.c ****   ******************************************************************************
   7:FATFS/Target/sd_diskio.c ****   * @attention
   8:FATFS/Target/sd_diskio.c ****   *
   9:FATFS/Target/sd_diskio.c ****   * Copyright (c) 2024 STMicroelectronics.
  10:FATFS/Target/sd_diskio.c ****   * All rights reserved.
  11:FATFS/Target/sd_diskio.c ****   *
  12:FATFS/Target/sd_diskio.c ****   * This software is licensed under terms that can be found in the LICENSE file
  13:FATFS/Target/sd_diskio.c ****   * in the root directory of this software component.
  14:FATFS/Target/sd_diskio.c ****   * If no LICENSE file comes with this software, it is provided AS-IS.
  15:FATFS/Target/sd_diskio.c ****   *
  16:FATFS/Target/sd_diskio.c ****   ******************************************************************************
  17:FATFS/Target/sd_diskio.c ****   */
  18:FATFS/Target/sd_diskio.c **** /* USER CODE END Header */
  19:FATFS/Target/sd_diskio.c **** 
  20:FATFS/Target/sd_diskio.c **** /* Note: code generation based on sd_diskio_dma_template_bspv1.c v2.1.4
  21:FATFS/Target/sd_diskio.c ****    as "Use dma template" is enabled. */
  22:FATFS/Target/sd_diskio.c **** 
  23:FATFS/Target/sd_diskio.c **** /* USER CODE BEGIN firstSection */
  24:FATFS/Target/sd_diskio.c **** /* can be used to modify / undefine following code or add new definitions */
  25:FATFS/Target/sd_diskio.c **** /* USER CODE END firstSection*/
  26:FATFS/Target/sd_diskio.c **** 
  27:FATFS/Target/sd_diskio.c **** /* Includes ------------------------------------------------------------------*/
  28:FATFS/Target/sd_diskio.c **** #include "ff_gen_drv.h"
  29:FATFS/Target/sd_diskio.c **** #include "sd_diskio.h"
  30:FATFS/Target/sd_diskio.c **** 
  31:FATFS/Target/sd_diskio.c **** #include <string.h>
ARM GAS  /tmp/ccz7gYyM.s 			page 2


  32:FATFS/Target/sd_diskio.c **** 
  33:FATFS/Target/sd_diskio.c **** /* Private typedef -----------------------------------------------------------*/
  34:FATFS/Target/sd_diskio.c **** /* Private define ------------------------------------------------------------*/
  35:FATFS/Target/sd_diskio.c **** 
  36:FATFS/Target/sd_diskio.c ****  /*
  37:FATFS/Target/sd_diskio.c ****  * the following Timeout is useful to give the control back to the applications
  38:FATFS/Target/sd_diskio.c ****  * in case of errors in either BSP_SD_ReadCpltCallback() or BSP_SD_WriteCpltCallback()
  39:FATFS/Target/sd_diskio.c ****  * the value by default is as defined in the BSP platform driver otherwise 30 secs
  40:FATFS/Target/sd_diskio.c ****  */
  41:FATFS/Target/sd_diskio.c **** #define SD_TIMEOUT 30 * 1000
  42:FATFS/Target/sd_diskio.c **** 
  43:FATFS/Target/sd_diskio.c **** #define SD_DEFAULT_BLOCK_SIZE 512
  44:FATFS/Target/sd_diskio.c **** 
  45:FATFS/Target/sd_diskio.c **** /*
  46:FATFS/Target/sd_diskio.c ****  * Depending on the use case, the SD card initialization could be done at the
  47:FATFS/Target/sd_diskio.c ****  * application level: if it is the case define the flag below to disable
  48:FATFS/Target/sd_diskio.c ****  * the BSP_SD_Init() call in the SD_Initialize() and add a call to
  49:FATFS/Target/sd_diskio.c ****  * BSP_SD_Init() elsewhere in the application.
  50:FATFS/Target/sd_diskio.c ****  */
  51:FATFS/Target/sd_diskio.c **** /* USER CODE BEGIN disableSDInit */
  52:FATFS/Target/sd_diskio.c **** /* #define DISABLE_SD_INIT */
  53:FATFS/Target/sd_diskio.c **** /* USER CODE END disableSDInit */
  54:FATFS/Target/sd_diskio.c **** 
  55:FATFS/Target/sd_diskio.c **** /*
  56:FATFS/Target/sd_diskio.c ****  * when using cacheable memory region, it may be needed to maintain the cache
  57:FATFS/Target/sd_diskio.c ****  * validity. Enable the define below to activate a cache maintenance at each
  58:FATFS/Target/sd_diskio.c ****  * read and write operation.
  59:FATFS/Target/sd_diskio.c ****  * Notice: This is applicable only for cortex M7 based platform.
  60:FATFS/Target/sd_diskio.c ****  */
  61:FATFS/Target/sd_diskio.c **** /* USER CODE BEGIN enableSDDmaCacheMaintenance */
  62:FATFS/Target/sd_diskio.c **** /* #define ENABLE_SD_DMA_CACHE_MAINTENANCE  1 */
  63:FATFS/Target/sd_diskio.c **** /* USER CODE END enableSDDmaCacheMaintenance */
  64:FATFS/Target/sd_diskio.c **** 
  65:FATFS/Target/sd_diskio.c **** /*
  66:FATFS/Target/sd_diskio.c **** * Some DMA requires 4-Byte aligned address buffer to correctly read/write data,
  67:FATFS/Target/sd_diskio.c **** * in FatFs some accesses aren't thus we need a 4-byte aligned scratch buffer to correctly
  68:FATFS/Target/sd_diskio.c **** * transfer data
  69:FATFS/Target/sd_diskio.c **** */
  70:FATFS/Target/sd_diskio.c **** /* USER CODE BEGIN enableScratchBuffer */
  71:FATFS/Target/sd_diskio.c **** /* #define ENABLE_SCRATCH_BUFFER */
  72:FATFS/Target/sd_diskio.c **** /* USER CODE END enableScratchBuffer */
  73:FATFS/Target/sd_diskio.c **** 
  74:FATFS/Target/sd_diskio.c **** /* Private variables ---------------------------------------------------------*/
  75:FATFS/Target/sd_diskio.c **** #if defined(ENABLE_SCRATCH_BUFFER)
  76:FATFS/Target/sd_diskio.c **** #if defined (ENABLE_SD_DMA_CACHE_MAINTENANCE)
  77:FATFS/Target/sd_diskio.c **** ALIGN_32BYTES(static uint8_t scratch[BLOCKSIZE]); // 32-Byte aligned for cache maintenance
  78:FATFS/Target/sd_diskio.c **** #else
  79:FATFS/Target/sd_diskio.c **** __ALIGN_BEGIN static uint8_t scratch[BLOCKSIZE] __ALIGN_END;
  80:FATFS/Target/sd_diskio.c **** #endif
  81:FATFS/Target/sd_diskio.c **** #endif
  82:FATFS/Target/sd_diskio.c **** /* Disk status */
  83:FATFS/Target/sd_diskio.c **** static volatile DSTATUS Stat = STA_NOINIT;
  84:FATFS/Target/sd_diskio.c **** 
  85:FATFS/Target/sd_diskio.c **** static volatile  UINT  WriteStatus = 0, ReadStatus = 0;
  86:FATFS/Target/sd_diskio.c **** /* Private function prototypes -----------------------------------------------*/
  87:FATFS/Target/sd_diskio.c **** static DSTATUS SD_CheckStatus(BYTE lun);
  88:FATFS/Target/sd_diskio.c **** DSTATUS SD_initialize (BYTE);
ARM GAS  /tmp/ccz7gYyM.s 			page 3


  89:FATFS/Target/sd_diskio.c **** DSTATUS SD_status (BYTE);
  90:FATFS/Target/sd_diskio.c **** DRESULT SD_read (BYTE, BYTE*, DWORD, UINT);
  91:FATFS/Target/sd_diskio.c **** #if _USE_WRITE == 1
  92:FATFS/Target/sd_diskio.c **** DRESULT SD_write (BYTE, const BYTE*, DWORD, UINT);
  93:FATFS/Target/sd_diskio.c **** #endif /* _USE_WRITE == 1 */
  94:FATFS/Target/sd_diskio.c **** #if _USE_IOCTL == 1
  95:FATFS/Target/sd_diskio.c **** DRESULT SD_ioctl (BYTE, BYTE, void*);
  96:FATFS/Target/sd_diskio.c **** #endif  /* _USE_IOCTL == 1 */
  97:FATFS/Target/sd_diskio.c **** 
  98:FATFS/Target/sd_diskio.c **** const Diskio_drvTypeDef  SD_Driver =
  99:FATFS/Target/sd_diskio.c **** {
 100:FATFS/Target/sd_diskio.c ****   SD_initialize,
 101:FATFS/Target/sd_diskio.c ****   SD_status,
 102:FATFS/Target/sd_diskio.c ****   SD_read,
 103:FATFS/Target/sd_diskio.c **** #if  _USE_WRITE == 1
 104:FATFS/Target/sd_diskio.c ****   SD_write,
 105:FATFS/Target/sd_diskio.c **** #endif /* _USE_WRITE == 1 */
 106:FATFS/Target/sd_diskio.c **** 
 107:FATFS/Target/sd_diskio.c **** #if  _USE_IOCTL == 1
 108:FATFS/Target/sd_diskio.c ****   SD_ioctl,
 109:FATFS/Target/sd_diskio.c **** #endif /* _USE_IOCTL == 1 */
 110:FATFS/Target/sd_diskio.c **** };
 111:FATFS/Target/sd_diskio.c **** 
 112:FATFS/Target/sd_diskio.c **** /* USER CODE BEGIN beforeFunctionSection */
 113:FATFS/Target/sd_diskio.c **** /* can be used to modify / undefine following code or add new code */
 114:FATFS/Target/sd_diskio.c **** /* USER CODE END beforeFunctionSection */
 115:FATFS/Target/sd_diskio.c **** 
 116:FATFS/Target/sd_diskio.c **** /* Private functions ---------------------------------------------------------*/
 117:FATFS/Target/sd_diskio.c **** 
 118:FATFS/Target/sd_diskio.c **** static int SD_CheckStatusWithTimeout(uint32_t timeout)
 119:FATFS/Target/sd_diskio.c **** {
 120:FATFS/Target/sd_diskio.c ****   uint32_t timer = HAL_GetTick();
 121:FATFS/Target/sd_diskio.c ****   /* block until SDIO IP is ready again or a timeout occur */
 122:FATFS/Target/sd_diskio.c ****   while(HAL_GetTick() - timer < timeout)
 123:FATFS/Target/sd_diskio.c ****   {
 124:FATFS/Target/sd_diskio.c ****     if (BSP_SD_GetCardState() == SD_TRANSFER_OK)
 125:FATFS/Target/sd_diskio.c ****     {
 126:FATFS/Target/sd_diskio.c ****       return 0;
 127:FATFS/Target/sd_diskio.c ****     }
 128:FATFS/Target/sd_diskio.c ****   }
 129:FATFS/Target/sd_diskio.c **** 
 130:FATFS/Target/sd_diskio.c ****   return -1;
 131:FATFS/Target/sd_diskio.c **** }
 132:FATFS/Target/sd_diskio.c **** 
 133:FATFS/Target/sd_diskio.c **** static DSTATUS SD_CheckStatus(BYTE lun)
 134:FATFS/Target/sd_diskio.c **** {
  28              		.loc 1 134 1 view -0
  29              		.cfi_startproc
  30              		@ args = 0, pretend = 0, frame = 0
  31              		@ frame_needed = 0, uses_anonymous_args = 0
  32              		.loc 1 134 1 is_stmt 0 view .LVU1
  33 0000 08B5     		push	{r3, lr}
  34              	.LCFI0:
  35              		.cfi_def_cfa_offset 8
  36              		.cfi_offset 3, -8
  37              		.cfi_offset 14, -4
 135:FATFS/Target/sd_diskio.c ****   Stat = STA_NOINIT;
ARM GAS  /tmp/ccz7gYyM.s 			page 4


  38              		.loc 1 135 3 is_stmt 1 view .LVU2
  39              		.loc 1 135 8 is_stmt 0 view .LVU3
  40 0002 074B     		ldr	r3, .L4
  41 0004 0122     		movs	r2, #1
  42 0006 1A70     		strb	r2, [r3]
 136:FATFS/Target/sd_diskio.c **** 
 137:FATFS/Target/sd_diskio.c ****   if(BSP_SD_GetCardState() == MSD_OK)
  43              		.loc 1 137 3 is_stmt 1 view .LVU4
  44              		.loc 1 137 6 is_stmt 0 view .LVU5
  45 0008 FFF7FEFF 		bl	BSP_SD_GetCardState
  46              	.LVL1:
  47              		.loc 1 137 5 view .LVU6
  48 000c 20B9     		cbnz	r0, .L2
 138:FATFS/Target/sd_diskio.c ****   {
 139:FATFS/Target/sd_diskio.c ****     Stat &= ~STA_NOINIT;
  49              		.loc 1 139 5 is_stmt 1 view .LVU7
  50              		.loc 1 139 10 is_stmt 0 view .LVU8
  51 000e 044A     		ldr	r2, .L4
  52 0010 1378     		ldrb	r3, [r2]	@ zero_extendqisi2
  53 0012 03F0FE03 		and	r3, r3, #254
  54 0016 1370     		strb	r3, [r2]
  55              	.L2:
 140:FATFS/Target/sd_diskio.c ****   }
 141:FATFS/Target/sd_diskio.c **** 
 142:FATFS/Target/sd_diskio.c ****   return Stat;
  56              		.loc 1 142 3 is_stmt 1 view .LVU9
  57              		.loc 1 142 10 is_stmt 0 view .LVU10
  58 0018 014B     		ldr	r3, .L4
  59 001a 1878     		ldrb	r0, [r3]	@ zero_extendqisi2
 143:FATFS/Target/sd_diskio.c **** }
  60              		.loc 1 143 1 view .LVU11
  61 001c 08BD     		pop	{r3, pc}
  62              	.L5:
  63 001e 00BF     		.align	2
  64              	.L4:
  65 0020 00000000 		.word	.LANCHOR0
  66              		.cfi_endproc
  67              	.LFE351:
  69              		.section	.text.SD_initialize,"ax",%progbits
  70              		.align	1
  71              		.global	SD_initialize
  72              		.syntax unified
  73              		.thumb
  74              		.thumb_func
  75              		.fpu fpv5-d16
  77              	SD_initialize:
  78              	.LVL2:
  79              	.LFB352:
 144:FATFS/Target/sd_diskio.c **** 
 145:FATFS/Target/sd_diskio.c **** /**
 146:FATFS/Target/sd_diskio.c ****   * @brief  Initializes a Drive
 147:FATFS/Target/sd_diskio.c ****   * @param  lun : not used
 148:FATFS/Target/sd_diskio.c ****   * @retval DSTATUS: Operation status
 149:FATFS/Target/sd_diskio.c ****   */
 150:FATFS/Target/sd_diskio.c **** DSTATUS SD_initialize(BYTE lun)
 151:FATFS/Target/sd_diskio.c **** {
  80              		.loc 1 151 1 is_stmt 1 view -0
ARM GAS  /tmp/ccz7gYyM.s 			page 5


  81              		.cfi_startproc
  82              		@ args = 0, pretend = 0, frame = 0
  83              		@ frame_needed = 0, uses_anonymous_args = 0
  84              		.loc 1 151 1 is_stmt 0 view .LVU13
  85 0000 10B5     		push	{r4, lr}
  86              	.LCFI1:
  87              		.cfi_def_cfa_offset 8
  88              		.cfi_offset 4, -8
  89              		.cfi_offset 14, -4
  90 0002 0446     		mov	r4, r0
 152:FATFS/Target/sd_diskio.c **** 
 153:FATFS/Target/sd_diskio.c **** #if !defined(DISABLE_SD_INIT)
 154:FATFS/Target/sd_diskio.c **** 
 155:FATFS/Target/sd_diskio.c ****   if(BSP_SD_Init() == MSD_OK)
  91              		.loc 1 155 3 is_stmt 1 view .LVU14
  92              		.loc 1 155 6 is_stmt 0 view .LVU15
  93 0004 FFF7FEFF 		bl	BSP_SD_Init
  94              	.LVL3:
  95              		.loc 1 155 5 view .LVU16
  96 0008 10B1     		cbz	r0, .L9
  97              	.L7:
 156:FATFS/Target/sd_diskio.c ****   {
 157:FATFS/Target/sd_diskio.c ****     Stat = SD_CheckStatus(lun);
 158:FATFS/Target/sd_diskio.c ****   }
 159:FATFS/Target/sd_diskio.c **** 
 160:FATFS/Target/sd_diskio.c **** #else
 161:FATFS/Target/sd_diskio.c ****   Stat = SD_CheckStatus(lun);
 162:FATFS/Target/sd_diskio.c **** #endif
 163:FATFS/Target/sd_diskio.c **** 
 164:FATFS/Target/sd_diskio.c ****   return Stat;
  98              		.loc 1 164 3 is_stmt 1 view .LVU17
  99              		.loc 1 164 10 is_stmt 0 view .LVU18
 100 000a 044B     		ldr	r3, .L10
 101 000c 1878     		ldrb	r0, [r3]	@ zero_extendqisi2
 165:FATFS/Target/sd_diskio.c **** }
 102              		.loc 1 165 1 view .LVU19
 103 000e 10BD     		pop	{r4, pc}
 104              	.L9:
 157:FATFS/Target/sd_diskio.c ****   }
 105              		.loc 1 157 5 is_stmt 1 view .LVU20
 157:FATFS/Target/sd_diskio.c ****   }
 106              		.loc 1 157 12 is_stmt 0 view .LVU21
 107 0010 2046     		mov	r0, r4
 108 0012 FFF7FEFF 		bl	SD_CheckStatus
 109              	.LVL4:
 157:FATFS/Target/sd_diskio.c ****   }
 110              		.loc 1 157 10 view .LVU22
 111 0016 014B     		ldr	r3, .L10
 112 0018 1870     		strb	r0, [r3]
 113 001a F6E7     		b	.L7
 114              	.L11:
 115              		.align	2
 116              	.L10:
 117 001c 00000000 		.word	.LANCHOR0
 118              		.cfi_endproc
 119              	.LFE352:
 121              		.section	.text.SD_status,"ax",%progbits
ARM GAS  /tmp/ccz7gYyM.s 			page 6


 122              		.align	1
 123              		.global	SD_status
 124              		.syntax unified
 125              		.thumb
 126              		.thumb_func
 127              		.fpu fpv5-d16
 129              	SD_status:
 130              	.LVL5:
 131              	.LFB353:
 166:FATFS/Target/sd_diskio.c **** 
 167:FATFS/Target/sd_diskio.c **** /**
 168:FATFS/Target/sd_diskio.c ****   * @brief  Gets Disk Status
 169:FATFS/Target/sd_diskio.c ****   * @param  lun : not used
 170:FATFS/Target/sd_diskio.c ****   * @retval DSTATUS: Operation status
 171:FATFS/Target/sd_diskio.c ****   */
 172:FATFS/Target/sd_diskio.c **** DSTATUS SD_status(BYTE lun)
 173:FATFS/Target/sd_diskio.c **** {
 132              		.loc 1 173 1 is_stmt 1 view -0
 133              		.cfi_startproc
 134              		@ args = 0, pretend = 0, frame = 0
 135              		@ frame_needed = 0, uses_anonymous_args = 0
 136              		.loc 1 173 1 is_stmt 0 view .LVU24
 137 0000 08B5     		push	{r3, lr}
 138              	.LCFI2:
 139              		.cfi_def_cfa_offset 8
 140              		.cfi_offset 3, -8
 141              		.cfi_offset 14, -4
 174:FATFS/Target/sd_diskio.c ****   return SD_CheckStatus(lun);
 142              		.loc 1 174 3 is_stmt 1 view .LVU25
 143              		.loc 1 174 10 is_stmt 0 view .LVU26
 144 0002 FFF7FEFF 		bl	SD_CheckStatus
 145              	.LVL6:
 175:FATFS/Target/sd_diskio.c **** }
 146              		.loc 1 175 1 view .LVU27
 147 0006 08BD     		pop	{r3, pc}
 148              		.cfi_endproc
 149              	.LFE353:
 151              		.section	.text.SD_CheckStatusWithTimeout,"ax",%progbits
 152              		.align	1
 153              		.syntax unified
 154              		.thumb
 155              		.thumb_func
 156              		.fpu fpv5-d16
 158              	SD_CheckStatusWithTimeout:
 159              	.LVL7:
 160              	.LFB350:
 119:FATFS/Target/sd_diskio.c ****   uint32_t timer = HAL_GetTick();
 161              		.loc 1 119 1 is_stmt 1 view -0
 162              		.cfi_startproc
 163              		@ args = 0, pretend = 0, frame = 0
 164              		@ frame_needed = 0, uses_anonymous_args = 0
 119:FATFS/Target/sd_diskio.c ****   uint32_t timer = HAL_GetTick();
 165              		.loc 1 119 1 is_stmt 0 view .LVU29
 166 0000 38B5     		push	{r3, r4, r5, lr}
 167              	.LCFI3:
 168              		.cfi_def_cfa_offset 16
 169              		.cfi_offset 3, -16
ARM GAS  /tmp/ccz7gYyM.s 			page 7


 170              		.cfi_offset 4, -12
 171              		.cfi_offset 5, -8
 172              		.cfi_offset 14, -4
 173 0002 0546     		mov	r5, r0
 120:FATFS/Target/sd_diskio.c ****   /* block until SDIO IP is ready again or a timeout occur */
 174              		.loc 1 120 3 is_stmt 1 view .LVU30
 120:FATFS/Target/sd_diskio.c ****   /* block until SDIO IP is ready again or a timeout occur */
 175              		.loc 1 120 20 is_stmt 0 view .LVU31
 176 0004 FFF7FEFF 		bl	HAL_GetTick
 177              	.LVL8:
 120:FATFS/Target/sd_diskio.c ****   /* block until SDIO IP is ready again or a timeout occur */
 178              		.loc 1 120 20 view .LVU32
 179 0008 0446     		mov	r4, r0
 180              	.LVL9:
 122:FATFS/Target/sd_diskio.c ****   {
 181              		.loc 1 122 3 is_stmt 1 view .LVU33
 182              	.L15:
 122:FATFS/Target/sd_diskio.c ****   {
 183              		.loc 1 122 8 view .LVU34
 122:FATFS/Target/sd_diskio.c ****   {
 184              		.loc 1 122 9 is_stmt 0 view .LVU35
 185 000a FFF7FEFF 		bl	HAL_GetTick
 186              	.LVL10:
 122:FATFS/Target/sd_diskio.c ****   {
 187              		.loc 1 122 23 view .LVU36
 188 000e 001B     		subs	r0, r0, r4
 122:FATFS/Target/sd_diskio.c ****   {
 189              		.loc 1 122 8 view .LVU37
 190 0010 A842     		cmp	r0, r5
 191 0012 05D2     		bcs	.L20
 124:FATFS/Target/sd_diskio.c ****     {
 192              		.loc 1 124 5 is_stmt 1 view .LVU38
 124:FATFS/Target/sd_diskio.c ****     {
 193              		.loc 1 124 9 is_stmt 0 view .LVU39
 194 0014 FFF7FEFF 		bl	BSP_SD_GetCardState
 195              	.LVL11:
 124:FATFS/Target/sd_diskio.c ****     {
 196              		.loc 1 124 8 view .LVU40
 197 0018 0028     		cmp	r0, #0
 198 001a F6D1     		bne	.L15
 126:FATFS/Target/sd_diskio.c ****     }
 199              		.loc 1 126 14 view .LVU41
 200 001c 0020     		movs	r0, #0
 201 001e 01E0     		b	.L14
 202              	.L20:
 130:FATFS/Target/sd_diskio.c **** }
 203              		.loc 1 130 10 view .LVU42
 204 0020 4FF0FF30 		mov	r0, #-1
 205              	.L14:
 131:FATFS/Target/sd_diskio.c **** 
 206              		.loc 1 131 1 view .LVU43
 207 0024 38BD     		pop	{r3, r4, r5, pc}
 131:FATFS/Target/sd_diskio.c **** 
 208              		.loc 1 131 1 view .LVU44
 209              		.cfi_endproc
 210              	.LFE350:
 212              		.section	.text.SD_read,"ax",%progbits
ARM GAS  /tmp/ccz7gYyM.s 			page 8


 213              		.align	1
 214              		.global	SD_read
 215              		.syntax unified
 216              		.thumb
 217              		.thumb_func
 218              		.fpu fpv5-d16
 220              	SD_read:
 221              	.LVL12:
 222              	.LFB354:
 176:FATFS/Target/sd_diskio.c **** 
 177:FATFS/Target/sd_diskio.c **** /* USER CODE BEGIN beforeReadSection */
 178:FATFS/Target/sd_diskio.c **** /* can be used to modify previous code / undefine following code / add new code */
 179:FATFS/Target/sd_diskio.c **** /* USER CODE END beforeReadSection */
 180:FATFS/Target/sd_diskio.c **** /**
 181:FATFS/Target/sd_diskio.c ****   * @brief  Reads Sector(s)
 182:FATFS/Target/sd_diskio.c ****   * @param  lun : not used
 183:FATFS/Target/sd_diskio.c ****   * @param  *buff: Data buffer to store read data
 184:FATFS/Target/sd_diskio.c ****   * @param  sector: Sector address (LBA)
 185:FATFS/Target/sd_diskio.c ****   * @param  count: Number of sectors to read (1..128)
 186:FATFS/Target/sd_diskio.c ****   * @retval DRESULT: Operation result
 187:FATFS/Target/sd_diskio.c ****   */
 188:FATFS/Target/sd_diskio.c **** 
 189:FATFS/Target/sd_diskio.c **** DRESULT SD_read(BYTE lun, BYTE *buff, DWORD sector, UINT count)
 190:FATFS/Target/sd_diskio.c **** {
 223              		.loc 1 190 1 is_stmt 1 view -0
 224              		.cfi_startproc
 225              		@ args = 0, pretend = 0, frame = 0
 226              		@ frame_needed = 0, uses_anonymous_args = 0
 227              		.loc 1 190 1 is_stmt 0 view .LVU46
 228 0000 70B5     		push	{r4, r5, r6, lr}
 229              	.LCFI4:
 230              		.cfi_def_cfa_offset 16
 231              		.cfi_offset 4, -16
 232              		.cfi_offset 5, -12
 233              		.cfi_offset 6, -8
 234              		.cfi_offset 14, -4
 235 0002 0C46     		mov	r4, r1
 236 0004 1546     		mov	r5, r2
 237 0006 1E46     		mov	r6, r3
 191:FATFS/Target/sd_diskio.c ****   DRESULT res = RES_ERROR;
 238              		.loc 1 191 3 is_stmt 1 view .LVU47
 239              	.LVL13:
 192:FATFS/Target/sd_diskio.c ****   uint32_t timeout;
 240              		.loc 1 192 3 view .LVU48
 193:FATFS/Target/sd_diskio.c **** #if defined(ENABLE_SCRATCH_BUFFER)
 194:FATFS/Target/sd_diskio.c ****   uint8_t ret;
 195:FATFS/Target/sd_diskio.c **** #endif
 196:FATFS/Target/sd_diskio.c **** #if (ENABLE_SD_DMA_CACHE_MAINTENANCE == 1)
 197:FATFS/Target/sd_diskio.c ****   uint32_t alignedAddr;
 198:FATFS/Target/sd_diskio.c **** #endif
 199:FATFS/Target/sd_diskio.c **** 
 200:FATFS/Target/sd_diskio.c ****   /*
 201:FATFS/Target/sd_diskio.c ****   * ensure the SDCard is ready for a new operation
 202:FATFS/Target/sd_diskio.c ****   */
 203:FATFS/Target/sd_diskio.c **** 
 204:FATFS/Target/sd_diskio.c ****   if (SD_CheckStatusWithTimeout(SD_TIMEOUT) < 0)
 241              		.loc 1 204 3 view .LVU49
ARM GAS  /tmp/ccz7gYyM.s 			page 9


 242              		.loc 1 204 7 is_stmt 0 view .LVU50
 243 0008 47F23050 		movw	r0, #30000
 244              	.LVL14:
 245              		.loc 1 204 7 view .LVU51
 246 000c FFF7FEFF 		bl	SD_CheckStatusWithTimeout
 247              	.LVL15:
 248              		.loc 1 204 6 view .LVU52
 249 0010 0028     		cmp	r0, #0
 250 0012 30DB     		blt	.L27
 205:FATFS/Target/sd_diskio.c ****   {
 206:FATFS/Target/sd_diskio.c ****     return res;
 207:FATFS/Target/sd_diskio.c ****   }
 208:FATFS/Target/sd_diskio.c **** 
 209:FATFS/Target/sd_diskio.c **** #if defined(ENABLE_SCRATCH_BUFFER)
 210:FATFS/Target/sd_diskio.c ****   if (!((uint32_t)buff & 0x3))
 211:FATFS/Target/sd_diskio.c ****   {
 212:FATFS/Target/sd_diskio.c **** #endif
 213:FATFS/Target/sd_diskio.c ****     if(BSP_SD_ReadBlocks_DMA((uint32_t*)buff,
 251              		.loc 1 213 5 is_stmt 1 view .LVU53
 252              		.loc 1 213 8 is_stmt 0 view .LVU54
 253 0014 3246     		mov	r2, r6
 254 0016 2946     		mov	r1, r5
 255 0018 2046     		mov	r0, r4
 256 001a FFF7FEFF 		bl	BSP_SD_ReadBlocks_DMA
 257              	.LVL16:
 258              		.loc 1 213 7 view .LVU55
 259 001e 08B1     		cbz	r0, .L31
 191:FATFS/Target/sd_diskio.c ****   uint32_t timeout;
 260              		.loc 1 191 11 view .LVU56
 261 0020 0120     		movs	r0, #1
 262 0022 29E0     		b	.L22
 263              	.L31:
 214:FATFS/Target/sd_diskio.c ****                              (uint32_t) (sector),
 215:FATFS/Target/sd_diskio.c ****                              count) == MSD_OK)
 216:FATFS/Target/sd_diskio.c ****     {
 217:FATFS/Target/sd_diskio.c ****       ReadStatus = 0;
 264              		.loc 1 217 7 is_stmt 1 view .LVU57
 265              		.loc 1 217 18 is_stmt 0 view .LVU58
 266 0024 154B     		ldr	r3, .L34
 267 0026 0022     		movs	r2, #0
 268 0028 1A60     		str	r2, [r3]
 218:FATFS/Target/sd_diskio.c ****       /* Wait that the reading process is completed or a timeout occurs */
 219:FATFS/Target/sd_diskio.c ****       timeout = HAL_GetTick();
 269              		.loc 1 219 7 is_stmt 1 view .LVU59
 270              		.loc 1 219 17 is_stmt 0 view .LVU60
 271 002a FFF7FEFF 		bl	HAL_GetTick
 272              	.LVL17:
 273 002e 0446     		mov	r4, r0
 274              	.LVL18:
 220:FATFS/Target/sd_diskio.c ****       while((ReadStatus == 0) && ((HAL_GetTick() - timeout) < SD_TIMEOUT))
 275              		.loc 1 220 7 is_stmt 1 view .LVU61
 276              	.L24:
 221:FATFS/Target/sd_diskio.c ****       {
 222:FATFS/Target/sd_diskio.c ****       }
 277              		.loc 1 222 7 discriminator 2 view .LVU62
 220:FATFS/Target/sd_diskio.c ****       while((ReadStatus == 0) && ((HAL_GetTick() - timeout) < SD_TIMEOUT))
 278              		.loc 1 220 12 discriminator 2 view .LVU63
ARM GAS  /tmp/ccz7gYyM.s 			page 10


 220:FATFS/Target/sd_diskio.c ****       while((ReadStatus == 0) && ((HAL_GetTick() - timeout) < SD_TIMEOUT))
 279              		.loc 1 220 25 is_stmt 0 discriminator 2 view .LVU64
 280 0030 124B     		ldr	r3, .L34
 281 0032 1B68     		ldr	r3, [r3]
 220:FATFS/Target/sd_diskio.c ****       while((ReadStatus == 0) && ((HAL_GetTick() - timeout) < SD_TIMEOUT))
 282              		.loc 1 220 12 discriminator 2 view .LVU65
 283 0034 33B9     		cbnz	r3, .L23
 220:FATFS/Target/sd_diskio.c ****       while((ReadStatus == 0) && ((HAL_GetTick() - timeout) < SD_TIMEOUT))
 284              		.loc 1 220 36 discriminator 1 view .LVU66
 285 0036 FFF7FEFF 		bl	HAL_GetTick
 286              	.LVL19:
 220:FATFS/Target/sd_diskio.c ****       while((ReadStatus == 0) && ((HAL_GetTick() - timeout) < SD_TIMEOUT))
 287              		.loc 1 220 50 discriminator 1 view .LVU67
 288 003a 001B     		subs	r0, r0, r4
 220:FATFS/Target/sd_diskio.c ****       while((ReadStatus == 0) && ((HAL_GetTick() - timeout) < SD_TIMEOUT))
 289              		.loc 1 220 31 discriminator 1 view .LVU68
 290 003c 47F22F53 		movw	r3, #29999
 291 0040 9842     		cmp	r0, r3
 292 0042 F5D9     		bls	.L24
 293              	.L23:
 223:FATFS/Target/sd_diskio.c ****       /* in case of a timeout return error */
 224:FATFS/Target/sd_diskio.c ****       if (ReadStatus == 0)
 294              		.loc 1 224 7 is_stmt 1 view .LVU69
 295              		.loc 1 224 22 is_stmt 0 view .LVU70
 296 0044 0D4B     		ldr	r3, .L34
 297 0046 1B68     		ldr	r3, [r3]
 298              		.loc 1 224 10 view .LVU71
 299 0048 0BB9     		cbnz	r3, .L32
 225:FATFS/Target/sd_diskio.c ****       {
 226:FATFS/Target/sd_diskio.c ****         res = RES_ERROR;
 300              		.loc 1 226 13 view .LVU72
 301 004a 0120     		movs	r0, #1
 302 004c 14E0     		b	.L22
 303              	.L32:
 227:FATFS/Target/sd_diskio.c ****       }
 228:FATFS/Target/sd_diskio.c ****       else
 229:FATFS/Target/sd_diskio.c ****       {
 230:FATFS/Target/sd_diskio.c ****         ReadStatus = 0;
 304              		.loc 1 230 9 is_stmt 1 view .LVU73
 305              		.loc 1 230 20 is_stmt 0 view .LVU74
 306 004e 0B4B     		ldr	r3, .L34
 307 0050 0022     		movs	r2, #0
 308 0052 1A60     		str	r2, [r3]
 231:FATFS/Target/sd_diskio.c ****         timeout = HAL_GetTick();
 309              		.loc 1 231 9 is_stmt 1 view .LVU75
 310              		.loc 1 231 19 is_stmt 0 view .LVU76
 311 0054 FFF7FEFF 		bl	HAL_GetTick
 312              	.LVL20:
 313 0058 0446     		mov	r4, r0
 314              	.LVL21:
 232:FATFS/Target/sd_diskio.c **** 
 233:FATFS/Target/sd_diskio.c ****         while((HAL_GetTick() - timeout) < SD_TIMEOUT)
 315              		.loc 1 233 9 is_stmt 1 view .LVU77
 316              	.L25:
 317              		.loc 1 233 14 view .LVU78
 318              		.loc 1 233 16 is_stmt 0 view .LVU79
 319 005a FFF7FEFF 		bl	HAL_GetTick
ARM GAS  /tmp/ccz7gYyM.s 			page 11


 320              	.LVL22:
 321              		.loc 1 233 30 view .LVU80
 322 005e 001B     		subs	r0, r0, r4
 323              		.loc 1 233 14 view .LVU81
 324 0060 47F22F53 		movw	r3, #29999
 325 0064 9842     		cmp	r0, r3
 326 0066 04D8     		bhi	.L33
 234:FATFS/Target/sd_diskio.c ****         {
 235:FATFS/Target/sd_diskio.c ****           if (BSP_SD_GetCardState() == SD_TRANSFER_OK)
 327              		.loc 1 235 11 is_stmt 1 view .LVU82
 328              		.loc 1 235 15 is_stmt 0 view .LVU83
 329 0068 FFF7FEFF 		bl	BSP_SD_GetCardState
 330              	.LVL23:
 331              		.loc 1 235 14 view .LVU84
 332 006c 0028     		cmp	r0, #0
 333 006e F4D1     		bne	.L25
 334 0070 02E0     		b	.L22
 335              	.L33:
 191:FATFS/Target/sd_diskio.c ****   uint32_t timeout;
 336              		.loc 1 191 11 view .LVU85
 337 0072 0120     		movs	r0, #1
 338 0074 00E0     		b	.L22
 339              	.LVL24:
 340              	.L27:
 206:FATFS/Target/sd_diskio.c ****   }
 341              		.loc 1 206 12 view .LVU86
 342 0076 0120     		movs	r0, #1
 343              	.LVL25:
 344              	.L22:
 236:FATFS/Target/sd_diskio.c ****           {
 237:FATFS/Target/sd_diskio.c ****             res = RES_OK;
 238:FATFS/Target/sd_diskio.c **** #if (ENABLE_SD_DMA_CACHE_MAINTENANCE == 1)
 239:FATFS/Target/sd_diskio.c ****             /*
 240:FATFS/Target/sd_diskio.c ****             the SCB_InvalidateDCache_by_Addr() requires a 32-Byte aligned address,
 241:FATFS/Target/sd_diskio.c ****             adjust the address and the D-Cache size to invalidate accordingly.
 242:FATFS/Target/sd_diskio.c ****             */
 243:FATFS/Target/sd_diskio.c ****             alignedAddr = (uint32_t)buff & ~0x1F;
 244:FATFS/Target/sd_diskio.c ****             SCB_InvalidateDCache_by_Addr((uint32_t*)alignedAddr, count*BLOCKSIZE + ((uint32_t)buff 
 245:FATFS/Target/sd_diskio.c **** #endif
 246:FATFS/Target/sd_diskio.c ****             break;
 247:FATFS/Target/sd_diskio.c ****           }
 248:FATFS/Target/sd_diskio.c ****         }
 249:FATFS/Target/sd_diskio.c ****       }
 250:FATFS/Target/sd_diskio.c ****     }
 251:FATFS/Target/sd_diskio.c **** #if defined(ENABLE_SCRATCH_BUFFER)
 252:FATFS/Target/sd_diskio.c ****   }
 253:FATFS/Target/sd_diskio.c ****     else
 254:FATFS/Target/sd_diskio.c ****     {
 255:FATFS/Target/sd_diskio.c ****       /* Slow path, fetch each sector a part and memcpy to destination buffer */
 256:FATFS/Target/sd_diskio.c ****       int i;
 257:FATFS/Target/sd_diskio.c **** 
 258:FATFS/Target/sd_diskio.c ****       for (i = 0; i < count; i++) {
 259:FATFS/Target/sd_diskio.c ****         ret = BSP_SD_ReadBlocks_DMA((uint32_t*)scratch, (uint32_t)sector++, 1);
 260:FATFS/Target/sd_diskio.c ****         if (ret == MSD_OK) {
 261:FATFS/Target/sd_diskio.c ****           /* wait until the read is successful or a timeout occurs */
 262:FATFS/Target/sd_diskio.c **** 
 263:FATFS/Target/sd_diskio.c ****           timeout = HAL_GetTick();
ARM GAS  /tmp/ccz7gYyM.s 			page 12


 264:FATFS/Target/sd_diskio.c ****           while((ReadStatus == 0) && ((HAL_GetTick() - timeout) < SD_TIMEOUT))
 265:FATFS/Target/sd_diskio.c ****           {
 266:FATFS/Target/sd_diskio.c ****           }
 267:FATFS/Target/sd_diskio.c ****           if (ReadStatus == 0)
 268:FATFS/Target/sd_diskio.c ****           {
 269:FATFS/Target/sd_diskio.c ****             res = RES_ERROR;
 270:FATFS/Target/sd_diskio.c ****             break;
 271:FATFS/Target/sd_diskio.c ****           }
 272:FATFS/Target/sd_diskio.c ****           ReadStatus = 0;
 273:FATFS/Target/sd_diskio.c **** 
 274:FATFS/Target/sd_diskio.c **** #if (ENABLE_SD_DMA_CACHE_MAINTENANCE == 1)
 275:FATFS/Target/sd_diskio.c ****           /*
 276:FATFS/Target/sd_diskio.c ****           *
 277:FATFS/Target/sd_diskio.c ****           * invalidate the scratch buffer before the next read to get the actual data instead of th
 278:FATFS/Target/sd_diskio.c ****           */
 279:FATFS/Target/sd_diskio.c ****           SCB_InvalidateDCache_by_Addr((uint32_t*)scratch, BLOCKSIZE);
 280:FATFS/Target/sd_diskio.c **** #endif
 281:FATFS/Target/sd_diskio.c ****           memcpy(buff, scratch, BLOCKSIZE);
 282:FATFS/Target/sd_diskio.c ****           buff += BLOCKSIZE;
 283:FATFS/Target/sd_diskio.c ****         }
 284:FATFS/Target/sd_diskio.c ****         else
 285:FATFS/Target/sd_diskio.c ****         {
 286:FATFS/Target/sd_diskio.c ****           break;
 287:FATFS/Target/sd_diskio.c ****         }
 288:FATFS/Target/sd_diskio.c ****       }
 289:FATFS/Target/sd_diskio.c **** 
 290:FATFS/Target/sd_diskio.c ****       if ((i == count) && (ret == MSD_OK))
 291:FATFS/Target/sd_diskio.c ****         res = RES_OK;
 292:FATFS/Target/sd_diskio.c ****     }
 293:FATFS/Target/sd_diskio.c **** #endif
 294:FATFS/Target/sd_diskio.c **** 
 295:FATFS/Target/sd_diskio.c ****   return res;
 296:FATFS/Target/sd_diskio.c **** }
 345              		.loc 1 296 1 view .LVU87
 346 0078 70BD     		pop	{r4, r5, r6, pc}
 347              	.LVL26:
 348              	.L35:
 349              		.loc 1 296 1 view .LVU88
 350 007a 00BF     		.align	2
 351              	.L34:
 352 007c 00000000 		.word	.LANCHOR1
 353              		.cfi_endproc
 354              	.LFE354:
 356              		.section	.text.SD_write,"ax",%progbits
 357              		.align	1
 358              		.global	SD_write
 359              		.syntax unified
 360              		.thumb
 361              		.thumb_func
 362              		.fpu fpv5-d16
 364              	SD_write:
 365              	.LVL27:
 366              	.LFB355:
 297:FATFS/Target/sd_diskio.c **** 
 298:FATFS/Target/sd_diskio.c **** /* USER CODE BEGIN beforeWriteSection */
 299:FATFS/Target/sd_diskio.c **** /* can be used to modify previous code / undefine following code / add new code */
 300:FATFS/Target/sd_diskio.c **** /* USER CODE END beforeWriteSection */
ARM GAS  /tmp/ccz7gYyM.s 			page 13


 301:FATFS/Target/sd_diskio.c **** /**
 302:FATFS/Target/sd_diskio.c ****   * @brief  Writes Sector(s)
 303:FATFS/Target/sd_diskio.c ****   * @param  lun : not used
 304:FATFS/Target/sd_diskio.c ****   * @param  *buff: Data to be written
 305:FATFS/Target/sd_diskio.c ****   * @param  sector: Sector address (LBA)
 306:FATFS/Target/sd_diskio.c ****   * @param  count: Number of sectors to write (1..128)
 307:FATFS/Target/sd_diskio.c ****   * @retval DRESULT: Operation result
 308:FATFS/Target/sd_diskio.c ****   */
 309:FATFS/Target/sd_diskio.c **** #if _USE_WRITE == 1
 310:FATFS/Target/sd_diskio.c **** 
 311:FATFS/Target/sd_diskio.c **** DRESULT SD_write(BYTE lun, const BYTE *buff, DWORD sector, UINT count)
 312:FATFS/Target/sd_diskio.c **** {
 367              		.loc 1 312 1 is_stmt 1 view -0
 368              		.cfi_startproc
 369              		@ args = 0, pretend = 0, frame = 0
 370              		@ frame_needed = 0, uses_anonymous_args = 0
 371              		.loc 1 312 1 is_stmt 0 view .LVU90
 372 0000 70B5     		push	{r4, r5, r6, lr}
 373              	.LCFI5:
 374              		.cfi_def_cfa_offset 16
 375              		.cfi_offset 4, -16
 376              		.cfi_offset 5, -12
 377              		.cfi_offset 6, -8
 378              		.cfi_offset 14, -4
 379 0002 0C46     		mov	r4, r1
 380 0004 1546     		mov	r5, r2
 381 0006 1E46     		mov	r6, r3
 313:FATFS/Target/sd_diskio.c ****   DRESULT res = RES_ERROR;
 382              		.loc 1 313 3 is_stmt 1 view .LVU91
 383              	.LVL28:
 314:FATFS/Target/sd_diskio.c ****   uint32_t timeout;
 384              		.loc 1 314 3 view .LVU92
 315:FATFS/Target/sd_diskio.c **** #if defined(ENABLE_SCRATCH_BUFFER)
 316:FATFS/Target/sd_diskio.c ****   uint8_t ret;
 317:FATFS/Target/sd_diskio.c ****   int i;
 318:FATFS/Target/sd_diskio.c **** #endif
 319:FATFS/Target/sd_diskio.c **** 
 320:FATFS/Target/sd_diskio.c ****    WriteStatus = 0;
 385              		.loc 1 320 4 view .LVU93
 386              		.loc 1 320 16 is_stmt 0 view .LVU94
 387 0008 1C4B     		ldr	r3, .L49
 388              	.LVL29:
 389              		.loc 1 320 16 view .LVU95
 390 000a 0022     		movs	r2, #0
 391              	.LVL30:
 392              		.loc 1 320 16 view .LVU96
 393 000c 1A60     		str	r2, [r3]
 321:FATFS/Target/sd_diskio.c **** #if (ENABLE_SD_DMA_CACHE_MAINTENANCE == 1)
 322:FATFS/Target/sd_diskio.c ****   uint32_t alignedAddr;
 323:FATFS/Target/sd_diskio.c **** #endif
 324:FATFS/Target/sd_diskio.c **** 
 325:FATFS/Target/sd_diskio.c ****   if (SD_CheckStatusWithTimeout(SD_TIMEOUT) < 0)
 394              		.loc 1 325 3 is_stmt 1 view .LVU97
 395              		.loc 1 325 7 is_stmt 0 view .LVU98
 396 000e 47F23050 		movw	r0, #30000
 397              	.LVL31:
 398              		.loc 1 325 7 view .LVU99
ARM GAS  /tmp/ccz7gYyM.s 			page 14


 399 0012 FFF7FEFF 		bl	SD_CheckStatusWithTimeout
 400              	.LVL32:
 401              		.loc 1 325 6 view .LVU100
 402 0016 0028     		cmp	r0, #0
 403 0018 2DDB     		blt	.L42
 326:FATFS/Target/sd_diskio.c ****   {
 327:FATFS/Target/sd_diskio.c ****     return res;
 328:FATFS/Target/sd_diskio.c ****   }
 329:FATFS/Target/sd_diskio.c **** 
 330:FATFS/Target/sd_diskio.c **** #if defined(ENABLE_SCRATCH_BUFFER)
 331:FATFS/Target/sd_diskio.c ****   if (!((uint32_t)buff & 0x3))
 332:FATFS/Target/sd_diskio.c ****   {
 333:FATFS/Target/sd_diskio.c **** #endif
 334:FATFS/Target/sd_diskio.c **** #if (ENABLE_SD_DMA_CACHE_MAINTENANCE == 1)
 335:FATFS/Target/sd_diskio.c **** 
 336:FATFS/Target/sd_diskio.c ****     /*
 337:FATFS/Target/sd_diskio.c ****     the SCB_CleanDCache_by_Addr() requires a 32-Byte aligned address
 338:FATFS/Target/sd_diskio.c ****     adjust the address and the D-Cache size to clean accordingly.
 339:FATFS/Target/sd_diskio.c ****     */
 340:FATFS/Target/sd_diskio.c ****     alignedAddr = (uint32_t)buff &  ~0x1F;
 341:FATFS/Target/sd_diskio.c ****     SCB_CleanDCache_by_Addr((uint32_t*)alignedAddr, count*BLOCKSIZE + ((uint32_t)buff - alignedAddr
 342:FATFS/Target/sd_diskio.c **** #endif
 343:FATFS/Target/sd_diskio.c **** 
 344:FATFS/Target/sd_diskio.c ****     if(BSP_SD_WriteBlocks_DMA((uint32_t*)buff,
 404              		.loc 1 344 5 is_stmt 1 view .LVU101
 405              		.loc 1 344 8 is_stmt 0 view .LVU102
 406 001a 3246     		mov	r2, r6
 407 001c 2946     		mov	r1, r5
 408 001e 2046     		mov	r0, r4
 409 0020 FFF7FEFF 		bl	BSP_SD_WriteBlocks_DMA
 410              	.LVL33:
 411              		.loc 1 344 7 view .LVU103
 412 0024 08B1     		cbz	r0, .L46
 313:FATFS/Target/sd_diskio.c ****   uint32_t timeout;
 413              		.loc 1 313 11 view .LVU104
 414 0026 0120     		movs	r0, #1
 415 0028 26E0     		b	.L37
 416              	.L46:
 345:FATFS/Target/sd_diskio.c ****                               (uint32_t)(sector),
 346:FATFS/Target/sd_diskio.c ****                               count) == MSD_OK)
 347:FATFS/Target/sd_diskio.c ****     {
 348:FATFS/Target/sd_diskio.c ****       /* Wait that writing process is completed or a timeout occurs */
 349:FATFS/Target/sd_diskio.c **** 
 350:FATFS/Target/sd_diskio.c ****       timeout = HAL_GetTick();
 417              		.loc 1 350 7 is_stmt 1 view .LVU105
 418              		.loc 1 350 17 is_stmt 0 view .LVU106
 419 002a FFF7FEFF 		bl	HAL_GetTick
 420              	.LVL34:
 421 002e 0446     		mov	r4, r0
 422              	.LVL35:
 351:FATFS/Target/sd_diskio.c ****       while((WriteStatus == 0) && ((HAL_GetTick() - timeout) < SD_TIMEOUT))
 423              		.loc 1 351 7 is_stmt 1 view .LVU107
 424              	.L39:
 352:FATFS/Target/sd_diskio.c ****       {
 353:FATFS/Target/sd_diskio.c ****       }
 425              		.loc 1 353 7 discriminator 2 view .LVU108
 351:FATFS/Target/sd_diskio.c ****       while((WriteStatus == 0) && ((HAL_GetTick() - timeout) < SD_TIMEOUT))
ARM GAS  /tmp/ccz7gYyM.s 			page 15


 426              		.loc 1 351 12 discriminator 2 view .LVU109
 351:FATFS/Target/sd_diskio.c ****       while((WriteStatus == 0) && ((HAL_GetTick() - timeout) < SD_TIMEOUT))
 427              		.loc 1 351 26 is_stmt 0 discriminator 2 view .LVU110
 428 0030 124B     		ldr	r3, .L49
 429 0032 1B68     		ldr	r3, [r3]
 351:FATFS/Target/sd_diskio.c ****       while((WriteStatus == 0) && ((HAL_GetTick() - timeout) < SD_TIMEOUT))
 430              		.loc 1 351 12 discriminator 2 view .LVU111
 431 0034 33B9     		cbnz	r3, .L38
 351:FATFS/Target/sd_diskio.c ****       while((WriteStatus == 0) && ((HAL_GetTick() - timeout) < SD_TIMEOUT))
 432              		.loc 1 351 37 discriminator 1 view .LVU112
 433 0036 FFF7FEFF 		bl	HAL_GetTick
 434              	.LVL36:
 351:FATFS/Target/sd_diskio.c ****       while((WriteStatus == 0) && ((HAL_GetTick() - timeout) < SD_TIMEOUT))
 435              		.loc 1 351 51 discriminator 1 view .LVU113
 436 003a 001B     		subs	r0, r0, r4
 351:FATFS/Target/sd_diskio.c ****       while((WriteStatus == 0) && ((HAL_GetTick() - timeout) < SD_TIMEOUT))
 437              		.loc 1 351 32 discriminator 1 view .LVU114
 438 003c 47F22F53 		movw	r3, #29999
 439 0040 9842     		cmp	r0, r3
 440 0042 F5D9     		bls	.L39
 441              	.L38:
 354:FATFS/Target/sd_diskio.c ****       /* in case of a timeout return error */
 355:FATFS/Target/sd_diskio.c ****       if (WriteStatus == 0)
 442              		.loc 1 355 7 is_stmt 1 view .LVU115
 443              		.loc 1 355 23 is_stmt 0 view .LVU116
 444 0044 0D4B     		ldr	r3, .L49
 445 0046 1B68     		ldr	r3, [r3]
 446              		.loc 1 355 10 view .LVU117
 447 0048 0BB9     		cbnz	r3, .L47
 356:FATFS/Target/sd_diskio.c ****       {
 357:FATFS/Target/sd_diskio.c ****         res = RES_ERROR;
 448              		.loc 1 357 13 view .LVU118
 449 004a 0120     		movs	r0, #1
 450 004c 14E0     		b	.L37
 451              	.L47:
 358:FATFS/Target/sd_diskio.c ****       }
 359:FATFS/Target/sd_diskio.c ****       else
 360:FATFS/Target/sd_diskio.c ****       {
 361:FATFS/Target/sd_diskio.c ****         WriteStatus = 0;
 452              		.loc 1 361 9 is_stmt 1 view .LVU119
 453              		.loc 1 361 21 is_stmt 0 view .LVU120
 454 004e 0B4B     		ldr	r3, .L49
 455 0050 0022     		movs	r2, #0
 456 0052 1A60     		str	r2, [r3]
 362:FATFS/Target/sd_diskio.c ****         timeout = HAL_GetTick();
 457              		.loc 1 362 9 is_stmt 1 view .LVU121
 458              		.loc 1 362 19 is_stmt 0 view .LVU122
 459 0054 FFF7FEFF 		bl	HAL_GetTick
 460              	.LVL37:
 461 0058 0446     		mov	r4, r0
 462              	.LVL38:
 363:FATFS/Target/sd_diskio.c **** 
 364:FATFS/Target/sd_diskio.c ****         while((HAL_GetTick() - timeout) < SD_TIMEOUT)
 463              		.loc 1 364 9 is_stmt 1 view .LVU123
 464              	.L40:
 465              		.loc 1 364 14 view .LVU124
 466              		.loc 1 364 16 is_stmt 0 view .LVU125
ARM GAS  /tmp/ccz7gYyM.s 			page 16


 467 005a FFF7FEFF 		bl	HAL_GetTick
 468              	.LVL39:
 469              		.loc 1 364 30 view .LVU126
 470 005e 001B     		subs	r0, r0, r4
 471              		.loc 1 364 14 view .LVU127
 472 0060 47F22F53 		movw	r3, #29999
 473 0064 9842     		cmp	r0, r3
 474 0066 04D8     		bhi	.L48
 365:FATFS/Target/sd_diskio.c ****         {
 366:FATFS/Target/sd_diskio.c ****           if (BSP_SD_GetCardState() == SD_TRANSFER_OK)
 475              		.loc 1 366 11 is_stmt 1 view .LVU128
 476              		.loc 1 366 15 is_stmt 0 view .LVU129
 477 0068 FFF7FEFF 		bl	BSP_SD_GetCardState
 478              	.LVL40:
 479              		.loc 1 366 14 view .LVU130
 480 006c 0028     		cmp	r0, #0
 481 006e F4D1     		bne	.L40
 482 0070 02E0     		b	.L37
 483              	.L48:
 313:FATFS/Target/sd_diskio.c ****   uint32_t timeout;
 484              		.loc 1 313 11 view .LVU131
 485 0072 0120     		movs	r0, #1
 486 0074 00E0     		b	.L37
 487              	.LVL41:
 488              	.L42:
 327:FATFS/Target/sd_diskio.c ****   }
 489              		.loc 1 327 12 view .LVU132
 490 0076 0120     		movs	r0, #1
 491              	.LVL42:
 492              	.L37:
 367:FATFS/Target/sd_diskio.c ****           {
 368:FATFS/Target/sd_diskio.c ****             res = RES_OK;
 369:FATFS/Target/sd_diskio.c ****             break;
 370:FATFS/Target/sd_diskio.c ****           }
 371:FATFS/Target/sd_diskio.c ****         }
 372:FATFS/Target/sd_diskio.c ****       }
 373:FATFS/Target/sd_diskio.c ****     }
 374:FATFS/Target/sd_diskio.c **** #if defined(ENABLE_SCRATCH_BUFFER)
 375:FATFS/Target/sd_diskio.c ****   }
 376:FATFS/Target/sd_diskio.c ****     else
 377:FATFS/Target/sd_diskio.c ****     {
 378:FATFS/Target/sd_diskio.c ****       /* Slow path, fetch each sector a part and memcpy to destination buffer */
 379:FATFS/Target/sd_diskio.c **** #if (ENABLE_SD_DMA_CACHE_MAINTENANCE == 1)
 380:FATFS/Target/sd_diskio.c ****       /*
 381:FATFS/Target/sd_diskio.c ****       * invalidate the scratch buffer before the next write to get the actual data instead of the c
 382:FATFS/Target/sd_diskio.c ****       */
 383:FATFS/Target/sd_diskio.c ****       SCB_InvalidateDCache_by_Addr((uint32_t*)scratch, BLOCKSIZE);
 384:FATFS/Target/sd_diskio.c **** #endif
 385:FATFS/Target/sd_diskio.c **** 
 386:FATFS/Target/sd_diskio.c ****       for (i = 0; i < count; i++)
 387:FATFS/Target/sd_diskio.c ****       {
 388:FATFS/Target/sd_diskio.c ****         WriteStatus = 0;
 389:FATFS/Target/sd_diskio.c **** 
 390:FATFS/Target/sd_diskio.c ****         memcpy((void *)scratch, (void *)buff, BLOCKSIZE);
 391:FATFS/Target/sd_diskio.c ****         buff += BLOCKSIZE;
 392:FATFS/Target/sd_diskio.c **** 
 393:FATFS/Target/sd_diskio.c ****         ret = BSP_SD_WriteBlocks_DMA((uint32_t*)scratch, (uint32_t)sector++, 1);
ARM GAS  /tmp/ccz7gYyM.s 			page 17


 394:FATFS/Target/sd_diskio.c ****         if (ret == MSD_OK) {
 395:FATFS/Target/sd_diskio.c ****           /* wait for a message from the queue or a timeout */
 396:FATFS/Target/sd_diskio.c ****           timeout = HAL_GetTick();
 397:FATFS/Target/sd_diskio.c ****           while((WriteStatus == 0) && ((HAL_GetTick() - timeout) < SD_TIMEOUT))
 398:FATFS/Target/sd_diskio.c ****           {
 399:FATFS/Target/sd_diskio.c ****           }
 400:FATFS/Target/sd_diskio.c ****           if (WriteStatus == 0)
 401:FATFS/Target/sd_diskio.c ****           {
 402:FATFS/Target/sd_diskio.c ****             break;
 403:FATFS/Target/sd_diskio.c ****           }
 404:FATFS/Target/sd_diskio.c **** 
 405:FATFS/Target/sd_diskio.c ****         }
 406:FATFS/Target/sd_diskio.c ****         else
 407:FATFS/Target/sd_diskio.c ****         {
 408:FATFS/Target/sd_diskio.c ****           break;
 409:FATFS/Target/sd_diskio.c ****         }
 410:FATFS/Target/sd_diskio.c ****       }
 411:FATFS/Target/sd_diskio.c ****       if ((i == count) && (ret == MSD_OK))
 412:FATFS/Target/sd_diskio.c ****         res = RES_OK;
 413:FATFS/Target/sd_diskio.c ****     }
 414:FATFS/Target/sd_diskio.c **** #endif
 415:FATFS/Target/sd_diskio.c ****   return res;
 416:FATFS/Target/sd_diskio.c **** }
 493              		.loc 1 416 1 view .LVU133
 494 0078 70BD     		pop	{r4, r5, r6, pc}
 495              	.LVL43:
 496              	.L50:
 497              		.loc 1 416 1 view .LVU134
 498 007a 00BF     		.align	2
 499              	.L49:
 500 007c 00000000 		.word	.LANCHOR2
 501              		.cfi_endproc
 502              	.LFE355:
 504              		.section	.text.SD_ioctl,"ax",%progbits
 505              		.align	1
 506              		.global	SD_ioctl
 507              		.syntax unified
 508              		.thumb
 509              		.thumb_func
 510              		.fpu fpv5-d16
 512              	SD_ioctl:
 513              	.LVL44:
 514              	.LFB356:
 417:FATFS/Target/sd_diskio.c **** #endif /* _USE_WRITE == 1 */
 418:FATFS/Target/sd_diskio.c **** 
 419:FATFS/Target/sd_diskio.c **** /* USER CODE BEGIN beforeIoctlSection */
 420:FATFS/Target/sd_diskio.c **** /* can be used to modify previous code / undefine following code / add new code */
 421:FATFS/Target/sd_diskio.c **** /* USER CODE END beforeIoctlSection */
 422:FATFS/Target/sd_diskio.c **** /**
 423:FATFS/Target/sd_diskio.c ****   * @brief  I/O control operation
 424:FATFS/Target/sd_diskio.c ****   * @param  lun : not used
 425:FATFS/Target/sd_diskio.c ****   * @param  cmd: Control code
 426:FATFS/Target/sd_diskio.c ****   * @param  *buff: Buffer to send/receive control data
 427:FATFS/Target/sd_diskio.c ****   * @retval DRESULT: Operation result
 428:FATFS/Target/sd_diskio.c ****   */
 429:FATFS/Target/sd_diskio.c **** #if _USE_IOCTL == 1
 430:FATFS/Target/sd_diskio.c **** DRESULT SD_ioctl(BYTE lun, BYTE cmd, void *buff)
ARM GAS  /tmp/ccz7gYyM.s 			page 18


 431:FATFS/Target/sd_diskio.c **** {
 515              		.loc 1 431 1 is_stmt 1 view -0
 516              		.cfi_startproc
 517              		@ args = 0, pretend = 0, frame = 40
 518              		@ frame_needed = 0, uses_anonymous_args = 0
 519              		.loc 1 431 1 is_stmt 0 view .LVU136
 520 0000 30B5     		push	{r4, r5, lr}
 521              	.LCFI6:
 522              		.cfi_def_cfa_offset 12
 523              		.cfi_offset 4, -12
 524              		.cfi_offset 5, -8
 525              		.cfi_offset 14, -4
 526 0002 8BB0     		sub	sp, sp, #44
 527              	.LCFI7:
 528              		.cfi_def_cfa_offset 56
 432:FATFS/Target/sd_diskio.c ****   DRESULT res = RES_ERROR;
 529              		.loc 1 432 3 is_stmt 1 view .LVU137
 530              	.LVL45:
 433:FATFS/Target/sd_diskio.c ****   BSP_SD_CardInfo CardInfo;
 531              		.loc 1 433 3 view .LVU138
 434:FATFS/Target/sd_diskio.c **** 
 435:FATFS/Target/sd_diskio.c ****   if (Stat & STA_NOINIT) return RES_NOTRDY;
 532              		.loc 1 435 3 view .LVU139
 533              		.loc 1 435 12 is_stmt 0 view .LVU140
 534 0004 134B     		ldr	r3, .L61
 535 0006 1B78     		ldrb	r3, [r3]	@ zero_extendqisi2
 536              		.loc 1 435 6 view .LVU141
 537 0008 13F00104 		ands	r4, r3, #1
 538 000c 1DD1     		bne	.L58
 539 000e 0846     		mov	r0, r1
 540              	.LVL46:
 541              		.loc 1 435 6 view .LVU142
 542 0010 1546     		mov	r5, r2
 436:FATFS/Target/sd_diskio.c **** 
 437:FATFS/Target/sd_diskio.c ****   switch (cmd)
 543              		.loc 1 437 3 is_stmt 1 view .LVU143
 544 0012 0329     		cmp	r1, #3
 545 0014 1CD8     		bhi	.L59
 546 0016 DFE801F0 		tbb	[pc, r1]
 547              	.L54:
 548 001a 19       		.byte	(.L52-.L54)/2
 549 001b 02       		.byte	(.L56-.L54)/2
 550 001c 09       		.byte	(.L55-.L54)/2
 551 001d 10       		.byte	(.L53-.L54)/2
 552              		.p2align 1
 553              	.L56:
 438:FATFS/Target/sd_diskio.c ****   {
 439:FATFS/Target/sd_diskio.c ****   /* Make sure that no pending write process */
 440:FATFS/Target/sd_diskio.c ****   case CTRL_SYNC :
 441:FATFS/Target/sd_diskio.c ****     res = RES_OK;
 442:FATFS/Target/sd_diskio.c ****     break;
 443:FATFS/Target/sd_diskio.c **** 
 444:FATFS/Target/sd_diskio.c ****   /* Get number of sectors on the disk (DWORD) */
 445:FATFS/Target/sd_diskio.c ****   case GET_SECTOR_COUNT :
 446:FATFS/Target/sd_diskio.c ****     BSP_SD_GetCardInfo(&CardInfo);
 554              		.loc 1 446 5 view .LVU144
 555 001e 01A8     		add	r0, sp, #4
ARM GAS  /tmp/ccz7gYyM.s 			page 19


 556 0020 FFF7FEFF 		bl	BSP_SD_GetCardInfo
 557              	.LVL47:
 447:FATFS/Target/sd_diskio.c ****     *(DWORD*)buff = CardInfo.LogBlockNbr;
 558              		.loc 1 447 5 view .LVU145
 559              		.loc 1 447 29 is_stmt 0 view .LVU146
 560 0024 079B     		ldr	r3, [sp, #28]
 561              		.loc 1 447 19 view .LVU147
 562 0026 2B60     		str	r3, [r5]
 448:FATFS/Target/sd_diskio.c ****     res = RES_OK;
 563              		.loc 1 448 5 is_stmt 1 view .LVU148
 564              	.LVL48:
 449:FATFS/Target/sd_diskio.c ****     break;
 565              		.loc 1 449 5 view .LVU149
 448:FATFS/Target/sd_diskio.c ****     res = RES_OK;
 566              		.loc 1 448 9 is_stmt 0 view .LVU150
 567 0028 2046     		mov	r0, r4
 568              		.loc 1 449 5 view .LVU151
 569 002a 0FE0     		b	.L52
 570              	.LVL49:
 571              	.L55:
 450:FATFS/Target/sd_diskio.c **** 
 451:FATFS/Target/sd_diskio.c ****   /* Get R/W sector size (WORD) */
 452:FATFS/Target/sd_diskio.c ****   case GET_SECTOR_SIZE :
 453:FATFS/Target/sd_diskio.c ****     BSP_SD_GetCardInfo(&CardInfo);
 572              		.loc 1 453 5 is_stmt 1 view .LVU152
 573 002c 01A8     		add	r0, sp, #4
 574 002e FFF7FEFF 		bl	BSP_SD_GetCardInfo
 575              	.LVL50:
 454:FATFS/Target/sd_diskio.c ****     *(WORD*)buff = CardInfo.LogBlockSize;
 576              		.loc 1 454 5 view .LVU153
 577              		.loc 1 454 28 is_stmt 0 view .LVU154
 578 0032 089B     		ldr	r3, [sp, #32]
 579              		.loc 1 454 18 view .LVU155
 580 0034 2B80     		strh	r3, [r5]	@ movhi
 455:FATFS/Target/sd_diskio.c ****     res = RES_OK;
 581              		.loc 1 455 5 is_stmt 1 view .LVU156
 582              	.LVL51:
 456:FATFS/Target/sd_diskio.c ****     break;
 583              		.loc 1 456 5 view .LVU157
 455:FATFS/Target/sd_diskio.c ****     res = RES_OK;
 584              		.loc 1 455 9 is_stmt 0 view .LVU158
 585 0036 2046     		mov	r0, r4
 586              		.loc 1 456 5 view .LVU159
 587 0038 08E0     		b	.L52
 588              	.LVL52:
 589              	.L53:
 457:FATFS/Target/sd_diskio.c **** 
 458:FATFS/Target/sd_diskio.c ****   /* Get erase block size in unit of sector (DWORD) */
 459:FATFS/Target/sd_diskio.c ****   case GET_BLOCK_SIZE :
 460:FATFS/Target/sd_diskio.c ****     BSP_SD_GetCardInfo(&CardInfo);
 590              		.loc 1 460 5 is_stmt 1 view .LVU160
 591 003a 01A8     		add	r0, sp, #4
 592 003c FFF7FEFF 		bl	BSP_SD_GetCardInfo
 593              	.LVL53:
 461:FATFS/Target/sd_diskio.c ****     *(DWORD*)buff = CardInfo.LogBlockSize / SD_DEFAULT_BLOCK_SIZE;
 594              		.loc 1 461 5 view .LVU161
 595              		.loc 1 461 29 is_stmt 0 view .LVU162
ARM GAS  /tmp/ccz7gYyM.s 			page 20


 596 0040 089B     		ldr	r3, [sp, #32]
 597              		.loc 1 461 43 view .LVU163
 598 0042 5B0A     		lsrs	r3, r3, #9
 599              		.loc 1 461 19 view .LVU164
 600 0044 2B60     		str	r3, [r5]
 462:FATFS/Target/sd_diskio.c ****     res = RES_OK;
 601              		.loc 1 462 5 is_stmt 1 view .LVU165
 602              	.LVL54:
 463:FATFS/Target/sd_diskio.c ****     break;
 603              		.loc 1 463 5 view .LVU166
 462:FATFS/Target/sd_diskio.c ****     res = RES_OK;
 604              		.loc 1 462 9 is_stmt 0 view .LVU167
 605 0046 2046     		mov	r0, r4
 606              		.loc 1 463 5 view .LVU168
 607 0048 00E0     		b	.L52
 608              	.LVL55:
 609              	.L58:
 435:FATFS/Target/sd_diskio.c **** 
 610              		.loc 1 435 33 view .LVU169
 611 004a 0320     		movs	r0, #3
 612              	.LVL56:
 613              	.L52:
 464:FATFS/Target/sd_diskio.c **** 
 465:FATFS/Target/sd_diskio.c ****   default:
 466:FATFS/Target/sd_diskio.c ****     res = RES_PARERR;
 467:FATFS/Target/sd_diskio.c ****   }
 468:FATFS/Target/sd_diskio.c **** 
 469:FATFS/Target/sd_diskio.c ****   return res;
 470:FATFS/Target/sd_diskio.c **** }
 614              		.loc 1 470 1 view .LVU170
 615 004c 0BB0     		add	sp, sp, #44
 616              	.LCFI8:
 617              		.cfi_def_cfa_offset 12
 618              		@ sp needed
 619 004e 30BD     		pop	{r4, r5, pc}
 620              	.LVL57:
 621              	.L59:
 466:FATFS/Target/sd_diskio.c ****   }
 622              		.loc 1 466 9 view .LVU171
 623 0050 0420     		movs	r0, #4
 624 0052 FBE7     		b	.L52
 625              	.L62:
 626              		.align	2
 627              	.L61:
 628 0054 00000000 		.word	.LANCHOR0
 629              		.cfi_endproc
 630              	.LFE356:
 632              		.section	.text.BSP_SD_WriteCpltCallback,"ax",%progbits
 633              		.align	1
 634              		.global	BSP_SD_WriteCpltCallback
 635              		.syntax unified
 636              		.thumb
 637              		.thumb_func
 638              		.fpu fpv5-d16
 640              	BSP_SD_WriteCpltCallback:
 641              	.LFB357:
 471:FATFS/Target/sd_diskio.c **** #endif /* _USE_IOCTL == 1 */
ARM GAS  /tmp/ccz7gYyM.s 			page 21


 472:FATFS/Target/sd_diskio.c **** 
 473:FATFS/Target/sd_diskio.c **** /* USER CODE BEGIN afterIoctlSection */
 474:FATFS/Target/sd_diskio.c **** /* can be used to modify previous code / undefine following code / add new code */
 475:FATFS/Target/sd_diskio.c **** /* USER CODE END afterIoctlSection */
 476:FATFS/Target/sd_diskio.c **** 
 477:FATFS/Target/sd_diskio.c **** /* USER CODE BEGIN callbackSection */
 478:FATFS/Target/sd_diskio.c **** /* can be used to modify / following code or add new code */
 479:FATFS/Target/sd_diskio.c **** /* USER CODE END callbackSection */
 480:FATFS/Target/sd_diskio.c **** /**
 481:FATFS/Target/sd_diskio.c ****   * @brief Tx Transfer completed callbacks
 482:FATFS/Target/sd_diskio.c ****   * @param hsd: SD handle
 483:FATFS/Target/sd_diskio.c ****   * @retval None
 484:FATFS/Target/sd_diskio.c ****   */
 485:FATFS/Target/sd_diskio.c **** void BSP_SD_WriteCpltCallback(void)
 486:FATFS/Target/sd_diskio.c **** {
 642              		.loc 1 486 1 is_stmt 1 view -0
 643              		.cfi_startproc
 644              		@ args = 0, pretend = 0, frame = 0
 645              		@ frame_needed = 0, uses_anonymous_args = 0
 646              		@ link register save eliminated.
 487:FATFS/Target/sd_diskio.c **** 
 488:FATFS/Target/sd_diskio.c ****   WriteStatus = 1;
 647              		.loc 1 488 3 view .LVU173
 648              		.loc 1 488 15 is_stmt 0 view .LVU174
 649 0000 014B     		ldr	r3, .L64
 650 0002 0122     		movs	r2, #1
 651 0004 1A60     		str	r2, [r3]
 489:FATFS/Target/sd_diskio.c **** }
 652              		.loc 1 489 1 view .LVU175
 653 0006 7047     		bx	lr
 654              	.L65:
 655              		.align	2
 656              	.L64:
 657 0008 00000000 		.word	.LANCHOR2
 658              		.cfi_endproc
 659              	.LFE357:
 661              		.section	.text.BSP_SD_ReadCpltCallback,"ax",%progbits
 662              		.align	1
 663              		.global	BSP_SD_ReadCpltCallback
 664              		.syntax unified
 665              		.thumb
 666              		.thumb_func
 667              		.fpu fpv5-d16
 669              	BSP_SD_ReadCpltCallback:
 670              	.LFB358:
 490:FATFS/Target/sd_diskio.c **** 
 491:FATFS/Target/sd_diskio.c **** /**
 492:FATFS/Target/sd_diskio.c ****   * @brief Rx Transfer completed callbacks
 493:FATFS/Target/sd_diskio.c ****   * @param hsd: SD handle
 494:FATFS/Target/sd_diskio.c ****   * @retval None
 495:FATFS/Target/sd_diskio.c ****   */
 496:FATFS/Target/sd_diskio.c **** void BSP_SD_ReadCpltCallback(void)
 497:FATFS/Target/sd_diskio.c **** {
 671              		.loc 1 497 1 is_stmt 1 view -0
 672              		.cfi_startproc
 673              		@ args = 0, pretend = 0, frame = 0
 674              		@ frame_needed = 0, uses_anonymous_args = 0
ARM GAS  /tmp/ccz7gYyM.s 			page 22


 675              		@ link register save eliminated.
 498:FATFS/Target/sd_diskio.c ****   ReadStatus = 1;
 676              		.loc 1 498 3 view .LVU177
 677              		.loc 1 498 14 is_stmt 0 view .LVU178
 678 0000 014B     		ldr	r3, .L67
 679 0002 0122     		movs	r2, #1
 680 0004 1A60     		str	r2, [r3]
 499:FATFS/Target/sd_diskio.c **** }
 681              		.loc 1 499 1 view .LVU179
 682 0006 7047     		bx	lr
 683              	.L68:
 684              		.align	2
 685              	.L67:
 686 0008 00000000 		.word	.LANCHOR1
 687              		.cfi_endproc
 688              	.LFE358:
 690              		.global	SD_Driver
 691              		.section	.bss.ReadStatus,"aw",%nobits
 692              		.align	2
 693              		.set	.LANCHOR1,. + 0
 696              	ReadStatus:
 697 0000 00000000 		.space	4
 698              		.section	.bss.WriteStatus,"aw",%nobits
 699              		.align	2
 700              		.set	.LANCHOR2,. + 0
 703              	WriteStatus:
 704 0000 00000000 		.space	4
 705              		.section	.data.Stat,"aw"
 706              		.set	.LANCHOR0,. + 0
 709              	Stat:
 710 0000 01       		.byte	1
 711              		.section	.rodata.SD_Driver,"a"
 712              		.align	2
 715              	SD_Driver:
 716 0000 00000000 		.word	SD_initialize
 717 0004 00000000 		.word	SD_status
 718 0008 00000000 		.word	SD_read
 719 000c 00000000 		.word	SD_write
 720 0010 00000000 		.word	SD_ioctl
 721              		.text
 722              	.Letext0:
 723              		.file 2 "Middlewares/Third_Party/FatFs/src/integer.h"
 724              		.file 3 "Middlewares/Third_Party/FatFs/src/diskio.h"
 725              		.file 4 "/nix/store/9w2nhnv8b84a8yg8jsii47ikl60bz16p-gcc-arm-embedded-9.3.1/arm-none-eabi/include/
 726              		.file 5 "/nix/store/9w2nhnv8b84a8yg8jsii47ikl60bz16p-gcc-arm-embedded-9.3.1/arm-none-eabi/include/
 727              		.file 6 "Drivers/CMSIS/Include/core_cm7.h"
 728              		.file 7 "Drivers/CMSIS/Device/ST/STM32H7xx/Include/system_stm32h7xx.h"
 729              		.file 8 "/nix/store/9w2nhnv8b84a8yg8jsii47ikl60bz16p-gcc-arm-embedded-9.3.1/lib/gcc/arm-none-eabi/
 730              		.file 9 "/nix/store/9w2nhnv8b84a8yg8jsii47ikl60bz16p-gcc-arm-embedded-9.3.1/arm-none-eabi/include/
 731              		.file 10 "/nix/store/9w2nhnv8b84a8yg8jsii47ikl60bz16p-gcc-arm-embedded-9.3.1/arm-none-eabi/include
 732              		.file 11 "/nix/store/9w2nhnv8b84a8yg8jsii47ikl60bz16p-gcc-arm-embedded-9.3.1/arm-none-eabi/include
 733              		.file 12 "/nix/store/9w2nhnv8b84a8yg8jsii47ikl60bz16p-gcc-arm-embedded-9.3.1/arm-none-eabi/include
 734              		.file 13 "Drivers/STM32H7xx_HAL_Driver/Inc/stm32h7xx_hal_def.h"
 735              		.file 14 "Drivers/STM32H7xx_HAL_Driver/Inc/stm32h7xx_hal_flash.h"
 736              		.file 15 "Drivers/STM32H7xx_HAL_Driver/Inc/stm32h7xx_hal_sd.h"
 737              		.file 16 "Drivers/STM32H7xx_HAL_Driver/Inc/stm32h7xx_hal_uart.h"
 738              		.file 17 "Drivers/STM32H7xx_HAL_Driver/Inc/stm32h7xx_hal.h"
ARM GAS  /tmp/ccz7gYyM.s 			page 23


 739              		.file 18 "/nix/store/9w2nhnv8b84a8yg8jsii47ikl60bz16p-gcc-arm-embedded-9.3.1/arm-none-eabi/include
 740              		.file 19 "Middlewares/Third_Party/FatFs/src/ff_gen_drv.h"
 741              		.file 20 "FATFS/Target/sd_diskio.h"
 742              		.file 21 "FATFS/Target/bsp_driver_sd.h"
ARM GAS  /tmp/ccz7gYyM.s 			page 24


DEFINED SYMBOLS
                            *ABS*:0000000000000000 sd_diskio.c
     /tmp/ccz7gYyM.s:17     .text.SD_CheckStatus:0000000000000000 $t
     /tmp/ccz7gYyM.s:24     .text.SD_CheckStatus:0000000000000000 SD_CheckStatus
     /tmp/ccz7gYyM.s:65     .text.SD_CheckStatus:0000000000000020 $d
     /tmp/ccz7gYyM.s:70     .text.SD_initialize:0000000000000000 $t
     /tmp/ccz7gYyM.s:77     .text.SD_initialize:0000000000000000 SD_initialize
     /tmp/ccz7gYyM.s:117    .text.SD_initialize:000000000000001c $d
     /tmp/ccz7gYyM.s:122    .text.SD_status:0000000000000000 $t
     /tmp/ccz7gYyM.s:129    .text.SD_status:0000000000000000 SD_status
     /tmp/ccz7gYyM.s:152    .text.SD_CheckStatusWithTimeout:0000000000000000 $t
     /tmp/ccz7gYyM.s:158    .text.SD_CheckStatusWithTimeout:0000000000000000 SD_CheckStatusWithTimeout
     /tmp/ccz7gYyM.s:213    .text.SD_read:0000000000000000 $t
     /tmp/ccz7gYyM.s:220    .text.SD_read:0000000000000000 SD_read
     /tmp/ccz7gYyM.s:352    .text.SD_read:000000000000007c $d
     /tmp/ccz7gYyM.s:357    .text.SD_write:0000000000000000 $t
     /tmp/ccz7gYyM.s:364    .text.SD_write:0000000000000000 SD_write
     /tmp/ccz7gYyM.s:500    .text.SD_write:000000000000007c $d
     /tmp/ccz7gYyM.s:505    .text.SD_ioctl:0000000000000000 $t
     /tmp/ccz7gYyM.s:512    .text.SD_ioctl:0000000000000000 SD_ioctl
     /tmp/ccz7gYyM.s:548    .text.SD_ioctl:000000000000001a $d
     /tmp/ccz7gYyM.s:552    .text.SD_ioctl:000000000000001e $t
     /tmp/ccz7gYyM.s:628    .text.SD_ioctl:0000000000000054 $d
     /tmp/ccz7gYyM.s:633    .text.BSP_SD_WriteCpltCallback:0000000000000000 $t
     /tmp/ccz7gYyM.s:640    .text.BSP_SD_WriteCpltCallback:0000000000000000 BSP_SD_WriteCpltCallback
     /tmp/ccz7gYyM.s:657    .text.BSP_SD_WriteCpltCallback:0000000000000008 $d
     /tmp/ccz7gYyM.s:662    .text.BSP_SD_ReadCpltCallback:0000000000000000 $t
     /tmp/ccz7gYyM.s:669    .text.BSP_SD_ReadCpltCallback:0000000000000000 BSP_SD_ReadCpltCallback
     /tmp/ccz7gYyM.s:686    .text.BSP_SD_ReadCpltCallback:0000000000000008 $d
     /tmp/ccz7gYyM.s:715    .rodata.SD_Driver:0000000000000000 SD_Driver
     /tmp/ccz7gYyM.s:692    .bss.ReadStatus:0000000000000000 $d
     /tmp/ccz7gYyM.s:696    .bss.ReadStatus:0000000000000000 ReadStatus
     /tmp/ccz7gYyM.s:699    .bss.WriteStatus:0000000000000000 $d
     /tmp/ccz7gYyM.s:703    .bss.WriteStatus:0000000000000000 WriteStatus
     /tmp/ccz7gYyM.s:709    .data.Stat:0000000000000000 Stat
     /tmp/ccz7gYyM.s:712    .rodata.SD_Driver:0000000000000000 $d

UNDEFINED SYMBOLS
BSP_SD_GetCardState
BSP_SD_Init
HAL_GetTick
BSP_SD_ReadBlocks_DMA
BSP_SD_WriteBlocks_DMA
BSP_SD_GetCardInfo
