ARM GAS  /tmp/ccrh1lw7.s 			page 1


   1              		.cpu cortex-m7
   2              		.eabi_attribute 28, 1
   3              		.eabi_attribute 20, 1
   4              		.eabi_attribute 21, 1
   5              		.eabi_attribute 23, 3
   6              		.eabi_attribute 24, 1
   7              		.eabi_attribute 25, 1
   8              		.eabi_attribute 26, 1
   9              		.eabi_attribute 30, 1
  10              		.eabi_attribute 34, 1
  11              		.eabi_attribute 18, 4
  12              		.file	"stm32h7xx_hal_sd_ex.c"
  13              		.text
  14              	.Ltext0:
  15              		.cfi_sections	.debug_frame
  16              		.section	.text.HAL_SDEx_ConfigDMAMultiBuffer,"ax",%progbits
  17              		.align	1
  18              		.global	HAL_SDEx_ConfigDMAMultiBuffer
  19              		.arch armv7e-m
  20              		.syntax unified
  21              		.thumb
  22              		.thumb_func
  23              		.fpu fpv5-d16
  25              	HAL_SDEx_ConfigDMAMultiBuffer:
  26              	.LVL0:
  27              	.LFB350:
  28              		.file 1 "Drivers/STM32H7xx_HAL_Driver/Src/stm32h7xx_hal_sd_ex.c"
   1:Drivers/STM32H7xx_HAL_Driver/Src/stm32h7xx_hal_sd_ex.c **** /**
   2:Drivers/STM32H7xx_HAL_Driver/Src/stm32h7xx_hal_sd_ex.c ****   ******************************************************************************
   3:Drivers/STM32H7xx_HAL_Driver/Src/stm32h7xx_hal_sd_ex.c ****   * @file    stm32h7xx_hal_sd_ex.c
   4:Drivers/STM32H7xx_HAL_Driver/Src/stm32h7xx_hal_sd_ex.c ****   * @author  MCD Application Team
   5:Drivers/STM32H7xx_HAL_Driver/Src/stm32h7xx_hal_sd_ex.c ****   * @brief   SD card Extended HAL module driver.
   6:Drivers/STM32H7xx_HAL_Driver/Src/stm32h7xx_hal_sd_ex.c ****   *          This file provides firmware functions to manage the following
   7:Drivers/STM32H7xx_HAL_Driver/Src/stm32h7xx_hal_sd_ex.c ****   *          functionalities of the Secure Digital (SD) peripheral:
   8:Drivers/STM32H7xx_HAL_Driver/Src/stm32h7xx_hal_sd_ex.c ****   *           + Extended features functions
   9:Drivers/STM32H7xx_HAL_Driver/Src/stm32h7xx_hal_sd_ex.c ****   *
  10:Drivers/STM32H7xx_HAL_Driver/Src/stm32h7xx_hal_sd_ex.c ****   ******************************************************************************
  11:Drivers/STM32H7xx_HAL_Driver/Src/stm32h7xx_hal_sd_ex.c ****   * @attention
  12:Drivers/STM32H7xx_HAL_Driver/Src/stm32h7xx_hal_sd_ex.c ****   *
  13:Drivers/STM32H7xx_HAL_Driver/Src/stm32h7xx_hal_sd_ex.c ****   * Copyright (c) 2017 STMicroelectronics.
  14:Drivers/STM32H7xx_HAL_Driver/Src/stm32h7xx_hal_sd_ex.c ****   * All rights reserved.
  15:Drivers/STM32H7xx_HAL_Driver/Src/stm32h7xx_hal_sd_ex.c ****   *
  16:Drivers/STM32H7xx_HAL_Driver/Src/stm32h7xx_hal_sd_ex.c ****   * This software is licensed under terms that can be found in the LICENSE file
  17:Drivers/STM32H7xx_HAL_Driver/Src/stm32h7xx_hal_sd_ex.c ****   * in the root directory of this software component.
  18:Drivers/STM32H7xx_HAL_Driver/Src/stm32h7xx_hal_sd_ex.c ****   * If no LICENSE file comes with this software, it is provided AS-IS.
  19:Drivers/STM32H7xx_HAL_Driver/Src/stm32h7xx_hal_sd_ex.c ****   *
  20:Drivers/STM32H7xx_HAL_Driver/Src/stm32h7xx_hal_sd_ex.c ****   ******************************************************************************
  21:Drivers/STM32H7xx_HAL_Driver/Src/stm32h7xx_hal_sd_ex.c ****   @verbatim
  22:Drivers/STM32H7xx_HAL_Driver/Src/stm32h7xx_hal_sd_ex.c ****   ==============================================================================
  23:Drivers/STM32H7xx_HAL_Driver/Src/stm32h7xx_hal_sd_ex.c ****                         ##### How to use this driver #####
  24:Drivers/STM32H7xx_HAL_Driver/Src/stm32h7xx_hal_sd_ex.c ****   ==============================================================================
  25:Drivers/STM32H7xx_HAL_Driver/Src/stm32h7xx_hal_sd_ex.c ****   [..]
  26:Drivers/STM32H7xx_HAL_Driver/Src/stm32h7xx_hal_sd_ex.c ****    The SD Extension HAL driver can be used as follows:
  27:Drivers/STM32H7xx_HAL_Driver/Src/stm32h7xx_hal_sd_ex.c ****    (+) Configure Buffer0 and Buffer1 start address and Buffer size using HAL_SDEx_ConfigDMAMultiBuf
  28:Drivers/STM32H7xx_HAL_Driver/Src/stm32h7xx_hal_sd_ex.c ****    (+) Start Read and Write for multibuffer mode using HAL_SDEx_ReadBlocksDMAMultiBuffer()
  29:Drivers/STM32H7xx_HAL_Driver/Src/stm32h7xx_hal_sd_ex.c ****        and HAL_SDEx_WriteBlocksDMAMultiBuffer() functions.
  30:Drivers/STM32H7xx_HAL_Driver/Src/stm32h7xx_hal_sd_ex.c **** 
ARM GAS  /tmp/ccrh1lw7.s 			page 2


  31:Drivers/STM32H7xx_HAL_Driver/Src/stm32h7xx_hal_sd_ex.c ****   @endverbatim
  32:Drivers/STM32H7xx_HAL_Driver/Src/stm32h7xx_hal_sd_ex.c ****   ******************************************************************************
  33:Drivers/STM32H7xx_HAL_Driver/Src/stm32h7xx_hal_sd_ex.c ****   */
  34:Drivers/STM32H7xx_HAL_Driver/Src/stm32h7xx_hal_sd_ex.c **** 
  35:Drivers/STM32H7xx_HAL_Driver/Src/stm32h7xx_hal_sd_ex.c **** /* Includes ------------------------------------------------------------------*/
  36:Drivers/STM32H7xx_HAL_Driver/Src/stm32h7xx_hal_sd_ex.c **** #include "stm32h7xx_hal.h"
  37:Drivers/STM32H7xx_HAL_Driver/Src/stm32h7xx_hal_sd_ex.c **** 
  38:Drivers/STM32H7xx_HAL_Driver/Src/stm32h7xx_hal_sd_ex.c **** /** @addtogroup STM32H7xx_HAL_Driver
  39:Drivers/STM32H7xx_HAL_Driver/Src/stm32h7xx_hal_sd_ex.c ****   * @{
  40:Drivers/STM32H7xx_HAL_Driver/Src/stm32h7xx_hal_sd_ex.c ****   */
  41:Drivers/STM32H7xx_HAL_Driver/Src/stm32h7xx_hal_sd_ex.c **** 
  42:Drivers/STM32H7xx_HAL_Driver/Src/stm32h7xx_hal_sd_ex.c **** /** @defgroup SDEx SDEx
  43:Drivers/STM32H7xx_HAL_Driver/Src/stm32h7xx_hal_sd_ex.c ****   * @brief SD Extended HAL module driver
  44:Drivers/STM32H7xx_HAL_Driver/Src/stm32h7xx_hal_sd_ex.c ****   * @{
  45:Drivers/STM32H7xx_HAL_Driver/Src/stm32h7xx_hal_sd_ex.c ****   */
  46:Drivers/STM32H7xx_HAL_Driver/Src/stm32h7xx_hal_sd_ex.c **** 
  47:Drivers/STM32H7xx_HAL_Driver/Src/stm32h7xx_hal_sd_ex.c **** #ifdef HAL_SD_MODULE_ENABLED
  48:Drivers/STM32H7xx_HAL_Driver/Src/stm32h7xx_hal_sd_ex.c **** 
  49:Drivers/STM32H7xx_HAL_Driver/Src/stm32h7xx_hal_sd_ex.c **** /* Private typedef -----------------------------------------------------------*/
  50:Drivers/STM32H7xx_HAL_Driver/Src/stm32h7xx_hal_sd_ex.c **** /* Private define ------------------------------------------------------------*/
  51:Drivers/STM32H7xx_HAL_Driver/Src/stm32h7xx_hal_sd_ex.c **** /* Private macro -------------------------------------------------------------*/
  52:Drivers/STM32H7xx_HAL_Driver/Src/stm32h7xx_hal_sd_ex.c **** /* Private variables ---------------------------------------------------------*/
  53:Drivers/STM32H7xx_HAL_Driver/Src/stm32h7xx_hal_sd_ex.c **** /* Private function prototypes -----------------------------------------------*/
  54:Drivers/STM32H7xx_HAL_Driver/Src/stm32h7xx_hal_sd_ex.c **** /* Private functions ---------------------------------------------------------*/
  55:Drivers/STM32H7xx_HAL_Driver/Src/stm32h7xx_hal_sd_ex.c **** /* Exported functions --------------------------------------------------------*/
  56:Drivers/STM32H7xx_HAL_Driver/Src/stm32h7xx_hal_sd_ex.c **** /** @addtogroup SDEx_Exported_Functions
  57:Drivers/STM32H7xx_HAL_Driver/Src/stm32h7xx_hal_sd_ex.c ****   * @{
  58:Drivers/STM32H7xx_HAL_Driver/Src/stm32h7xx_hal_sd_ex.c ****   */
  59:Drivers/STM32H7xx_HAL_Driver/Src/stm32h7xx_hal_sd_ex.c **** 
  60:Drivers/STM32H7xx_HAL_Driver/Src/stm32h7xx_hal_sd_ex.c **** /** @addtogroup SDEx_Exported_Functions_Group1
  61:Drivers/STM32H7xx_HAL_Driver/Src/stm32h7xx_hal_sd_ex.c ****   *  @brief   Multibuffer functions
  62:Drivers/STM32H7xx_HAL_Driver/Src/stm32h7xx_hal_sd_ex.c ****   *
  63:Drivers/STM32H7xx_HAL_Driver/Src/stm32h7xx_hal_sd_ex.c **** @verbatim
  64:Drivers/STM32H7xx_HAL_Driver/Src/stm32h7xx_hal_sd_ex.c ****   ==============================================================================
  65:Drivers/STM32H7xx_HAL_Driver/Src/stm32h7xx_hal_sd_ex.c ****           ##### Multibuffer functions #####
  66:Drivers/STM32H7xx_HAL_Driver/Src/stm32h7xx_hal_sd_ex.c ****   ==============================================================================
  67:Drivers/STM32H7xx_HAL_Driver/Src/stm32h7xx_hal_sd_ex.c ****   [..]
  68:Drivers/STM32H7xx_HAL_Driver/Src/stm32h7xx_hal_sd_ex.c ****     This section provides functions allowing to configure the multibuffer mode and start read and w
  69:Drivers/STM32H7xx_HAL_Driver/Src/stm32h7xx_hal_sd_ex.c ****     multibuffer mode for SD HAL driver.
  70:Drivers/STM32H7xx_HAL_Driver/Src/stm32h7xx_hal_sd_ex.c **** 
  71:Drivers/STM32H7xx_HAL_Driver/Src/stm32h7xx_hal_sd_ex.c **** @endverbatim
  72:Drivers/STM32H7xx_HAL_Driver/Src/stm32h7xx_hal_sd_ex.c ****   * @{
  73:Drivers/STM32H7xx_HAL_Driver/Src/stm32h7xx_hal_sd_ex.c ****   */
  74:Drivers/STM32H7xx_HAL_Driver/Src/stm32h7xx_hal_sd_ex.c **** 
  75:Drivers/STM32H7xx_HAL_Driver/Src/stm32h7xx_hal_sd_ex.c **** /**
  76:Drivers/STM32H7xx_HAL_Driver/Src/stm32h7xx_hal_sd_ex.c ****   * @brief  Configure DMA Dual Buffer mode. The Data transfer is managed by an Internal DMA.
  77:Drivers/STM32H7xx_HAL_Driver/Src/stm32h7xx_hal_sd_ex.c ****   * @param  hsd: SD handle
  78:Drivers/STM32H7xx_HAL_Driver/Src/stm32h7xx_hal_sd_ex.c ****   * @param  pDataBuffer0: Pointer to the buffer0 that will contain/receive the transferred data
  79:Drivers/STM32H7xx_HAL_Driver/Src/stm32h7xx_hal_sd_ex.c ****   * @param  pDataBuffer1: Pointer to the buffer1 that will contain/receive the transferred data
  80:Drivers/STM32H7xx_HAL_Driver/Src/stm32h7xx_hal_sd_ex.c ****   * @param  BufferSize: Size of Buffer0 in Blocks. Buffer0 and Buffer1 must have the same size.
  81:Drivers/STM32H7xx_HAL_Driver/Src/stm32h7xx_hal_sd_ex.c ****   * @retval HAL status
  82:Drivers/STM32H7xx_HAL_Driver/Src/stm32h7xx_hal_sd_ex.c ****   */
  83:Drivers/STM32H7xx_HAL_Driver/Src/stm32h7xx_hal_sd_ex.c **** HAL_StatusTypeDef HAL_SDEx_ConfigDMAMultiBuffer(SD_HandleTypeDef *hsd, uint32_t *pDataBuffer0, uint
  84:Drivers/STM32H7xx_HAL_Driver/Src/stm32h7xx_hal_sd_ex.c ****                                                 uint32_t BufferSize)
  85:Drivers/STM32H7xx_HAL_Driver/Src/stm32h7xx_hal_sd_ex.c **** {
  29              		.loc 1 85 1 view -0
  30              		.cfi_startproc
ARM GAS  /tmp/ccrh1lw7.s 			page 3


  31              		@ args = 0, pretend = 0, frame = 0
  32              		@ frame_needed = 0, uses_anonymous_args = 0
  33              		@ link register save eliminated.
  34              		.loc 1 85 1 is_stmt 0 view .LVU1
  35 0000 10B4     		push	{r4}
  36              	.LCFI0:
  37              		.cfi_def_cfa_offset 4
  38              		.cfi_offset 4, -4
  86:Drivers/STM32H7xx_HAL_Driver/Src/stm32h7xx_hal_sd_ex.c ****   if (hsd->State == HAL_SD_STATE_READY)
  39              		.loc 1 86 3 is_stmt 1 view .LVU2
  40              		.loc 1 86 10 is_stmt 0 view .LVU3
  41 0002 90F83040 		ldrb	r4, [r0, #48]	@ zero_extendqisi2
  42 0006 E4B2     		uxtb	r4, r4
  43              		.loc 1 86 6 view .LVU4
  44 0008 012C     		cmp	r4, #1
  45 000a 03D0     		beq	.L5
  87:Drivers/STM32H7xx_HAL_Driver/Src/stm32h7xx_hal_sd_ex.c ****   {
  88:Drivers/STM32H7xx_HAL_Driver/Src/stm32h7xx_hal_sd_ex.c ****     hsd->Instance->IDMABASE0 = (uint32_t) pDataBuffer0;
  89:Drivers/STM32H7xx_HAL_Driver/Src/stm32h7xx_hal_sd_ex.c ****     hsd->Instance->IDMABASE1 = (uint32_t) pDataBuffer1;
  90:Drivers/STM32H7xx_HAL_Driver/Src/stm32h7xx_hal_sd_ex.c ****     hsd->Instance->IDMABSIZE = (uint32_t)(BLOCKSIZE * BufferSize);
  91:Drivers/STM32H7xx_HAL_Driver/Src/stm32h7xx_hal_sd_ex.c **** 
  92:Drivers/STM32H7xx_HAL_Driver/Src/stm32h7xx_hal_sd_ex.c ****     return HAL_OK;
  93:Drivers/STM32H7xx_HAL_Driver/Src/stm32h7xx_hal_sd_ex.c ****   }
  94:Drivers/STM32H7xx_HAL_Driver/Src/stm32h7xx_hal_sd_ex.c ****   else
  95:Drivers/STM32H7xx_HAL_Driver/Src/stm32h7xx_hal_sd_ex.c ****   {
  96:Drivers/STM32H7xx_HAL_Driver/Src/stm32h7xx_hal_sd_ex.c ****     return HAL_BUSY;
  46              		.loc 1 96 12 view .LVU5
  47 000c 0220     		movs	r0, #2
  48              	.LVL1:
  49              	.L2:
  97:Drivers/STM32H7xx_HAL_Driver/Src/stm32h7xx_hal_sd_ex.c ****   }
  98:Drivers/STM32H7xx_HAL_Driver/Src/stm32h7xx_hal_sd_ex.c **** }
  50              		.loc 1 98 1 view .LVU6
  51 000e 5DF8044B 		ldr	r4, [sp], #4
  52              	.LCFI1:
  53              		.cfi_remember_state
  54              		.cfi_restore 4
  55              		.cfi_def_cfa_offset 0
  56 0012 7047     		bx	lr
  57              	.LVL2:
  58              	.L5:
  59              	.LCFI2:
  60              		.cfi_restore_state
  88:Drivers/STM32H7xx_HAL_Driver/Src/stm32h7xx_hal_sd_ex.c ****     hsd->Instance->IDMABASE1 = (uint32_t) pDataBuffer1;
  61              		.loc 1 88 5 is_stmt 1 view .LVU7
  88:Drivers/STM32H7xx_HAL_Driver/Src/stm32h7xx_hal_sd_ex.c ****     hsd->Instance->IDMABASE1 = (uint32_t) pDataBuffer1;
  62              		.loc 1 88 8 is_stmt 0 view .LVU8
  63 0014 0468     		ldr	r4, [r0]
  88:Drivers/STM32H7xx_HAL_Driver/Src/stm32h7xx_hal_sd_ex.c ****     hsd->Instance->IDMABASE1 = (uint32_t) pDataBuffer1;
  64              		.loc 1 88 30 view .LVU9
  65 0016 A165     		str	r1, [r4, #88]
  89:Drivers/STM32H7xx_HAL_Driver/Src/stm32h7xx_hal_sd_ex.c ****     hsd->Instance->IDMABSIZE = (uint32_t)(BLOCKSIZE * BufferSize);
  66              		.loc 1 89 5 is_stmt 1 view .LVU10
  89:Drivers/STM32H7xx_HAL_Driver/Src/stm32h7xx_hal_sd_ex.c ****     hsd->Instance->IDMABSIZE = (uint32_t)(BLOCKSIZE * BufferSize);
  67              		.loc 1 89 8 is_stmt 0 view .LVU11
  68 0018 0168     		ldr	r1, [r0]
  69              	.LVL3:
ARM GAS  /tmp/ccrh1lw7.s 			page 4


  89:Drivers/STM32H7xx_HAL_Driver/Src/stm32h7xx_hal_sd_ex.c ****     hsd->Instance->IDMABSIZE = (uint32_t)(BLOCKSIZE * BufferSize);
  70              		.loc 1 89 30 view .LVU12
  71 001a CA65     		str	r2, [r1, #92]
  72              	.LVL4:
  90:Drivers/STM32H7xx_HAL_Driver/Src/stm32h7xx_hal_sd_ex.c **** 
  73              		.loc 1 90 5 is_stmt 1 view .LVU13
  90:Drivers/STM32H7xx_HAL_Driver/Src/stm32h7xx_hal_sd_ex.c **** 
  74              		.loc 1 90 8 is_stmt 0 view .LVU14
  75 001c 0268     		ldr	r2, [r0]
  76              	.LVL5:
  90:Drivers/STM32H7xx_HAL_Driver/Src/stm32h7xx_hal_sd_ex.c **** 
  77              		.loc 1 90 32 view .LVU15
  78 001e 5B02     		lsls	r3, r3, #9
  79              	.LVL6:
  90:Drivers/STM32H7xx_HAL_Driver/Src/stm32h7xx_hal_sd_ex.c **** 
  80              		.loc 1 90 30 view .LVU16
  81 0020 5365     		str	r3, [r2, #84]
  82              	.LVL7:
  92:Drivers/STM32H7xx_HAL_Driver/Src/stm32h7xx_hal_sd_ex.c ****   }
  83              		.loc 1 92 5 is_stmt 1 view .LVU17
  92:Drivers/STM32H7xx_HAL_Driver/Src/stm32h7xx_hal_sd_ex.c ****   }
  84              		.loc 1 92 12 is_stmt 0 view .LVU18
  85 0022 0020     		movs	r0, #0
  86              	.LVL8:
  92:Drivers/STM32H7xx_HAL_Driver/Src/stm32h7xx_hal_sd_ex.c ****   }
  87              		.loc 1 92 12 view .LVU19
  88 0024 F3E7     		b	.L2
  89              		.cfi_endproc
  90              	.LFE350:
  92              		.section	.text.HAL_SDEx_ReadBlocksDMAMultiBuffer,"ax",%progbits
  93              		.align	1
  94              		.global	HAL_SDEx_ReadBlocksDMAMultiBuffer
  95              		.syntax unified
  96              		.thumb
  97              		.thumb_func
  98              		.fpu fpv5-d16
 100              	HAL_SDEx_ReadBlocksDMAMultiBuffer:
 101              	.LVL9:
 102              	.LFB351:
  99:Drivers/STM32H7xx_HAL_Driver/Src/stm32h7xx_hal_sd_ex.c **** 
 100:Drivers/STM32H7xx_HAL_Driver/Src/stm32h7xx_hal_sd_ex.c **** /**
 101:Drivers/STM32H7xx_HAL_Driver/Src/stm32h7xx_hal_sd_ex.c ****   * @brief  Reads block(s) from a specified address in a card. The received Data will be stored in 
 102:Drivers/STM32H7xx_HAL_Driver/Src/stm32h7xx_hal_sd_ex.c ****   *         Buffer0, Buffer1 and BufferSize need to be configured by function HAL_SDEx_ConfigDMAMul
 103:Drivers/STM32H7xx_HAL_Driver/Src/stm32h7xx_hal_sd_ex.c ****   *         call this function.
 104:Drivers/STM32H7xx_HAL_Driver/Src/stm32h7xx_hal_sd_ex.c ****   * @param  hsd: SD handle
 105:Drivers/STM32H7xx_HAL_Driver/Src/stm32h7xx_hal_sd_ex.c ****   * @param  BlockAdd: Block Address from where data is to be read
 106:Drivers/STM32H7xx_HAL_Driver/Src/stm32h7xx_hal_sd_ex.c ****   * @param  NumberOfBlocks: Total number of blocks to read
 107:Drivers/STM32H7xx_HAL_Driver/Src/stm32h7xx_hal_sd_ex.c ****   * @retval HAL status
 108:Drivers/STM32H7xx_HAL_Driver/Src/stm32h7xx_hal_sd_ex.c ****   */
 109:Drivers/STM32H7xx_HAL_Driver/Src/stm32h7xx_hal_sd_ex.c **** HAL_StatusTypeDef HAL_SDEx_ReadBlocksDMAMultiBuffer(SD_HandleTypeDef *hsd, uint32_t BlockAdd, uint3
 110:Drivers/STM32H7xx_HAL_Driver/Src/stm32h7xx_hal_sd_ex.c **** {
 103              		.loc 1 110 1 is_stmt 1 view -0
 104              		.cfi_startproc
 105              		@ args = 0, pretend = 0, frame = 24
 106              		@ frame_needed = 0, uses_anonymous_args = 0
 107              		.loc 1 110 1 is_stmt 0 view .LVU21
 108 0000 F0B5     		push	{r4, r5, r6, r7, lr}
ARM GAS  /tmp/ccrh1lw7.s 			page 5


 109              	.LCFI3:
 110              		.cfi_def_cfa_offset 20
 111              		.cfi_offset 4, -20
 112              		.cfi_offset 5, -16
 113              		.cfi_offset 6, -12
 114              		.cfi_offset 7, -8
 115              		.cfi_offset 14, -4
 116 0002 87B0     		sub	sp, sp, #28
 117              	.LCFI4:
 118              		.cfi_def_cfa_offset 48
 111:Drivers/STM32H7xx_HAL_Driver/Src/stm32h7xx_hal_sd_ex.c ****   SDMMC_DataInitTypeDef config;
 119              		.loc 1 111 3 is_stmt 1 view .LVU22
 112:Drivers/STM32H7xx_HAL_Driver/Src/stm32h7xx_hal_sd_ex.c ****   uint32_t errorstate;
 120              		.loc 1 112 3 view .LVU23
 113:Drivers/STM32H7xx_HAL_Driver/Src/stm32h7xx_hal_sd_ex.c ****   uint32_t DmaBase0_reg;
 121              		.loc 1 113 3 view .LVU24
 114:Drivers/STM32H7xx_HAL_Driver/Src/stm32h7xx_hal_sd_ex.c ****   uint32_t DmaBase1_reg;
 122              		.loc 1 114 3 view .LVU25
 115:Drivers/STM32H7xx_HAL_Driver/Src/stm32h7xx_hal_sd_ex.c ****   uint32_t add = BlockAdd;
 123              		.loc 1 115 3 view .LVU26
 124              	.LVL10:
 116:Drivers/STM32H7xx_HAL_Driver/Src/stm32h7xx_hal_sd_ex.c **** 
 117:Drivers/STM32H7xx_HAL_Driver/Src/stm32h7xx_hal_sd_ex.c ****   if (hsd->State == HAL_SD_STATE_READY)
 125              		.loc 1 117 3 view .LVU27
 126              		.loc 1 117 10 is_stmt 0 view .LVU28
 127 0004 90F83050 		ldrb	r5, [r0, #48]	@ zero_extendqisi2
 128 0008 EDB2     		uxtb	r5, r5
 129              		.loc 1 117 6 view .LVU29
 130 000a 012D     		cmp	r5, #1
 131 000c 5AD1     		bne	.L14
 132 000e 0446     		mov	r4, r0
 133 0010 0E46     		mov	r6, r1
 118:Drivers/STM32H7xx_HAL_Driver/Src/stm32h7xx_hal_sd_ex.c ****   {
 119:Drivers/STM32H7xx_HAL_Driver/Src/stm32h7xx_hal_sd_ex.c ****     if ((add + NumberOfBlocks) > (hsd->SdCard.LogBlockNbr))
 134              		.loc 1 119 5 is_stmt 1 view .LVU30
 135              		.loc 1 119 14 is_stmt 0 view .LVU31
 136 0012 8B18     		adds	r3, r1, r2
 137              		.loc 1 119 46 view .LVU32
 138 0014 016D     		ldr	r1, [r0, #80]
 139              	.LVL11:
 140              		.loc 1 119 8 view .LVU33
 141 0016 8B42     		cmp	r3, r1
 142 0018 44D8     		bhi	.L16
 120:Drivers/STM32H7xx_HAL_Driver/Src/stm32h7xx_hal_sd_ex.c ****     {
 121:Drivers/STM32H7xx_HAL_Driver/Src/stm32h7xx_hal_sd_ex.c ****       hsd->ErrorCode |= HAL_SD_ERROR_ADDR_OUT_OF_RANGE;
 122:Drivers/STM32H7xx_HAL_Driver/Src/stm32h7xx_hal_sd_ex.c ****       return HAL_ERROR;
 123:Drivers/STM32H7xx_HAL_Driver/Src/stm32h7xx_hal_sd_ex.c ****     }
 124:Drivers/STM32H7xx_HAL_Driver/Src/stm32h7xx_hal_sd_ex.c **** 
 125:Drivers/STM32H7xx_HAL_Driver/Src/stm32h7xx_hal_sd_ex.c ****     DmaBase0_reg = hsd->Instance->IDMABASE0;
 143              		.loc 1 125 5 is_stmt 1 view .LVU34
 144              		.loc 1 125 23 is_stmt 0 view .LVU35
 145 001a 0368     		ldr	r3, [r0]
 146              		.loc 1 125 18 view .LVU36
 147 001c 9F6D     		ldr	r7, [r3, #88]
 148              	.LVL12:
 126:Drivers/STM32H7xx_HAL_Driver/Src/stm32h7xx_hal_sd_ex.c ****     DmaBase1_reg = hsd->Instance->IDMABASE1;
 149              		.loc 1 126 5 is_stmt 1 view .LVU37
ARM GAS  /tmp/ccrh1lw7.s 			page 6


 150              		.loc 1 126 18 is_stmt 0 view .LVU38
 151 001e D96D     		ldr	r1, [r3, #92]
 152              	.LVL13:
 127:Drivers/STM32H7xx_HAL_Driver/Src/stm32h7xx_hal_sd_ex.c **** 
 128:Drivers/STM32H7xx_HAL_Driver/Src/stm32h7xx_hal_sd_ex.c ****     if ((hsd->Instance->IDMABSIZE == 0U) || (DmaBase0_reg == 0U) || (DmaBase1_reg == 0U))
 153              		.loc 1 128 5 is_stmt 1 view .LVU39
 154              		.loc 1 128 23 is_stmt 0 view .LVU40
 155 0020 586D     		ldr	r0, [r3, #84]
 156              	.LVL14:
 157              		.loc 1 128 8 view .LVU41
 158 0022 0028     		cmp	r0, #0
 159 0024 43D0     		beq	.L9
 160              		.loc 1 128 83 discriminator 1 view .LVU42
 161 0026 B1FA81F1 		clz	r1, r1
 162              	.LVL15:
 163              		.loc 1 128 83 discriminator 1 view .LVU43
 164 002a 4909     		lsrs	r1, r1, #5
 165              		.loc 1 128 66 discriminator 1 view .LVU44
 166 002c 002F     		cmp	r7, #0
 167 002e 3ED0     		beq	.L9
 168 0030 0029     		cmp	r1, #0
 169 0032 3CD1     		bne	.L9
 129:Drivers/STM32H7xx_HAL_Driver/Src/stm32h7xx_hal_sd_ex.c ****     {
 130:Drivers/STM32H7xx_HAL_Driver/Src/stm32h7xx_hal_sd_ex.c ****       hsd->ErrorCode = HAL_SD_ERROR_ADDR_OUT_OF_RANGE;
 131:Drivers/STM32H7xx_HAL_Driver/Src/stm32h7xx_hal_sd_ex.c ****       return HAL_ERROR;
 132:Drivers/STM32H7xx_HAL_Driver/Src/stm32h7xx_hal_sd_ex.c ****     }
 133:Drivers/STM32H7xx_HAL_Driver/Src/stm32h7xx_hal_sd_ex.c **** 
 134:Drivers/STM32H7xx_HAL_Driver/Src/stm32h7xx_hal_sd_ex.c ****     /* Initialize data control register */
 135:Drivers/STM32H7xx_HAL_Driver/Src/stm32h7xx_hal_sd_ex.c ****     hsd->Instance->DCTRL = 0;
 170              		.loc 1 135 5 is_stmt 1 view .LVU45
 171              		.loc 1 135 26 is_stmt 0 view .LVU46
 172 0034 0021     		movs	r1, #0
 173 0036 D962     		str	r1, [r3, #44]
 136:Drivers/STM32H7xx_HAL_Driver/Src/stm32h7xx_hal_sd_ex.c ****     /* Clear old Flags*/
 137:Drivers/STM32H7xx_HAL_Driver/Src/stm32h7xx_hal_sd_ex.c ****     __HAL_SD_CLEAR_FLAG(hsd, SDMMC_STATIC_DATA_FLAGS);
 174              		.loc 1 137 5 is_stmt 1 view .LVU47
 175 0038 2368     		ldr	r3, [r4]
 176 003a 2448     		ldr	r0, .L17
 177 003c 9863     		str	r0, [r3, #56]
 138:Drivers/STM32H7xx_HAL_Driver/Src/stm32h7xx_hal_sd_ex.c **** 
 139:Drivers/STM32H7xx_HAL_Driver/Src/stm32h7xx_hal_sd_ex.c ****     hsd->ErrorCode = HAL_SD_ERROR_NONE;
 178              		.loc 1 139 5 view .LVU48
 179              		.loc 1 139 20 is_stmt 0 view .LVU49
 180 003e 6163     		str	r1, [r4, #52]
 140:Drivers/STM32H7xx_HAL_Driver/Src/stm32h7xx_hal_sd_ex.c ****     hsd->State = HAL_SD_STATE_BUSY;
 181              		.loc 1 140 5 is_stmt 1 view .LVU50
 182              		.loc 1 140 16 is_stmt 0 view .LVU51
 183 0040 0323     		movs	r3, #3
 184 0042 84F83030 		strb	r3, [r4, #48]
 141:Drivers/STM32H7xx_HAL_Driver/Src/stm32h7xx_hal_sd_ex.c **** 
 142:Drivers/STM32H7xx_HAL_Driver/Src/stm32h7xx_hal_sd_ex.c ****     if (hsd->SdCard.CardType != CARD_SDHC_SDXC)
 185              		.loc 1 142 5 is_stmt 1 view .LVU52
 186              		.loc 1 142 20 is_stmt 0 view .LVU53
 187 0046 A36B     		ldr	r3, [r4, #56]
 188              		.loc 1 142 8 view .LVU54
 189 0048 012B     		cmp	r3, #1
 190 004a 00D0     		beq	.L12
ARM GAS  /tmp/ccrh1lw7.s 			page 7


 143:Drivers/STM32H7xx_HAL_Driver/Src/stm32h7xx_hal_sd_ex.c ****     {
 144:Drivers/STM32H7xx_HAL_Driver/Src/stm32h7xx_hal_sd_ex.c ****       add *= 512U;
 191              		.loc 1 144 7 is_stmt 1 view .LVU55
 192              		.loc 1 144 11 is_stmt 0 view .LVU56
 193 004c 7602     		lsls	r6, r6, #9
 194              	.LVL16:
 195              	.L12:
 145:Drivers/STM32H7xx_HAL_Driver/Src/stm32h7xx_hal_sd_ex.c ****     }
 146:Drivers/STM32H7xx_HAL_Driver/Src/stm32h7xx_hal_sd_ex.c **** 
 147:Drivers/STM32H7xx_HAL_Driver/Src/stm32h7xx_hal_sd_ex.c ****     /* Configure the SD DPSM (Data Path State Machine) */
 148:Drivers/STM32H7xx_HAL_Driver/Src/stm32h7xx_hal_sd_ex.c ****     config.DataTimeOut   = SDMMC_DATATIMEOUT;
 196              		.loc 1 148 5 is_stmt 1 view .LVU57
 197              		.loc 1 148 26 is_stmt 0 view .LVU58
 198 004e 4FF0FF33 		mov	r3, #-1
 199 0052 0093     		str	r3, [sp]
 149:Drivers/STM32H7xx_HAL_Driver/Src/stm32h7xx_hal_sd_ex.c ****     config.DataLength    = BLOCKSIZE * NumberOfBlocks;
 200              		.loc 1 149 5 is_stmt 1 view .LVU59
 201              		.loc 1 149 38 is_stmt 0 view .LVU60
 202 0054 5202     		lsls	r2, r2, #9
 203              	.LVL17:
 204              		.loc 1 149 26 view .LVU61
 205 0056 0192     		str	r2, [sp, #4]
 150:Drivers/STM32H7xx_HAL_Driver/Src/stm32h7xx_hal_sd_ex.c ****     config.DataBlockSize = SDMMC_DATABLOCK_SIZE_512B;
 206              		.loc 1 150 5 is_stmt 1 view .LVU62
 207              		.loc 1 150 26 is_stmt 0 view .LVU63
 208 0058 9023     		movs	r3, #144
 209 005a 0293     		str	r3, [sp, #8]
 151:Drivers/STM32H7xx_HAL_Driver/Src/stm32h7xx_hal_sd_ex.c ****     config.TransferDir   = SDMMC_TRANSFER_DIR_TO_SDMMC;
 210              		.loc 1 151 5 is_stmt 1 view .LVU64
 211              		.loc 1 151 26 is_stmt 0 view .LVU65
 212 005c 0223     		movs	r3, #2
 213 005e 0393     		str	r3, [sp, #12]
 152:Drivers/STM32H7xx_HAL_Driver/Src/stm32h7xx_hal_sd_ex.c ****     config.TransferMode  = SDMMC_TRANSFER_MODE_BLOCK;
 214              		.loc 1 152 5 is_stmt 1 view .LVU66
 215              		.loc 1 152 26 is_stmt 0 view .LVU67
 216 0060 0023     		movs	r3, #0
 217 0062 0493     		str	r3, [sp, #16]
 153:Drivers/STM32H7xx_HAL_Driver/Src/stm32h7xx_hal_sd_ex.c ****     config.DPSM          = SDMMC_DPSM_DISABLE;
 218              		.loc 1 153 5 is_stmt 1 view .LVU68
 219              		.loc 1 153 26 is_stmt 0 view .LVU69
 220 0064 0593     		str	r3, [sp, #20]
 154:Drivers/STM32H7xx_HAL_Driver/Src/stm32h7xx_hal_sd_ex.c ****     (void)SDMMC_ConfigData(hsd->Instance, &config);
 221              		.loc 1 154 5 is_stmt 1 view .LVU70
 222              		.loc 1 154 11 is_stmt 0 view .LVU71
 223 0066 6946     		mov	r1, sp
 224 0068 2068     		ldr	r0, [r4]
 225 006a FFF7FEFF 		bl	SDMMC_ConfigData
 226              	.LVL18:
 155:Drivers/STM32H7xx_HAL_Driver/Src/stm32h7xx_hal_sd_ex.c **** 
 156:Drivers/STM32H7xx_HAL_Driver/Src/stm32h7xx_hal_sd_ex.c ****     hsd->Instance->DCTRL |= SDMMC_DCTRL_FIFORST;
 227              		.loc 1 156 5 is_stmt 1 view .LVU72
 228              		.loc 1 156 8 is_stmt 0 view .LVU73
 229 006e 2268     		ldr	r2, [r4]
 230              		.loc 1 156 26 view .LVU74
 231 0070 D36A     		ldr	r3, [r2, #44]
 232 0072 43F40053 		orr	r3, r3, #8192
 233 0076 D362     		str	r3, [r2, #44]
ARM GAS  /tmp/ccrh1lw7.s 			page 8


 157:Drivers/STM32H7xx_HAL_Driver/Src/stm32h7xx_hal_sd_ex.c **** 
 158:Drivers/STM32H7xx_HAL_Driver/Src/stm32h7xx_hal_sd_ex.c ****     __SDMMC_CMDTRANS_ENABLE(hsd->Instance);
 234              		.loc 1 158 5 is_stmt 1 view .LVU75
 235 0078 2268     		ldr	r2, [r4]
 236 007a D368     		ldr	r3, [r2, #12]
 237 007c 43F04003 		orr	r3, r3, #64
 238 0080 D360     		str	r3, [r2, #12]
 159:Drivers/STM32H7xx_HAL_Driver/Src/stm32h7xx_hal_sd_ex.c **** 
 160:Drivers/STM32H7xx_HAL_Driver/Src/stm32h7xx_hal_sd_ex.c ****     hsd->Instance->IDMACTRL = SDMMC_ENABLE_IDMA_DOUBLE_BUFF0;
 239              		.loc 1 160 5 view .LVU76
 240              		.loc 1 160 8 is_stmt 0 view .LVU77
 241 0082 2368     		ldr	r3, [r4]
 242              		.loc 1 160 29 view .LVU78
 243 0084 0322     		movs	r2, #3
 244 0086 1A65     		str	r2, [r3, #80]
 161:Drivers/STM32H7xx_HAL_Driver/Src/stm32h7xx_hal_sd_ex.c **** 
 162:Drivers/STM32H7xx_HAL_Driver/Src/stm32h7xx_hal_sd_ex.c ****     /* Read Blocks in DMA mode */
 163:Drivers/STM32H7xx_HAL_Driver/Src/stm32h7xx_hal_sd_ex.c ****     hsd->Context = (SD_CONTEXT_READ_MULTIPLE_BLOCK | SD_CONTEXT_DMA);
 245              		.loc 1 163 5 is_stmt 1 view .LVU79
 246              		.loc 1 163 18 is_stmt 0 view .LVU80
 247 0088 8223     		movs	r3, #130
 248 008a E362     		str	r3, [r4, #44]
 164:Drivers/STM32H7xx_HAL_Driver/Src/stm32h7xx_hal_sd_ex.c **** 
 165:Drivers/STM32H7xx_HAL_Driver/Src/stm32h7xx_hal_sd_ex.c ****     /* Read Multi Block command */
 166:Drivers/STM32H7xx_HAL_Driver/Src/stm32h7xx_hal_sd_ex.c ****     errorstate = SDMMC_CmdReadMultiBlock(hsd->Instance, add);
 249              		.loc 1 166 5 is_stmt 1 view .LVU81
 250              		.loc 1 166 18 is_stmt 0 view .LVU82
 251 008c 3146     		mov	r1, r6
 252 008e 2068     		ldr	r0, [r4]
 253 0090 FFF7FEFF 		bl	SDMMC_CmdReadMultiBlock
 254              	.LVL19:
 167:Drivers/STM32H7xx_HAL_Driver/Src/stm32h7xx_hal_sd_ex.c ****     if (errorstate != HAL_SD_ERROR_NONE)
 255              		.loc 1 167 5 is_stmt 1 view .LVU83
 256              		.loc 1 167 8 is_stmt 0 view .LVU84
 257 0094 78B1     		cbz	r0, .L13
 168:Drivers/STM32H7xx_HAL_Driver/Src/stm32h7xx_hal_sd_ex.c ****     {
 169:Drivers/STM32H7xx_HAL_Driver/Src/stm32h7xx_hal_sd_ex.c ****       hsd->State = HAL_SD_STATE_READY;
 258              		.loc 1 169 7 is_stmt 1 view .LVU85
 259              		.loc 1 169 18 is_stmt 0 view .LVU86
 260 0096 0123     		movs	r3, #1
 261 0098 84F83030 		strb	r3, [r4, #48]
 170:Drivers/STM32H7xx_HAL_Driver/Src/stm32h7xx_hal_sd_ex.c ****       hsd->ErrorCode |= errorstate;
 262              		.loc 1 170 7 is_stmt 1 view .LVU87
 263              		.loc 1 170 22 is_stmt 0 view .LVU88
 264 009c 636B     		ldr	r3, [r4, #52]
 265 009e 0343     		orrs	r3, r3, r0
 266 00a0 6363     		str	r3, [r4, #52]
 171:Drivers/STM32H7xx_HAL_Driver/Src/stm32h7xx_hal_sd_ex.c ****       return HAL_ERROR;
 267              		.loc 1 171 7 is_stmt 1 view .LVU89
 268              		.loc 1 171 14 is_stmt 0 view .LVU90
 269 00a2 10E0     		b	.L7
 270              	.LVL20:
 271              	.L16:
 121:Drivers/STM32H7xx_HAL_Driver/Src/stm32h7xx_hal_sd_ex.c ****       return HAL_ERROR;
 272              		.loc 1 121 7 is_stmt 1 view .LVU91
 121:Drivers/STM32H7xx_HAL_Driver/Src/stm32h7xx_hal_sd_ex.c ****       return HAL_ERROR;
 273              		.loc 1 121 22 is_stmt 0 view .LVU92
ARM GAS  /tmp/ccrh1lw7.s 			page 9


 274 00a4 436B     		ldr	r3, [r0, #52]
 275 00a6 43F00073 		orr	r3, r3, #33554432
 276 00aa 4363     		str	r3, [r0, #52]
 122:Drivers/STM32H7xx_HAL_Driver/Src/stm32h7xx_hal_sd_ex.c ****     }
 277              		.loc 1 122 7 is_stmt 1 view .LVU93
 122:Drivers/STM32H7xx_HAL_Driver/Src/stm32h7xx_hal_sd_ex.c ****     }
 278              		.loc 1 122 14 is_stmt 0 view .LVU94
 279 00ac 0BE0     		b	.L7
 280              	.LVL21:
 281              	.L9:
 130:Drivers/STM32H7xx_HAL_Driver/Src/stm32h7xx_hal_sd_ex.c ****       return HAL_ERROR;
 282              		.loc 1 130 7 is_stmt 1 view .LVU95
 130:Drivers/STM32H7xx_HAL_Driver/Src/stm32h7xx_hal_sd_ex.c ****       return HAL_ERROR;
 283              		.loc 1 130 22 is_stmt 0 view .LVU96
 284 00ae 4FF00073 		mov	r3, #33554432
 285 00b2 6363     		str	r3, [r4, #52]
 131:Drivers/STM32H7xx_HAL_Driver/Src/stm32h7xx_hal_sd_ex.c ****     }
 286              		.loc 1 131 7 is_stmt 1 view .LVU97
 131:Drivers/STM32H7xx_HAL_Driver/Src/stm32h7xx_hal_sd_ex.c ****     }
 287              		.loc 1 131 14 is_stmt 0 view .LVU98
 288 00b4 07E0     		b	.L7
 289              	.LVL22:
 290              	.L13:
 172:Drivers/STM32H7xx_HAL_Driver/Src/stm32h7xx_hal_sd_ex.c ****     }
 173:Drivers/STM32H7xx_HAL_Driver/Src/stm32h7xx_hal_sd_ex.c **** 
 174:Drivers/STM32H7xx_HAL_Driver/Src/stm32h7xx_hal_sd_ex.c ****     __HAL_SD_ENABLE_IT(hsd, (SDMMC_IT_DCRCFAIL | SDMMC_IT_DTIMEOUT | SDMMC_IT_RXOVERR | SDMMC_IT_DA
 291              		.loc 1 174 5 is_stmt 1 view .LVU99
 292 00b6 2268     		ldr	r2, [r4]
 293 00b8 D16B     		ldr	r1, [r2, #60]
 294 00ba 054B     		ldr	r3, .L17+4
 295 00bc 0B43     		orrs	r3, r3, r1
 296 00be D363     		str	r3, [r2, #60]
 175:Drivers/STM32H7xx_HAL_Driver/Src/stm32h7xx_hal_sd_ex.c ****                              SDMMC_IT_IDMABTC));
 176:Drivers/STM32H7xx_HAL_Driver/Src/stm32h7xx_hal_sd_ex.c **** 
 177:Drivers/STM32H7xx_HAL_Driver/Src/stm32h7xx_hal_sd_ex.c ****     return HAL_OK;
 297              		.loc 1 177 5 view .LVU100
 298              		.loc 1 177 12 is_stmt 0 view .LVU101
 299 00c0 0025     		movs	r5, #0
 300 00c2 00E0     		b	.L7
 301              	.LVL23:
 302              	.L14:
 178:Drivers/STM32H7xx_HAL_Driver/Src/stm32h7xx_hal_sd_ex.c ****   }
 179:Drivers/STM32H7xx_HAL_Driver/Src/stm32h7xx_hal_sd_ex.c ****   else
 180:Drivers/STM32H7xx_HAL_Driver/Src/stm32h7xx_hal_sd_ex.c ****   {
 181:Drivers/STM32H7xx_HAL_Driver/Src/stm32h7xx_hal_sd_ex.c ****     return HAL_BUSY;
 303              		.loc 1 181 12 view .LVU102
 304 00c4 0225     		movs	r5, #2
 305              	.LVL24:
 306              	.L7:
 182:Drivers/STM32H7xx_HAL_Driver/Src/stm32h7xx_hal_sd_ex.c ****   }
 183:Drivers/STM32H7xx_HAL_Driver/Src/stm32h7xx_hal_sd_ex.c **** 
 184:Drivers/STM32H7xx_HAL_Driver/Src/stm32h7xx_hal_sd_ex.c **** }
 307              		.loc 1 184 1 view .LVU103
 308 00c6 2846     		mov	r0, r5
 309 00c8 07B0     		add	sp, sp, #28
 310              	.LCFI5:
 311              		.cfi_def_cfa_offset 20
ARM GAS  /tmp/ccrh1lw7.s 			page 10


 312              		@ sp needed
 313 00ca F0BD     		pop	{r4, r5, r6, r7, pc}
 314              	.L18:
 315              		.align	2
 316              	.L17:
 317 00cc 3A0F0018 		.word	402657082
 318 00d0 2A010010 		.word	268435754
 319              		.cfi_endproc
 320              	.LFE351:
 322              		.section	.text.HAL_SDEx_WriteBlocksDMAMultiBuffer,"ax",%progbits
 323              		.align	1
 324              		.global	HAL_SDEx_WriteBlocksDMAMultiBuffer
 325              		.syntax unified
 326              		.thumb
 327              		.thumb_func
 328              		.fpu fpv5-d16
 330              	HAL_SDEx_WriteBlocksDMAMultiBuffer:
 331              	.LVL25:
 332              	.LFB352:
 185:Drivers/STM32H7xx_HAL_Driver/Src/stm32h7xx_hal_sd_ex.c **** 
 186:Drivers/STM32H7xx_HAL_Driver/Src/stm32h7xx_hal_sd_ex.c **** /**
 187:Drivers/STM32H7xx_HAL_Driver/Src/stm32h7xx_hal_sd_ex.c ****   * @brief  Write block(s) to a specified address in a card. The transferred Data are stored in Buf
 188:Drivers/STM32H7xx_HAL_Driver/Src/stm32h7xx_hal_sd_ex.c ****   *         Buffer0, Buffer1 and BufferSize need to be configured by function HAL_SDEx_ConfigDMAMul
 189:Drivers/STM32H7xx_HAL_Driver/Src/stm32h7xx_hal_sd_ex.c ****   *   call this function.
 190:Drivers/STM32H7xx_HAL_Driver/Src/stm32h7xx_hal_sd_ex.c ****   * @param  hsd: SD handle
 191:Drivers/STM32H7xx_HAL_Driver/Src/stm32h7xx_hal_sd_ex.c ****   * @param  BlockAdd: Block Address from where data is to be read
 192:Drivers/STM32H7xx_HAL_Driver/Src/stm32h7xx_hal_sd_ex.c ****   * @param  NumberOfBlocks: Total number of blocks to read
 193:Drivers/STM32H7xx_HAL_Driver/Src/stm32h7xx_hal_sd_ex.c ****   * @retval HAL status
 194:Drivers/STM32H7xx_HAL_Driver/Src/stm32h7xx_hal_sd_ex.c ****   */
 195:Drivers/STM32H7xx_HAL_Driver/Src/stm32h7xx_hal_sd_ex.c **** HAL_StatusTypeDef HAL_SDEx_WriteBlocksDMAMultiBuffer(SD_HandleTypeDef *hsd, uint32_t BlockAdd, uint
 196:Drivers/STM32H7xx_HAL_Driver/Src/stm32h7xx_hal_sd_ex.c **** {
 333              		.loc 1 196 1 is_stmt 1 view -0
 334              		.cfi_startproc
 335              		@ args = 0, pretend = 0, frame = 24
 336              		@ frame_needed = 0, uses_anonymous_args = 0
 337              		.loc 1 196 1 is_stmt 0 view .LVU105
 338 0000 F0B5     		push	{r4, r5, r6, r7, lr}
 339              	.LCFI6:
 340              		.cfi_def_cfa_offset 20
 341              		.cfi_offset 4, -20
 342              		.cfi_offset 5, -16
 343              		.cfi_offset 6, -12
 344              		.cfi_offset 7, -8
 345              		.cfi_offset 14, -4
 346 0002 87B0     		sub	sp, sp, #28
 347              	.LCFI7:
 348              		.cfi_def_cfa_offset 48
 197:Drivers/STM32H7xx_HAL_Driver/Src/stm32h7xx_hal_sd_ex.c ****   SDMMC_DataInitTypeDef config;
 349              		.loc 1 197 3 is_stmt 1 view .LVU106
 198:Drivers/STM32H7xx_HAL_Driver/Src/stm32h7xx_hal_sd_ex.c ****   uint32_t errorstate;
 350              		.loc 1 198 3 view .LVU107
 199:Drivers/STM32H7xx_HAL_Driver/Src/stm32h7xx_hal_sd_ex.c ****   uint32_t DmaBase0_reg;
 351              		.loc 1 199 3 view .LVU108
 200:Drivers/STM32H7xx_HAL_Driver/Src/stm32h7xx_hal_sd_ex.c ****   uint32_t DmaBase1_reg;
 352              		.loc 1 200 3 view .LVU109
 201:Drivers/STM32H7xx_HAL_Driver/Src/stm32h7xx_hal_sd_ex.c ****   uint32_t add = BlockAdd;
 353              		.loc 1 201 3 view .LVU110
ARM GAS  /tmp/ccrh1lw7.s 			page 11


 354              	.LVL26:
 202:Drivers/STM32H7xx_HAL_Driver/Src/stm32h7xx_hal_sd_ex.c **** 
 203:Drivers/STM32H7xx_HAL_Driver/Src/stm32h7xx_hal_sd_ex.c ****   if (hsd->State == HAL_SD_STATE_READY)
 355              		.loc 1 203 3 view .LVU111
 356              		.loc 1 203 10 is_stmt 0 view .LVU112
 357 0004 90F83050 		ldrb	r5, [r0, #48]	@ zero_extendqisi2
 358 0008 EDB2     		uxtb	r5, r5
 359              		.loc 1 203 6 view .LVU113
 360 000a 012D     		cmp	r5, #1
 361 000c 51D1     		bne	.L27
 362 000e 0446     		mov	r4, r0
 363 0010 0E46     		mov	r6, r1
 204:Drivers/STM32H7xx_HAL_Driver/Src/stm32h7xx_hal_sd_ex.c ****   {
 205:Drivers/STM32H7xx_HAL_Driver/Src/stm32h7xx_hal_sd_ex.c ****     if ((add + NumberOfBlocks) > (hsd->SdCard.LogBlockNbr))
 364              		.loc 1 205 5 is_stmt 1 view .LVU114
 365              		.loc 1 205 14 is_stmt 0 view .LVU115
 366 0012 8B18     		adds	r3, r1, r2
 367              		.loc 1 205 46 view .LVU116
 368 0014 016D     		ldr	r1, [r0, #80]
 369              	.LVL27:
 370              		.loc 1 205 8 view .LVU117
 371 0016 8B42     		cmp	r3, r1
 372 0018 3BD8     		bhi	.L29
 206:Drivers/STM32H7xx_HAL_Driver/Src/stm32h7xx_hal_sd_ex.c ****     {
 207:Drivers/STM32H7xx_HAL_Driver/Src/stm32h7xx_hal_sd_ex.c ****       hsd->ErrorCode |= HAL_SD_ERROR_ADDR_OUT_OF_RANGE;
 208:Drivers/STM32H7xx_HAL_Driver/Src/stm32h7xx_hal_sd_ex.c ****       return HAL_ERROR;
 209:Drivers/STM32H7xx_HAL_Driver/Src/stm32h7xx_hal_sd_ex.c ****     }
 210:Drivers/STM32H7xx_HAL_Driver/Src/stm32h7xx_hal_sd_ex.c **** 
 211:Drivers/STM32H7xx_HAL_Driver/Src/stm32h7xx_hal_sd_ex.c ****     DmaBase0_reg = hsd->Instance->IDMABASE0;
 373              		.loc 1 211 5 is_stmt 1 view .LVU118
 374              		.loc 1 211 23 is_stmt 0 view .LVU119
 375 001a 0368     		ldr	r3, [r0]
 376              		.loc 1 211 18 view .LVU120
 377 001c 9F6D     		ldr	r7, [r3, #88]
 378              	.LVL28:
 212:Drivers/STM32H7xx_HAL_Driver/Src/stm32h7xx_hal_sd_ex.c ****     DmaBase1_reg = hsd->Instance->IDMABASE1;
 379              		.loc 1 212 5 is_stmt 1 view .LVU121
 380              		.loc 1 212 18 is_stmt 0 view .LVU122
 381 001e D96D     		ldr	r1, [r3, #92]
 382              	.LVL29:
 213:Drivers/STM32H7xx_HAL_Driver/Src/stm32h7xx_hal_sd_ex.c ****     if ((hsd->Instance->IDMABSIZE == 0U) || (DmaBase0_reg == 0U) || (DmaBase1_reg == 0U))
 383              		.loc 1 213 5 is_stmt 1 view .LVU123
 384              		.loc 1 213 23 is_stmt 0 view .LVU124
 385 0020 586D     		ldr	r0, [r3, #84]
 386              	.LVL30:
 387              		.loc 1 213 8 view .LVU125
 388 0022 0028     		cmp	r0, #0
 389 0024 3AD0     		beq	.L22
 390              		.loc 1 213 83 discriminator 1 view .LVU126
 391 0026 B1FA81F1 		clz	r1, r1
 392              	.LVL31:
 393              		.loc 1 213 83 discriminator 1 view .LVU127
 394 002a 4909     		lsrs	r1, r1, #5
 395              		.loc 1 213 66 discriminator 1 view .LVU128
 396 002c 002F     		cmp	r7, #0
 397 002e 35D0     		beq	.L22
 398 0030 0029     		cmp	r1, #0
ARM GAS  /tmp/ccrh1lw7.s 			page 12


 399 0032 33D1     		bne	.L22
 214:Drivers/STM32H7xx_HAL_Driver/Src/stm32h7xx_hal_sd_ex.c ****     {
 215:Drivers/STM32H7xx_HAL_Driver/Src/stm32h7xx_hal_sd_ex.c ****       hsd->ErrorCode = HAL_SD_ERROR_ADDR_OUT_OF_RANGE;
 216:Drivers/STM32H7xx_HAL_Driver/Src/stm32h7xx_hal_sd_ex.c ****       return HAL_ERROR;
 217:Drivers/STM32H7xx_HAL_Driver/Src/stm32h7xx_hal_sd_ex.c ****     }
 218:Drivers/STM32H7xx_HAL_Driver/Src/stm32h7xx_hal_sd_ex.c **** 
 219:Drivers/STM32H7xx_HAL_Driver/Src/stm32h7xx_hal_sd_ex.c ****     /* Initialize data control register */
 220:Drivers/STM32H7xx_HAL_Driver/Src/stm32h7xx_hal_sd_ex.c ****     hsd->Instance->DCTRL = 0;
 400              		.loc 1 220 5 is_stmt 1 view .LVU129
 401              		.loc 1 220 26 is_stmt 0 view .LVU130
 402 0034 0021     		movs	r1, #0
 403 0036 D962     		str	r1, [r3, #44]
 221:Drivers/STM32H7xx_HAL_Driver/Src/stm32h7xx_hal_sd_ex.c **** 
 222:Drivers/STM32H7xx_HAL_Driver/Src/stm32h7xx_hal_sd_ex.c ****     hsd->ErrorCode = HAL_SD_ERROR_NONE;
 404              		.loc 1 222 5 is_stmt 1 view .LVU131
 405              		.loc 1 222 20 is_stmt 0 view .LVU132
 406 0038 6163     		str	r1, [r4, #52]
 223:Drivers/STM32H7xx_HAL_Driver/Src/stm32h7xx_hal_sd_ex.c **** 
 224:Drivers/STM32H7xx_HAL_Driver/Src/stm32h7xx_hal_sd_ex.c ****     hsd->State = HAL_SD_STATE_BUSY;
 407              		.loc 1 224 5 is_stmt 1 view .LVU133
 408              		.loc 1 224 16 is_stmt 0 view .LVU134
 409 003a 0323     		movs	r3, #3
 410 003c 84F83030 		strb	r3, [r4, #48]
 225:Drivers/STM32H7xx_HAL_Driver/Src/stm32h7xx_hal_sd_ex.c **** 
 226:Drivers/STM32H7xx_HAL_Driver/Src/stm32h7xx_hal_sd_ex.c ****     if (hsd->SdCard.CardType != CARD_SDHC_SDXC)
 411              		.loc 1 226 5 is_stmt 1 view .LVU135
 412              		.loc 1 226 20 is_stmt 0 view .LVU136
 413 0040 A36B     		ldr	r3, [r4, #56]
 414              		.loc 1 226 8 view .LVU137
 415 0042 012B     		cmp	r3, #1
 416 0044 00D0     		beq	.L25
 227:Drivers/STM32H7xx_HAL_Driver/Src/stm32h7xx_hal_sd_ex.c ****     {
 228:Drivers/STM32H7xx_HAL_Driver/Src/stm32h7xx_hal_sd_ex.c ****       add *= 512U;
 417              		.loc 1 228 7 is_stmt 1 view .LVU138
 418              		.loc 1 228 11 is_stmt 0 view .LVU139
 419 0046 7602     		lsls	r6, r6, #9
 420              	.LVL32:
 421              	.L25:
 229:Drivers/STM32H7xx_HAL_Driver/Src/stm32h7xx_hal_sd_ex.c ****     }
 230:Drivers/STM32H7xx_HAL_Driver/Src/stm32h7xx_hal_sd_ex.c **** 
 231:Drivers/STM32H7xx_HAL_Driver/Src/stm32h7xx_hal_sd_ex.c ****     /* Configure the SD DPSM (Data Path State Machine) */
 232:Drivers/STM32H7xx_HAL_Driver/Src/stm32h7xx_hal_sd_ex.c ****     config.DataTimeOut   = SDMMC_DATATIMEOUT;
 422              		.loc 1 232 5 is_stmt 1 view .LVU140
 423              		.loc 1 232 26 is_stmt 0 view .LVU141
 424 0048 4FF0FF33 		mov	r3, #-1
 425 004c 0093     		str	r3, [sp]
 233:Drivers/STM32H7xx_HAL_Driver/Src/stm32h7xx_hal_sd_ex.c ****     config.DataLength    = BLOCKSIZE * NumberOfBlocks;
 426              		.loc 1 233 5 is_stmt 1 view .LVU142
 427              		.loc 1 233 38 is_stmt 0 view .LVU143
 428 004e 5202     		lsls	r2, r2, #9
 429              	.LVL33:
 430              		.loc 1 233 26 view .LVU144
 431 0050 0192     		str	r2, [sp, #4]
 234:Drivers/STM32H7xx_HAL_Driver/Src/stm32h7xx_hal_sd_ex.c ****     config.DataBlockSize = SDMMC_DATABLOCK_SIZE_512B;
 432              		.loc 1 234 5 is_stmt 1 view .LVU145
 433              		.loc 1 234 26 is_stmt 0 view .LVU146
 434 0052 9023     		movs	r3, #144
ARM GAS  /tmp/ccrh1lw7.s 			page 13


 435 0054 0293     		str	r3, [sp, #8]
 235:Drivers/STM32H7xx_HAL_Driver/Src/stm32h7xx_hal_sd_ex.c ****     config.TransferDir   = SDMMC_TRANSFER_DIR_TO_CARD;
 436              		.loc 1 235 5 is_stmt 1 view .LVU147
 437              		.loc 1 235 26 is_stmt 0 view .LVU148
 438 0056 0023     		movs	r3, #0
 439 0058 0393     		str	r3, [sp, #12]
 236:Drivers/STM32H7xx_HAL_Driver/Src/stm32h7xx_hal_sd_ex.c ****     config.TransferMode  = SDMMC_TRANSFER_MODE_BLOCK;
 440              		.loc 1 236 5 is_stmt 1 view .LVU149
 441              		.loc 1 236 26 is_stmt 0 view .LVU150
 442 005a 0493     		str	r3, [sp, #16]
 237:Drivers/STM32H7xx_HAL_Driver/Src/stm32h7xx_hal_sd_ex.c ****     config.DPSM          = SDMMC_DPSM_DISABLE;
 443              		.loc 1 237 5 is_stmt 1 view .LVU151
 444              		.loc 1 237 26 is_stmt 0 view .LVU152
 445 005c 0593     		str	r3, [sp, #20]
 238:Drivers/STM32H7xx_HAL_Driver/Src/stm32h7xx_hal_sd_ex.c ****     (void)SDMMC_ConfigData(hsd->Instance, &config);
 446              		.loc 1 238 5 is_stmt 1 view .LVU153
 447              		.loc 1 238 11 is_stmt 0 view .LVU154
 448 005e 6946     		mov	r1, sp
 449 0060 2068     		ldr	r0, [r4]
 450 0062 FFF7FEFF 		bl	SDMMC_ConfigData
 451              	.LVL34:
 239:Drivers/STM32H7xx_HAL_Driver/Src/stm32h7xx_hal_sd_ex.c **** 
 240:Drivers/STM32H7xx_HAL_Driver/Src/stm32h7xx_hal_sd_ex.c ****     __SDMMC_CMDTRANS_ENABLE(hsd->Instance);
 452              		.loc 1 240 5 is_stmt 1 view .LVU155
 453 0066 2268     		ldr	r2, [r4]
 454 0068 D368     		ldr	r3, [r2, #12]
 455 006a 43F04003 		orr	r3, r3, #64
 456 006e D360     		str	r3, [r2, #12]
 241:Drivers/STM32H7xx_HAL_Driver/Src/stm32h7xx_hal_sd_ex.c **** 
 242:Drivers/STM32H7xx_HAL_Driver/Src/stm32h7xx_hal_sd_ex.c ****     hsd->Instance->IDMACTRL = SDMMC_ENABLE_IDMA_DOUBLE_BUFF0;
 457              		.loc 1 242 5 view .LVU156
 458              		.loc 1 242 8 is_stmt 0 view .LVU157
 459 0070 2368     		ldr	r3, [r4]
 460              		.loc 1 242 29 view .LVU158
 461 0072 0322     		movs	r2, #3
 462 0074 1A65     		str	r2, [r3, #80]
 243:Drivers/STM32H7xx_HAL_Driver/Src/stm32h7xx_hal_sd_ex.c **** 
 244:Drivers/STM32H7xx_HAL_Driver/Src/stm32h7xx_hal_sd_ex.c ****     /* Write Blocks in DMA mode */
 245:Drivers/STM32H7xx_HAL_Driver/Src/stm32h7xx_hal_sd_ex.c ****     hsd->Context = (SD_CONTEXT_WRITE_MULTIPLE_BLOCK | SD_CONTEXT_DMA);
 463              		.loc 1 245 5 is_stmt 1 view .LVU159
 464              		.loc 1 245 18 is_stmt 0 view .LVU160
 465 0076 A023     		movs	r3, #160
 466 0078 E362     		str	r3, [r4, #44]
 246:Drivers/STM32H7xx_HAL_Driver/Src/stm32h7xx_hal_sd_ex.c **** 
 247:Drivers/STM32H7xx_HAL_Driver/Src/stm32h7xx_hal_sd_ex.c ****     /* Write Multi Block command */
 248:Drivers/STM32H7xx_HAL_Driver/Src/stm32h7xx_hal_sd_ex.c ****     errorstate = SDMMC_CmdWriteMultiBlock(hsd->Instance, add);
 467              		.loc 1 248 5 is_stmt 1 view .LVU161
 468              		.loc 1 248 18 is_stmt 0 view .LVU162
 469 007a 3146     		mov	r1, r6
 470 007c 2068     		ldr	r0, [r4]
 471 007e FFF7FEFF 		bl	SDMMC_CmdWriteMultiBlock
 472              	.LVL35:
 249:Drivers/STM32H7xx_HAL_Driver/Src/stm32h7xx_hal_sd_ex.c ****     if (errorstate != HAL_SD_ERROR_NONE)
 473              		.loc 1 249 5 is_stmt 1 view .LVU163
 474              		.loc 1 249 8 is_stmt 0 view .LVU164
 475 0082 78B1     		cbz	r0, .L26
 250:Drivers/STM32H7xx_HAL_Driver/Src/stm32h7xx_hal_sd_ex.c ****     {
ARM GAS  /tmp/ccrh1lw7.s 			page 14


 251:Drivers/STM32H7xx_HAL_Driver/Src/stm32h7xx_hal_sd_ex.c ****       hsd->State = HAL_SD_STATE_READY;
 476              		.loc 1 251 7 is_stmt 1 view .LVU165
 477              		.loc 1 251 18 is_stmt 0 view .LVU166
 478 0084 0123     		movs	r3, #1
 479 0086 84F83030 		strb	r3, [r4, #48]
 252:Drivers/STM32H7xx_HAL_Driver/Src/stm32h7xx_hal_sd_ex.c ****       hsd->ErrorCode |= errorstate;
 480              		.loc 1 252 7 is_stmt 1 view .LVU167
 481              		.loc 1 252 22 is_stmt 0 view .LVU168
 482 008a 636B     		ldr	r3, [r4, #52]
 483 008c 0343     		orrs	r3, r3, r0
 484 008e 6363     		str	r3, [r4, #52]
 253:Drivers/STM32H7xx_HAL_Driver/Src/stm32h7xx_hal_sd_ex.c ****       return HAL_ERROR;
 485              		.loc 1 253 7 is_stmt 1 view .LVU169
 486              		.loc 1 253 14 is_stmt 0 view .LVU170
 487 0090 10E0     		b	.L20
 488              	.LVL36:
 489              	.L29:
 207:Drivers/STM32H7xx_HAL_Driver/Src/stm32h7xx_hal_sd_ex.c ****       return HAL_ERROR;
 490              		.loc 1 207 7 is_stmt 1 view .LVU171
 207:Drivers/STM32H7xx_HAL_Driver/Src/stm32h7xx_hal_sd_ex.c ****       return HAL_ERROR;
 491              		.loc 1 207 22 is_stmt 0 view .LVU172
 492 0092 436B     		ldr	r3, [r0, #52]
 493 0094 43F00073 		orr	r3, r3, #33554432
 494 0098 4363     		str	r3, [r0, #52]
 208:Drivers/STM32H7xx_HAL_Driver/Src/stm32h7xx_hal_sd_ex.c ****     }
 495              		.loc 1 208 7 is_stmt 1 view .LVU173
 208:Drivers/STM32H7xx_HAL_Driver/Src/stm32h7xx_hal_sd_ex.c ****     }
 496              		.loc 1 208 14 is_stmt 0 view .LVU174
 497 009a 0BE0     		b	.L20
 498              	.LVL37:
 499              	.L22:
 215:Drivers/STM32H7xx_HAL_Driver/Src/stm32h7xx_hal_sd_ex.c ****       return HAL_ERROR;
 500              		.loc 1 215 7 is_stmt 1 view .LVU175
 215:Drivers/STM32H7xx_HAL_Driver/Src/stm32h7xx_hal_sd_ex.c ****       return HAL_ERROR;
 501              		.loc 1 215 22 is_stmt 0 view .LVU176
 502 009c 4FF00073 		mov	r3, #33554432
 503 00a0 6363     		str	r3, [r4, #52]
 216:Drivers/STM32H7xx_HAL_Driver/Src/stm32h7xx_hal_sd_ex.c ****     }
 504              		.loc 1 216 7 is_stmt 1 view .LVU177
 216:Drivers/STM32H7xx_HAL_Driver/Src/stm32h7xx_hal_sd_ex.c ****     }
 505              		.loc 1 216 14 is_stmt 0 view .LVU178
 506 00a2 07E0     		b	.L20
 507              	.LVL38:
 508              	.L26:
 254:Drivers/STM32H7xx_HAL_Driver/Src/stm32h7xx_hal_sd_ex.c ****     }
 255:Drivers/STM32H7xx_HAL_Driver/Src/stm32h7xx_hal_sd_ex.c **** 
 256:Drivers/STM32H7xx_HAL_Driver/Src/stm32h7xx_hal_sd_ex.c ****     __HAL_SD_ENABLE_IT(hsd, (SDMMC_IT_DCRCFAIL | SDMMC_IT_DTIMEOUT | SDMMC_IT_TXUNDERR | SDMMC_IT_D
 509              		.loc 1 256 5 is_stmt 1 view .LVU179
 510 00a4 2268     		ldr	r2, [r4]
 511 00a6 D16B     		ldr	r1, [r2, #60]
 512 00a8 044B     		ldr	r3, .L30
 513 00aa 0B43     		orrs	r3, r3, r1
 514 00ac D363     		str	r3, [r2, #60]
 257:Drivers/STM32H7xx_HAL_Driver/Src/stm32h7xx_hal_sd_ex.c ****                              SDMMC_IT_IDMABTC));
 258:Drivers/STM32H7xx_HAL_Driver/Src/stm32h7xx_hal_sd_ex.c **** 
 259:Drivers/STM32H7xx_HAL_Driver/Src/stm32h7xx_hal_sd_ex.c ****     return HAL_OK;
 515              		.loc 1 259 5 view .LVU180
ARM GAS  /tmp/ccrh1lw7.s 			page 15


 516              		.loc 1 259 12 is_stmt 0 view .LVU181
 517 00ae 0025     		movs	r5, #0
 518 00b0 00E0     		b	.L20
 519              	.LVL39:
 520              	.L27:
 260:Drivers/STM32H7xx_HAL_Driver/Src/stm32h7xx_hal_sd_ex.c ****   }
 261:Drivers/STM32H7xx_HAL_Driver/Src/stm32h7xx_hal_sd_ex.c ****   else
 262:Drivers/STM32H7xx_HAL_Driver/Src/stm32h7xx_hal_sd_ex.c ****   {
 263:Drivers/STM32H7xx_HAL_Driver/Src/stm32h7xx_hal_sd_ex.c ****     return HAL_BUSY;
 521              		.loc 1 263 12 view .LVU182
 522 00b2 0225     		movs	r5, #2
 523              	.LVL40:
 524              	.L20:
 264:Drivers/STM32H7xx_HAL_Driver/Src/stm32h7xx_hal_sd_ex.c ****   }
 265:Drivers/STM32H7xx_HAL_Driver/Src/stm32h7xx_hal_sd_ex.c **** }
 525              		.loc 1 265 1 view .LVU183
 526 00b4 2846     		mov	r0, r5
 527 00b6 07B0     		add	sp, sp, #28
 528              	.LCFI8:
 529              		.cfi_def_cfa_offset 20
 530              		@ sp needed
 531 00b8 F0BD     		pop	{r4, r5, r6, r7, pc}
 532              	.L31:
 533 00ba 00BF     		.align	2
 534              	.L30:
 535 00bc 1A010010 		.word	268435738
 536              		.cfi_endproc
 537              	.LFE352:
 539              		.section	.text.HAL_SDEx_ChangeDMABuffer,"ax",%progbits
 540              		.align	1
 541              		.global	HAL_SDEx_ChangeDMABuffer
 542              		.syntax unified
 543              		.thumb
 544              		.thumb_func
 545              		.fpu fpv5-d16
 547              	HAL_SDEx_ChangeDMABuffer:
 548              	.LVL41:
 549              	.LFB353:
 266:Drivers/STM32H7xx_HAL_Driver/Src/stm32h7xx_hal_sd_ex.c **** 
 267:Drivers/STM32H7xx_HAL_Driver/Src/stm32h7xx_hal_sd_ex.c **** 
 268:Drivers/STM32H7xx_HAL_Driver/Src/stm32h7xx_hal_sd_ex.c **** /**
 269:Drivers/STM32H7xx_HAL_Driver/Src/stm32h7xx_hal_sd_ex.c ****   * @brief  Change the DMA Buffer0 or Buffer1 address on the fly.
 270:Drivers/STM32H7xx_HAL_Driver/Src/stm32h7xx_hal_sd_ex.c ****   * @param  hsd:           pointer to a SD_HandleTypeDef structure.
 271:Drivers/STM32H7xx_HAL_Driver/Src/stm32h7xx_hal_sd_ex.c ****   * @param  Buffer:        the buffer to be changed, This parameter can be one of
 272:Drivers/STM32H7xx_HAL_Driver/Src/stm32h7xx_hal_sd_ex.c ****   *                        the following values: SD_DMA_BUFFER0 or SD_DMA_BUFFER1
 273:Drivers/STM32H7xx_HAL_Driver/Src/stm32h7xx_hal_sd_ex.c ****   * @param  pDataBuffer:   The new address
 274:Drivers/STM32H7xx_HAL_Driver/Src/stm32h7xx_hal_sd_ex.c ****   * @note   The BUFFER0 address can be changed only when the current transfer use
 275:Drivers/STM32H7xx_HAL_Driver/Src/stm32h7xx_hal_sd_ex.c ****   *         BUFFER1 and the BUFFER1 address can be changed only when the current
 276:Drivers/STM32H7xx_HAL_Driver/Src/stm32h7xx_hal_sd_ex.c ****   *         transfer use BUFFER0.
 277:Drivers/STM32H7xx_HAL_Driver/Src/stm32h7xx_hal_sd_ex.c ****   * @retval HAL status
 278:Drivers/STM32H7xx_HAL_Driver/Src/stm32h7xx_hal_sd_ex.c ****   */
 279:Drivers/STM32H7xx_HAL_Driver/Src/stm32h7xx_hal_sd_ex.c **** HAL_StatusTypeDef HAL_SDEx_ChangeDMABuffer(SD_HandleTypeDef *hsd, HAL_SDEx_DMABuffer_MemoryTypeDef 
 280:Drivers/STM32H7xx_HAL_Driver/Src/stm32h7xx_hal_sd_ex.c ****                                            uint32_t *pDataBuffer)
 281:Drivers/STM32H7xx_HAL_Driver/Src/stm32h7xx_hal_sd_ex.c **** {
 550              		.loc 1 281 1 is_stmt 1 view -0
 551              		.cfi_startproc
 552              		@ args = 0, pretend = 0, frame = 0
ARM GAS  /tmp/ccrh1lw7.s 			page 16


 553              		@ frame_needed = 0, uses_anonymous_args = 0
 554              		@ link register save eliminated.
 282:Drivers/STM32H7xx_HAL_Driver/Src/stm32h7xx_hal_sd_ex.c ****   if (Buffer == SD_DMA_BUFFER0)
 555              		.loc 1 282 3 view .LVU185
 556              		.loc 1 282 6 is_stmt 0 view .LVU186
 557 0000 19B9     		cbnz	r1, .L33
 283:Drivers/STM32H7xx_HAL_Driver/Src/stm32h7xx_hal_sd_ex.c ****   {
 284:Drivers/STM32H7xx_HAL_Driver/Src/stm32h7xx_hal_sd_ex.c ****     /* change the buffer0 address */
 285:Drivers/STM32H7xx_HAL_Driver/Src/stm32h7xx_hal_sd_ex.c ****     hsd->Instance->IDMABASE0 = (uint32_t)pDataBuffer;
 558              		.loc 1 285 5 is_stmt 1 view .LVU187
 559              		.loc 1 285 8 is_stmt 0 view .LVU188
 560 0002 0368     		ldr	r3, [r0]
 561              		.loc 1 285 30 view .LVU189
 562 0004 9A65     		str	r2, [r3, #88]
 563              	.L34:
 286:Drivers/STM32H7xx_HAL_Driver/Src/stm32h7xx_hal_sd_ex.c ****   }
 287:Drivers/STM32H7xx_HAL_Driver/Src/stm32h7xx_hal_sd_ex.c ****   else
 288:Drivers/STM32H7xx_HAL_Driver/Src/stm32h7xx_hal_sd_ex.c ****   {
 289:Drivers/STM32H7xx_HAL_Driver/Src/stm32h7xx_hal_sd_ex.c ****     /* change the memory1 address */
 290:Drivers/STM32H7xx_HAL_Driver/Src/stm32h7xx_hal_sd_ex.c ****     hsd->Instance->IDMABASE1 = (uint32_t)pDataBuffer;
 291:Drivers/STM32H7xx_HAL_Driver/Src/stm32h7xx_hal_sd_ex.c ****   }
 292:Drivers/STM32H7xx_HAL_Driver/Src/stm32h7xx_hal_sd_ex.c **** 
 293:Drivers/STM32H7xx_HAL_Driver/Src/stm32h7xx_hal_sd_ex.c ****   return HAL_OK;
 564              		.loc 1 293 3 is_stmt 1 view .LVU190
 294:Drivers/STM32H7xx_HAL_Driver/Src/stm32h7xx_hal_sd_ex.c **** }
 565              		.loc 1 294 1 is_stmt 0 view .LVU191
 566 0006 0020     		movs	r0, #0
 567              	.LVL42:
 568              		.loc 1 294 1 view .LVU192
 569 0008 7047     		bx	lr
 570              	.LVL43:
 571              	.L33:
 290:Drivers/STM32H7xx_HAL_Driver/Src/stm32h7xx_hal_sd_ex.c ****   }
 572              		.loc 1 290 5 is_stmt 1 view .LVU193
 290:Drivers/STM32H7xx_HAL_Driver/Src/stm32h7xx_hal_sd_ex.c ****   }
 573              		.loc 1 290 8 is_stmt 0 view .LVU194
 574 000a 0368     		ldr	r3, [r0]
 290:Drivers/STM32H7xx_HAL_Driver/Src/stm32h7xx_hal_sd_ex.c ****   }
 575              		.loc 1 290 30 view .LVU195
 576 000c DA65     		str	r2, [r3, #92]
 577 000e FAE7     		b	.L34
 578              		.cfi_endproc
 579              	.LFE353:
 581              		.text
 582              	.Letext0:
 583              		.file 2 "/nix/store/9w2nhnv8b84a8yg8jsii47ikl60bz16p-gcc-arm-embedded-9.3.1/arm-none-eabi/include/
 584              		.file 3 "/nix/store/9w2nhnv8b84a8yg8jsii47ikl60bz16p-gcc-arm-embedded-9.3.1/arm-none-eabi/include/
 585              		.file 4 "Drivers/CMSIS/Include/core_cm7.h"
 586              		.file 5 "Drivers/CMSIS/Device/ST/STM32H7xx/Include/system_stm32h7xx.h"
 587              		.file 6 "Drivers/CMSIS/Device/ST/STM32H7xx/Include/stm32h723xx.h"
 588              		.file 7 "/nix/store/9w2nhnv8b84a8yg8jsii47ikl60bz16p-gcc-arm-embedded-9.3.1/lib/gcc/arm-none-eabi/
 589              		.file 8 "/nix/store/9w2nhnv8b84a8yg8jsii47ikl60bz16p-gcc-arm-embedded-9.3.1/arm-none-eabi/include/
 590              		.file 9 "/nix/store/9w2nhnv8b84a8yg8jsii47ikl60bz16p-gcc-arm-embedded-9.3.1/arm-none-eabi/include/
 591              		.file 10 "/nix/store/9w2nhnv8b84a8yg8jsii47ikl60bz16p-gcc-arm-embedded-9.3.1/arm-none-eabi/include
 592              		.file 11 "/nix/store/9w2nhnv8b84a8yg8jsii47ikl60bz16p-gcc-arm-embedded-9.3.1/arm-none-eabi/include
 593              		.file 12 "Drivers/STM32H7xx_HAL_Driver/Inc/stm32h7xx_hal_def.h"
 594              		.file 13 "Drivers/STM32H7xx_HAL_Driver/Inc/stm32h7xx_hal_flash.h"
ARM GAS  /tmp/ccrh1lw7.s 			page 17


 595              		.file 14 "Drivers/STM32H7xx_HAL_Driver/Inc/stm32h7xx_ll_sdmmc.h"
 596              		.file 15 "Drivers/STM32H7xx_HAL_Driver/Inc/stm32h7xx_hal_sd.h"
 597              		.file 16 "Drivers/STM32H7xx_HAL_Driver/Inc/stm32h7xx_hal_sd_ex.h"
 598              		.file 17 "Drivers/STM32H7xx_HAL_Driver/Inc/stm32h7xx_hal_uart.h"
 599              		.file 18 "Drivers/STM32H7xx_HAL_Driver/Inc/stm32h7xx_hal.h"
ARM GAS  /tmp/ccrh1lw7.s 			page 18


DEFINED SYMBOLS
                            *ABS*:0000000000000000 stm32h7xx_hal_sd_ex.c
     /tmp/ccrh1lw7.s:17     .text.HAL_SDEx_ConfigDMAMultiBuffer:0000000000000000 $t
     /tmp/ccrh1lw7.s:25     .text.HAL_SDEx_ConfigDMAMultiBuffer:0000000000000000 HAL_SDEx_ConfigDMAMultiBuffer
     /tmp/ccrh1lw7.s:93     .text.HAL_SDEx_ReadBlocksDMAMultiBuffer:0000000000000000 $t
     /tmp/ccrh1lw7.s:100    .text.HAL_SDEx_ReadBlocksDMAMultiBuffer:0000000000000000 HAL_SDEx_ReadBlocksDMAMultiBuffer
     /tmp/ccrh1lw7.s:317    .text.HAL_SDEx_ReadBlocksDMAMultiBuffer:00000000000000cc $d
     /tmp/ccrh1lw7.s:323    .text.HAL_SDEx_WriteBlocksDMAMultiBuffer:0000000000000000 $t
     /tmp/ccrh1lw7.s:330    .text.HAL_SDEx_WriteBlocksDMAMultiBuffer:0000000000000000 HAL_SDEx_WriteBlocksDMAMultiBuffer
     /tmp/ccrh1lw7.s:535    .text.HAL_SDEx_WriteBlocksDMAMultiBuffer:00000000000000bc $d
     /tmp/ccrh1lw7.s:540    .text.HAL_SDEx_ChangeDMABuffer:0000000000000000 $t
     /tmp/ccrh1lw7.s:547    .text.HAL_SDEx_ChangeDMABuffer:0000000000000000 HAL_SDEx_ChangeDMABuffer

UNDEFINED SYMBOLS
SDMMC_ConfigData
SDMMC_CmdReadMultiBlock
SDMMC_CmdWriteMultiBlock
