ARM GAS  /tmp/ccFgaI3P.s 			page 1


   1              		.cpu cortex-m7
   2              		.eabi_attribute 28, 1
   3              		.eabi_attribute 20, 1
   4              		.eabi_attribute 21, 1
   5              		.eabi_attribute 23, 3
   6              		.eabi_attribute 24, 1
   7              		.eabi_attribute 25, 1
   8              		.eabi_attribute 26, 1
   9              		.eabi_attribute 30, 1
  10              		.eabi_attribute 34, 1
  11              		.eabi_attribute 18, 4
  12              		.file	"stm32h7xx_hal_rng_ex.c"
  13              		.text
  14              	.Ltext0:
  15              		.cfi_sections	.debug_frame
  16              		.section	.text.HAL_RNGEx_SetConfig,"ax",%progbits
  17              		.align	1
  18              		.global	HAL_RNGEx_SetConfig
  19              		.arch armv7e-m
  20              		.syntax unified
  21              		.thumb
  22              		.thumb_func
  23              		.fpu fpv5-d16
  25              	HAL_RNGEx_SetConfig:
  26              	.LVL0:
  27              	.LFB350:
  28              		.file 1 "Drivers/STM32H7xx_HAL_Driver/Src/stm32h7xx_hal_rng_ex.c"
   1:Drivers/STM32H7xx_HAL_Driver/Src/stm32h7xx_hal_rng_ex.c **** /**
   2:Drivers/STM32H7xx_HAL_Driver/Src/stm32h7xx_hal_rng_ex.c ****   ******************************************************************************
   3:Drivers/STM32H7xx_HAL_Driver/Src/stm32h7xx_hal_rng_ex.c ****   * @file    stm32h7xx_hal_rng_ex.c
   4:Drivers/STM32H7xx_HAL_Driver/Src/stm32h7xx_hal_rng_ex.c ****   * @author  MCD Application Team
   5:Drivers/STM32H7xx_HAL_Driver/Src/stm32h7xx_hal_rng_ex.c ****   * @brief   Extended RNG HAL module driver.
   6:Drivers/STM32H7xx_HAL_Driver/Src/stm32h7xx_hal_rng_ex.c ****   *          This file provides firmware functions to manage the following
   7:Drivers/STM32H7xx_HAL_Driver/Src/stm32h7xx_hal_rng_ex.c ****   *          functionalities of the Random Number Generator (RNG) peripheral:
   8:Drivers/STM32H7xx_HAL_Driver/Src/stm32h7xx_hal_rng_ex.c ****   *           + Lock configuration functions
   9:Drivers/STM32H7xx_HAL_Driver/Src/stm32h7xx_hal_rng_ex.c ****   *           + Reset the RNG
  10:Drivers/STM32H7xx_HAL_Driver/Src/stm32h7xx_hal_rng_ex.c ****   *
  11:Drivers/STM32H7xx_HAL_Driver/Src/stm32h7xx_hal_rng_ex.c ****   ******************************************************************************
  12:Drivers/STM32H7xx_HAL_Driver/Src/stm32h7xx_hal_rng_ex.c ****   * @attention
  13:Drivers/STM32H7xx_HAL_Driver/Src/stm32h7xx_hal_rng_ex.c ****   *
  14:Drivers/STM32H7xx_HAL_Driver/Src/stm32h7xx_hal_rng_ex.c ****   * Copyright (c) 2017 STMicroelectronics.
  15:Drivers/STM32H7xx_HAL_Driver/Src/stm32h7xx_hal_rng_ex.c ****   * All rights reserved.
  16:Drivers/STM32H7xx_HAL_Driver/Src/stm32h7xx_hal_rng_ex.c ****   *
  17:Drivers/STM32H7xx_HAL_Driver/Src/stm32h7xx_hal_rng_ex.c ****   * This software is licensed under terms that can be found in the LICENSE file
  18:Drivers/STM32H7xx_HAL_Driver/Src/stm32h7xx_hal_rng_ex.c ****   * in the root directory of this software component.
  19:Drivers/STM32H7xx_HAL_Driver/Src/stm32h7xx_hal_rng_ex.c ****   * If no LICENSE file comes with this software, it is provided AS-IS.
  20:Drivers/STM32H7xx_HAL_Driver/Src/stm32h7xx_hal_rng_ex.c ****   *
  21:Drivers/STM32H7xx_HAL_Driver/Src/stm32h7xx_hal_rng_ex.c ****   ******************************************************************************
  22:Drivers/STM32H7xx_HAL_Driver/Src/stm32h7xx_hal_rng_ex.c ****   */
  23:Drivers/STM32H7xx_HAL_Driver/Src/stm32h7xx_hal_rng_ex.c **** 
  24:Drivers/STM32H7xx_HAL_Driver/Src/stm32h7xx_hal_rng_ex.c **** /* Includes ------------------------------------------------------------------*/
  25:Drivers/STM32H7xx_HAL_Driver/Src/stm32h7xx_hal_rng_ex.c **** #include "stm32h7xx_hal.h"
  26:Drivers/STM32H7xx_HAL_Driver/Src/stm32h7xx_hal_rng_ex.c **** 
  27:Drivers/STM32H7xx_HAL_Driver/Src/stm32h7xx_hal_rng_ex.c **** /** @addtogroup STM32H7xx_HAL_Driver
  28:Drivers/STM32H7xx_HAL_Driver/Src/stm32h7xx_hal_rng_ex.c ****   * @{
  29:Drivers/STM32H7xx_HAL_Driver/Src/stm32h7xx_hal_rng_ex.c ****   */
  30:Drivers/STM32H7xx_HAL_Driver/Src/stm32h7xx_hal_rng_ex.c **** 
ARM GAS  /tmp/ccFgaI3P.s 			page 2


  31:Drivers/STM32H7xx_HAL_Driver/Src/stm32h7xx_hal_rng_ex.c **** #if defined(RNG)
  32:Drivers/STM32H7xx_HAL_Driver/Src/stm32h7xx_hal_rng_ex.c **** 
  33:Drivers/STM32H7xx_HAL_Driver/Src/stm32h7xx_hal_rng_ex.c **** /** @addtogroup RNG_Ex
  34:Drivers/STM32H7xx_HAL_Driver/Src/stm32h7xx_hal_rng_ex.c ****   * @brief RNG Extended HAL module driver.
  35:Drivers/STM32H7xx_HAL_Driver/Src/stm32h7xx_hal_rng_ex.c ****   * @{
  36:Drivers/STM32H7xx_HAL_Driver/Src/stm32h7xx_hal_rng_ex.c ****   */
  37:Drivers/STM32H7xx_HAL_Driver/Src/stm32h7xx_hal_rng_ex.c **** 
  38:Drivers/STM32H7xx_HAL_Driver/Src/stm32h7xx_hal_rng_ex.c **** #ifdef HAL_RNG_MODULE_ENABLED
  39:Drivers/STM32H7xx_HAL_Driver/Src/stm32h7xx_hal_rng_ex.c **** #if defined(RNG_CR_CONDRST)
  40:Drivers/STM32H7xx_HAL_Driver/Src/stm32h7xx_hal_rng_ex.c **** /* Private types -------------------------------------------------------------*/
  41:Drivers/STM32H7xx_HAL_Driver/Src/stm32h7xx_hal_rng_ex.c **** /* Private defines -----------------------------------------------------------*/
  42:Drivers/STM32H7xx_HAL_Driver/Src/stm32h7xx_hal_rng_ex.c **** /** @defgroup RNG_Ex_Private_Defines RNGEx Private Defines
  43:Drivers/STM32H7xx_HAL_Driver/Src/stm32h7xx_hal_rng_ex.c ****   * @{
  44:Drivers/STM32H7xx_HAL_Driver/Src/stm32h7xx_hal_rng_ex.c ****   */
  45:Drivers/STM32H7xx_HAL_Driver/Src/stm32h7xx_hal_rng_ex.c **** /*  Health test control register information to use in CCM algorithm */
  46:Drivers/STM32H7xx_HAL_Driver/Src/stm32h7xx_hal_rng_ex.c **** #define RNG_HTCFG_1   0x17590ABCU /*!< Magic number */
  47:Drivers/STM32H7xx_HAL_Driver/Src/stm32h7xx_hal_rng_ex.c **** #if defined(RNG_VER_3_1) || defined(RNG_VER_3_0)
  48:Drivers/STM32H7xx_HAL_Driver/Src/stm32h7xx_hal_rng_ex.c **** #define RNG_HTCFG     0x000CAA74U /*!< For best latency and to be compliant with NIST */
  49:Drivers/STM32H7xx_HAL_Driver/Src/stm32h7xx_hal_rng_ex.c **** #else /* RNG_VER_3_2 */
  50:Drivers/STM32H7xx_HAL_Driver/Src/stm32h7xx_hal_rng_ex.c **** #define RNG_HTCFG     0x00007274U /*!< For best latency and to be compliant with NIST */
  51:Drivers/STM32H7xx_HAL_Driver/Src/stm32h7xx_hal_rng_ex.c **** #endif /* RNG_VER_3_1 || RNG_VER_3_0 */
  52:Drivers/STM32H7xx_HAL_Driver/Src/stm32h7xx_hal_rng_ex.c **** /**
  53:Drivers/STM32H7xx_HAL_Driver/Src/stm32h7xx_hal_rng_ex.c ****   * @}
  54:Drivers/STM32H7xx_HAL_Driver/Src/stm32h7xx_hal_rng_ex.c ****   */
  55:Drivers/STM32H7xx_HAL_Driver/Src/stm32h7xx_hal_rng_ex.c **** /* Private variables ---------------------------------------------------------*/
  56:Drivers/STM32H7xx_HAL_Driver/Src/stm32h7xx_hal_rng_ex.c **** /* Private constants ---------------------------------------------------------*/
  57:Drivers/STM32H7xx_HAL_Driver/Src/stm32h7xx_hal_rng_ex.c **** /** @addtogroup RNG_Ex_Private_Constants
  58:Drivers/STM32H7xx_HAL_Driver/Src/stm32h7xx_hal_rng_ex.c ****   * @{
  59:Drivers/STM32H7xx_HAL_Driver/Src/stm32h7xx_hal_rng_ex.c ****   */
  60:Drivers/STM32H7xx_HAL_Driver/Src/stm32h7xx_hal_rng_ex.c **** #define RNG_TIMEOUT_VALUE     2U
  61:Drivers/STM32H7xx_HAL_Driver/Src/stm32h7xx_hal_rng_ex.c **** /**
  62:Drivers/STM32H7xx_HAL_Driver/Src/stm32h7xx_hal_rng_ex.c ****   * @}
  63:Drivers/STM32H7xx_HAL_Driver/Src/stm32h7xx_hal_rng_ex.c ****   */
  64:Drivers/STM32H7xx_HAL_Driver/Src/stm32h7xx_hal_rng_ex.c **** /* Private macros ------------------------------------------------------------*/
  65:Drivers/STM32H7xx_HAL_Driver/Src/stm32h7xx_hal_rng_ex.c **** /* Private functions prototypes ----------------------------------------------*/
  66:Drivers/STM32H7xx_HAL_Driver/Src/stm32h7xx_hal_rng_ex.c **** /* Private functions  --------------------------------------------------------*/
  67:Drivers/STM32H7xx_HAL_Driver/Src/stm32h7xx_hal_rng_ex.c **** /* Exported functions --------------------------------------------------------*/
  68:Drivers/STM32H7xx_HAL_Driver/Src/stm32h7xx_hal_rng_ex.c **** 
  69:Drivers/STM32H7xx_HAL_Driver/Src/stm32h7xx_hal_rng_ex.c **** /** @addtogroup RNG_Ex_Exported_Functions
  70:Drivers/STM32H7xx_HAL_Driver/Src/stm32h7xx_hal_rng_ex.c ****   * @{
  71:Drivers/STM32H7xx_HAL_Driver/Src/stm32h7xx_hal_rng_ex.c ****   */
  72:Drivers/STM32H7xx_HAL_Driver/Src/stm32h7xx_hal_rng_ex.c **** 
  73:Drivers/STM32H7xx_HAL_Driver/Src/stm32h7xx_hal_rng_ex.c **** /** @addtogroup RNG_Ex_Exported_Functions_Group1
  74:Drivers/STM32H7xx_HAL_Driver/Src/stm32h7xx_hal_rng_ex.c ****   *  @brief   Configuration functions
  75:Drivers/STM32H7xx_HAL_Driver/Src/stm32h7xx_hal_rng_ex.c ****   *
  76:Drivers/STM32H7xx_HAL_Driver/Src/stm32h7xx_hal_rng_ex.c **** @verbatim
  77:Drivers/STM32H7xx_HAL_Driver/Src/stm32h7xx_hal_rng_ex.c ****  ===============================================================================
  78:Drivers/STM32H7xx_HAL_Driver/Src/stm32h7xx_hal_rng_ex.c ****           ##### Configuration and lock functions #####
  79:Drivers/STM32H7xx_HAL_Driver/Src/stm32h7xx_hal_rng_ex.c ****  ===============================================================================
  80:Drivers/STM32H7xx_HAL_Driver/Src/stm32h7xx_hal_rng_ex.c ****     [..]  This section provides functions allowing to:
  81:Drivers/STM32H7xx_HAL_Driver/Src/stm32h7xx_hal_rng_ex.c ****       (+) Configure the RNG with the specified parameters in the RNG_ConfigTypeDef
  82:Drivers/STM32H7xx_HAL_Driver/Src/stm32h7xx_hal_rng_ex.c ****       (+) Lock RNG configuration Allows user to lock a configuration until next reset.
  83:Drivers/STM32H7xx_HAL_Driver/Src/stm32h7xx_hal_rng_ex.c **** 
  84:Drivers/STM32H7xx_HAL_Driver/Src/stm32h7xx_hal_rng_ex.c **** @endverbatim
  85:Drivers/STM32H7xx_HAL_Driver/Src/stm32h7xx_hal_rng_ex.c ****   * @{
  86:Drivers/STM32H7xx_HAL_Driver/Src/stm32h7xx_hal_rng_ex.c ****   */
  87:Drivers/STM32H7xx_HAL_Driver/Src/stm32h7xx_hal_rng_ex.c **** 
ARM GAS  /tmp/ccFgaI3P.s 			page 3


  88:Drivers/STM32H7xx_HAL_Driver/Src/stm32h7xx_hal_rng_ex.c **** /**
  89:Drivers/STM32H7xx_HAL_Driver/Src/stm32h7xx_hal_rng_ex.c ****   * @brief  Configure the RNG with the specified parameters in the
  90:Drivers/STM32H7xx_HAL_Driver/Src/stm32h7xx_hal_rng_ex.c ****   *         RNG_ConfigTypeDef.
  91:Drivers/STM32H7xx_HAL_Driver/Src/stm32h7xx_hal_rng_ex.c ****   * @param  hrng pointer to a RNG_HandleTypeDef structure that contains
  92:Drivers/STM32H7xx_HAL_Driver/Src/stm32h7xx_hal_rng_ex.c ****   *          the configuration information for RNG.
  93:Drivers/STM32H7xx_HAL_Driver/Src/stm32h7xx_hal_rng_ex.c ****   * @param  pConf: pointer to a RNG_ConfigTypeDef structure that contains
  94:Drivers/STM32H7xx_HAL_Driver/Src/stm32h7xx_hal_rng_ex.c ****   *         the configuration information for RNG module
  95:Drivers/STM32H7xx_HAL_Driver/Src/stm32h7xx_hal_rng_ex.c **** 
  96:Drivers/STM32H7xx_HAL_Driver/Src/stm32h7xx_hal_rng_ex.c ****   * @retval HAL status
  97:Drivers/STM32H7xx_HAL_Driver/Src/stm32h7xx_hal_rng_ex.c ****   */
  98:Drivers/STM32H7xx_HAL_Driver/Src/stm32h7xx_hal_rng_ex.c **** HAL_StatusTypeDef HAL_RNGEx_SetConfig(RNG_HandleTypeDef *hrng, RNG_ConfigTypeDef *pConf)
  99:Drivers/STM32H7xx_HAL_Driver/Src/stm32h7xx_hal_rng_ex.c **** {
  29              		.loc 1 99 1 view -0
  30              		.cfi_startproc
  31              		@ args = 0, pretend = 0, frame = 0
  32              		@ frame_needed = 0, uses_anonymous_args = 0
  33              		.loc 1 99 1 is_stmt 0 view .LVU1
  34 0000 70B5     		push	{r4, r5, r6, lr}
  35              	.LCFI0:
  36              		.cfi_def_cfa_offset 16
  37              		.cfi_offset 4, -16
  38              		.cfi_offset 5, -12
  39              		.cfi_offset 6, -8
  40              		.cfi_offset 14, -4
 100:Drivers/STM32H7xx_HAL_Driver/Src/stm32h7xx_hal_rng_ex.c ****   uint32_t tickstart;
  41              		.loc 1 100 3 is_stmt 1 view .LVU2
 101:Drivers/STM32H7xx_HAL_Driver/Src/stm32h7xx_hal_rng_ex.c ****   uint32_t cr_value;
  42              		.loc 1 101 3 view .LVU3
 102:Drivers/STM32H7xx_HAL_Driver/Src/stm32h7xx_hal_rng_ex.c ****   HAL_StatusTypeDef status ;
  43              		.loc 1 102 3 view .LVU4
 103:Drivers/STM32H7xx_HAL_Driver/Src/stm32h7xx_hal_rng_ex.c **** 
 104:Drivers/STM32H7xx_HAL_Driver/Src/stm32h7xx_hal_rng_ex.c ****   /* Check the RNG handle allocation */
 105:Drivers/STM32H7xx_HAL_Driver/Src/stm32h7xx_hal_rng_ex.c ****   if ((hrng == NULL) || (pConf == NULL))
  44              		.loc 1 105 3 view .LVU5
  45              		.loc 1 105 32 is_stmt 0 view .LVU6
  46 0002 0B46     		mov	r3, r1
  47 0004 B1FA81F1 		clz	r1, r1
  48              	.LVL1:
  49              		.loc 1 105 32 view .LVU7
  50 0008 4909     		lsrs	r1, r1, #5
  51              		.loc 1 105 22 view .LVU8
  52 000a 0028     		cmp	r0, #0
  53 000c 08BF     		it	eq
  54 000e 0121     		moveq	r1, #1
  55              		.loc 1 105 6 view .LVU9
  56 0010 0029     		cmp	r1, #0
  57 0012 4FD1     		bne	.L6
  58 0014 0446     		mov	r4, r0
 106:Drivers/STM32H7xx_HAL_Driver/Src/stm32h7xx_hal_rng_ex.c ****   {
 107:Drivers/STM32H7xx_HAL_Driver/Src/stm32h7xx_hal_rng_ex.c ****     return HAL_ERROR;
 108:Drivers/STM32H7xx_HAL_Driver/Src/stm32h7xx_hal_rng_ex.c ****   }
 109:Drivers/STM32H7xx_HAL_Driver/Src/stm32h7xx_hal_rng_ex.c **** 
 110:Drivers/STM32H7xx_HAL_Driver/Src/stm32h7xx_hal_rng_ex.c ****   /* Check the parameters */
 111:Drivers/STM32H7xx_HAL_Driver/Src/stm32h7xx_hal_rng_ex.c ****   assert_param(IS_RNG_ALL_INSTANCE(hrng->Instance));
  59              		.loc 1 111 3 is_stmt 1 view .LVU10
 112:Drivers/STM32H7xx_HAL_Driver/Src/stm32h7xx_hal_rng_ex.c ****   assert_param(IS_RNG_CLOCK_DIVIDER(pConf->ClockDivider));
  60              		.loc 1 112 3 view .LVU11
ARM GAS  /tmp/ccFgaI3P.s 			page 4


 113:Drivers/STM32H7xx_HAL_Driver/Src/stm32h7xx_hal_rng_ex.c ****   assert_param(IS_RNG_NIST_COMPLIANCE(pConf->NistCompliance));
  61              		.loc 1 113 3 view .LVU12
 114:Drivers/STM32H7xx_HAL_Driver/Src/stm32h7xx_hal_rng_ex.c ****   assert_param(IS_RNG_CONFIG1(pConf->Config1));
  62              		.loc 1 114 3 view .LVU13
 115:Drivers/STM32H7xx_HAL_Driver/Src/stm32h7xx_hal_rng_ex.c ****   assert_param(IS_RNG_CONFIG2(pConf->Config2));
  63              		.loc 1 115 3 view .LVU14
 116:Drivers/STM32H7xx_HAL_Driver/Src/stm32h7xx_hal_rng_ex.c ****   assert_param(IS_RNG_CONFIG3(pConf->Config3));
  64              		.loc 1 116 3 view .LVU15
 117:Drivers/STM32H7xx_HAL_Driver/Src/stm32h7xx_hal_rng_ex.c **** 
 118:Drivers/STM32H7xx_HAL_Driver/Src/stm32h7xx_hal_rng_ex.c ****   /* Check RNG peripheral state */
 119:Drivers/STM32H7xx_HAL_Driver/Src/stm32h7xx_hal_rng_ex.c ****   if (hrng->State == HAL_RNG_STATE_READY)
  65              		.loc 1 119 3 view .LVU16
  66              		.loc 1 119 11 is_stmt 0 view .LVU17
  67 0016 457A     		ldrb	r5, [r0, #9]	@ zero_extendqisi2
  68 0018 EDB2     		uxtb	r5, r5
  69              		.loc 1 119 6 view .LVU18
  70 001a 012D     		cmp	r5, #1
  71 001c 04D0     		beq	.L8
 120:Drivers/STM32H7xx_HAL_Driver/Src/stm32h7xx_hal_rng_ex.c ****   {
 121:Drivers/STM32H7xx_HAL_Driver/Src/stm32h7xx_hal_rng_ex.c ****     /* Change RNG peripheral state */
 122:Drivers/STM32H7xx_HAL_Driver/Src/stm32h7xx_hal_rng_ex.c ****     hrng->State = HAL_RNG_STATE_BUSY;
 123:Drivers/STM32H7xx_HAL_Driver/Src/stm32h7xx_hal_rng_ex.c **** 
 124:Drivers/STM32H7xx_HAL_Driver/Src/stm32h7xx_hal_rng_ex.c ****     /* Disable RNG */
 125:Drivers/STM32H7xx_HAL_Driver/Src/stm32h7xx_hal_rng_ex.c ****     __HAL_RNG_DISABLE(hrng);
 126:Drivers/STM32H7xx_HAL_Driver/Src/stm32h7xx_hal_rng_ex.c **** 
 127:Drivers/STM32H7xx_HAL_Driver/Src/stm32h7xx_hal_rng_ex.c ****     /* RNG CR register configuration. Set value in CR register for :
 128:Drivers/STM32H7xx_HAL_Driver/Src/stm32h7xx_hal_rng_ex.c ****         - NIST Compliance setting
 129:Drivers/STM32H7xx_HAL_Driver/Src/stm32h7xx_hal_rng_ex.c ****         - Clock divider value
 130:Drivers/STM32H7xx_HAL_Driver/Src/stm32h7xx_hal_rng_ex.c ****         - CONFIG 1, CONFIG 2 and CONFIG 3 values */
 131:Drivers/STM32H7xx_HAL_Driver/Src/stm32h7xx_hal_rng_ex.c **** 
 132:Drivers/STM32H7xx_HAL_Driver/Src/stm32h7xx_hal_rng_ex.c ****     cr_value = (uint32_t)(pConf->ClockDivider | pConf->NistCompliance
 133:Drivers/STM32H7xx_HAL_Driver/Src/stm32h7xx_hal_rng_ex.c ****                           | (pConf->Config1 << RNG_CR_RNG_CONFIG1_Pos)
 134:Drivers/STM32H7xx_HAL_Driver/Src/stm32h7xx_hal_rng_ex.c ****                           | (pConf->Config2 << RNG_CR_RNG_CONFIG2_Pos)
 135:Drivers/STM32H7xx_HAL_Driver/Src/stm32h7xx_hal_rng_ex.c ****                           | (pConf->Config3 << RNG_CR_RNG_CONFIG3_Pos));
 136:Drivers/STM32H7xx_HAL_Driver/Src/stm32h7xx_hal_rng_ex.c **** 
 137:Drivers/STM32H7xx_HAL_Driver/Src/stm32h7xx_hal_rng_ex.c ****     MODIFY_REG(hrng->Instance->CR, RNG_CR_NISTC | RNG_CR_CLKDIV | RNG_CR_RNG_CONFIG1
 138:Drivers/STM32H7xx_HAL_Driver/Src/stm32h7xx_hal_rng_ex.c ****                | RNG_CR_RNG_CONFIG2 | RNG_CR_RNG_CONFIG3,
 139:Drivers/STM32H7xx_HAL_Driver/Src/stm32h7xx_hal_rng_ex.c ****                (uint32_t)(RNG_CR_CONDRST | cr_value));
 140:Drivers/STM32H7xx_HAL_Driver/Src/stm32h7xx_hal_rng_ex.c **** 
 141:Drivers/STM32H7xx_HAL_Driver/Src/stm32h7xx_hal_rng_ex.c **** #if defined(RNG_VER_3_2) || defined(RNG_VER_3_1) || defined(RNG_VER_3_0)
 142:Drivers/STM32H7xx_HAL_Driver/Src/stm32h7xx_hal_rng_ex.c ****     /*!< magic number must be written immediately before to RNG_HTCRG */
 143:Drivers/STM32H7xx_HAL_Driver/Src/stm32h7xx_hal_rng_ex.c ****     WRITE_REG(hrng->Instance->HTCR, RNG_HTCFG_1);
 144:Drivers/STM32H7xx_HAL_Driver/Src/stm32h7xx_hal_rng_ex.c ****     /* for best latency and to be compliant with NIST */
 145:Drivers/STM32H7xx_HAL_Driver/Src/stm32h7xx_hal_rng_ex.c ****     WRITE_REG(hrng->Instance->HTCR, RNG_HTCFG);
 146:Drivers/STM32H7xx_HAL_Driver/Src/stm32h7xx_hal_rng_ex.c **** #endif /* RNG_VER_3_2 || RNG_VER_3_1 || RNG_VER_3_0 */
 147:Drivers/STM32H7xx_HAL_Driver/Src/stm32h7xx_hal_rng_ex.c **** 
 148:Drivers/STM32H7xx_HAL_Driver/Src/stm32h7xx_hal_rng_ex.c ****     /* Writing bit CONDRST=0*/
 149:Drivers/STM32H7xx_HAL_Driver/Src/stm32h7xx_hal_rng_ex.c ****     CLEAR_BIT(hrng->Instance->CR, RNG_CR_CONDRST);
 150:Drivers/STM32H7xx_HAL_Driver/Src/stm32h7xx_hal_rng_ex.c ****     /* Get tick */
 151:Drivers/STM32H7xx_HAL_Driver/Src/stm32h7xx_hal_rng_ex.c ****     tickstart = HAL_GetTick();
 152:Drivers/STM32H7xx_HAL_Driver/Src/stm32h7xx_hal_rng_ex.c **** 
 153:Drivers/STM32H7xx_HAL_Driver/Src/stm32h7xx_hal_rng_ex.c ****     /* Wait for conditioning reset process to be completed */
 154:Drivers/STM32H7xx_HAL_Driver/Src/stm32h7xx_hal_rng_ex.c ****     while (HAL_IS_BIT_SET(hrng->Instance->CR, RNG_CR_CONDRST))
 155:Drivers/STM32H7xx_HAL_Driver/Src/stm32h7xx_hal_rng_ex.c ****     {
 156:Drivers/STM32H7xx_HAL_Driver/Src/stm32h7xx_hal_rng_ex.c ****       if ((HAL_GetTick() - tickstart) > RNG_TIMEOUT_VALUE)
 157:Drivers/STM32H7xx_HAL_Driver/Src/stm32h7xx_hal_rng_ex.c ****       {
 158:Drivers/STM32H7xx_HAL_Driver/Src/stm32h7xx_hal_rng_ex.c ****         /* New check to avoid false timeout detection in case of prememption */
ARM GAS  /tmp/ccFgaI3P.s 			page 5


 159:Drivers/STM32H7xx_HAL_Driver/Src/stm32h7xx_hal_rng_ex.c ****         if (HAL_IS_BIT_SET(hrng->Instance->CR, RNG_CR_CONDRST))
 160:Drivers/STM32H7xx_HAL_Driver/Src/stm32h7xx_hal_rng_ex.c ****         {
 161:Drivers/STM32H7xx_HAL_Driver/Src/stm32h7xx_hal_rng_ex.c ****           hrng->State = HAL_RNG_STATE_READY;
 162:Drivers/STM32H7xx_HAL_Driver/Src/stm32h7xx_hal_rng_ex.c ****           hrng->ErrorCode = HAL_RNG_ERROR_TIMEOUT;
 163:Drivers/STM32H7xx_HAL_Driver/Src/stm32h7xx_hal_rng_ex.c ****           return HAL_ERROR;
 164:Drivers/STM32H7xx_HAL_Driver/Src/stm32h7xx_hal_rng_ex.c ****         }
 165:Drivers/STM32H7xx_HAL_Driver/Src/stm32h7xx_hal_rng_ex.c ****       }
 166:Drivers/STM32H7xx_HAL_Driver/Src/stm32h7xx_hal_rng_ex.c ****     }
 167:Drivers/STM32H7xx_HAL_Driver/Src/stm32h7xx_hal_rng_ex.c **** 
 168:Drivers/STM32H7xx_HAL_Driver/Src/stm32h7xx_hal_rng_ex.c ****     /* Enable RNG */
 169:Drivers/STM32H7xx_HAL_Driver/Src/stm32h7xx_hal_rng_ex.c ****     __HAL_RNG_ENABLE(hrng);
 170:Drivers/STM32H7xx_HAL_Driver/Src/stm32h7xx_hal_rng_ex.c **** 
 171:Drivers/STM32H7xx_HAL_Driver/Src/stm32h7xx_hal_rng_ex.c ****     /* Initialize the RNG state */
 172:Drivers/STM32H7xx_HAL_Driver/Src/stm32h7xx_hal_rng_ex.c ****     hrng->State = HAL_RNG_STATE_READY;
 173:Drivers/STM32H7xx_HAL_Driver/Src/stm32h7xx_hal_rng_ex.c **** 
 174:Drivers/STM32H7xx_HAL_Driver/Src/stm32h7xx_hal_rng_ex.c ****     /* function status */
 175:Drivers/STM32H7xx_HAL_Driver/Src/stm32h7xx_hal_rng_ex.c ****     status = HAL_OK;
 176:Drivers/STM32H7xx_HAL_Driver/Src/stm32h7xx_hal_rng_ex.c ****   }
 177:Drivers/STM32H7xx_HAL_Driver/Src/stm32h7xx_hal_rng_ex.c ****   else
 178:Drivers/STM32H7xx_HAL_Driver/Src/stm32h7xx_hal_rng_ex.c ****   {
 179:Drivers/STM32H7xx_HAL_Driver/Src/stm32h7xx_hal_rng_ex.c ****     hrng->ErrorCode = HAL_RNG_ERROR_BUSY;
  72              		.loc 1 179 5 is_stmt 1 view .LVU19
  73              		.loc 1 179 21 is_stmt 0 view .LVU20
  74 001e 0423     		movs	r3, #4
  75              	.LVL2:
  76              		.loc 1 179 21 view .LVU21
  77 0020 C360     		str	r3, [r0, #12]
 180:Drivers/STM32H7xx_HAL_Driver/Src/stm32h7xx_hal_rng_ex.c ****     status = HAL_ERROR;
  78              		.loc 1 180 5 is_stmt 1 view .LVU22
  79              	.LVL3:
  80              		.loc 1 180 12 is_stmt 0 view .LVU23
  81 0022 0125     		movs	r5, #1
  82              	.LVL4:
  83              	.L2:
 181:Drivers/STM32H7xx_HAL_Driver/Src/stm32h7xx_hal_rng_ex.c ****   }
 182:Drivers/STM32H7xx_HAL_Driver/Src/stm32h7xx_hal_rng_ex.c **** 
 183:Drivers/STM32H7xx_HAL_Driver/Src/stm32h7xx_hal_rng_ex.c ****   /* Return the function status */
 184:Drivers/STM32H7xx_HAL_Driver/Src/stm32h7xx_hal_rng_ex.c ****   return status;
 185:Drivers/STM32H7xx_HAL_Driver/Src/stm32h7xx_hal_rng_ex.c **** }
  84              		.loc 1 185 1 view .LVU24
  85 0024 2846     		mov	r0, r5
  86 0026 70BD     		pop	{r4, r5, r6, pc}
  87              	.LVL5:
  88              	.L8:
 122:Drivers/STM32H7xx_HAL_Driver/Src/stm32h7xx_hal_rng_ex.c **** 
  89              		.loc 1 122 5 is_stmt 1 view .LVU25
 122:Drivers/STM32H7xx_HAL_Driver/Src/stm32h7xx_hal_rng_ex.c **** 
  90              		.loc 1 122 17 is_stmt 0 view .LVU26
  91 0028 0222     		movs	r2, #2
  92 002a 4272     		strb	r2, [r0, #9]
 125:Drivers/STM32H7xx_HAL_Driver/Src/stm32h7xx_hal_rng_ex.c **** 
  93              		.loc 1 125 5 is_stmt 1 view .LVU27
  94 002c 0168     		ldr	r1, [r0]
  95 002e 0A68     		ldr	r2, [r1]
  96 0030 22F00402 		bic	r2, r2, #4
  97 0034 0A60     		str	r2, [r1]
 132:Drivers/STM32H7xx_HAL_Driver/Src/stm32h7xx_hal_rng_ex.c ****                           | (pConf->Config1 << RNG_CR_RNG_CONFIG1_Pos)
ARM GAS  /tmp/ccFgaI3P.s 			page 6


  98              		.loc 1 132 5 view .LVU28
 132:Drivers/STM32H7xx_HAL_Driver/Src/stm32h7xx_hal_rng_ex.c ****                           | (pConf->Config1 << RNG_CR_RNG_CONFIG1_Pos)
  99              		.loc 1 132 32 is_stmt 0 view .LVU29
 100 0036 DA68     		ldr	r2, [r3, #12]
 132:Drivers/STM32H7xx_HAL_Driver/Src/stm32h7xx_hal_rng_ex.c ****                           | (pConf->Config1 << RNG_CR_RNG_CONFIG1_Pos)
 101              		.loc 1 132 54 view .LVU30
 102 0038 1969     		ldr	r1, [r3, #16]
 132:Drivers/STM32H7xx_HAL_Driver/Src/stm32h7xx_hal_rng_ex.c ****                           | (pConf->Config1 << RNG_CR_RNG_CONFIG1_Pos)
 103              		.loc 1 132 47 view .LVU31
 104 003a 0A43     		orrs	r2, r2, r1
 133:Drivers/STM32H7xx_HAL_Driver/Src/stm32h7xx_hal_rng_ex.c ****                           | (pConf->Config2 << RNG_CR_RNG_CONFIG2_Pos)
 105              		.loc 1 133 35 view .LVU32
 106 003c 1968     		ldr	r1, [r3]
 133:Drivers/STM32H7xx_HAL_Driver/Src/stm32h7xx_hal_rng_ex.c ****                           | (pConf->Config2 << RNG_CR_RNG_CONFIG2_Pos)
 107              		.loc 1 133 27 view .LVU33
 108 003e 42EA0152 		orr	r2, r2, r1, lsl #20
 134:Drivers/STM32H7xx_HAL_Driver/Src/stm32h7xx_hal_rng_ex.c ****                           | (pConf->Config3 << RNG_CR_RNG_CONFIG3_Pos));
 109              		.loc 1 134 35 view .LVU34
 110 0042 5968     		ldr	r1, [r3, #4]
 134:Drivers/STM32H7xx_HAL_Driver/Src/stm32h7xx_hal_rng_ex.c ****                           | (pConf->Config3 << RNG_CR_RNG_CONFIG3_Pos));
 111              		.loc 1 134 27 view .LVU35
 112 0044 42EA4132 		orr	r2, r2, r1, lsl #13
 135:Drivers/STM32H7xx_HAL_Driver/Src/stm32h7xx_hal_rng_ex.c **** 
 113              		.loc 1 135 35 view .LVU36
 114 0048 9B68     		ldr	r3, [r3, #8]
 115              	.LVL6:
 132:Drivers/STM32H7xx_HAL_Driver/Src/stm32h7xx_hal_rng_ex.c ****                           | (pConf->Config1 << RNG_CR_RNG_CONFIG1_Pos)
 116              		.loc 1 132 14 view .LVU37
 117 004a 42EA0323 		orr	r3, r2, r3, lsl #8
 118              	.LVL7:
 137:Drivers/STM32H7xx_HAL_Driver/Src/stm32h7xx_hal_rng_ex.c ****                | RNG_CR_RNG_CONFIG2 | RNG_CR_RNG_CONFIG3,
 119              		.loc 1 137 5 is_stmt 1 view .LVU38
 120 004e 0168     		ldr	r1, [r0]
 121 0050 0868     		ldr	r0, [r1]
 122              	.LVL8:
 137:Drivers/STM32H7xx_HAL_Driver/Src/stm32h7xx_hal_rng_ex.c ****                | RNG_CR_RNG_CONFIG2 | RNG_CR_RNG_CONFIG3,
 123              		.loc 1 137 5 is_stmt 0 view .LVU39
 124 0052 194A     		ldr	r2, .L10
 125 0054 0240     		ands	r2, r2, r0
 126 0056 1343     		orrs	r3, r3, r2
 127              	.LVL9:
 137:Drivers/STM32H7xx_HAL_Driver/Src/stm32h7xx_hal_rng_ex.c ****                | RNG_CR_RNG_CONFIG2 | RNG_CR_RNG_CONFIG3,
 128              		.loc 1 137 5 view .LVU40
 129 0058 43F08043 		orr	r3, r3, #1073741824
 130 005c 0B60     		str	r3, [r1]
 131              	.LVL10:
 143:Drivers/STM32H7xx_HAL_Driver/Src/stm32h7xx_hal_rng_ex.c ****     /* for best latency and to be compliant with NIST */
 132              		.loc 1 143 5 is_stmt 1 view .LVU41
 133 005e 2368     		ldr	r3, [r4]
 134 0060 164A     		ldr	r2, .L10+4
 135 0062 1A61     		str	r2, [r3, #16]
 145:Drivers/STM32H7xx_HAL_Driver/Src/stm32h7xx_hal_rng_ex.c **** #endif /* RNG_VER_3_2 || RNG_VER_3_1 || RNG_VER_3_0 */
 136              		.loc 1 145 5 view .LVU42
 137 0064 2368     		ldr	r3, [r4]
 138 0066 47F27422 		movw	r2, #29300
 139 006a 1A61     		str	r2, [r3, #16]
 149:Drivers/STM32H7xx_HAL_Driver/Src/stm32h7xx_hal_rng_ex.c ****     /* Get tick */
ARM GAS  /tmp/ccFgaI3P.s 			page 7


 140              		.loc 1 149 5 view .LVU43
 141 006c 2268     		ldr	r2, [r4]
 142 006e 1368     		ldr	r3, [r2]
 143 0070 23F08043 		bic	r3, r3, #1073741824
 144 0074 1360     		str	r3, [r2]
 151:Drivers/STM32H7xx_HAL_Driver/Src/stm32h7xx_hal_rng_ex.c **** 
 145              		.loc 1 151 5 view .LVU44
 151:Drivers/STM32H7xx_HAL_Driver/Src/stm32h7xx_hal_rng_ex.c **** 
 146              		.loc 1 151 17 is_stmt 0 view .LVU45
 147 0076 FFF7FEFF 		bl	HAL_GetTick
 148              	.LVL11:
 149 007a 0646     		mov	r6, r0
 150              	.LVL12:
 154:Drivers/STM32H7xx_HAL_Driver/Src/stm32h7xx_hal_rng_ex.c ****     {
 151              		.loc 1 154 5 is_stmt 1 view .LVU46
 152              	.L4:
 154:Drivers/STM32H7xx_HAL_Driver/Src/stm32h7xx_hal_rng_ex.c ****     {
 153              		.loc 1 154 11 view .LVU47
 154:Drivers/STM32H7xx_HAL_Driver/Src/stm32h7xx_hal_rng_ex.c ****     {
 154              		.loc 1 154 12 is_stmt 0 view .LVU48
 155 007c 2368     		ldr	r3, [r4]
 156 007e 1A68     		ldr	r2, [r3]
 154:Drivers/STM32H7xx_HAL_Driver/Src/stm32h7xx_hal_rng_ex.c ****     {
 157              		.loc 1 154 11 view .LVU49
 158 0080 12F0804F 		tst	r2, #1073741824
 159 0084 0ED0     		beq	.L9
 156:Drivers/STM32H7xx_HAL_Driver/Src/stm32h7xx_hal_rng_ex.c ****       {
 160              		.loc 1 156 7 is_stmt 1 view .LVU50
 156:Drivers/STM32H7xx_HAL_Driver/Src/stm32h7xx_hal_rng_ex.c ****       {
 161              		.loc 1 156 12 is_stmt 0 view .LVU51
 162 0086 FFF7FEFF 		bl	HAL_GetTick
 163              	.LVL13:
 156:Drivers/STM32H7xx_HAL_Driver/Src/stm32h7xx_hal_rng_ex.c ****       {
 164              		.loc 1 156 26 view .LVU52
 165 008a 801B     		subs	r0, r0, r6
 156:Drivers/STM32H7xx_HAL_Driver/Src/stm32h7xx_hal_rng_ex.c ****       {
 166              		.loc 1 156 10 view .LVU53
 167 008c 0228     		cmp	r0, #2
 168 008e F5D9     		bls	.L4
 159:Drivers/STM32H7xx_HAL_Driver/Src/stm32h7xx_hal_rng_ex.c ****         {
 169              		.loc 1 159 9 is_stmt 1 view .LVU54
 159:Drivers/STM32H7xx_HAL_Driver/Src/stm32h7xx_hal_rng_ex.c ****         {
 170              		.loc 1 159 13 is_stmt 0 view .LVU55
 171 0090 2368     		ldr	r3, [r4]
 172 0092 1B68     		ldr	r3, [r3]
 159:Drivers/STM32H7xx_HAL_Driver/Src/stm32h7xx_hal_rng_ex.c ****         {
 173              		.loc 1 159 12 view .LVU56
 174 0094 13F0804F 		tst	r3, #1073741824
 175 0098 F0D0     		beq	.L4
 161:Drivers/STM32H7xx_HAL_Driver/Src/stm32h7xx_hal_rng_ex.c ****           hrng->ErrorCode = HAL_RNG_ERROR_TIMEOUT;
 176              		.loc 1 161 11 is_stmt 1 view .LVU57
 161:Drivers/STM32H7xx_HAL_Driver/Src/stm32h7xx_hal_rng_ex.c ****           hrng->ErrorCode = HAL_RNG_ERROR_TIMEOUT;
 177              		.loc 1 161 23 is_stmt 0 view .LVU58
 178 009a 0123     		movs	r3, #1
 179 009c 6372     		strb	r3, [r4, #9]
 162:Drivers/STM32H7xx_HAL_Driver/Src/stm32h7xx_hal_rng_ex.c ****           return HAL_ERROR;
 180              		.loc 1 162 11 is_stmt 1 view .LVU59
ARM GAS  /tmp/ccFgaI3P.s 			page 8


 162:Drivers/STM32H7xx_HAL_Driver/Src/stm32h7xx_hal_rng_ex.c ****           return HAL_ERROR;
 181              		.loc 1 162 27 is_stmt 0 view .LVU60
 182 009e 0223     		movs	r3, #2
 183 00a0 E360     		str	r3, [r4, #12]
 163:Drivers/STM32H7xx_HAL_Driver/Src/stm32h7xx_hal_rng_ex.c ****         }
 184              		.loc 1 163 11 is_stmt 1 view .LVU61
 163:Drivers/STM32H7xx_HAL_Driver/Src/stm32h7xx_hal_rng_ex.c ****         }
 185              		.loc 1 163 18 is_stmt 0 view .LVU62
 186 00a2 BFE7     		b	.L2
 187              	.L9:
 169:Drivers/STM32H7xx_HAL_Driver/Src/stm32h7xx_hal_rng_ex.c **** 
 188              		.loc 1 169 5 is_stmt 1 view .LVU63
 189 00a4 1A68     		ldr	r2, [r3]
 190 00a6 42F00402 		orr	r2, r2, #4
 191 00aa 1A60     		str	r2, [r3]
 172:Drivers/STM32H7xx_HAL_Driver/Src/stm32h7xx_hal_rng_ex.c **** 
 192              		.loc 1 172 5 view .LVU64
 172:Drivers/STM32H7xx_HAL_Driver/Src/stm32h7xx_hal_rng_ex.c **** 
 193              		.loc 1 172 17 is_stmt 0 view .LVU65
 194 00ac 0123     		movs	r3, #1
 195 00ae 6372     		strb	r3, [r4, #9]
 175:Drivers/STM32H7xx_HAL_Driver/Src/stm32h7xx_hal_rng_ex.c ****   }
 196              		.loc 1 175 5 is_stmt 1 view .LVU66
 197              	.LVL14:
 175:Drivers/STM32H7xx_HAL_Driver/Src/stm32h7xx_hal_rng_ex.c ****   }
 198              		.loc 1 175 12 is_stmt 0 view .LVU67
 199 00b0 0025     		movs	r5, #0
 200 00b2 B7E7     		b	.L2
 201              	.LVL15:
 202              	.L6:
 107:Drivers/STM32H7xx_HAL_Driver/Src/stm32h7xx_hal_rng_ex.c ****   }
 203              		.loc 1 107 12 view .LVU68
 204 00b4 0125     		movs	r5, #1
 205 00b6 B5E7     		b	.L2
 206              	.L11:
 207              		.align	2
 208              	.L10:
 209 00b8 FF0000FC 		.word	-67108609
 210 00bc BC0A5917 		.word	391711420
 211              		.cfi_endproc
 212              	.LFE350:
 214              		.section	.text.HAL_RNGEx_GetConfig,"ax",%progbits
 215              		.align	1
 216              		.global	HAL_RNGEx_GetConfig
 217              		.syntax unified
 218              		.thumb
 219              		.thumb_func
 220              		.fpu fpv5-d16
 222              	HAL_RNGEx_GetConfig:
 223              	.LVL16:
 224              	.LFB351:
 186:Drivers/STM32H7xx_HAL_Driver/Src/stm32h7xx_hal_rng_ex.c **** 
 187:Drivers/STM32H7xx_HAL_Driver/Src/stm32h7xx_hal_rng_ex.c **** /**
 188:Drivers/STM32H7xx_HAL_Driver/Src/stm32h7xx_hal_rng_ex.c ****   * @brief  Get the RNG Configuration and fill parameters in the
 189:Drivers/STM32H7xx_HAL_Driver/Src/stm32h7xx_hal_rng_ex.c ****   *         RNG_ConfigTypeDef.
 190:Drivers/STM32H7xx_HAL_Driver/Src/stm32h7xx_hal_rng_ex.c ****   * @param  hrng pointer to a RNG_HandleTypeDef structure that contains
 191:Drivers/STM32H7xx_HAL_Driver/Src/stm32h7xx_hal_rng_ex.c ****   *          the configuration information for RNG.
ARM GAS  /tmp/ccFgaI3P.s 			page 9


 192:Drivers/STM32H7xx_HAL_Driver/Src/stm32h7xx_hal_rng_ex.c ****   * @param  pConf: pointer to a RNG_ConfigTypeDef structure that contains
 193:Drivers/STM32H7xx_HAL_Driver/Src/stm32h7xx_hal_rng_ex.c ****   *         the configuration information for RNG module
 194:Drivers/STM32H7xx_HAL_Driver/Src/stm32h7xx_hal_rng_ex.c **** 
 195:Drivers/STM32H7xx_HAL_Driver/Src/stm32h7xx_hal_rng_ex.c ****   * @retval HAL status
 196:Drivers/STM32H7xx_HAL_Driver/Src/stm32h7xx_hal_rng_ex.c ****   */
 197:Drivers/STM32H7xx_HAL_Driver/Src/stm32h7xx_hal_rng_ex.c **** HAL_StatusTypeDef HAL_RNGEx_GetConfig(RNG_HandleTypeDef *hrng, RNG_ConfigTypeDef *pConf)
 198:Drivers/STM32H7xx_HAL_Driver/Src/stm32h7xx_hal_rng_ex.c **** {
 225              		.loc 1 198 1 is_stmt 1 view -0
 226              		.cfi_startproc
 227              		@ args = 0, pretend = 0, frame = 0
 228              		@ frame_needed = 0, uses_anonymous_args = 0
 229              		@ link register save eliminated.
 230              		.loc 1 198 1 is_stmt 0 view .LVU70
 231 0000 10B4     		push	{r4}
 232              	.LCFI1:
 233              		.cfi_def_cfa_offset 4
 234              		.cfi_offset 4, -4
 199:Drivers/STM32H7xx_HAL_Driver/Src/stm32h7xx_hal_rng_ex.c **** 
 200:Drivers/STM32H7xx_HAL_Driver/Src/stm32h7xx_hal_rng_ex.c ****   HAL_StatusTypeDef status ;
 235              		.loc 1 200 3 is_stmt 1 view .LVU71
 201:Drivers/STM32H7xx_HAL_Driver/Src/stm32h7xx_hal_rng_ex.c **** 
 202:Drivers/STM32H7xx_HAL_Driver/Src/stm32h7xx_hal_rng_ex.c ****   /* Check the RNG handle allocation */
 203:Drivers/STM32H7xx_HAL_Driver/Src/stm32h7xx_hal_rng_ex.c ****   if ((hrng == NULL) || (pConf == NULL))
 236              		.loc 1 203 3 view .LVU72
 237              		.loc 1 203 32 is_stmt 0 view .LVU73
 238 0002 0C46     		mov	r4, r1
 239 0004 B1FA81F1 		clz	r1, r1
 240              	.LVL17:
 241              		.loc 1 203 32 view .LVU74
 242 0008 4909     		lsrs	r1, r1, #5
 243              		.loc 1 203 22 view .LVU75
 244 000a 0028     		cmp	r0, #0
 245 000c 08BF     		it	eq
 246 000e 0121     		moveq	r1, #1
 247              		.loc 1 203 6 view .LVU76
 248 0010 51BB     		cbnz	r1, .L15
 204:Drivers/STM32H7xx_HAL_Driver/Src/stm32h7xx_hal_rng_ex.c ****   {
 205:Drivers/STM32H7xx_HAL_Driver/Src/stm32h7xx_hal_rng_ex.c ****     return HAL_ERROR;
 206:Drivers/STM32H7xx_HAL_Driver/Src/stm32h7xx_hal_rng_ex.c ****   }
 207:Drivers/STM32H7xx_HAL_Driver/Src/stm32h7xx_hal_rng_ex.c **** 
 208:Drivers/STM32H7xx_HAL_Driver/Src/stm32h7xx_hal_rng_ex.c ****   /* Check RNG peripheral state */
 209:Drivers/STM32H7xx_HAL_Driver/Src/stm32h7xx_hal_rng_ex.c ****   if (hrng->State == HAL_RNG_STATE_READY)
 249              		.loc 1 209 3 is_stmt 1 view .LVU77
 250              		.loc 1 209 11 is_stmt 0 view .LVU78
 251 0012 427A     		ldrb	r2, [r0, #9]	@ zero_extendqisi2
 252 0014 D2B2     		uxtb	r2, r2
 253              		.loc 1 209 6 view .LVU79
 254 0016 012A     		cmp	r2, #1
 255 0018 07D0     		beq	.L17
 210:Drivers/STM32H7xx_HAL_Driver/Src/stm32h7xx_hal_rng_ex.c ****   {
 211:Drivers/STM32H7xx_HAL_Driver/Src/stm32h7xx_hal_rng_ex.c ****     /* Change RNG peripheral state */
 212:Drivers/STM32H7xx_HAL_Driver/Src/stm32h7xx_hal_rng_ex.c ****     hrng->State = HAL_RNG_STATE_BUSY;
 213:Drivers/STM32H7xx_HAL_Driver/Src/stm32h7xx_hal_rng_ex.c **** 
 214:Drivers/STM32H7xx_HAL_Driver/Src/stm32h7xx_hal_rng_ex.c ****     /* Get  RNG parameters  */
 215:Drivers/STM32H7xx_HAL_Driver/Src/stm32h7xx_hal_rng_ex.c ****     pConf->Config1        = (uint32_t)((hrng->Instance->CR & RNG_CR_RNG_CONFIG1) >> RNG_CR_RNG_CONF
 216:Drivers/STM32H7xx_HAL_Driver/Src/stm32h7xx_hal_rng_ex.c ****     pConf->Config2        = (uint32_t)((hrng->Instance->CR & RNG_CR_RNG_CONFIG2) >> RNG_CR_RNG_CONF
 217:Drivers/STM32H7xx_HAL_Driver/Src/stm32h7xx_hal_rng_ex.c ****     pConf->Config3        = (uint32_t)((hrng->Instance->CR & RNG_CR_RNG_CONFIG3) >> RNG_CR_RNG_CONF
ARM GAS  /tmp/ccFgaI3P.s 			page 10


 218:Drivers/STM32H7xx_HAL_Driver/Src/stm32h7xx_hal_rng_ex.c ****     pConf->ClockDivider   = (hrng->Instance->CR & RNG_CR_CLKDIV);
 219:Drivers/STM32H7xx_HAL_Driver/Src/stm32h7xx_hal_rng_ex.c ****     pConf->NistCompliance = (hrng->Instance->CR & RNG_CR_NISTC);
 220:Drivers/STM32H7xx_HAL_Driver/Src/stm32h7xx_hal_rng_ex.c **** 
 221:Drivers/STM32H7xx_HAL_Driver/Src/stm32h7xx_hal_rng_ex.c ****     /* Initialize the RNG state */
 222:Drivers/STM32H7xx_HAL_Driver/Src/stm32h7xx_hal_rng_ex.c ****     hrng->State = HAL_RNG_STATE_READY;
 223:Drivers/STM32H7xx_HAL_Driver/Src/stm32h7xx_hal_rng_ex.c **** 
 224:Drivers/STM32H7xx_HAL_Driver/Src/stm32h7xx_hal_rng_ex.c ****     /* function status */
 225:Drivers/STM32H7xx_HAL_Driver/Src/stm32h7xx_hal_rng_ex.c ****     status = HAL_OK;
 226:Drivers/STM32H7xx_HAL_Driver/Src/stm32h7xx_hal_rng_ex.c ****   }
 227:Drivers/STM32H7xx_HAL_Driver/Src/stm32h7xx_hal_rng_ex.c ****   else
 228:Drivers/STM32H7xx_HAL_Driver/Src/stm32h7xx_hal_rng_ex.c ****   {
 229:Drivers/STM32H7xx_HAL_Driver/Src/stm32h7xx_hal_rng_ex.c ****     hrng->ErrorCode |= HAL_RNG_ERROR_BUSY;
 256              		.loc 1 229 5 is_stmt 1 view .LVU80
 257              		.loc 1 229 21 is_stmt 0 view .LVU81
 258 001a C268     		ldr	r2, [r0, #12]
 259 001c 42F00402 		orr	r2, r2, #4
 260 0020 C260     		str	r2, [r0, #12]
 230:Drivers/STM32H7xx_HAL_Driver/Src/stm32h7xx_hal_rng_ex.c ****     status = HAL_ERROR;
 261              		.loc 1 230 5 is_stmt 1 view .LVU82
 262              	.LVL18:
 263              		.loc 1 230 12 is_stmt 0 view .LVU83
 264 0022 0120     		movs	r0, #1
 265              	.LVL19:
 266              	.L13:
 231:Drivers/STM32H7xx_HAL_Driver/Src/stm32h7xx_hal_rng_ex.c ****   }
 232:Drivers/STM32H7xx_HAL_Driver/Src/stm32h7xx_hal_rng_ex.c **** 
 233:Drivers/STM32H7xx_HAL_Driver/Src/stm32h7xx_hal_rng_ex.c ****   /* Return the function status */
 234:Drivers/STM32H7xx_HAL_Driver/Src/stm32h7xx_hal_rng_ex.c ****   return status;
 235:Drivers/STM32H7xx_HAL_Driver/Src/stm32h7xx_hal_rng_ex.c **** }
 267              		.loc 1 235 1 view .LVU84
 268 0024 5DF8044B 		ldr	r4, [sp], #4
 269              	.LCFI2:
 270              		.cfi_remember_state
 271              		.cfi_restore 4
 272              		.cfi_def_cfa_offset 0
 273              	.LVL20:
 274              		.loc 1 235 1 view .LVU85
 275 0028 7047     		bx	lr
 276              	.LVL21:
 277              	.L17:
 278              	.LCFI3:
 279              		.cfi_restore_state
 212:Drivers/STM32H7xx_HAL_Driver/Src/stm32h7xx_hal_rng_ex.c **** 
 280              		.loc 1 212 5 is_stmt 1 view .LVU86
 212:Drivers/STM32H7xx_HAL_Driver/Src/stm32h7xx_hal_rng_ex.c **** 
 281              		.loc 1 212 17 is_stmt 0 view .LVU87
 282 002a 0222     		movs	r2, #2
 283 002c 4272     		strb	r2, [r0, #9]
 215:Drivers/STM32H7xx_HAL_Driver/Src/stm32h7xx_hal_rng_ex.c ****     pConf->Config2        = (uint32_t)((hrng->Instance->CR & RNG_CR_RNG_CONFIG2) >> RNG_CR_RNG_CONF
 284              		.loc 1 215 5 is_stmt 1 view .LVU88
 215:Drivers/STM32H7xx_HAL_Driver/Src/stm32h7xx_hal_rng_ex.c ****     pConf->Config2        = (uint32_t)((hrng->Instance->CR & RNG_CR_RNG_CONFIG2) >> RNG_CR_RNG_CONF
 285              		.loc 1 215 45 is_stmt 0 view .LVU89
 286 002e 0268     		ldr	r2, [r0]
 215:Drivers/STM32H7xx_HAL_Driver/Src/stm32h7xx_hal_rng_ex.c ****     pConf->Config2        = (uint32_t)((hrng->Instance->CR & RNG_CR_RNG_CONFIG2) >> RNG_CR_RNG_CONF
 287              		.loc 1 215 55 view .LVU90
 288 0030 1268     		ldr	r2, [r2]
 215:Drivers/STM32H7xx_HAL_Driver/Src/stm32h7xx_hal_rng_ex.c ****     pConf->Config2        = (uint32_t)((hrng->Instance->CR & RNG_CR_RNG_CONFIG2) >> RNG_CR_RNG_CONF
ARM GAS  /tmp/ccFgaI3P.s 			page 11


 289              		.loc 1 215 29 view .LVU91
 290 0032 C2F30552 		ubfx	r2, r2, #20, #6
 215:Drivers/STM32H7xx_HAL_Driver/Src/stm32h7xx_hal_rng_ex.c ****     pConf->Config2        = (uint32_t)((hrng->Instance->CR & RNG_CR_RNG_CONFIG2) >> RNG_CR_RNG_CONF
 291              		.loc 1 215 27 view .LVU92
 292 0036 2260     		str	r2, [r4]
 216:Drivers/STM32H7xx_HAL_Driver/Src/stm32h7xx_hal_rng_ex.c ****     pConf->Config3        = (uint32_t)((hrng->Instance->CR & RNG_CR_RNG_CONFIG3) >> RNG_CR_RNG_CONF
 293              		.loc 1 216 5 is_stmt 1 view .LVU93
 216:Drivers/STM32H7xx_HAL_Driver/Src/stm32h7xx_hal_rng_ex.c ****     pConf->Config3        = (uint32_t)((hrng->Instance->CR & RNG_CR_RNG_CONFIG3) >> RNG_CR_RNG_CONF
 294              		.loc 1 216 45 is_stmt 0 view .LVU94
 295 0038 0268     		ldr	r2, [r0]
 216:Drivers/STM32H7xx_HAL_Driver/Src/stm32h7xx_hal_rng_ex.c ****     pConf->Config3        = (uint32_t)((hrng->Instance->CR & RNG_CR_RNG_CONFIG3) >> RNG_CR_RNG_CONF
 296              		.loc 1 216 55 view .LVU95
 297 003a 1268     		ldr	r2, [r2]
 216:Drivers/STM32H7xx_HAL_Driver/Src/stm32h7xx_hal_rng_ex.c ****     pConf->Config3        = (uint32_t)((hrng->Instance->CR & RNG_CR_RNG_CONFIG3) >> RNG_CR_RNG_CONF
 298              		.loc 1 216 29 view .LVU96
 299 003c C2F34232 		ubfx	r2, r2, #13, #3
 216:Drivers/STM32H7xx_HAL_Driver/Src/stm32h7xx_hal_rng_ex.c ****     pConf->Config3        = (uint32_t)((hrng->Instance->CR & RNG_CR_RNG_CONFIG3) >> RNG_CR_RNG_CONF
 300              		.loc 1 216 27 view .LVU97
 301 0040 6260     		str	r2, [r4, #4]
 217:Drivers/STM32H7xx_HAL_Driver/Src/stm32h7xx_hal_rng_ex.c ****     pConf->ClockDivider   = (hrng->Instance->CR & RNG_CR_CLKDIV);
 302              		.loc 1 217 5 is_stmt 1 view .LVU98
 217:Drivers/STM32H7xx_HAL_Driver/Src/stm32h7xx_hal_rng_ex.c ****     pConf->ClockDivider   = (hrng->Instance->CR & RNG_CR_CLKDIV);
 303              		.loc 1 217 45 is_stmt 0 view .LVU99
 304 0042 0268     		ldr	r2, [r0]
 217:Drivers/STM32H7xx_HAL_Driver/Src/stm32h7xx_hal_rng_ex.c ****     pConf->ClockDivider   = (hrng->Instance->CR & RNG_CR_CLKDIV);
 305              		.loc 1 217 55 view .LVU100
 306 0044 1268     		ldr	r2, [r2]
 217:Drivers/STM32H7xx_HAL_Driver/Src/stm32h7xx_hal_rng_ex.c ****     pConf->ClockDivider   = (hrng->Instance->CR & RNG_CR_CLKDIV);
 307              		.loc 1 217 29 view .LVU101
 308 0046 C2F30322 		ubfx	r2, r2, #8, #4
 217:Drivers/STM32H7xx_HAL_Driver/Src/stm32h7xx_hal_rng_ex.c ****     pConf->ClockDivider   = (hrng->Instance->CR & RNG_CR_CLKDIV);
 309              		.loc 1 217 27 view .LVU102
 310 004a A260     		str	r2, [r4, #8]
 218:Drivers/STM32H7xx_HAL_Driver/Src/stm32h7xx_hal_rng_ex.c ****     pConf->NistCompliance = (hrng->Instance->CR & RNG_CR_NISTC);
 311              		.loc 1 218 5 is_stmt 1 view .LVU103
 218:Drivers/STM32H7xx_HAL_Driver/Src/stm32h7xx_hal_rng_ex.c ****     pConf->NistCompliance = (hrng->Instance->CR & RNG_CR_NISTC);
 312              		.loc 1 218 34 is_stmt 0 view .LVU104
 313 004c 0268     		ldr	r2, [r0]
 218:Drivers/STM32H7xx_HAL_Driver/Src/stm32h7xx_hal_rng_ex.c ****     pConf->NistCompliance = (hrng->Instance->CR & RNG_CR_NISTC);
 314              		.loc 1 218 44 view .LVU105
 315 004e 1268     		ldr	r2, [r2]
 218:Drivers/STM32H7xx_HAL_Driver/Src/stm32h7xx_hal_rng_ex.c ****     pConf->NistCompliance = (hrng->Instance->CR & RNG_CR_NISTC);
 316              		.loc 1 218 49 view .LVU106
 317 0050 02F47022 		and	r2, r2, #983040
 218:Drivers/STM32H7xx_HAL_Driver/Src/stm32h7xx_hal_rng_ex.c ****     pConf->NistCompliance = (hrng->Instance->CR & RNG_CR_NISTC);
 318              		.loc 1 218 27 view .LVU107
 319 0054 E260     		str	r2, [r4, #12]
 219:Drivers/STM32H7xx_HAL_Driver/Src/stm32h7xx_hal_rng_ex.c **** 
 320              		.loc 1 219 5 is_stmt 1 view .LVU108
 219:Drivers/STM32H7xx_HAL_Driver/Src/stm32h7xx_hal_rng_ex.c **** 
 321              		.loc 1 219 34 is_stmt 0 view .LVU109
 322 0056 0268     		ldr	r2, [r0]
 219:Drivers/STM32H7xx_HAL_Driver/Src/stm32h7xx_hal_rng_ex.c **** 
 323              		.loc 1 219 44 view .LVU110
 324 0058 1268     		ldr	r2, [r2]
 219:Drivers/STM32H7xx_HAL_Driver/Src/stm32h7xx_hal_rng_ex.c **** 
 325              		.loc 1 219 49 view .LVU111
ARM GAS  /tmp/ccFgaI3P.s 			page 12


 326 005a 02F48052 		and	r2, r2, #4096
 219:Drivers/STM32H7xx_HAL_Driver/Src/stm32h7xx_hal_rng_ex.c **** 
 327              		.loc 1 219 27 view .LVU112
 328 005e 2261     		str	r2, [r4, #16]
 222:Drivers/STM32H7xx_HAL_Driver/Src/stm32h7xx_hal_rng_ex.c **** 
 329              		.loc 1 222 5 is_stmt 1 view .LVU113
 222:Drivers/STM32H7xx_HAL_Driver/Src/stm32h7xx_hal_rng_ex.c **** 
 330              		.loc 1 222 17 is_stmt 0 view .LVU114
 331 0060 0122     		movs	r2, #1
 332 0062 4272     		strb	r2, [r0, #9]
 225:Drivers/STM32H7xx_HAL_Driver/Src/stm32h7xx_hal_rng_ex.c ****   }
 333              		.loc 1 225 5 is_stmt 1 view .LVU115
 334              	.LVL22:
 225:Drivers/STM32H7xx_HAL_Driver/Src/stm32h7xx_hal_rng_ex.c ****   }
 335              		.loc 1 225 12 is_stmt 0 view .LVU116
 336 0064 0020     		movs	r0, #0
 337              	.LVL23:
 225:Drivers/STM32H7xx_HAL_Driver/Src/stm32h7xx_hal_rng_ex.c ****   }
 338              		.loc 1 225 12 view .LVU117
 339 0066 DDE7     		b	.L13
 340              	.LVL24:
 341              	.L15:
 205:Drivers/STM32H7xx_HAL_Driver/Src/stm32h7xx_hal_rng_ex.c ****   }
 342              		.loc 1 205 12 view .LVU118
 343 0068 0120     		movs	r0, #1
 344              	.LVL25:
 205:Drivers/STM32H7xx_HAL_Driver/Src/stm32h7xx_hal_rng_ex.c ****   }
 345              		.loc 1 205 12 view .LVU119
 346 006a DBE7     		b	.L13
 347              		.cfi_endproc
 348              	.LFE351:
 350              		.section	.text.HAL_RNGEx_LockConfig,"ax",%progbits
 351              		.align	1
 352              		.global	HAL_RNGEx_LockConfig
 353              		.syntax unified
 354              		.thumb
 355              		.thumb_func
 356              		.fpu fpv5-d16
 358              	HAL_RNGEx_LockConfig:
 359              	.LVL26:
 360              	.LFB352:
 236:Drivers/STM32H7xx_HAL_Driver/Src/stm32h7xx_hal_rng_ex.c **** 
 237:Drivers/STM32H7xx_HAL_Driver/Src/stm32h7xx_hal_rng_ex.c **** /**
 238:Drivers/STM32H7xx_HAL_Driver/Src/stm32h7xx_hal_rng_ex.c ****   * @brief  RNG current configuration lock.
 239:Drivers/STM32H7xx_HAL_Driver/Src/stm32h7xx_hal_rng_ex.c ****   * @note   This function allows to lock RNG peripheral configuration.
 240:Drivers/STM32H7xx_HAL_Driver/Src/stm32h7xx_hal_rng_ex.c ****   *         Once locked, HW RNG reset has to be performed prior any further
 241:Drivers/STM32H7xx_HAL_Driver/Src/stm32h7xx_hal_rng_ex.c ****   *         configuration update.
 242:Drivers/STM32H7xx_HAL_Driver/Src/stm32h7xx_hal_rng_ex.c ****   * @param  hrng pointer to a RNG_HandleTypeDef structure that contains
 243:Drivers/STM32H7xx_HAL_Driver/Src/stm32h7xx_hal_rng_ex.c ****   *                the configuration information for RNG.
 244:Drivers/STM32H7xx_HAL_Driver/Src/stm32h7xx_hal_rng_ex.c ****   * @retval HAL status
 245:Drivers/STM32H7xx_HAL_Driver/Src/stm32h7xx_hal_rng_ex.c ****   */
 246:Drivers/STM32H7xx_HAL_Driver/Src/stm32h7xx_hal_rng_ex.c **** HAL_StatusTypeDef HAL_RNGEx_LockConfig(RNG_HandleTypeDef *hrng)
 247:Drivers/STM32H7xx_HAL_Driver/Src/stm32h7xx_hal_rng_ex.c **** {
 361              		.loc 1 247 1 is_stmt 1 view -0
 362              		.cfi_startproc
 363              		@ args = 0, pretend = 0, frame = 0
 364              		@ frame_needed = 0, uses_anonymous_args = 0
ARM GAS  /tmp/ccFgaI3P.s 			page 13


 365              		@ link register save eliminated.
 248:Drivers/STM32H7xx_HAL_Driver/Src/stm32h7xx_hal_rng_ex.c ****   HAL_StatusTypeDef status;
 366              		.loc 1 248 3 view .LVU121
 249:Drivers/STM32H7xx_HAL_Driver/Src/stm32h7xx_hal_rng_ex.c **** 
 250:Drivers/STM32H7xx_HAL_Driver/Src/stm32h7xx_hal_rng_ex.c ****   /* Check the RNG handle allocation */
 251:Drivers/STM32H7xx_HAL_Driver/Src/stm32h7xx_hal_rng_ex.c ****   if (hrng == NULL)
 367              		.loc 1 251 3 view .LVU122
 368              		.loc 1 251 6 is_stmt 0 view .LVU123
 369 0000 90B1     		cbz	r0, .L21
 252:Drivers/STM32H7xx_HAL_Driver/Src/stm32h7xx_hal_rng_ex.c ****   {
 253:Drivers/STM32H7xx_HAL_Driver/Src/stm32h7xx_hal_rng_ex.c ****     return HAL_ERROR;
 254:Drivers/STM32H7xx_HAL_Driver/Src/stm32h7xx_hal_rng_ex.c ****   }
 255:Drivers/STM32H7xx_HAL_Driver/Src/stm32h7xx_hal_rng_ex.c **** 
 256:Drivers/STM32H7xx_HAL_Driver/Src/stm32h7xx_hal_rng_ex.c ****   /* Check RNG peripheral state */
 257:Drivers/STM32H7xx_HAL_Driver/Src/stm32h7xx_hal_rng_ex.c ****   if (hrng->State == HAL_RNG_STATE_READY)
 370              		.loc 1 257 3 is_stmt 1 view .LVU124
 371              		.loc 1 257 11 is_stmt 0 view .LVU125
 372 0002 437A     		ldrb	r3, [r0, #9]	@ zero_extendqisi2
 373 0004 DBB2     		uxtb	r3, r3
 374              		.loc 1 257 6 view .LVU126
 375 0006 012B     		cmp	r3, #1
 376 0008 03D0     		beq	.L22
 258:Drivers/STM32H7xx_HAL_Driver/Src/stm32h7xx_hal_rng_ex.c ****   {
 259:Drivers/STM32H7xx_HAL_Driver/Src/stm32h7xx_hal_rng_ex.c ****     /* Change RNG peripheral state */
 260:Drivers/STM32H7xx_HAL_Driver/Src/stm32h7xx_hal_rng_ex.c ****     hrng->State = HAL_RNG_STATE_BUSY;
 261:Drivers/STM32H7xx_HAL_Driver/Src/stm32h7xx_hal_rng_ex.c **** 
 262:Drivers/STM32H7xx_HAL_Driver/Src/stm32h7xx_hal_rng_ex.c ****     /* Perform RNG configuration Lock */
 263:Drivers/STM32H7xx_HAL_Driver/Src/stm32h7xx_hal_rng_ex.c ****     MODIFY_REG(hrng->Instance->CR, RNG_CR_CONFIGLOCK, RNG_CR_CONFIGLOCK);
 264:Drivers/STM32H7xx_HAL_Driver/Src/stm32h7xx_hal_rng_ex.c **** 
 265:Drivers/STM32H7xx_HAL_Driver/Src/stm32h7xx_hal_rng_ex.c ****     /* Change RNG peripheral state */
 266:Drivers/STM32H7xx_HAL_Driver/Src/stm32h7xx_hal_rng_ex.c ****     hrng->State = HAL_RNG_STATE_READY;
 267:Drivers/STM32H7xx_HAL_Driver/Src/stm32h7xx_hal_rng_ex.c **** 
 268:Drivers/STM32H7xx_HAL_Driver/Src/stm32h7xx_hal_rng_ex.c ****     /* function status */
 269:Drivers/STM32H7xx_HAL_Driver/Src/stm32h7xx_hal_rng_ex.c ****     status = HAL_OK;
 270:Drivers/STM32H7xx_HAL_Driver/Src/stm32h7xx_hal_rng_ex.c ****   }
 271:Drivers/STM32H7xx_HAL_Driver/Src/stm32h7xx_hal_rng_ex.c ****   else
 272:Drivers/STM32H7xx_HAL_Driver/Src/stm32h7xx_hal_rng_ex.c ****   {
 273:Drivers/STM32H7xx_HAL_Driver/Src/stm32h7xx_hal_rng_ex.c ****     hrng->ErrorCode = HAL_RNG_ERROR_BUSY;
 377              		.loc 1 273 5 is_stmt 1 view .LVU127
 378              		.loc 1 273 21 is_stmt 0 view .LVU128
 379 000a 0423     		movs	r3, #4
 380 000c C360     		str	r3, [r0, #12]
 274:Drivers/STM32H7xx_HAL_Driver/Src/stm32h7xx_hal_rng_ex.c ****     status = HAL_ERROR;
 381              		.loc 1 274 5 is_stmt 1 view .LVU129
 382              	.LVL27:
 383              		.loc 1 274 12 is_stmt 0 view .LVU130
 384 000e 0120     		movs	r0, #1
 385              	.LVL28:
 386              		.loc 1 274 12 view .LVU131
 387 0010 7047     		bx	lr
 388              	.LVL29:
 389              	.L22:
 260:Drivers/STM32H7xx_HAL_Driver/Src/stm32h7xx_hal_rng_ex.c **** 
 390              		.loc 1 260 5 is_stmt 1 view .LVU132
 260:Drivers/STM32H7xx_HAL_Driver/Src/stm32h7xx_hal_rng_ex.c **** 
 391              		.loc 1 260 17 is_stmt 0 view .LVU133
 392 0012 0223     		movs	r3, #2
ARM GAS  /tmp/ccFgaI3P.s 			page 14


 393 0014 4372     		strb	r3, [r0, #9]
 263:Drivers/STM32H7xx_HAL_Driver/Src/stm32h7xx_hal_rng_ex.c **** 
 394              		.loc 1 263 5 is_stmt 1 view .LVU134
 395 0016 0168     		ldr	r1, [r0]
 396 0018 0B68     		ldr	r3, [r1]
 397 001a 43F00043 		orr	r3, r3, #-2147483648
 398 001e 0B60     		str	r3, [r1]
 266:Drivers/STM32H7xx_HAL_Driver/Src/stm32h7xx_hal_rng_ex.c **** 
 399              		.loc 1 266 5 view .LVU135
 266:Drivers/STM32H7xx_HAL_Driver/Src/stm32h7xx_hal_rng_ex.c **** 
 400              		.loc 1 266 17 is_stmt 0 view .LVU136
 401 0020 0123     		movs	r3, #1
 402 0022 4372     		strb	r3, [r0, #9]
 269:Drivers/STM32H7xx_HAL_Driver/Src/stm32h7xx_hal_rng_ex.c ****   }
 403              		.loc 1 269 5 is_stmt 1 view .LVU137
 404              	.LVL30:
 269:Drivers/STM32H7xx_HAL_Driver/Src/stm32h7xx_hal_rng_ex.c ****   }
 405              		.loc 1 269 12 is_stmt 0 view .LVU138
 406 0024 0020     		movs	r0, #0
 407              	.LVL31:
 269:Drivers/STM32H7xx_HAL_Driver/Src/stm32h7xx_hal_rng_ex.c ****   }
 408              		.loc 1 269 12 view .LVU139
 409 0026 7047     		bx	lr
 410              	.LVL32:
 411              	.L21:
 253:Drivers/STM32H7xx_HAL_Driver/Src/stm32h7xx_hal_rng_ex.c ****   }
 412              		.loc 1 253 12 view .LVU140
 413 0028 0120     		movs	r0, #1
 414              	.LVL33:
 275:Drivers/STM32H7xx_HAL_Driver/Src/stm32h7xx_hal_rng_ex.c ****   }
 276:Drivers/STM32H7xx_HAL_Driver/Src/stm32h7xx_hal_rng_ex.c **** 
 277:Drivers/STM32H7xx_HAL_Driver/Src/stm32h7xx_hal_rng_ex.c ****   /* Return the function status */
 278:Drivers/STM32H7xx_HAL_Driver/Src/stm32h7xx_hal_rng_ex.c ****   return status;
 279:Drivers/STM32H7xx_HAL_Driver/Src/stm32h7xx_hal_rng_ex.c **** }
 415              		.loc 1 279 1 view .LVU141
 416 002a 7047     		bx	lr
 417              		.cfi_endproc
 418              	.LFE352:
 420              		.section	.text.HAL_RNGEx_RecoverSeedError,"ax",%progbits
 421              		.align	1
 422              		.global	HAL_RNGEx_RecoverSeedError
 423              		.syntax unified
 424              		.thumb
 425              		.thumb_func
 426              		.fpu fpv5-d16
 428              	HAL_RNGEx_RecoverSeedError:
 429              	.LVL34:
 430              	.LFB353:
 280:Drivers/STM32H7xx_HAL_Driver/Src/stm32h7xx_hal_rng_ex.c **** 
 281:Drivers/STM32H7xx_HAL_Driver/Src/stm32h7xx_hal_rng_ex.c **** 
 282:Drivers/STM32H7xx_HAL_Driver/Src/stm32h7xx_hal_rng_ex.c **** /**
 283:Drivers/STM32H7xx_HAL_Driver/Src/stm32h7xx_hal_rng_ex.c ****   * @}
 284:Drivers/STM32H7xx_HAL_Driver/Src/stm32h7xx_hal_rng_ex.c ****   */
 285:Drivers/STM32H7xx_HAL_Driver/Src/stm32h7xx_hal_rng_ex.c **** 
 286:Drivers/STM32H7xx_HAL_Driver/Src/stm32h7xx_hal_rng_ex.c **** /** @addtogroup RNG_Ex_Exported_Functions_Group2
 287:Drivers/STM32H7xx_HAL_Driver/Src/stm32h7xx_hal_rng_ex.c ****   *  @brief   Recover from seed error function
 288:Drivers/STM32H7xx_HAL_Driver/Src/stm32h7xx_hal_rng_ex.c ****   *
ARM GAS  /tmp/ccFgaI3P.s 			page 15


 289:Drivers/STM32H7xx_HAL_Driver/Src/stm32h7xx_hal_rng_ex.c **** @verbatim
 290:Drivers/STM32H7xx_HAL_Driver/Src/stm32h7xx_hal_rng_ex.c ****  ===============================================================================
 291:Drivers/STM32H7xx_HAL_Driver/Src/stm32h7xx_hal_rng_ex.c ****           ##### Configuration and lock functions #####
 292:Drivers/STM32H7xx_HAL_Driver/Src/stm32h7xx_hal_rng_ex.c ****  ===============================================================================
 293:Drivers/STM32H7xx_HAL_Driver/Src/stm32h7xx_hal_rng_ex.c ****     [..]  This section provide function allowing to:
 294:Drivers/STM32H7xx_HAL_Driver/Src/stm32h7xx_hal_rng_ex.c ****       (+) Recover from a seed error
 295:Drivers/STM32H7xx_HAL_Driver/Src/stm32h7xx_hal_rng_ex.c **** 
 296:Drivers/STM32H7xx_HAL_Driver/Src/stm32h7xx_hal_rng_ex.c **** @endverbatim
 297:Drivers/STM32H7xx_HAL_Driver/Src/stm32h7xx_hal_rng_ex.c ****   * @{
 298:Drivers/STM32H7xx_HAL_Driver/Src/stm32h7xx_hal_rng_ex.c ****   */
 299:Drivers/STM32H7xx_HAL_Driver/Src/stm32h7xx_hal_rng_ex.c **** 
 300:Drivers/STM32H7xx_HAL_Driver/Src/stm32h7xx_hal_rng_ex.c **** /**
 301:Drivers/STM32H7xx_HAL_Driver/Src/stm32h7xx_hal_rng_ex.c ****   * @brief  RNG sequence to recover from a seed error
 302:Drivers/STM32H7xx_HAL_Driver/Src/stm32h7xx_hal_rng_ex.c ****   * @param  hrng: pointer to a RNG_HandleTypeDef structure.
 303:Drivers/STM32H7xx_HAL_Driver/Src/stm32h7xx_hal_rng_ex.c ****   * @retval HAL status
 304:Drivers/STM32H7xx_HAL_Driver/Src/stm32h7xx_hal_rng_ex.c ****   */
 305:Drivers/STM32H7xx_HAL_Driver/Src/stm32h7xx_hal_rng_ex.c **** HAL_StatusTypeDef HAL_RNGEx_RecoverSeedError(RNG_HandleTypeDef *hrng)
 306:Drivers/STM32H7xx_HAL_Driver/Src/stm32h7xx_hal_rng_ex.c **** {
 431              		.loc 1 306 1 is_stmt 1 view -0
 432              		.cfi_startproc
 433              		@ args = 0, pretend = 0, frame = 0
 434              		@ frame_needed = 0, uses_anonymous_args = 0
 307:Drivers/STM32H7xx_HAL_Driver/Src/stm32h7xx_hal_rng_ex.c ****   HAL_StatusTypeDef status;
 435              		.loc 1 307 3 view .LVU143
 308:Drivers/STM32H7xx_HAL_Driver/Src/stm32h7xx_hal_rng_ex.c **** 
 309:Drivers/STM32H7xx_HAL_Driver/Src/stm32h7xx_hal_rng_ex.c ****   /* Check the RNG handle allocation */
 310:Drivers/STM32H7xx_HAL_Driver/Src/stm32h7xx_hal_rng_ex.c ****   if (hrng == NULL)
 436              		.loc 1 310 3 view .LVU144
 437              		.loc 1 310 6 is_stmt 0 view .LVU145
 438 0000 68B1     		cbz	r0, .L26
 306:Drivers/STM32H7xx_HAL_Driver/Src/stm32h7xx_hal_rng_ex.c ****   HAL_StatusTypeDef status;
 439              		.loc 1 306 1 view .LVU146
 440 0002 08B5     		push	{r3, lr}
 441              	.LCFI4:
 442              		.cfi_def_cfa_offset 8
 443              		.cfi_offset 3, -8
 444              		.cfi_offset 14, -4
 311:Drivers/STM32H7xx_HAL_Driver/Src/stm32h7xx_hal_rng_ex.c ****   {
 312:Drivers/STM32H7xx_HAL_Driver/Src/stm32h7xx_hal_rng_ex.c ****     return HAL_ERROR;
 313:Drivers/STM32H7xx_HAL_Driver/Src/stm32h7xx_hal_rng_ex.c ****   }
 314:Drivers/STM32H7xx_HAL_Driver/Src/stm32h7xx_hal_rng_ex.c **** 
 315:Drivers/STM32H7xx_HAL_Driver/Src/stm32h7xx_hal_rng_ex.c ****   /* Check RNG peripheral state */
 316:Drivers/STM32H7xx_HAL_Driver/Src/stm32h7xx_hal_rng_ex.c ****   if (hrng->State == HAL_RNG_STATE_READY)
 445              		.loc 1 316 3 is_stmt 1 view .LVU147
 446              		.loc 1 316 11 is_stmt 0 view .LVU148
 447 0004 437A     		ldrb	r3, [r0, #9]	@ zero_extendqisi2
 448 0006 DBB2     		uxtb	r3, r3
 449              		.loc 1 316 6 view .LVU149
 450 0008 012B     		cmp	r3, #1
 451 000a 03D0     		beq	.L31
 317:Drivers/STM32H7xx_HAL_Driver/Src/stm32h7xx_hal_rng_ex.c ****   {
 318:Drivers/STM32H7xx_HAL_Driver/Src/stm32h7xx_hal_rng_ex.c ****     /* Change RNG peripheral state */
 319:Drivers/STM32H7xx_HAL_Driver/Src/stm32h7xx_hal_rng_ex.c ****     hrng->State = HAL_RNG_STATE_BUSY;
 320:Drivers/STM32H7xx_HAL_Driver/Src/stm32h7xx_hal_rng_ex.c **** 
 321:Drivers/STM32H7xx_HAL_Driver/Src/stm32h7xx_hal_rng_ex.c ****     /* sequence to fully recover from a seed error */
 322:Drivers/STM32H7xx_HAL_Driver/Src/stm32h7xx_hal_rng_ex.c ****     status = RNG_RecoverSeedError(hrng);
 323:Drivers/STM32H7xx_HAL_Driver/Src/stm32h7xx_hal_rng_ex.c ****   }
ARM GAS  /tmp/ccFgaI3P.s 			page 16


 324:Drivers/STM32H7xx_HAL_Driver/Src/stm32h7xx_hal_rng_ex.c ****   else
 325:Drivers/STM32H7xx_HAL_Driver/Src/stm32h7xx_hal_rng_ex.c ****   {
 326:Drivers/STM32H7xx_HAL_Driver/Src/stm32h7xx_hal_rng_ex.c ****     hrng->ErrorCode = HAL_RNG_ERROR_BUSY;
 452              		.loc 1 326 5 is_stmt 1 view .LVU150
 453              		.loc 1 326 21 is_stmt 0 view .LVU151
 454 000c 0423     		movs	r3, #4
 455 000e C360     		str	r3, [r0, #12]
 327:Drivers/STM32H7xx_HAL_Driver/Src/stm32h7xx_hal_rng_ex.c ****     status = HAL_ERROR;
 456              		.loc 1 327 5 is_stmt 1 view .LVU152
 457              	.LVL35:
 458              		.loc 1 327 12 is_stmt 0 view .LVU153
 459 0010 0120     		movs	r0, #1
 460              	.LVL36:
 461              	.L24:
 328:Drivers/STM32H7xx_HAL_Driver/Src/stm32h7xx_hal_rng_ex.c ****   }
 329:Drivers/STM32H7xx_HAL_Driver/Src/stm32h7xx_hal_rng_ex.c **** 
 330:Drivers/STM32H7xx_HAL_Driver/Src/stm32h7xx_hal_rng_ex.c ****   /* Return the function status */
 331:Drivers/STM32H7xx_HAL_Driver/Src/stm32h7xx_hal_rng_ex.c ****   return status;
 332:Drivers/STM32H7xx_HAL_Driver/Src/stm32h7xx_hal_rng_ex.c **** }
 462              		.loc 1 332 1 view .LVU154
 463 0012 08BD     		pop	{r3, pc}
 464              	.LVL37:
 465              	.L31:
 319:Drivers/STM32H7xx_HAL_Driver/Src/stm32h7xx_hal_rng_ex.c **** 
 466              		.loc 1 319 5 is_stmt 1 view .LVU155
 319:Drivers/STM32H7xx_HAL_Driver/Src/stm32h7xx_hal_rng_ex.c **** 
 467              		.loc 1 319 17 is_stmt 0 view .LVU156
 468 0014 0223     		movs	r3, #2
 469 0016 4372     		strb	r3, [r0, #9]
 322:Drivers/STM32H7xx_HAL_Driver/Src/stm32h7xx_hal_rng_ex.c ****   }
 470              		.loc 1 322 5 is_stmt 1 view .LVU157
 322:Drivers/STM32H7xx_HAL_Driver/Src/stm32h7xx_hal_rng_ex.c ****   }
 471              		.loc 1 322 14 is_stmt 0 view .LVU158
 472 0018 FFF7FEFF 		bl	RNG_RecoverSeedError
 473              	.LVL38:
 322:Drivers/STM32H7xx_HAL_Driver/Src/stm32h7xx_hal_rng_ex.c ****   }
 474              		.loc 1 322 14 view .LVU159
 475 001c F9E7     		b	.L24
 476              	.LVL39:
 477              	.L26:
 478              	.LCFI5:
 479              		.cfi_def_cfa_offset 0
 480              		.cfi_restore 3
 481              		.cfi_restore 14
 312:Drivers/STM32H7xx_HAL_Driver/Src/stm32h7xx_hal_rng_ex.c ****   }
 482              		.loc 1 312 12 view .LVU160
 483 001e 0120     		movs	r0, #1
 484              	.LVL40:
 485              		.loc 1 332 1 view .LVU161
 486 0020 7047     		bx	lr
 487              		.cfi_endproc
 488              	.LFE353:
 490              		.text
 491              	.Letext0:
 492              		.file 2 "/nix/store/9w2nhnv8b84a8yg8jsii47ikl60bz16p-gcc-arm-embedded-9.3.1/arm-none-eabi/include/
 493              		.file 3 "/nix/store/9w2nhnv8b84a8yg8jsii47ikl60bz16p-gcc-arm-embedded-9.3.1/arm-none-eabi/include/
 494              		.file 4 "Drivers/CMSIS/Include/core_cm7.h"
ARM GAS  /tmp/ccFgaI3P.s 			page 17


 495              		.file 5 "Drivers/CMSIS/Device/ST/STM32H7xx/Include/system_stm32h7xx.h"
 496              		.file 6 "Drivers/CMSIS/Device/ST/STM32H7xx/Include/stm32h723xx.h"
 497              		.file 7 "/nix/store/9w2nhnv8b84a8yg8jsii47ikl60bz16p-gcc-arm-embedded-9.3.1/lib/gcc/arm-none-eabi/
 498              		.file 8 "/nix/store/9w2nhnv8b84a8yg8jsii47ikl60bz16p-gcc-arm-embedded-9.3.1/arm-none-eabi/include/
 499              		.file 9 "/nix/store/9w2nhnv8b84a8yg8jsii47ikl60bz16p-gcc-arm-embedded-9.3.1/arm-none-eabi/include/
 500              		.file 10 "/nix/store/9w2nhnv8b84a8yg8jsii47ikl60bz16p-gcc-arm-embedded-9.3.1/arm-none-eabi/include
 501              		.file 11 "/nix/store/9w2nhnv8b84a8yg8jsii47ikl60bz16p-gcc-arm-embedded-9.3.1/arm-none-eabi/include
 502              		.file 12 "Drivers/STM32H7xx_HAL_Driver/Inc/stm32h7xx_hal_def.h"
 503              		.file 13 "Drivers/STM32H7xx_HAL_Driver/Inc/stm32h7xx_hal_flash.h"
 504              		.file 14 "Drivers/STM32H7xx_HAL_Driver/Inc/stm32h7xx_hal_rng.h"
 505              		.file 15 "Drivers/STM32H7xx_HAL_Driver/Inc/stm32h7xx_hal_rng_ex.h"
 506              		.file 16 "Drivers/STM32H7xx_HAL_Driver/Inc/stm32h7xx_hal_uart.h"
 507              		.file 17 "Drivers/STM32H7xx_HAL_Driver/Inc/stm32h7xx_hal.h"
ARM GAS  /tmp/ccFgaI3P.s 			page 18


DEFINED SYMBOLS
                            *ABS*:0000000000000000 stm32h7xx_hal_rng_ex.c
     /tmp/ccFgaI3P.s:17     .text.HAL_RNGEx_SetConfig:0000000000000000 $t
     /tmp/ccFgaI3P.s:25     .text.HAL_RNGEx_SetConfig:0000000000000000 HAL_RNGEx_SetConfig
     /tmp/ccFgaI3P.s:209    .text.HAL_RNGEx_SetConfig:00000000000000b8 $d
     /tmp/ccFgaI3P.s:215    .text.HAL_RNGEx_GetConfig:0000000000000000 $t
     /tmp/ccFgaI3P.s:222    .text.HAL_RNGEx_GetConfig:0000000000000000 HAL_RNGEx_GetConfig
     /tmp/ccFgaI3P.s:351    .text.HAL_RNGEx_LockConfig:0000000000000000 $t
     /tmp/ccFgaI3P.s:358    .text.HAL_RNGEx_LockConfig:0000000000000000 HAL_RNGEx_LockConfig
     /tmp/ccFgaI3P.s:421    .text.HAL_RNGEx_RecoverSeedError:0000000000000000 $t
     /tmp/ccFgaI3P.s:428    .text.HAL_RNGEx_RecoverSeedError:0000000000000000 HAL_RNGEx_RecoverSeedError

UNDEFINED SYMBOLS
HAL_GetTick
RNG_RecoverSeedError
