ARM GAS  /tmp/cc0aVCoL.s 			page 1


   1              		.cpu cortex-m7
   2              		.eabi_attribute 28, 1
   3              		.eabi_attribute 20, 1
   4              		.eabi_attribute 21, 1
   5              		.eabi_attribute 23, 3
   6              		.eabi_attribute 24, 1
   7              		.eabi_attribute 25, 1
   8              		.eabi_attribute 26, 1
   9              		.eabi_attribute 30, 1
  10              		.eabi_attribute 34, 1
  11              		.eabi_attribute 18, 4
  12              		.file	"usbd_ioreq.c"
  13              		.text
  14              	.Ltext0:
  15              		.cfi_sections	.debug_frame
  16              		.section	.text.USBD_CtlSendData,"ax",%progbits
  17              		.align	1
  18              		.global	USBD_CtlSendData
  19              		.arch armv7e-m
  20              		.syntax unified
  21              		.thumb
  22              		.thumb_func
  23              		.fpu fpv5-d16
  25              	USBD_CtlSendData:
  26              	.LVL0:
  27              	.LFB354:
  28              		.file 1 "Middlewares/ST/STM32_USB_Device_Library/Core/Src/usbd_ioreq.c"
   1:Middlewares/ST/STM32_USB_Device_Library/Core/Src/usbd_ioreq.c **** /**
   2:Middlewares/ST/STM32_USB_Device_Library/Core/Src/usbd_ioreq.c ****   ******************************************************************************
   3:Middlewares/ST/STM32_USB_Device_Library/Core/Src/usbd_ioreq.c ****   * @file    usbd_ioreq.c
   4:Middlewares/ST/STM32_USB_Device_Library/Core/Src/usbd_ioreq.c ****   * @author  MCD Application Team
   5:Middlewares/ST/STM32_USB_Device_Library/Core/Src/usbd_ioreq.c ****   * @brief   This file provides the IO requests APIs for control endpoints.
   6:Middlewares/ST/STM32_USB_Device_Library/Core/Src/usbd_ioreq.c ****   ******************************************************************************
   7:Middlewares/ST/STM32_USB_Device_Library/Core/Src/usbd_ioreq.c ****   * @attention
   8:Middlewares/ST/STM32_USB_Device_Library/Core/Src/usbd_ioreq.c ****   *
   9:Middlewares/ST/STM32_USB_Device_Library/Core/Src/usbd_ioreq.c ****   * Copyright (c) 2015 STMicroelectronics.
  10:Middlewares/ST/STM32_USB_Device_Library/Core/Src/usbd_ioreq.c ****   * All rights reserved.
  11:Middlewares/ST/STM32_USB_Device_Library/Core/Src/usbd_ioreq.c ****   *
  12:Middlewares/ST/STM32_USB_Device_Library/Core/Src/usbd_ioreq.c ****   * This software is licensed under terms that can be found in the LICENSE file
  13:Middlewares/ST/STM32_USB_Device_Library/Core/Src/usbd_ioreq.c ****   * in the root directory of this software component.
  14:Middlewares/ST/STM32_USB_Device_Library/Core/Src/usbd_ioreq.c ****   * If no LICENSE file comes with this software, it is provided AS-IS.
  15:Middlewares/ST/STM32_USB_Device_Library/Core/Src/usbd_ioreq.c ****   *
  16:Middlewares/ST/STM32_USB_Device_Library/Core/Src/usbd_ioreq.c ****   ******************************************************************************
  17:Middlewares/ST/STM32_USB_Device_Library/Core/Src/usbd_ioreq.c ****   */
  18:Middlewares/ST/STM32_USB_Device_Library/Core/Src/usbd_ioreq.c **** 
  19:Middlewares/ST/STM32_USB_Device_Library/Core/Src/usbd_ioreq.c **** /* Includes ------------------------------------------------------------------*/
  20:Middlewares/ST/STM32_USB_Device_Library/Core/Src/usbd_ioreq.c **** #include "usbd_ioreq.h"
  21:Middlewares/ST/STM32_USB_Device_Library/Core/Src/usbd_ioreq.c **** 
  22:Middlewares/ST/STM32_USB_Device_Library/Core/Src/usbd_ioreq.c **** /** @addtogroup STM32_USB_DEVICE_LIBRARY
  23:Middlewares/ST/STM32_USB_Device_Library/Core/Src/usbd_ioreq.c ****   * @{
  24:Middlewares/ST/STM32_USB_Device_Library/Core/Src/usbd_ioreq.c ****   */
  25:Middlewares/ST/STM32_USB_Device_Library/Core/Src/usbd_ioreq.c **** 
  26:Middlewares/ST/STM32_USB_Device_Library/Core/Src/usbd_ioreq.c **** 
  27:Middlewares/ST/STM32_USB_Device_Library/Core/Src/usbd_ioreq.c **** /** @defgroup USBD_IOREQ
  28:Middlewares/ST/STM32_USB_Device_Library/Core/Src/usbd_ioreq.c ****   * @brief control I/O requests module
  29:Middlewares/ST/STM32_USB_Device_Library/Core/Src/usbd_ioreq.c ****   * @{
  30:Middlewares/ST/STM32_USB_Device_Library/Core/Src/usbd_ioreq.c ****   */
ARM GAS  /tmp/cc0aVCoL.s 			page 2


  31:Middlewares/ST/STM32_USB_Device_Library/Core/Src/usbd_ioreq.c **** 
  32:Middlewares/ST/STM32_USB_Device_Library/Core/Src/usbd_ioreq.c **** /** @defgroup USBD_IOREQ_Private_TypesDefinitions
  33:Middlewares/ST/STM32_USB_Device_Library/Core/Src/usbd_ioreq.c ****   * @{
  34:Middlewares/ST/STM32_USB_Device_Library/Core/Src/usbd_ioreq.c ****   */
  35:Middlewares/ST/STM32_USB_Device_Library/Core/Src/usbd_ioreq.c **** /**
  36:Middlewares/ST/STM32_USB_Device_Library/Core/Src/usbd_ioreq.c ****   * @}
  37:Middlewares/ST/STM32_USB_Device_Library/Core/Src/usbd_ioreq.c ****   */
  38:Middlewares/ST/STM32_USB_Device_Library/Core/Src/usbd_ioreq.c **** 
  39:Middlewares/ST/STM32_USB_Device_Library/Core/Src/usbd_ioreq.c **** 
  40:Middlewares/ST/STM32_USB_Device_Library/Core/Src/usbd_ioreq.c **** /** @defgroup USBD_IOREQ_Private_Defines
  41:Middlewares/ST/STM32_USB_Device_Library/Core/Src/usbd_ioreq.c ****   * @{
  42:Middlewares/ST/STM32_USB_Device_Library/Core/Src/usbd_ioreq.c ****   */
  43:Middlewares/ST/STM32_USB_Device_Library/Core/Src/usbd_ioreq.c **** 
  44:Middlewares/ST/STM32_USB_Device_Library/Core/Src/usbd_ioreq.c **** /**
  45:Middlewares/ST/STM32_USB_Device_Library/Core/Src/usbd_ioreq.c ****   * @}
  46:Middlewares/ST/STM32_USB_Device_Library/Core/Src/usbd_ioreq.c ****   */
  47:Middlewares/ST/STM32_USB_Device_Library/Core/Src/usbd_ioreq.c **** 
  48:Middlewares/ST/STM32_USB_Device_Library/Core/Src/usbd_ioreq.c **** 
  49:Middlewares/ST/STM32_USB_Device_Library/Core/Src/usbd_ioreq.c **** /** @defgroup USBD_IOREQ_Private_Macros
  50:Middlewares/ST/STM32_USB_Device_Library/Core/Src/usbd_ioreq.c ****   * @{
  51:Middlewares/ST/STM32_USB_Device_Library/Core/Src/usbd_ioreq.c ****   */
  52:Middlewares/ST/STM32_USB_Device_Library/Core/Src/usbd_ioreq.c **** /**
  53:Middlewares/ST/STM32_USB_Device_Library/Core/Src/usbd_ioreq.c ****   * @}
  54:Middlewares/ST/STM32_USB_Device_Library/Core/Src/usbd_ioreq.c ****   */
  55:Middlewares/ST/STM32_USB_Device_Library/Core/Src/usbd_ioreq.c **** 
  56:Middlewares/ST/STM32_USB_Device_Library/Core/Src/usbd_ioreq.c **** 
  57:Middlewares/ST/STM32_USB_Device_Library/Core/Src/usbd_ioreq.c **** /** @defgroup USBD_IOREQ_Private_Variables
  58:Middlewares/ST/STM32_USB_Device_Library/Core/Src/usbd_ioreq.c ****   * @{
  59:Middlewares/ST/STM32_USB_Device_Library/Core/Src/usbd_ioreq.c ****   */
  60:Middlewares/ST/STM32_USB_Device_Library/Core/Src/usbd_ioreq.c **** 
  61:Middlewares/ST/STM32_USB_Device_Library/Core/Src/usbd_ioreq.c **** /**
  62:Middlewares/ST/STM32_USB_Device_Library/Core/Src/usbd_ioreq.c ****   * @}
  63:Middlewares/ST/STM32_USB_Device_Library/Core/Src/usbd_ioreq.c ****   */
  64:Middlewares/ST/STM32_USB_Device_Library/Core/Src/usbd_ioreq.c **** 
  65:Middlewares/ST/STM32_USB_Device_Library/Core/Src/usbd_ioreq.c **** 
  66:Middlewares/ST/STM32_USB_Device_Library/Core/Src/usbd_ioreq.c **** /** @defgroup USBD_IOREQ_Private_FunctionPrototypes
  67:Middlewares/ST/STM32_USB_Device_Library/Core/Src/usbd_ioreq.c ****   * @{
  68:Middlewares/ST/STM32_USB_Device_Library/Core/Src/usbd_ioreq.c ****   */
  69:Middlewares/ST/STM32_USB_Device_Library/Core/Src/usbd_ioreq.c **** /**
  70:Middlewares/ST/STM32_USB_Device_Library/Core/Src/usbd_ioreq.c ****   * @}
  71:Middlewares/ST/STM32_USB_Device_Library/Core/Src/usbd_ioreq.c ****   */
  72:Middlewares/ST/STM32_USB_Device_Library/Core/Src/usbd_ioreq.c **** 
  73:Middlewares/ST/STM32_USB_Device_Library/Core/Src/usbd_ioreq.c **** 
  74:Middlewares/ST/STM32_USB_Device_Library/Core/Src/usbd_ioreq.c **** /** @defgroup USBD_IOREQ_Private_Functions
  75:Middlewares/ST/STM32_USB_Device_Library/Core/Src/usbd_ioreq.c ****   * @{
  76:Middlewares/ST/STM32_USB_Device_Library/Core/Src/usbd_ioreq.c ****   */
  77:Middlewares/ST/STM32_USB_Device_Library/Core/Src/usbd_ioreq.c **** 
  78:Middlewares/ST/STM32_USB_Device_Library/Core/Src/usbd_ioreq.c **** /**
  79:Middlewares/ST/STM32_USB_Device_Library/Core/Src/usbd_ioreq.c ****   * @brief  USBD_CtlSendData
  80:Middlewares/ST/STM32_USB_Device_Library/Core/Src/usbd_ioreq.c ****   *         send data on the ctl pipe
  81:Middlewares/ST/STM32_USB_Device_Library/Core/Src/usbd_ioreq.c ****   * @param  pdev: device instance
  82:Middlewares/ST/STM32_USB_Device_Library/Core/Src/usbd_ioreq.c ****   * @param  buff: pointer to data buffer
  83:Middlewares/ST/STM32_USB_Device_Library/Core/Src/usbd_ioreq.c ****   * @param  len: length of data to be sent
  84:Middlewares/ST/STM32_USB_Device_Library/Core/Src/usbd_ioreq.c ****   * @retval status
  85:Middlewares/ST/STM32_USB_Device_Library/Core/Src/usbd_ioreq.c ****   */
  86:Middlewares/ST/STM32_USB_Device_Library/Core/Src/usbd_ioreq.c **** USBD_StatusTypeDef USBD_CtlSendData(USBD_HandleTypeDef *pdev,
  87:Middlewares/ST/STM32_USB_Device_Library/Core/Src/usbd_ioreq.c ****                                     uint8_t *pbuf, uint32_t len)
ARM GAS  /tmp/cc0aVCoL.s 			page 3


  88:Middlewares/ST/STM32_USB_Device_Library/Core/Src/usbd_ioreq.c **** {
  29              		.loc 1 88 1 view -0
  30              		.cfi_startproc
  31              		@ args = 0, pretend = 0, frame = 0
  32              		@ frame_needed = 0, uses_anonymous_args = 0
  33              		.loc 1 88 1 is_stmt 0 view .LVU1
  34 0000 10B5     		push	{r4, lr}
  35              	.LCFI0:
  36              		.cfi_def_cfa_offset 8
  37              		.cfi_offset 4, -8
  38              		.cfi_offset 14, -4
  39 0002 1346     		mov	r3, r2
  89:Middlewares/ST/STM32_USB_Device_Library/Core/Src/usbd_ioreq.c ****   /* Set EP0 State */
  90:Middlewares/ST/STM32_USB_Device_Library/Core/Src/usbd_ioreq.c ****   pdev->ep0_state = USBD_EP0_DATA_IN;
  40              		.loc 1 90 3 is_stmt 1 view .LVU2
  41              		.loc 1 90 19 is_stmt 0 view .LVU3
  42 0004 0222     		movs	r2, #2
  43              	.LVL1:
  44              		.loc 1 90 19 view .LVU4
  45 0006 C0F89422 		str	r2, [r0, #660]
  91:Middlewares/ST/STM32_USB_Device_Library/Core/Src/usbd_ioreq.c ****   pdev->ep_in[0].total_length = len;
  46              		.loc 1 91 3 is_stmt 1 view .LVU5
  47              		.loc 1 91 31 is_stmt 0 view .LVU6
  48 000a 8361     		str	r3, [r0, #24]
  92:Middlewares/ST/STM32_USB_Device_Library/Core/Src/usbd_ioreq.c **** 
  93:Middlewares/ST/STM32_USB_Device_Library/Core/Src/usbd_ioreq.c **** #ifdef USBD_AVOID_PACKET_SPLIT_MPS
  94:Middlewares/ST/STM32_USB_Device_Library/Core/Src/usbd_ioreq.c ****   pdev->ep_in[0].rem_length = 0U;
  95:Middlewares/ST/STM32_USB_Device_Library/Core/Src/usbd_ioreq.c **** #else
  96:Middlewares/ST/STM32_USB_Device_Library/Core/Src/usbd_ioreq.c ****   pdev->ep_in[0].rem_length = len;
  49              		.loc 1 96 3 is_stmt 1 view .LVU7
  50              		.loc 1 96 29 is_stmt 0 view .LVU8
  51 000c C361     		str	r3, [r0, #28]
  97:Middlewares/ST/STM32_USB_Device_Library/Core/Src/usbd_ioreq.c **** #endif /* USBD_AVOID_PACKET_SPLIT_MPS */
  98:Middlewares/ST/STM32_USB_Device_Library/Core/Src/usbd_ioreq.c **** 
  99:Middlewares/ST/STM32_USB_Device_Library/Core/Src/usbd_ioreq.c ****   /* Start the transfer */
 100:Middlewares/ST/STM32_USB_Device_Library/Core/Src/usbd_ioreq.c ****   (void)USBD_LL_Transmit(pdev, 0x00U, pbuf, len);
  52              		.loc 1 100 3 is_stmt 1 view .LVU9
  53              		.loc 1 100 9 is_stmt 0 view .LVU10
  54 000e 0A46     		mov	r2, r1
  55 0010 0021     		movs	r1, #0
  56              	.LVL2:
  57              		.loc 1 100 9 view .LVU11
  58 0012 FFF7FEFF 		bl	USBD_LL_Transmit
  59              	.LVL3:
 101:Middlewares/ST/STM32_USB_Device_Library/Core/Src/usbd_ioreq.c **** 
 102:Middlewares/ST/STM32_USB_Device_Library/Core/Src/usbd_ioreq.c ****   return USBD_OK;
  60              		.loc 1 102 3 is_stmt 1 view .LVU12
 103:Middlewares/ST/STM32_USB_Device_Library/Core/Src/usbd_ioreq.c **** }
  61              		.loc 1 103 1 is_stmt 0 view .LVU13
  62 0016 0020     		movs	r0, #0
  63 0018 10BD     		pop	{r4, pc}
  64              		.cfi_endproc
  65              	.LFE354:
  67              		.section	.text.USBD_CtlContinueSendData,"ax",%progbits
  68              		.align	1
  69              		.global	USBD_CtlContinueSendData
  70              		.syntax unified
ARM GAS  /tmp/cc0aVCoL.s 			page 4


  71              		.thumb
  72              		.thumb_func
  73              		.fpu fpv5-d16
  75              	USBD_CtlContinueSendData:
  76              	.LVL4:
  77              	.LFB355:
 104:Middlewares/ST/STM32_USB_Device_Library/Core/Src/usbd_ioreq.c **** 
 105:Middlewares/ST/STM32_USB_Device_Library/Core/Src/usbd_ioreq.c **** /**
 106:Middlewares/ST/STM32_USB_Device_Library/Core/Src/usbd_ioreq.c ****   * @brief  USBD_CtlContinueSendData
 107:Middlewares/ST/STM32_USB_Device_Library/Core/Src/usbd_ioreq.c ****   *         continue sending data on the ctl pipe
 108:Middlewares/ST/STM32_USB_Device_Library/Core/Src/usbd_ioreq.c ****   * @param  pdev: device instance
 109:Middlewares/ST/STM32_USB_Device_Library/Core/Src/usbd_ioreq.c ****   * @param  buff: pointer to data buffer
 110:Middlewares/ST/STM32_USB_Device_Library/Core/Src/usbd_ioreq.c ****   * @param  len: length of data to be sent
 111:Middlewares/ST/STM32_USB_Device_Library/Core/Src/usbd_ioreq.c ****   * @retval status
 112:Middlewares/ST/STM32_USB_Device_Library/Core/Src/usbd_ioreq.c ****   */
 113:Middlewares/ST/STM32_USB_Device_Library/Core/Src/usbd_ioreq.c **** USBD_StatusTypeDef USBD_CtlContinueSendData(USBD_HandleTypeDef *pdev,
 114:Middlewares/ST/STM32_USB_Device_Library/Core/Src/usbd_ioreq.c ****                                             uint8_t *pbuf, uint32_t len)
 115:Middlewares/ST/STM32_USB_Device_Library/Core/Src/usbd_ioreq.c **** {
  78              		.loc 1 115 1 is_stmt 1 view -0
  79              		.cfi_startproc
  80              		@ args = 0, pretend = 0, frame = 0
  81              		@ frame_needed = 0, uses_anonymous_args = 0
  82              		.loc 1 115 1 is_stmt 0 view .LVU15
  83 0000 08B5     		push	{r3, lr}
  84              	.LCFI1:
  85              		.cfi_def_cfa_offset 8
  86              		.cfi_offset 3, -8
  87              		.cfi_offset 14, -4
  88 0002 1346     		mov	r3, r2
 116:Middlewares/ST/STM32_USB_Device_Library/Core/Src/usbd_ioreq.c ****   /* Start the next transfer */
 117:Middlewares/ST/STM32_USB_Device_Library/Core/Src/usbd_ioreq.c ****   (void)USBD_LL_Transmit(pdev, 0x00U, pbuf, len);
  89              		.loc 1 117 3 is_stmt 1 view .LVU16
  90              		.loc 1 117 9 is_stmt 0 view .LVU17
  91 0004 0A46     		mov	r2, r1
  92              	.LVL5:
  93              		.loc 1 117 9 view .LVU18
  94 0006 0021     		movs	r1, #0
  95              	.LVL6:
  96              		.loc 1 117 9 view .LVU19
  97 0008 FFF7FEFF 		bl	USBD_LL_Transmit
  98              	.LVL7:
 118:Middlewares/ST/STM32_USB_Device_Library/Core/Src/usbd_ioreq.c **** 
 119:Middlewares/ST/STM32_USB_Device_Library/Core/Src/usbd_ioreq.c ****   return USBD_OK;
  99              		.loc 1 119 3 is_stmt 1 view .LVU20
 120:Middlewares/ST/STM32_USB_Device_Library/Core/Src/usbd_ioreq.c **** }
 100              		.loc 1 120 1 is_stmt 0 view .LVU21
 101 000c 0020     		movs	r0, #0
 102 000e 08BD     		pop	{r3, pc}
 103              		.cfi_endproc
 104              	.LFE355:
 106              		.section	.text.USBD_CtlPrepareRx,"ax",%progbits
 107              		.align	1
 108              		.global	USBD_CtlPrepareRx
 109              		.syntax unified
 110              		.thumb
 111              		.thumb_func
 112              		.fpu fpv5-d16
ARM GAS  /tmp/cc0aVCoL.s 			page 5


 114              	USBD_CtlPrepareRx:
 115              	.LVL8:
 116              	.LFB356:
 121:Middlewares/ST/STM32_USB_Device_Library/Core/Src/usbd_ioreq.c **** 
 122:Middlewares/ST/STM32_USB_Device_Library/Core/Src/usbd_ioreq.c **** /**
 123:Middlewares/ST/STM32_USB_Device_Library/Core/Src/usbd_ioreq.c ****   * @brief  USBD_CtlPrepareRx
 124:Middlewares/ST/STM32_USB_Device_Library/Core/Src/usbd_ioreq.c ****   *         receive data on the ctl pipe
 125:Middlewares/ST/STM32_USB_Device_Library/Core/Src/usbd_ioreq.c ****   * @param  pdev: device instance
 126:Middlewares/ST/STM32_USB_Device_Library/Core/Src/usbd_ioreq.c ****   * @param  buff: pointer to data buffer
 127:Middlewares/ST/STM32_USB_Device_Library/Core/Src/usbd_ioreq.c ****   * @param  len: length of data to be received
 128:Middlewares/ST/STM32_USB_Device_Library/Core/Src/usbd_ioreq.c ****   * @retval status
 129:Middlewares/ST/STM32_USB_Device_Library/Core/Src/usbd_ioreq.c ****   */
 130:Middlewares/ST/STM32_USB_Device_Library/Core/Src/usbd_ioreq.c **** USBD_StatusTypeDef USBD_CtlPrepareRx(USBD_HandleTypeDef *pdev,
 131:Middlewares/ST/STM32_USB_Device_Library/Core/Src/usbd_ioreq.c ****                                      uint8_t *pbuf, uint32_t len)
 132:Middlewares/ST/STM32_USB_Device_Library/Core/Src/usbd_ioreq.c **** {
 117              		.loc 1 132 1 is_stmt 1 view -0
 118              		.cfi_startproc
 119              		@ args = 0, pretend = 0, frame = 0
 120              		@ frame_needed = 0, uses_anonymous_args = 0
 121              		.loc 1 132 1 is_stmt 0 view .LVU23
 122 0000 10B5     		push	{r4, lr}
 123              	.LCFI2:
 124              		.cfi_def_cfa_offset 8
 125              		.cfi_offset 4, -8
 126              		.cfi_offset 14, -4
 127 0002 1346     		mov	r3, r2
 133:Middlewares/ST/STM32_USB_Device_Library/Core/Src/usbd_ioreq.c ****   /* Set EP0 State */
 134:Middlewares/ST/STM32_USB_Device_Library/Core/Src/usbd_ioreq.c ****   pdev->ep0_state = USBD_EP0_DATA_OUT;
 128              		.loc 1 134 3 is_stmt 1 view .LVU24
 129              		.loc 1 134 19 is_stmt 0 view .LVU25
 130 0004 0322     		movs	r2, #3
 131              	.LVL9:
 132              		.loc 1 134 19 view .LVU26
 133 0006 C0F89422 		str	r2, [r0, #660]
 135:Middlewares/ST/STM32_USB_Device_Library/Core/Src/usbd_ioreq.c ****   pdev->ep_out[0].total_length = len;
 134              		.loc 1 135 3 is_stmt 1 view .LVU27
 135              		.loc 1 135 32 is_stmt 0 view .LVU28
 136 000a C0F85831 		str	r3, [r0, #344]
 136:Middlewares/ST/STM32_USB_Device_Library/Core/Src/usbd_ioreq.c **** 
 137:Middlewares/ST/STM32_USB_Device_Library/Core/Src/usbd_ioreq.c **** #ifdef USBD_AVOID_PACKET_SPLIT_MPS
 138:Middlewares/ST/STM32_USB_Device_Library/Core/Src/usbd_ioreq.c ****   pdev->ep_out[0].rem_length = 0U;
 139:Middlewares/ST/STM32_USB_Device_Library/Core/Src/usbd_ioreq.c **** #else
 140:Middlewares/ST/STM32_USB_Device_Library/Core/Src/usbd_ioreq.c ****   pdev->ep_out[0].rem_length = len;
 137              		.loc 1 140 3 is_stmt 1 view .LVU29
 138              		.loc 1 140 30 is_stmt 0 view .LVU30
 139 000e C0F85C31 		str	r3, [r0, #348]
 141:Middlewares/ST/STM32_USB_Device_Library/Core/Src/usbd_ioreq.c **** #endif /* USBD_AVOID_PACKET_SPLIT_MPS */
 142:Middlewares/ST/STM32_USB_Device_Library/Core/Src/usbd_ioreq.c **** 
 143:Middlewares/ST/STM32_USB_Device_Library/Core/Src/usbd_ioreq.c ****   /* Start the transfer */
 144:Middlewares/ST/STM32_USB_Device_Library/Core/Src/usbd_ioreq.c ****   (void)USBD_LL_PrepareReceive(pdev, 0U, pbuf, len);
 140              		.loc 1 144 3 is_stmt 1 view .LVU31
 141              		.loc 1 144 9 is_stmt 0 view .LVU32
 142 0012 0A46     		mov	r2, r1
 143 0014 0021     		movs	r1, #0
 144              	.LVL10:
 145              		.loc 1 144 9 view .LVU33
 146 0016 FFF7FEFF 		bl	USBD_LL_PrepareReceive
ARM GAS  /tmp/cc0aVCoL.s 			page 6


 147              	.LVL11:
 145:Middlewares/ST/STM32_USB_Device_Library/Core/Src/usbd_ioreq.c **** 
 146:Middlewares/ST/STM32_USB_Device_Library/Core/Src/usbd_ioreq.c ****   return USBD_OK;
 148              		.loc 1 146 3 is_stmt 1 view .LVU34
 147:Middlewares/ST/STM32_USB_Device_Library/Core/Src/usbd_ioreq.c **** }
 149              		.loc 1 147 1 is_stmt 0 view .LVU35
 150 001a 0020     		movs	r0, #0
 151 001c 10BD     		pop	{r4, pc}
 152              		.cfi_endproc
 153              	.LFE356:
 155              		.section	.text.USBD_CtlContinueRx,"ax",%progbits
 156              		.align	1
 157              		.global	USBD_CtlContinueRx
 158              		.syntax unified
 159              		.thumb
 160              		.thumb_func
 161              		.fpu fpv5-d16
 163              	USBD_CtlContinueRx:
 164              	.LVL12:
 165              	.LFB357:
 148:Middlewares/ST/STM32_USB_Device_Library/Core/Src/usbd_ioreq.c **** 
 149:Middlewares/ST/STM32_USB_Device_Library/Core/Src/usbd_ioreq.c **** /**
 150:Middlewares/ST/STM32_USB_Device_Library/Core/Src/usbd_ioreq.c ****   * @brief  USBD_CtlContinueRx
 151:Middlewares/ST/STM32_USB_Device_Library/Core/Src/usbd_ioreq.c ****   *         continue receive data on the ctl pipe
 152:Middlewares/ST/STM32_USB_Device_Library/Core/Src/usbd_ioreq.c ****   * @param  pdev: device instance
 153:Middlewares/ST/STM32_USB_Device_Library/Core/Src/usbd_ioreq.c ****   * @param  buff: pointer to data buffer
 154:Middlewares/ST/STM32_USB_Device_Library/Core/Src/usbd_ioreq.c ****   * @param  len: length of data to be received
 155:Middlewares/ST/STM32_USB_Device_Library/Core/Src/usbd_ioreq.c ****   * @retval status
 156:Middlewares/ST/STM32_USB_Device_Library/Core/Src/usbd_ioreq.c ****   */
 157:Middlewares/ST/STM32_USB_Device_Library/Core/Src/usbd_ioreq.c **** USBD_StatusTypeDef USBD_CtlContinueRx(USBD_HandleTypeDef *pdev,
 158:Middlewares/ST/STM32_USB_Device_Library/Core/Src/usbd_ioreq.c ****                                       uint8_t *pbuf, uint32_t len)
 159:Middlewares/ST/STM32_USB_Device_Library/Core/Src/usbd_ioreq.c **** {
 166              		.loc 1 159 1 is_stmt 1 view -0
 167              		.cfi_startproc
 168              		@ args = 0, pretend = 0, frame = 0
 169              		@ frame_needed = 0, uses_anonymous_args = 0
 170              		.loc 1 159 1 is_stmt 0 view .LVU37
 171 0000 08B5     		push	{r3, lr}
 172              	.LCFI3:
 173              		.cfi_def_cfa_offset 8
 174              		.cfi_offset 3, -8
 175              		.cfi_offset 14, -4
 176 0002 1346     		mov	r3, r2
 160:Middlewares/ST/STM32_USB_Device_Library/Core/Src/usbd_ioreq.c ****   (void)USBD_LL_PrepareReceive(pdev, 0U, pbuf, len);
 177              		.loc 1 160 3 is_stmt 1 view .LVU38
 178              		.loc 1 160 9 is_stmt 0 view .LVU39
 179 0004 0A46     		mov	r2, r1
 180              	.LVL13:
 181              		.loc 1 160 9 view .LVU40
 182 0006 0021     		movs	r1, #0
 183              	.LVL14:
 184              		.loc 1 160 9 view .LVU41
 185 0008 FFF7FEFF 		bl	USBD_LL_PrepareReceive
 186              	.LVL15:
 161:Middlewares/ST/STM32_USB_Device_Library/Core/Src/usbd_ioreq.c **** 
 162:Middlewares/ST/STM32_USB_Device_Library/Core/Src/usbd_ioreq.c ****   return USBD_OK;
 187              		.loc 1 162 3 is_stmt 1 view .LVU42
ARM GAS  /tmp/cc0aVCoL.s 			page 7


 163:Middlewares/ST/STM32_USB_Device_Library/Core/Src/usbd_ioreq.c **** }
 188              		.loc 1 163 1 is_stmt 0 view .LVU43
 189 000c 0020     		movs	r0, #0
 190 000e 08BD     		pop	{r3, pc}
 191              		.cfi_endproc
 192              	.LFE357:
 194              		.section	.text.USBD_CtlSendStatus,"ax",%progbits
 195              		.align	1
 196              		.global	USBD_CtlSendStatus
 197              		.syntax unified
 198              		.thumb
 199              		.thumb_func
 200              		.fpu fpv5-d16
 202              	USBD_CtlSendStatus:
 203              	.LVL16:
 204              	.LFB358:
 164:Middlewares/ST/STM32_USB_Device_Library/Core/Src/usbd_ioreq.c **** 
 165:Middlewares/ST/STM32_USB_Device_Library/Core/Src/usbd_ioreq.c **** /**
 166:Middlewares/ST/STM32_USB_Device_Library/Core/Src/usbd_ioreq.c ****   * @brief  USBD_CtlSendStatus
 167:Middlewares/ST/STM32_USB_Device_Library/Core/Src/usbd_ioreq.c ****   *         send zero lzngth packet on the ctl pipe
 168:Middlewares/ST/STM32_USB_Device_Library/Core/Src/usbd_ioreq.c ****   * @param  pdev: device instance
 169:Middlewares/ST/STM32_USB_Device_Library/Core/Src/usbd_ioreq.c ****   * @retval status
 170:Middlewares/ST/STM32_USB_Device_Library/Core/Src/usbd_ioreq.c ****   */
 171:Middlewares/ST/STM32_USB_Device_Library/Core/Src/usbd_ioreq.c **** USBD_StatusTypeDef USBD_CtlSendStatus(USBD_HandleTypeDef *pdev)
 172:Middlewares/ST/STM32_USB_Device_Library/Core/Src/usbd_ioreq.c **** {
 205              		.loc 1 172 1 is_stmt 1 view -0
 206              		.cfi_startproc
 207              		@ args = 0, pretend = 0, frame = 0
 208              		@ frame_needed = 0, uses_anonymous_args = 0
 209              		.loc 1 172 1 is_stmt 0 view .LVU45
 210 0000 08B5     		push	{r3, lr}
 211              	.LCFI4:
 212              		.cfi_def_cfa_offset 8
 213              		.cfi_offset 3, -8
 214              		.cfi_offset 14, -4
 173:Middlewares/ST/STM32_USB_Device_Library/Core/Src/usbd_ioreq.c ****   /* Set EP0 State */
 174:Middlewares/ST/STM32_USB_Device_Library/Core/Src/usbd_ioreq.c ****   pdev->ep0_state = USBD_EP0_STATUS_IN;
 215              		.loc 1 174 3 is_stmt 1 view .LVU46
 216              		.loc 1 174 19 is_stmt 0 view .LVU47
 217 0002 0422     		movs	r2, #4
 218 0004 C0F89422 		str	r2, [r0, #660]
 175:Middlewares/ST/STM32_USB_Device_Library/Core/Src/usbd_ioreq.c **** 
 176:Middlewares/ST/STM32_USB_Device_Library/Core/Src/usbd_ioreq.c ****   /* Start the transfer */
 177:Middlewares/ST/STM32_USB_Device_Library/Core/Src/usbd_ioreq.c ****   (void)USBD_LL_Transmit(pdev, 0x00U, NULL, 0U);
 219              		.loc 1 177 3 is_stmt 1 view .LVU48
 220              		.loc 1 177 9 is_stmt 0 view .LVU49
 221 0008 0023     		movs	r3, #0
 222 000a 1A46     		mov	r2, r3
 223 000c 1946     		mov	r1, r3
 224 000e FFF7FEFF 		bl	USBD_LL_Transmit
 225              	.LVL17:
 178:Middlewares/ST/STM32_USB_Device_Library/Core/Src/usbd_ioreq.c **** 
 179:Middlewares/ST/STM32_USB_Device_Library/Core/Src/usbd_ioreq.c ****   return USBD_OK;
 226              		.loc 1 179 3 is_stmt 1 view .LVU50
 180:Middlewares/ST/STM32_USB_Device_Library/Core/Src/usbd_ioreq.c **** }
 227              		.loc 1 180 1 is_stmt 0 view .LVU51
 228 0012 0020     		movs	r0, #0
ARM GAS  /tmp/cc0aVCoL.s 			page 8


 229 0014 08BD     		pop	{r3, pc}
 230              		.cfi_endproc
 231              	.LFE358:
 233              		.section	.text.USBD_CtlReceiveStatus,"ax",%progbits
 234              		.align	1
 235              		.global	USBD_CtlReceiveStatus
 236              		.syntax unified
 237              		.thumb
 238              		.thumb_func
 239              		.fpu fpv5-d16
 241              	USBD_CtlReceiveStatus:
 242              	.LVL18:
 243              	.LFB359:
 181:Middlewares/ST/STM32_USB_Device_Library/Core/Src/usbd_ioreq.c **** 
 182:Middlewares/ST/STM32_USB_Device_Library/Core/Src/usbd_ioreq.c **** /**
 183:Middlewares/ST/STM32_USB_Device_Library/Core/Src/usbd_ioreq.c ****   * @brief  USBD_CtlReceiveStatus
 184:Middlewares/ST/STM32_USB_Device_Library/Core/Src/usbd_ioreq.c ****   *         receive zero lzngth packet on the ctl pipe
 185:Middlewares/ST/STM32_USB_Device_Library/Core/Src/usbd_ioreq.c ****   * @param  pdev: device instance
 186:Middlewares/ST/STM32_USB_Device_Library/Core/Src/usbd_ioreq.c ****   * @retval status
 187:Middlewares/ST/STM32_USB_Device_Library/Core/Src/usbd_ioreq.c ****   */
 188:Middlewares/ST/STM32_USB_Device_Library/Core/Src/usbd_ioreq.c **** USBD_StatusTypeDef USBD_CtlReceiveStatus(USBD_HandleTypeDef *pdev)
 189:Middlewares/ST/STM32_USB_Device_Library/Core/Src/usbd_ioreq.c **** {
 244              		.loc 1 189 1 is_stmt 1 view -0
 245              		.cfi_startproc
 246              		@ args = 0, pretend = 0, frame = 0
 247              		@ frame_needed = 0, uses_anonymous_args = 0
 248              		.loc 1 189 1 is_stmt 0 view .LVU53
 249 0000 08B5     		push	{r3, lr}
 250              	.LCFI5:
 251              		.cfi_def_cfa_offset 8
 252              		.cfi_offset 3, -8
 253              		.cfi_offset 14, -4
 190:Middlewares/ST/STM32_USB_Device_Library/Core/Src/usbd_ioreq.c ****   /* Set EP0 State */
 191:Middlewares/ST/STM32_USB_Device_Library/Core/Src/usbd_ioreq.c ****   pdev->ep0_state = USBD_EP0_STATUS_OUT;
 254              		.loc 1 191 3 is_stmt 1 view .LVU54
 255              		.loc 1 191 19 is_stmt 0 view .LVU55
 256 0002 0522     		movs	r2, #5
 257 0004 C0F89422 		str	r2, [r0, #660]
 192:Middlewares/ST/STM32_USB_Device_Library/Core/Src/usbd_ioreq.c **** 
 193:Middlewares/ST/STM32_USB_Device_Library/Core/Src/usbd_ioreq.c ****   /* Start the transfer */
 194:Middlewares/ST/STM32_USB_Device_Library/Core/Src/usbd_ioreq.c ****   (void)USBD_LL_PrepareReceive(pdev, 0U, NULL, 0U);
 258              		.loc 1 194 3 is_stmt 1 view .LVU56
 259              		.loc 1 194 9 is_stmt 0 view .LVU57
 260 0008 0023     		movs	r3, #0
 261 000a 1A46     		mov	r2, r3
 262 000c 1946     		mov	r1, r3
 263 000e FFF7FEFF 		bl	USBD_LL_PrepareReceive
 264              	.LVL19:
 195:Middlewares/ST/STM32_USB_Device_Library/Core/Src/usbd_ioreq.c **** 
 196:Middlewares/ST/STM32_USB_Device_Library/Core/Src/usbd_ioreq.c ****   return USBD_OK;
 265              		.loc 1 196 3 is_stmt 1 view .LVU58
 197:Middlewares/ST/STM32_USB_Device_Library/Core/Src/usbd_ioreq.c **** }
 266              		.loc 1 197 1 is_stmt 0 view .LVU59
 267 0012 0020     		movs	r0, #0
 268 0014 08BD     		pop	{r3, pc}
 269              		.cfi_endproc
 270              	.LFE359:
ARM GAS  /tmp/cc0aVCoL.s 			page 9


 272              		.section	.text.USBD_GetRxCount,"ax",%progbits
 273              		.align	1
 274              		.global	USBD_GetRxCount
 275              		.syntax unified
 276              		.thumb
 277              		.thumb_func
 278              		.fpu fpv5-d16
 280              	USBD_GetRxCount:
 281              	.LVL20:
 282              	.LFB360:
 198:Middlewares/ST/STM32_USB_Device_Library/Core/Src/usbd_ioreq.c **** 
 199:Middlewares/ST/STM32_USB_Device_Library/Core/Src/usbd_ioreq.c **** /**
 200:Middlewares/ST/STM32_USB_Device_Library/Core/Src/usbd_ioreq.c ****   * @brief  USBD_GetRxCount
 201:Middlewares/ST/STM32_USB_Device_Library/Core/Src/usbd_ioreq.c ****   *         returns the received data length
 202:Middlewares/ST/STM32_USB_Device_Library/Core/Src/usbd_ioreq.c ****   * @param  pdev: device instance
 203:Middlewares/ST/STM32_USB_Device_Library/Core/Src/usbd_ioreq.c ****   * @param  ep_addr: endpoint address
 204:Middlewares/ST/STM32_USB_Device_Library/Core/Src/usbd_ioreq.c ****   * @retval Rx Data blength
 205:Middlewares/ST/STM32_USB_Device_Library/Core/Src/usbd_ioreq.c ****   */
 206:Middlewares/ST/STM32_USB_Device_Library/Core/Src/usbd_ioreq.c **** uint32_t USBD_GetRxCount(USBD_HandleTypeDef *pdev, uint8_t ep_addr)
 207:Middlewares/ST/STM32_USB_Device_Library/Core/Src/usbd_ioreq.c **** {
 283              		.loc 1 207 1 is_stmt 1 view -0
 284              		.cfi_startproc
 285              		@ args = 0, pretend = 0, frame = 0
 286              		@ frame_needed = 0, uses_anonymous_args = 0
 287              		.loc 1 207 1 is_stmt 0 view .LVU61
 288 0000 08B5     		push	{r3, lr}
 289              	.LCFI6:
 290              		.cfi_def_cfa_offset 8
 291              		.cfi_offset 3, -8
 292              		.cfi_offset 14, -4
 208:Middlewares/ST/STM32_USB_Device_Library/Core/Src/usbd_ioreq.c ****   return USBD_LL_GetRxDataSize(pdev, ep_addr);
 293              		.loc 1 208 3 is_stmt 1 view .LVU62
 294              		.loc 1 208 10 is_stmt 0 view .LVU63
 295 0002 FFF7FEFF 		bl	USBD_LL_GetRxDataSize
 296              	.LVL21:
 209:Middlewares/ST/STM32_USB_Device_Library/Core/Src/usbd_ioreq.c **** }
 297              		.loc 1 209 1 view .LVU64
 298 0006 08BD     		pop	{r3, pc}
 299              		.cfi_endproc
 300              	.LFE360:
 302              		.text
 303              	.Letext0:
 304              		.file 2 "/nix/store/9w2nhnv8b84a8yg8jsii47ikl60bz16p-gcc-arm-embedded-9.3.1/arm-none-eabi/include/
 305              		.file 3 "/nix/store/9w2nhnv8b84a8yg8jsii47ikl60bz16p-gcc-arm-embedded-9.3.1/lib/gcc/arm-none-eabi/
 306              		.file 4 "/nix/store/9w2nhnv8b84a8yg8jsii47ikl60bz16p-gcc-arm-embedded-9.3.1/arm-none-eabi/include/
 307              		.file 5 "/nix/store/9w2nhnv8b84a8yg8jsii47ikl60bz16p-gcc-arm-embedded-9.3.1/arm-none-eabi/include/
 308              		.file 6 "/nix/store/9w2nhnv8b84a8yg8jsii47ikl60bz16p-gcc-arm-embedded-9.3.1/arm-none-eabi/include/
 309              		.file 7 "/nix/store/9w2nhnv8b84a8yg8jsii47ikl60bz16p-gcc-arm-embedded-9.3.1/arm-none-eabi/include/
 310              		.file 8 "/nix/store/9w2nhnv8b84a8yg8jsii47ikl60bz16p-gcc-arm-embedded-9.3.1/arm-none-eabi/include/
 311              		.file 9 "Drivers/CMSIS/Include/core_cm7.h"
 312              		.file 10 "Drivers/CMSIS/Device/ST/STM32H7xx/Include/system_stm32h7xx.h"
 313              		.file 11 "/nix/store/9w2nhnv8b84a8yg8jsii47ikl60bz16p-gcc-arm-embedded-9.3.1/arm-none-eabi/include
 314              		.file 12 "Drivers/STM32H7xx_HAL_Driver/Inc/stm32h7xx_hal_def.h"
 315              		.file 13 "Drivers/STM32H7xx_HAL_Driver/Inc/stm32h7xx_hal_flash.h"
 316              		.file 14 "Drivers/STM32H7xx_HAL_Driver/Inc/stm32h7xx_hal_uart.h"
 317              		.file 15 "Drivers/STM32H7xx_HAL_Driver/Inc/stm32h7xx_hal.h"
 318              		.file 16 "Middlewares/ST/STM32_USB_Device_Library/Core/Inc/usbd_def.h"
ARM GAS  /tmp/cc0aVCoL.s 			page 10


 319              		.file 17 "Middlewares/ST/STM32_USB_Device_Library/Core/Inc/usbd_core.h"
ARM GAS  /tmp/cc0aVCoL.s 			page 11


DEFINED SYMBOLS
                            *ABS*:0000000000000000 usbd_ioreq.c
     /tmp/cc0aVCoL.s:17     .text.USBD_CtlSendData:0000000000000000 $t
     /tmp/cc0aVCoL.s:25     .text.USBD_CtlSendData:0000000000000000 USBD_CtlSendData
     /tmp/cc0aVCoL.s:68     .text.USBD_CtlContinueSendData:0000000000000000 $t
     /tmp/cc0aVCoL.s:75     .text.USBD_CtlContinueSendData:0000000000000000 USBD_CtlContinueSendData
     /tmp/cc0aVCoL.s:107    .text.USBD_CtlPrepareRx:0000000000000000 $t
     /tmp/cc0aVCoL.s:114    .text.USBD_CtlPrepareRx:0000000000000000 USBD_CtlPrepareRx
     /tmp/cc0aVCoL.s:156    .text.USBD_CtlContinueRx:0000000000000000 $t
     /tmp/cc0aVCoL.s:163    .text.USBD_CtlContinueRx:0000000000000000 USBD_CtlContinueRx
     /tmp/cc0aVCoL.s:195    .text.USBD_CtlSendStatus:0000000000000000 $t
     /tmp/cc0aVCoL.s:202    .text.USBD_CtlSendStatus:0000000000000000 USBD_CtlSendStatus
     /tmp/cc0aVCoL.s:234    .text.USBD_CtlReceiveStatus:0000000000000000 $t
     /tmp/cc0aVCoL.s:241    .text.USBD_CtlReceiveStatus:0000000000000000 USBD_CtlReceiveStatus
     /tmp/cc0aVCoL.s:273    .text.USBD_GetRxCount:0000000000000000 $t
     /tmp/cc0aVCoL.s:280    .text.USBD_GetRxCount:0000000000000000 USBD_GetRxCount

UNDEFINED SYMBOLS
USBD_LL_Transmit
USBD_LL_PrepareReceive
USBD_LL_GetRxDataSize
