ARM GAS  /tmp/ccrLAlBY.s 			page 1


   1              		.cpu cortex-m7
   2              		.eabi_attribute 28, 1
   3              		.eabi_attribute 20, 1
   4              		.eabi_attribute 21, 1
   5              		.eabi_attribute 23, 3
   6              		.eabi_attribute 24, 1
   7              		.eabi_attribute 25, 1
   8              		.eabi_attribute 26, 1
   9              		.eabi_attribute 30, 1
  10              		.eabi_attribute 34, 1
  11              		.eabi_attribute 18, 4
  12              		.file	"usbd_desc.c"
  13              		.text
  14              	.Ltext0:
  15              		.cfi_sections	.debug_frame
  16              		.section	.text.USBD_HS_DeviceDescriptor,"ax",%progbits
  17              		.align	1
  18              		.global	USBD_HS_DeviceDescriptor
  19              		.arch armv7e-m
  20              		.syntax unified
  21              		.thumb
  22              		.thumb_func
  23              		.fpu fpv5-d16
  25              	USBD_HS_DeviceDescriptor:
  26              	.LVL0:
  27              	.LFB354:
  28              		.file 1 "USB_DEVICE/App/usbd_desc.c"
   1:USB_DEVICE/App/usbd_desc.c **** /* USER CODE BEGIN Header */
   2:USB_DEVICE/App/usbd_desc.c **** /**
   3:USB_DEVICE/App/usbd_desc.c ****   ******************************************************************************
   4:USB_DEVICE/App/usbd_desc.c ****   * @file           : App/usbd_desc.c
   5:USB_DEVICE/App/usbd_desc.c ****   * @version        : v1.0_Cube
   6:USB_DEVICE/App/usbd_desc.c ****   * @brief          : This file implements the USB device descriptors.
   7:USB_DEVICE/App/usbd_desc.c ****   ******************************************************************************
   8:USB_DEVICE/App/usbd_desc.c ****   * @attention
   9:USB_DEVICE/App/usbd_desc.c ****   *
  10:USB_DEVICE/App/usbd_desc.c ****   * Copyright (c) 2024 STMicroelectronics.
  11:USB_DEVICE/App/usbd_desc.c ****   * All rights reserved.
  12:USB_DEVICE/App/usbd_desc.c ****   *
  13:USB_DEVICE/App/usbd_desc.c ****   * This software is licensed under terms that can be found in the LICENSE file
  14:USB_DEVICE/App/usbd_desc.c ****   * in the root directory of this software component.
  15:USB_DEVICE/App/usbd_desc.c ****   * If no LICENSE file comes with this software, it is provided AS-IS.
  16:USB_DEVICE/App/usbd_desc.c ****   *
  17:USB_DEVICE/App/usbd_desc.c ****   ******************************************************************************
  18:USB_DEVICE/App/usbd_desc.c ****   */
  19:USB_DEVICE/App/usbd_desc.c **** /* USER CODE END Header */
  20:USB_DEVICE/App/usbd_desc.c **** 
  21:USB_DEVICE/App/usbd_desc.c **** /* Includes ------------------------------------------------------------------*/
  22:USB_DEVICE/App/usbd_desc.c **** #include "usbd_core.h"
  23:USB_DEVICE/App/usbd_desc.c **** #include "usbd_desc.h"
  24:USB_DEVICE/App/usbd_desc.c **** #include "usbd_conf.h"
  25:USB_DEVICE/App/usbd_desc.c **** 
  26:USB_DEVICE/App/usbd_desc.c **** /* USER CODE BEGIN INCLUDE */
  27:USB_DEVICE/App/usbd_desc.c **** 
  28:USB_DEVICE/App/usbd_desc.c **** /* USER CODE END INCLUDE */
  29:USB_DEVICE/App/usbd_desc.c **** 
  30:USB_DEVICE/App/usbd_desc.c **** /* Private typedef -----------------------------------------------------------*/
ARM GAS  /tmp/ccrLAlBY.s 			page 2


  31:USB_DEVICE/App/usbd_desc.c **** /* Private define ------------------------------------------------------------*/
  32:USB_DEVICE/App/usbd_desc.c **** /* Private macro -------------------------------------------------------------*/
  33:USB_DEVICE/App/usbd_desc.c **** 
  34:USB_DEVICE/App/usbd_desc.c **** /* USER CODE BEGIN PV */
  35:USB_DEVICE/App/usbd_desc.c **** /* Private variables ---------------------------------------------------------*/
  36:USB_DEVICE/App/usbd_desc.c **** 
  37:USB_DEVICE/App/usbd_desc.c **** /* USER CODE END PV */
  38:USB_DEVICE/App/usbd_desc.c **** 
  39:USB_DEVICE/App/usbd_desc.c **** /** @addtogroup STM32_USB_OTG_DEVICE_LIBRARY
  40:USB_DEVICE/App/usbd_desc.c ****   * @{
  41:USB_DEVICE/App/usbd_desc.c ****   */
  42:USB_DEVICE/App/usbd_desc.c **** 
  43:USB_DEVICE/App/usbd_desc.c **** /** @addtogroup USBD_DESC
  44:USB_DEVICE/App/usbd_desc.c ****   * @{
  45:USB_DEVICE/App/usbd_desc.c ****   */
  46:USB_DEVICE/App/usbd_desc.c **** 
  47:USB_DEVICE/App/usbd_desc.c **** /** @defgroup USBD_DESC_Private_TypesDefinitions USBD_DESC_Private_TypesDefinitions
  48:USB_DEVICE/App/usbd_desc.c ****   * @brief Private types.
  49:USB_DEVICE/App/usbd_desc.c ****   * @{
  50:USB_DEVICE/App/usbd_desc.c ****   */
  51:USB_DEVICE/App/usbd_desc.c **** 
  52:USB_DEVICE/App/usbd_desc.c **** /* USER CODE BEGIN PRIVATE_TYPES */
  53:USB_DEVICE/App/usbd_desc.c **** 
  54:USB_DEVICE/App/usbd_desc.c **** /* USER CODE END PRIVATE_TYPES */
  55:USB_DEVICE/App/usbd_desc.c **** 
  56:USB_DEVICE/App/usbd_desc.c **** /**
  57:USB_DEVICE/App/usbd_desc.c ****   * @}
  58:USB_DEVICE/App/usbd_desc.c ****   */
  59:USB_DEVICE/App/usbd_desc.c **** 
  60:USB_DEVICE/App/usbd_desc.c **** /** @defgroup USBD_DESC_Private_Defines USBD_DESC_Private_Defines
  61:USB_DEVICE/App/usbd_desc.c ****   * @brief Private defines.
  62:USB_DEVICE/App/usbd_desc.c ****   * @{
  63:USB_DEVICE/App/usbd_desc.c ****   */
  64:USB_DEVICE/App/usbd_desc.c **** 
  65:USB_DEVICE/App/usbd_desc.c **** #define USBD_VID     1155
  66:USB_DEVICE/App/usbd_desc.c **** #define USBD_LANGID_STRING     1033
  67:USB_DEVICE/App/usbd_desc.c **** #define USBD_MANUFACTURER_STRING     "ARC"
  68:USB_DEVICE/App/usbd_desc.c **** #define USBD_PID_HS     22336
  69:USB_DEVICE/App/usbd_desc.c **** #define USBD_PRODUCT_STRING_HS     "AvioNEXT Flight Computer"
  70:USB_DEVICE/App/usbd_desc.c **** #define USBD_CONFIGURATION_STRING_HS     "CDC Config"
  71:USB_DEVICE/App/usbd_desc.c **** #define USBD_INTERFACE_STRING_HS     "CDC Interface"
  72:USB_DEVICE/App/usbd_desc.c **** 
  73:USB_DEVICE/App/usbd_desc.c **** #define USB_SIZ_BOS_DESC            0x0C
  74:USB_DEVICE/App/usbd_desc.c **** 
  75:USB_DEVICE/App/usbd_desc.c **** /* USER CODE BEGIN PRIVATE_DEFINES */
  76:USB_DEVICE/App/usbd_desc.c **** 
  77:USB_DEVICE/App/usbd_desc.c **** /* USER CODE END PRIVATE_DEFINES */
  78:USB_DEVICE/App/usbd_desc.c **** 
  79:USB_DEVICE/App/usbd_desc.c **** /**
  80:USB_DEVICE/App/usbd_desc.c ****   * @}
  81:USB_DEVICE/App/usbd_desc.c ****   */
  82:USB_DEVICE/App/usbd_desc.c **** 
  83:USB_DEVICE/App/usbd_desc.c **** /* USER CODE BEGIN 0 */
  84:USB_DEVICE/App/usbd_desc.c **** 
  85:USB_DEVICE/App/usbd_desc.c **** /* USER CODE END 0 */
  86:USB_DEVICE/App/usbd_desc.c **** 
  87:USB_DEVICE/App/usbd_desc.c **** /** @defgroup USBD_DESC_Private_Macros USBD_DESC_Private_Macros
ARM GAS  /tmp/ccrLAlBY.s 			page 3


  88:USB_DEVICE/App/usbd_desc.c ****   * @brief Private macros.
  89:USB_DEVICE/App/usbd_desc.c ****   * @{
  90:USB_DEVICE/App/usbd_desc.c ****   */
  91:USB_DEVICE/App/usbd_desc.c **** 
  92:USB_DEVICE/App/usbd_desc.c **** /* USER CODE BEGIN PRIVATE_MACRO */
  93:USB_DEVICE/App/usbd_desc.c **** 
  94:USB_DEVICE/App/usbd_desc.c **** /* USER CODE END PRIVATE_MACRO */
  95:USB_DEVICE/App/usbd_desc.c **** 
  96:USB_DEVICE/App/usbd_desc.c **** /**
  97:USB_DEVICE/App/usbd_desc.c ****   * @}
  98:USB_DEVICE/App/usbd_desc.c ****   */
  99:USB_DEVICE/App/usbd_desc.c **** 
 100:USB_DEVICE/App/usbd_desc.c **** /** @defgroup USBD_DESC_Private_FunctionPrototypes USBD_DESC_Private_FunctionPrototypes
 101:USB_DEVICE/App/usbd_desc.c ****   * @brief Private functions declaration.
 102:USB_DEVICE/App/usbd_desc.c ****   * @{
 103:USB_DEVICE/App/usbd_desc.c ****   */
 104:USB_DEVICE/App/usbd_desc.c **** 
 105:USB_DEVICE/App/usbd_desc.c **** static void Get_SerialNum(void);
 106:USB_DEVICE/App/usbd_desc.c **** static void IntToUnicode(uint32_t value, uint8_t * pbuf, uint8_t len);
 107:USB_DEVICE/App/usbd_desc.c **** 
 108:USB_DEVICE/App/usbd_desc.c **** /**
 109:USB_DEVICE/App/usbd_desc.c ****   * @}
 110:USB_DEVICE/App/usbd_desc.c ****   */
 111:USB_DEVICE/App/usbd_desc.c **** 
 112:USB_DEVICE/App/usbd_desc.c **** /** @defgroup USBD_DESC_Private_FunctionPrototypes USBD_DESC_Private_FunctionPrototypes
 113:USB_DEVICE/App/usbd_desc.c ****   * @brief Private functions declaration for HS.
 114:USB_DEVICE/App/usbd_desc.c ****   * @{
 115:USB_DEVICE/App/usbd_desc.c ****   */
 116:USB_DEVICE/App/usbd_desc.c **** 
 117:USB_DEVICE/App/usbd_desc.c **** uint8_t * USBD_HS_DeviceDescriptor(USBD_SpeedTypeDef speed, uint16_t *length);
 118:USB_DEVICE/App/usbd_desc.c **** uint8_t * USBD_HS_LangIDStrDescriptor(USBD_SpeedTypeDef speed, uint16_t *length);
 119:USB_DEVICE/App/usbd_desc.c **** uint8_t * USBD_HS_ManufacturerStrDescriptor(USBD_SpeedTypeDef speed, uint16_t *length);
 120:USB_DEVICE/App/usbd_desc.c **** uint8_t * USBD_HS_ProductStrDescriptor(USBD_SpeedTypeDef speed, uint16_t *length);
 121:USB_DEVICE/App/usbd_desc.c **** uint8_t * USBD_HS_SerialStrDescriptor(USBD_SpeedTypeDef speed, uint16_t *length);
 122:USB_DEVICE/App/usbd_desc.c **** uint8_t * USBD_HS_ConfigStrDescriptor(USBD_SpeedTypeDef speed, uint16_t *length);
 123:USB_DEVICE/App/usbd_desc.c **** uint8_t * USBD_HS_InterfaceStrDescriptor(USBD_SpeedTypeDef speed, uint16_t *length);
 124:USB_DEVICE/App/usbd_desc.c **** 
 125:USB_DEVICE/App/usbd_desc.c **** /**
 126:USB_DEVICE/App/usbd_desc.c ****   * @}
 127:USB_DEVICE/App/usbd_desc.c ****   */
 128:USB_DEVICE/App/usbd_desc.c **** 
 129:USB_DEVICE/App/usbd_desc.c **** /** @defgroup USBD_DESC_Private_Variables USBD_DESC_Private_Variables
 130:USB_DEVICE/App/usbd_desc.c ****   * @brief Private variables.
 131:USB_DEVICE/App/usbd_desc.c ****   * @{
 132:USB_DEVICE/App/usbd_desc.c ****   */
 133:USB_DEVICE/App/usbd_desc.c **** 
 134:USB_DEVICE/App/usbd_desc.c **** USBD_DescriptorsTypeDef HS_Desc =
 135:USB_DEVICE/App/usbd_desc.c **** {
 136:USB_DEVICE/App/usbd_desc.c ****   USBD_HS_DeviceDescriptor
 137:USB_DEVICE/App/usbd_desc.c **** , USBD_HS_LangIDStrDescriptor
 138:USB_DEVICE/App/usbd_desc.c **** , USBD_HS_ManufacturerStrDescriptor
 139:USB_DEVICE/App/usbd_desc.c **** , USBD_HS_ProductStrDescriptor
 140:USB_DEVICE/App/usbd_desc.c **** , USBD_HS_SerialStrDescriptor
 141:USB_DEVICE/App/usbd_desc.c **** , USBD_HS_ConfigStrDescriptor
 142:USB_DEVICE/App/usbd_desc.c **** , USBD_HS_InterfaceStrDescriptor
 143:USB_DEVICE/App/usbd_desc.c **** };
 144:USB_DEVICE/App/usbd_desc.c **** 
ARM GAS  /tmp/ccrLAlBY.s 			page 4


 145:USB_DEVICE/App/usbd_desc.c **** #if defined ( __ICCARM__ ) /* IAR Compiler */
 146:USB_DEVICE/App/usbd_desc.c ****   #pragma data_alignment=4
 147:USB_DEVICE/App/usbd_desc.c **** #endif /* defined ( __ICCARM__ ) */
 148:USB_DEVICE/App/usbd_desc.c **** /** USB standard device descriptor. */
 149:USB_DEVICE/App/usbd_desc.c **** __ALIGN_BEGIN uint8_t USBD_HS_DeviceDesc[USB_LEN_DEV_DESC] __ALIGN_END =
 150:USB_DEVICE/App/usbd_desc.c **** {
 151:USB_DEVICE/App/usbd_desc.c ****   0x12,                       /*bLength */
 152:USB_DEVICE/App/usbd_desc.c ****   USB_DESC_TYPE_DEVICE,       /*bDescriptorType*/
 153:USB_DEVICE/App/usbd_desc.c ****   0x00,                       /*bcdUSB */
 154:USB_DEVICE/App/usbd_desc.c **** 
 155:USB_DEVICE/App/usbd_desc.c ****   0x02,
 156:USB_DEVICE/App/usbd_desc.c ****   0x02,                       /*bDeviceClass*/
 157:USB_DEVICE/App/usbd_desc.c ****   0x02,                       /*bDeviceSubClass*/
 158:USB_DEVICE/App/usbd_desc.c ****   0x00,                       /*bDeviceProtocol*/
 159:USB_DEVICE/App/usbd_desc.c ****   USB_MAX_EP0_SIZE,           /*bMaxPacketSize*/
 160:USB_DEVICE/App/usbd_desc.c ****   LOBYTE(USBD_VID),           /*idVendor*/
 161:USB_DEVICE/App/usbd_desc.c ****   HIBYTE(USBD_VID),           /*idVendor*/
 162:USB_DEVICE/App/usbd_desc.c ****   LOBYTE(USBD_PID_HS),        /*idProduct*/
 163:USB_DEVICE/App/usbd_desc.c ****   HIBYTE(USBD_PID_HS),        /*idProduct*/
 164:USB_DEVICE/App/usbd_desc.c ****   0x00,                       /*bcdDevice rel. 2.00*/
 165:USB_DEVICE/App/usbd_desc.c ****   0x02,
 166:USB_DEVICE/App/usbd_desc.c ****   USBD_IDX_MFC_STR,           /*Index of manufacturer  string*/
 167:USB_DEVICE/App/usbd_desc.c ****   USBD_IDX_PRODUCT_STR,       /*Index of product string*/
 168:USB_DEVICE/App/usbd_desc.c ****   USBD_IDX_SERIAL_STR,        /*Index of serial number string*/
 169:USB_DEVICE/App/usbd_desc.c ****   USBD_MAX_NUM_CONFIGURATION  /*bNumConfigurations*/
 170:USB_DEVICE/App/usbd_desc.c **** };
 171:USB_DEVICE/App/usbd_desc.c **** 
 172:USB_DEVICE/App/usbd_desc.c **** /** BOS descriptor. */
 173:USB_DEVICE/App/usbd_desc.c **** #if (USBD_LPM_ENABLED == 1)
 174:USB_DEVICE/App/usbd_desc.c **** #if defined ( __ICCARM__ ) /* IAR Compiler */
 175:USB_DEVICE/App/usbd_desc.c ****   #pragma data_alignment=4
 176:USB_DEVICE/App/usbd_desc.c **** #endif /* defined ( __ICCARM__ ) */
 177:USB_DEVICE/App/usbd_desc.c **** __ALIGN_BEGIN uint8_t USBD_HS_BOSDesc[USB_SIZ_BOS_DESC] __ALIGN_END =
 178:USB_DEVICE/App/usbd_desc.c **** {
 179:USB_DEVICE/App/usbd_desc.c ****   0x5,
 180:USB_DEVICE/App/usbd_desc.c ****   USB_DESC_TYPE_BOS,
 181:USB_DEVICE/App/usbd_desc.c ****   0xC,
 182:USB_DEVICE/App/usbd_desc.c ****   0x0,
 183:USB_DEVICE/App/usbd_desc.c ****   0x1,  /* 1 device capability */
 184:USB_DEVICE/App/usbd_desc.c ****         /* device capability */
 185:USB_DEVICE/App/usbd_desc.c ****   0x7,
 186:USB_DEVICE/App/usbd_desc.c ****   USB_DEVICE_CAPABITY_TYPE,
 187:USB_DEVICE/App/usbd_desc.c ****   0x2,
 188:USB_DEVICE/App/usbd_desc.c ****   0x2,  /*LPM capability bit set */
 189:USB_DEVICE/App/usbd_desc.c ****   0x0,
 190:USB_DEVICE/App/usbd_desc.c ****   0x0,
 191:USB_DEVICE/App/usbd_desc.c ****   0x0
 192:USB_DEVICE/App/usbd_desc.c **** };
 193:USB_DEVICE/App/usbd_desc.c **** #endif /* (USBD_LPM_ENABLED == 1) */
 194:USB_DEVICE/App/usbd_desc.c **** 
 195:USB_DEVICE/App/usbd_desc.c **** /**
 196:USB_DEVICE/App/usbd_desc.c ****   * @}
 197:USB_DEVICE/App/usbd_desc.c ****   */
 198:USB_DEVICE/App/usbd_desc.c **** 
 199:USB_DEVICE/App/usbd_desc.c **** /** @defgroup USBD_DESC_Private_Variables USBD_DESC_Private_Variables
 200:USB_DEVICE/App/usbd_desc.c ****   * @brief Private variables.
 201:USB_DEVICE/App/usbd_desc.c ****   * @{
ARM GAS  /tmp/ccrLAlBY.s 			page 5


 202:USB_DEVICE/App/usbd_desc.c ****   */
 203:USB_DEVICE/App/usbd_desc.c **** 
 204:USB_DEVICE/App/usbd_desc.c **** #if defined ( __ICCARM__ ) /* IAR Compiler */
 205:USB_DEVICE/App/usbd_desc.c ****   #pragma data_alignment=4
 206:USB_DEVICE/App/usbd_desc.c **** #endif /* defined ( __ICCARM__ ) */
 207:USB_DEVICE/App/usbd_desc.c **** 
 208:USB_DEVICE/App/usbd_desc.c **** /** USB lang identifier descriptor. */
 209:USB_DEVICE/App/usbd_desc.c **** __ALIGN_BEGIN uint8_t USBD_LangIDDesc[USB_LEN_LANGID_STR_DESC] __ALIGN_END =
 210:USB_DEVICE/App/usbd_desc.c **** {
 211:USB_DEVICE/App/usbd_desc.c ****      USB_LEN_LANGID_STR_DESC,
 212:USB_DEVICE/App/usbd_desc.c ****      USB_DESC_TYPE_STRING,
 213:USB_DEVICE/App/usbd_desc.c ****      LOBYTE(USBD_LANGID_STRING),
 214:USB_DEVICE/App/usbd_desc.c ****      HIBYTE(USBD_LANGID_STRING)
 215:USB_DEVICE/App/usbd_desc.c **** };
 216:USB_DEVICE/App/usbd_desc.c **** 
 217:USB_DEVICE/App/usbd_desc.c **** #if defined ( __ICCARM__ ) /* IAR Compiler */
 218:USB_DEVICE/App/usbd_desc.c ****   #pragma data_alignment=4
 219:USB_DEVICE/App/usbd_desc.c **** #endif /* defined ( __ICCARM__ ) */
 220:USB_DEVICE/App/usbd_desc.c **** /* Internal string descriptor. */
 221:USB_DEVICE/App/usbd_desc.c **** __ALIGN_BEGIN uint8_t USBD_StrDesc[USBD_MAX_STR_DESC_SIZ] __ALIGN_END;
 222:USB_DEVICE/App/usbd_desc.c **** 
 223:USB_DEVICE/App/usbd_desc.c **** #if defined ( __ICCARM__ ) /*!< IAR Compiler */
 224:USB_DEVICE/App/usbd_desc.c ****   #pragma data_alignment=4
 225:USB_DEVICE/App/usbd_desc.c **** #endif
 226:USB_DEVICE/App/usbd_desc.c **** __ALIGN_BEGIN uint8_t USBD_StringSerial[USB_SIZ_STRING_SERIAL] __ALIGN_END = {
 227:USB_DEVICE/App/usbd_desc.c ****   USB_SIZ_STRING_SERIAL,
 228:USB_DEVICE/App/usbd_desc.c ****   USB_DESC_TYPE_STRING,
 229:USB_DEVICE/App/usbd_desc.c **** };
 230:USB_DEVICE/App/usbd_desc.c **** 
 231:USB_DEVICE/App/usbd_desc.c **** /**
 232:USB_DEVICE/App/usbd_desc.c ****   * @}
 233:USB_DEVICE/App/usbd_desc.c ****   */
 234:USB_DEVICE/App/usbd_desc.c **** 
 235:USB_DEVICE/App/usbd_desc.c **** /** @defgroup USBD_DESC_Private_Functions USBD_DESC_Private_Functions
 236:USB_DEVICE/App/usbd_desc.c ****   * @brief Private functions.
 237:USB_DEVICE/App/usbd_desc.c ****   * @{
 238:USB_DEVICE/App/usbd_desc.c ****   */
 239:USB_DEVICE/App/usbd_desc.c **** 
 240:USB_DEVICE/App/usbd_desc.c **** /**
 241:USB_DEVICE/App/usbd_desc.c ****   * @brief  Return the device descriptor
 242:USB_DEVICE/App/usbd_desc.c ****   * @param  speed : Current device speed
 243:USB_DEVICE/App/usbd_desc.c ****   * @param  length : Pointer to data length variable
 244:USB_DEVICE/App/usbd_desc.c ****   * @retval Pointer to descriptor buffer
 245:USB_DEVICE/App/usbd_desc.c ****   */
 246:USB_DEVICE/App/usbd_desc.c **** uint8_t * USBD_HS_DeviceDescriptor(USBD_SpeedTypeDef speed, uint16_t *length)
 247:USB_DEVICE/App/usbd_desc.c **** {
  29              		.loc 1 247 1 view -0
  30              		.cfi_startproc
  31              		@ args = 0, pretend = 0, frame = 0
  32              		@ frame_needed = 0, uses_anonymous_args = 0
  33              		@ link register save eliminated.
 248:USB_DEVICE/App/usbd_desc.c ****   UNUSED(speed);
  34              		.loc 1 248 3 view .LVU1
 249:USB_DEVICE/App/usbd_desc.c ****   *length = sizeof(USBD_HS_DeviceDesc);
  35              		.loc 1 249 3 view .LVU2
  36              		.loc 1 249 11 is_stmt 0 view .LVU3
  37 0000 1223     		movs	r3, #18
ARM GAS  /tmp/ccrLAlBY.s 			page 6


  38 0002 0B80     		strh	r3, [r1]	@ movhi
 250:USB_DEVICE/App/usbd_desc.c ****   return USBD_HS_DeviceDesc;
  39              		.loc 1 250 3 is_stmt 1 view .LVU4
 251:USB_DEVICE/App/usbd_desc.c **** }
  40              		.loc 1 251 1 is_stmt 0 view .LVU5
  41 0004 0048     		ldr	r0, .L2
  42              	.LVL1:
  43              		.loc 1 251 1 view .LVU6
  44 0006 7047     		bx	lr
  45              	.L3:
  46              		.align	2
  47              	.L2:
  48 0008 00000000 		.word	.LANCHOR0
  49              		.cfi_endproc
  50              	.LFE354:
  52              		.section	.text.USBD_HS_LangIDStrDescriptor,"ax",%progbits
  53              		.align	1
  54              		.global	USBD_HS_LangIDStrDescriptor
  55              		.syntax unified
  56              		.thumb
  57              		.thumb_func
  58              		.fpu fpv5-d16
  60              	USBD_HS_LangIDStrDescriptor:
  61              	.LVL2:
  62              	.LFB355:
 252:USB_DEVICE/App/usbd_desc.c **** 
 253:USB_DEVICE/App/usbd_desc.c **** /**
 254:USB_DEVICE/App/usbd_desc.c ****   * @brief  Return the LangID string descriptor
 255:USB_DEVICE/App/usbd_desc.c ****   * @param  speed : Current device speed
 256:USB_DEVICE/App/usbd_desc.c ****   * @param  length : Pointer to data length variable
 257:USB_DEVICE/App/usbd_desc.c ****   * @retval Pointer to descriptor buffer
 258:USB_DEVICE/App/usbd_desc.c ****   */
 259:USB_DEVICE/App/usbd_desc.c **** uint8_t * USBD_HS_LangIDStrDescriptor(USBD_SpeedTypeDef speed, uint16_t *length)
 260:USB_DEVICE/App/usbd_desc.c **** {
  63              		.loc 1 260 1 is_stmt 1 view -0
  64              		.cfi_startproc
  65              		@ args = 0, pretend = 0, frame = 0
  66              		@ frame_needed = 0, uses_anonymous_args = 0
  67              		@ link register save eliminated.
 261:USB_DEVICE/App/usbd_desc.c ****   UNUSED(speed);
  68              		.loc 1 261 3 view .LVU8
 262:USB_DEVICE/App/usbd_desc.c ****   *length = sizeof(USBD_LangIDDesc);
  69              		.loc 1 262 3 view .LVU9
  70              		.loc 1 262 11 is_stmt 0 view .LVU10
  71 0000 0423     		movs	r3, #4
  72 0002 0B80     		strh	r3, [r1]	@ movhi
 263:USB_DEVICE/App/usbd_desc.c ****   return USBD_LangIDDesc;
  73              		.loc 1 263 3 is_stmt 1 view .LVU11
 264:USB_DEVICE/App/usbd_desc.c **** }
  74              		.loc 1 264 1 is_stmt 0 view .LVU12
  75 0004 0048     		ldr	r0, .L5
  76              	.LVL3:
  77              		.loc 1 264 1 view .LVU13
  78 0006 7047     		bx	lr
  79              	.L6:
  80              		.align	2
  81              	.L5:
ARM GAS  /tmp/ccrLAlBY.s 			page 7


  82 0008 00000000 		.word	.LANCHOR1
  83              		.cfi_endproc
  84              	.LFE355:
  86              		.section	.text.IntToUnicode,"ax",%progbits
  87              		.align	1
  88              		.syntax unified
  89              		.thumb
  90              		.thumb_func
  91              		.fpu fpv5-d16
  93              	IntToUnicode:
  94              	.LVL4:
  95              	.LFB363:
 265:USB_DEVICE/App/usbd_desc.c **** 
 266:USB_DEVICE/App/usbd_desc.c **** /**
 267:USB_DEVICE/App/usbd_desc.c ****   * @brief  Return the product string descriptor
 268:USB_DEVICE/App/usbd_desc.c ****   * @param  speed : current device speed
 269:USB_DEVICE/App/usbd_desc.c ****   * @param  length : pointer to data length variable
 270:USB_DEVICE/App/usbd_desc.c ****   * @retval pointer to descriptor buffer
 271:USB_DEVICE/App/usbd_desc.c ****   */
 272:USB_DEVICE/App/usbd_desc.c **** uint8_t * USBD_HS_ProductStrDescriptor(USBD_SpeedTypeDef speed, uint16_t *length)
 273:USB_DEVICE/App/usbd_desc.c **** {
 274:USB_DEVICE/App/usbd_desc.c ****   if(speed == 0)
 275:USB_DEVICE/App/usbd_desc.c ****   {
 276:USB_DEVICE/App/usbd_desc.c ****     USBD_GetString((uint8_t *)USBD_PRODUCT_STRING_HS, USBD_StrDesc, length);
 277:USB_DEVICE/App/usbd_desc.c ****   }
 278:USB_DEVICE/App/usbd_desc.c ****   else
 279:USB_DEVICE/App/usbd_desc.c ****   {
 280:USB_DEVICE/App/usbd_desc.c ****     USBD_GetString((uint8_t *)USBD_PRODUCT_STRING_HS, USBD_StrDesc, length);
 281:USB_DEVICE/App/usbd_desc.c ****   }
 282:USB_DEVICE/App/usbd_desc.c ****   return USBD_StrDesc;
 283:USB_DEVICE/App/usbd_desc.c **** }
 284:USB_DEVICE/App/usbd_desc.c **** 
 285:USB_DEVICE/App/usbd_desc.c **** /**
 286:USB_DEVICE/App/usbd_desc.c ****   * @brief  Return the manufacturer string descriptor
 287:USB_DEVICE/App/usbd_desc.c ****   * @param  speed : Current device speed
 288:USB_DEVICE/App/usbd_desc.c ****   * @param  length : Pointer to data length variable
 289:USB_DEVICE/App/usbd_desc.c ****   * @retval Pointer to descriptor buffer
 290:USB_DEVICE/App/usbd_desc.c ****   */
 291:USB_DEVICE/App/usbd_desc.c **** uint8_t * USBD_HS_ManufacturerStrDescriptor(USBD_SpeedTypeDef speed, uint16_t *length)
 292:USB_DEVICE/App/usbd_desc.c **** {
 293:USB_DEVICE/App/usbd_desc.c ****   UNUSED(speed);
 294:USB_DEVICE/App/usbd_desc.c ****   USBD_GetString((uint8_t *)USBD_MANUFACTURER_STRING, USBD_StrDesc, length);
 295:USB_DEVICE/App/usbd_desc.c ****   return USBD_StrDesc;
 296:USB_DEVICE/App/usbd_desc.c **** }
 297:USB_DEVICE/App/usbd_desc.c **** 
 298:USB_DEVICE/App/usbd_desc.c **** /**
 299:USB_DEVICE/App/usbd_desc.c ****   * @brief  Return the serial number string descriptor
 300:USB_DEVICE/App/usbd_desc.c ****   * @param  speed : Current device speed
 301:USB_DEVICE/App/usbd_desc.c ****   * @param  length : Pointer to data length variable
 302:USB_DEVICE/App/usbd_desc.c ****   * @retval Pointer to descriptor buffer
 303:USB_DEVICE/App/usbd_desc.c ****   */
 304:USB_DEVICE/App/usbd_desc.c **** uint8_t * USBD_HS_SerialStrDescriptor(USBD_SpeedTypeDef speed, uint16_t *length)
 305:USB_DEVICE/App/usbd_desc.c **** {
 306:USB_DEVICE/App/usbd_desc.c ****   UNUSED(speed);
 307:USB_DEVICE/App/usbd_desc.c ****   *length = USB_SIZ_STRING_SERIAL;
 308:USB_DEVICE/App/usbd_desc.c **** 
 309:USB_DEVICE/App/usbd_desc.c ****   /* Update the serial number string descriptor with the data from the unique
ARM GAS  /tmp/ccrLAlBY.s 			page 8


 310:USB_DEVICE/App/usbd_desc.c ****    * ID */
 311:USB_DEVICE/App/usbd_desc.c ****   Get_SerialNum();
 312:USB_DEVICE/App/usbd_desc.c ****   /* USER CODE BEGIN USBD_HS_SerialStrDescriptor */
 313:USB_DEVICE/App/usbd_desc.c **** 
 314:USB_DEVICE/App/usbd_desc.c ****   /* USER CODE END USBD_HS_SerialStrDescriptor */
 315:USB_DEVICE/App/usbd_desc.c **** 
 316:USB_DEVICE/App/usbd_desc.c ****   return (uint8_t *) USBD_StringSerial;
 317:USB_DEVICE/App/usbd_desc.c **** }
 318:USB_DEVICE/App/usbd_desc.c **** 
 319:USB_DEVICE/App/usbd_desc.c **** /**
 320:USB_DEVICE/App/usbd_desc.c ****   * @brief  Return the configuration string descriptor
 321:USB_DEVICE/App/usbd_desc.c ****   * @param  speed : Current device speed
 322:USB_DEVICE/App/usbd_desc.c ****   * @param  length : Pointer to data length variable
 323:USB_DEVICE/App/usbd_desc.c ****   * @retval Pointer to descriptor buffer
 324:USB_DEVICE/App/usbd_desc.c ****   */
 325:USB_DEVICE/App/usbd_desc.c **** uint8_t * USBD_HS_ConfigStrDescriptor(USBD_SpeedTypeDef speed, uint16_t *length)
 326:USB_DEVICE/App/usbd_desc.c **** {
 327:USB_DEVICE/App/usbd_desc.c ****   if(speed == USBD_SPEED_HIGH)
 328:USB_DEVICE/App/usbd_desc.c ****   {
 329:USB_DEVICE/App/usbd_desc.c ****     USBD_GetString((uint8_t *)USBD_CONFIGURATION_STRING_HS, USBD_StrDesc, length);
 330:USB_DEVICE/App/usbd_desc.c ****   }
 331:USB_DEVICE/App/usbd_desc.c ****   else
 332:USB_DEVICE/App/usbd_desc.c ****   {
 333:USB_DEVICE/App/usbd_desc.c ****     USBD_GetString((uint8_t *)USBD_CONFIGURATION_STRING_HS, USBD_StrDesc, length);
 334:USB_DEVICE/App/usbd_desc.c ****   }
 335:USB_DEVICE/App/usbd_desc.c ****   return USBD_StrDesc;
 336:USB_DEVICE/App/usbd_desc.c **** }
 337:USB_DEVICE/App/usbd_desc.c **** 
 338:USB_DEVICE/App/usbd_desc.c **** /**
 339:USB_DEVICE/App/usbd_desc.c ****   * @brief  Return the interface string descriptor
 340:USB_DEVICE/App/usbd_desc.c ****   * @param  speed : Current device speed
 341:USB_DEVICE/App/usbd_desc.c ****   * @param  length : Pointer to data length variable
 342:USB_DEVICE/App/usbd_desc.c ****   * @retval Pointer to descriptor buffer
 343:USB_DEVICE/App/usbd_desc.c ****   */
 344:USB_DEVICE/App/usbd_desc.c **** uint8_t * USBD_HS_InterfaceStrDescriptor(USBD_SpeedTypeDef speed, uint16_t *length)
 345:USB_DEVICE/App/usbd_desc.c **** {
 346:USB_DEVICE/App/usbd_desc.c ****   if(speed == 0)
 347:USB_DEVICE/App/usbd_desc.c ****   {
 348:USB_DEVICE/App/usbd_desc.c ****     USBD_GetString((uint8_t *)USBD_INTERFACE_STRING_HS, USBD_StrDesc, length);
 349:USB_DEVICE/App/usbd_desc.c ****   }
 350:USB_DEVICE/App/usbd_desc.c ****   else
 351:USB_DEVICE/App/usbd_desc.c ****   {
 352:USB_DEVICE/App/usbd_desc.c ****     USBD_GetString((uint8_t *)USBD_INTERFACE_STRING_HS, USBD_StrDesc, length);
 353:USB_DEVICE/App/usbd_desc.c ****   }
 354:USB_DEVICE/App/usbd_desc.c ****   return USBD_StrDesc;
 355:USB_DEVICE/App/usbd_desc.c **** }
 356:USB_DEVICE/App/usbd_desc.c **** 
 357:USB_DEVICE/App/usbd_desc.c **** #if (USBD_LPM_ENABLED == 1)
 358:USB_DEVICE/App/usbd_desc.c **** /**
 359:USB_DEVICE/App/usbd_desc.c ****   * @brief  Return the BOS descriptor
 360:USB_DEVICE/App/usbd_desc.c ****   * @param  speed : Current device speed
 361:USB_DEVICE/App/usbd_desc.c ****   * @param  length : Pointer to data length variable
 362:USB_DEVICE/App/usbd_desc.c ****   * @retval Pointer to descriptor buffer
 363:USB_DEVICE/App/usbd_desc.c ****   */
 364:USB_DEVICE/App/usbd_desc.c **** uint8_t * USBD_HS_USR_BOSDescriptor(USBD_SpeedTypeDef speed, uint16_t *length)
 365:USB_DEVICE/App/usbd_desc.c **** {
 366:USB_DEVICE/App/usbd_desc.c ****   UNUSED(speed);
ARM GAS  /tmp/ccrLAlBY.s 			page 9


 367:USB_DEVICE/App/usbd_desc.c ****   *length = sizeof(USBD_HS_BOSDesc);
 368:USB_DEVICE/App/usbd_desc.c ****   return (uint8_t*)USBD_HS_BOSDesc;
 369:USB_DEVICE/App/usbd_desc.c **** }
 370:USB_DEVICE/App/usbd_desc.c **** #endif /* (USBD_LPM_ENABLED == 1) */
 371:USB_DEVICE/App/usbd_desc.c **** 
 372:USB_DEVICE/App/usbd_desc.c **** /**
 373:USB_DEVICE/App/usbd_desc.c ****   * @brief  Create the serial number string descriptor
 374:USB_DEVICE/App/usbd_desc.c ****   * @param  None
 375:USB_DEVICE/App/usbd_desc.c ****   * @retval None
 376:USB_DEVICE/App/usbd_desc.c ****   */
 377:USB_DEVICE/App/usbd_desc.c **** static void Get_SerialNum(void)
 378:USB_DEVICE/App/usbd_desc.c **** {
 379:USB_DEVICE/App/usbd_desc.c ****   uint32_t deviceserial0;
 380:USB_DEVICE/App/usbd_desc.c ****   uint32_t deviceserial1;
 381:USB_DEVICE/App/usbd_desc.c ****   uint32_t deviceserial2;
 382:USB_DEVICE/App/usbd_desc.c **** 
 383:USB_DEVICE/App/usbd_desc.c ****   deviceserial0 = *(uint32_t *) DEVICE_ID1;
 384:USB_DEVICE/App/usbd_desc.c ****   deviceserial1 = *(uint32_t *) DEVICE_ID2;
 385:USB_DEVICE/App/usbd_desc.c ****   deviceserial2 = *(uint32_t *) DEVICE_ID3;
 386:USB_DEVICE/App/usbd_desc.c **** 
 387:USB_DEVICE/App/usbd_desc.c ****   deviceserial0 += deviceserial2;
 388:USB_DEVICE/App/usbd_desc.c **** 
 389:USB_DEVICE/App/usbd_desc.c ****   if (deviceserial0 != 0)
 390:USB_DEVICE/App/usbd_desc.c ****   {
 391:USB_DEVICE/App/usbd_desc.c ****     IntToUnicode(deviceserial0, &USBD_StringSerial[2], 8);
 392:USB_DEVICE/App/usbd_desc.c ****     IntToUnicode(deviceserial1, &USBD_StringSerial[18], 4);
 393:USB_DEVICE/App/usbd_desc.c ****   }
 394:USB_DEVICE/App/usbd_desc.c **** }
 395:USB_DEVICE/App/usbd_desc.c **** 
 396:USB_DEVICE/App/usbd_desc.c **** /**
 397:USB_DEVICE/App/usbd_desc.c ****   * @brief  Convert Hex 32Bits value into char
 398:USB_DEVICE/App/usbd_desc.c ****   * @param  value: value to convert
 399:USB_DEVICE/App/usbd_desc.c ****   * @param  pbuf: pointer to the buffer
 400:USB_DEVICE/App/usbd_desc.c ****   * @param  len: buffer length
 401:USB_DEVICE/App/usbd_desc.c ****   * @retval None
 402:USB_DEVICE/App/usbd_desc.c ****   */
 403:USB_DEVICE/App/usbd_desc.c **** static void IntToUnicode(uint32_t value, uint8_t * pbuf, uint8_t len)
 404:USB_DEVICE/App/usbd_desc.c **** {
  96              		.loc 1 404 1 is_stmt 1 view -0
  97              		.cfi_startproc
  98              		@ args = 0, pretend = 0, frame = 0
  99              		@ frame_needed = 0, uses_anonymous_args = 0
 100              		@ link register save eliminated.
 405:USB_DEVICE/App/usbd_desc.c ****   uint8_t idx = 0;
 101              		.loc 1 405 3 view .LVU15
 406:USB_DEVICE/App/usbd_desc.c **** 
 407:USB_DEVICE/App/usbd_desc.c ****   for (idx = 0; idx < len; idx++)
 102              		.loc 1 407 3 view .LVU16
 103              		.loc 1 407 12 is_stmt 0 view .LVU17
 104 0000 0023     		movs	r3, #0
 105              	.LVL5:
 106              		.loc 1 407 17 is_stmt 1 view .LVU18
 107              		.loc 1 407 3 is_stmt 0 view .LVU19
 108 0002 9342     		cmp	r3, r2
 109 0004 17D2     		bcs	.L15
 404:USB_DEVICE/App/usbd_desc.c ****   uint8_t idx = 0;
 110              		.loc 1 404 1 view .LVU20
ARM GAS  /tmp/ccrLAlBY.s 			page 10


 111 0006 30B4     		push	{r4, r5}
 112              	.LCFI0:
 113              		.cfi_def_cfa_offset 8
 114              		.cfi_offset 4, -8
 115              		.cfi_offset 5, -4
 116 0008 0BE0     		b	.L11
 117              	.L9:
 408:USB_DEVICE/App/usbd_desc.c ****   {
 409:USB_DEVICE/App/usbd_desc.c ****     if (((value >> 28)) < 0xA)
 410:USB_DEVICE/App/usbd_desc.c ****     {
 411:USB_DEVICE/App/usbd_desc.c ****       pbuf[2 * idx] = (value >> 28) + '0';
 412:USB_DEVICE/App/usbd_desc.c ****     }
 413:USB_DEVICE/App/usbd_desc.c ****     else
 414:USB_DEVICE/App/usbd_desc.c ****     {
 415:USB_DEVICE/App/usbd_desc.c ****       pbuf[2 * idx] = (value >> 28) + 'A' - 10;
 118              		.loc 1 415 7 is_stmt 1 view .LVU21
 119              		.loc 1 415 43 is_stmt 0 view .LVU22
 120 000a 3734     		adds	r4, r4, #55
 121              		.loc 1 415 21 view .LVU23
 122 000c 01F81340 		strb	r4, [r1, r3, lsl #1]
 123              	.L10:
 416:USB_DEVICE/App/usbd_desc.c ****     }
 417:USB_DEVICE/App/usbd_desc.c **** 
 418:USB_DEVICE/App/usbd_desc.c ****     value = value << 4;
 124              		.loc 1 418 5 is_stmt 1 discriminator 2 view .LVU24
 125              		.loc 1 418 11 is_stmt 0 discriminator 2 view .LVU25
 126 0010 0001     		lsls	r0, r0, #4
 127              	.LVL6:
 419:USB_DEVICE/App/usbd_desc.c **** 
 420:USB_DEVICE/App/usbd_desc.c ****     pbuf[2 * idx + 1] = 0;
 128              		.loc 1 420 5 is_stmt 1 discriminator 2 view .LVU26
 129              		.loc 1 420 12 is_stmt 0 discriminator 2 view .LVU27
 130 0012 5C00     		lsls	r4, r3, #1
 131              		.loc 1 420 9 discriminator 2 view .LVU28
 132 0014 0134     		adds	r4, r4, #1
 133              		.loc 1 420 23 discriminator 2 view .LVU29
 134 0016 0025     		movs	r5, #0
 135 0018 0D55     		strb	r5, [r1, r4]
 407:USB_DEVICE/App/usbd_desc.c ****   {
 136              		.loc 1 407 28 is_stmt 1 discriminator 2 view .LVU30
 407:USB_DEVICE/App/usbd_desc.c ****   {
 137              		.loc 1 407 31 is_stmt 0 discriminator 2 view .LVU31
 138 001a 0133     		adds	r3, r3, #1
 139              	.LVL7:
 407:USB_DEVICE/App/usbd_desc.c ****   {
 140              		.loc 1 407 31 discriminator 2 view .LVU32
 141 001c DBB2     		uxtb	r3, r3
 142              	.LVL8:
 407:USB_DEVICE/App/usbd_desc.c ****   {
 143              		.loc 1 407 17 is_stmt 1 discriminator 2 view .LVU33
 407:USB_DEVICE/App/usbd_desc.c ****   {
 144              		.loc 1 407 3 is_stmt 0 discriminator 2 view .LVU34
 145 001e 9342     		cmp	r3, r2
 146 0020 07D2     		bcs	.L16
 147              	.L11:
 409:USB_DEVICE/App/usbd_desc.c ****     {
 148              		.loc 1 409 5 is_stmt 1 view .LVU35
ARM GAS  /tmp/ccrLAlBY.s 			page 11


 409:USB_DEVICE/App/usbd_desc.c ****     {
 149              		.loc 1 409 17 is_stmt 0 view .LVU36
 150 0022 040F     		lsrs	r4, r0, #28
 409:USB_DEVICE/App/usbd_desc.c ****     {
 151              		.loc 1 409 8 view .LVU37
 152 0024 B0F1204F 		cmp	r0, #-1610612736
 153 0028 EFD2     		bcs	.L9
 411:USB_DEVICE/App/usbd_desc.c ****     }
 154              		.loc 1 411 7 is_stmt 1 view .LVU38
 411:USB_DEVICE/App/usbd_desc.c ****     }
 155              		.loc 1 411 37 is_stmt 0 view .LVU39
 156 002a 3034     		adds	r4, r4, #48
 411:USB_DEVICE/App/usbd_desc.c ****     }
 157              		.loc 1 411 21 view .LVU40
 158 002c 01F81340 		strb	r4, [r1, r3, lsl #1]
 159 0030 EEE7     		b	.L10
 160              	.L16:
 421:USB_DEVICE/App/usbd_desc.c ****   }
 422:USB_DEVICE/App/usbd_desc.c **** }
 161              		.loc 1 422 1 view .LVU41
 162 0032 30BC     		pop	{r4, r5}
 163              	.LCFI1:
 164              		.cfi_restore 5
 165              		.cfi_restore 4
 166              		.cfi_def_cfa_offset 0
 167 0034 7047     		bx	lr
 168              	.L15:
 169              		.loc 1 422 1 view .LVU42
 170 0036 7047     		bx	lr
 171              		.cfi_endproc
 172              	.LFE363:
 174              		.section	.text.Get_SerialNum,"ax",%progbits
 175              		.align	1
 176              		.syntax unified
 177              		.thumb
 178              		.thumb_func
 179              		.fpu fpv5-d16
 181              	Get_SerialNum:
 182              	.LFB362:
 378:USB_DEVICE/App/usbd_desc.c ****   uint32_t deviceserial0;
 183              		.loc 1 378 1 is_stmt 1 view -0
 184              		.cfi_startproc
 185              		@ args = 0, pretend = 0, frame = 0
 186              		@ frame_needed = 0, uses_anonymous_args = 0
 187 0000 38B5     		push	{r3, r4, r5, lr}
 188              	.LCFI2:
 189              		.cfi_def_cfa_offset 16
 190              		.cfi_offset 3, -16
 191              		.cfi_offset 4, -12
 192              		.cfi_offset 5, -8
 193              		.cfi_offset 14, -4
 379:USB_DEVICE/App/usbd_desc.c ****   uint32_t deviceserial1;
 194              		.loc 1 379 3 view .LVU44
 380:USB_DEVICE/App/usbd_desc.c ****   uint32_t deviceserial2;
 195              		.loc 1 380 3 view .LVU45
 381:USB_DEVICE/App/usbd_desc.c **** 
 196              		.loc 1 381 3 view .LVU46
ARM GAS  /tmp/ccrLAlBY.s 			page 12


 383:USB_DEVICE/App/usbd_desc.c ****   deviceserial1 = *(uint32_t *) DEVICE_ID2;
 197              		.loc 1 383 3 view .LVU47
 383:USB_DEVICE/App/usbd_desc.c ****   deviceserial1 = *(uint32_t *) DEVICE_ID2;
 198              		.loc 1 383 17 is_stmt 0 view .LVU48
 199 0002 0A4B     		ldr	r3, .L21
 200 0004 1868     		ldr	r0, [r3]
 201              	.LVL9:
 384:USB_DEVICE/App/usbd_desc.c ****   deviceserial2 = *(uint32_t *) DEVICE_ID3;
 202              		.loc 1 384 3 is_stmt 1 view .LVU49
 384:USB_DEVICE/App/usbd_desc.c ****   deviceserial2 = *(uint32_t *) DEVICE_ID3;
 203              		.loc 1 384 17 is_stmt 0 view .LVU50
 204 0006 0433     		adds	r3, r3, #4
 205 0008 1C68     		ldr	r4, [r3]
 206              	.LVL10:
 385:USB_DEVICE/App/usbd_desc.c **** 
 207              		.loc 1 385 3 is_stmt 1 view .LVU51
 385:USB_DEVICE/App/usbd_desc.c **** 
 208              		.loc 1 385 17 is_stmt 0 view .LVU52
 209 000a 0433     		adds	r3, r3, #4
 210 000c 1B68     		ldr	r3, [r3]
 211              	.LVL11:
 387:USB_DEVICE/App/usbd_desc.c **** 
 212              		.loc 1 387 3 is_stmt 1 view .LVU53
 389:USB_DEVICE/App/usbd_desc.c ****   {
 213              		.loc 1 389 3 view .LVU54
 389:USB_DEVICE/App/usbd_desc.c ****   {
 214              		.loc 1 389 6 is_stmt 0 view .LVU55
 215 000e C018     		adds	r0, r0, r3
 216              	.LVL12:
 389:USB_DEVICE/App/usbd_desc.c ****   {
 217              		.loc 1 389 6 view .LVU56
 218 0010 00D1     		bne	.L20
 219              	.LVL13:
 220              	.L17:
 394:USB_DEVICE/App/usbd_desc.c **** 
 221              		.loc 1 394 1 view .LVU57
 222 0012 38BD     		pop	{r3, r4, r5, pc}
 223              	.LVL14:
 224              	.L20:
 391:USB_DEVICE/App/usbd_desc.c ****     IntToUnicode(deviceserial1, &USBD_StringSerial[18], 4);
 225              		.loc 1 391 5 is_stmt 1 view .LVU58
 226 0014 064D     		ldr	r5, .L21+4
 227 0016 0822     		movs	r2, #8
 228 0018 A91C     		adds	r1, r5, #2
 229 001a FFF7FEFF 		bl	IntToUnicode
 230              	.LVL15:
 392:USB_DEVICE/App/usbd_desc.c ****   }
 231              		.loc 1 392 5 view .LVU59
 232 001e 0422     		movs	r2, #4
 233 0020 05F11201 		add	r1, r5, #18
 234 0024 2046     		mov	r0, r4
 235 0026 FFF7FEFF 		bl	IntToUnicode
 236              	.LVL16:
 394:USB_DEVICE/App/usbd_desc.c **** 
 237              		.loc 1 394 1 is_stmt 0 view .LVU60
 238 002a F2E7     		b	.L17
 239              	.L22:
ARM GAS  /tmp/ccrLAlBY.s 			page 13


 240              		.align	2
 241              	.L21:
 242 002c 00E8F11F 		.word	535947264
 243 0030 00000000 		.word	.LANCHOR2
 244              		.cfi_endproc
 245              	.LFE362:
 247              		.section	.text.USBD_HS_SerialStrDescriptor,"ax",%progbits
 248              		.align	1
 249              		.global	USBD_HS_SerialStrDescriptor
 250              		.syntax unified
 251              		.thumb
 252              		.thumb_func
 253              		.fpu fpv5-d16
 255              	USBD_HS_SerialStrDescriptor:
 256              	.LVL17:
 257              	.LFB358:
 305:USB_DEVICE/App/usbd_desc.c ****   UNUSED(speed);
 258              		.loc 1 305 1 is_stmt 1 view -0
 259              		.cfi_startproc
 260              		@ args = 0, pretend = 0, frame = 0
 261              		@ frame_needed = 0, uses_anonymous_args = 0
 305:USB_DEVICE/App/usbd_desc.c ****   UNUSED(speed);
 262              		.loc 1 305 1 is_stmt 0 view .LVU62
 263 0000 08B5     		push	{r3, lr}
 264              	.LCFI3:
 265              		.cfi_def_cfa_offset 8
 266              		.cfi_offset 3, -8
 267              		.cfi_offset 14, -4
 306:USB_DEVICE/App/usbd_desc.c ****   *length = USB_SIZ_STRING_SERIAL;
 268              		.loc 1 306 3 is_stmt 1 view .LVU63
 307:USB_DEVICE/App/usbd_desc.c **** 
 269              		.loc 1 307 3 view .LVU64
 307:USB_DEVICE/App/usbd_desc.c **** 
 270              		.loc 1 307 11 is_stmt 0 view .LVU65
 271 0002 1A23     		movs	r3, #26
 272 0004 0B80     		strh	r3, [r1]	@ movhi
 311:USB_DEVICE/App/usbd_desc.c ****   /* USER CODE BEGIN USBD_HS_SerialStrDescriptor */
 273              		.loc 1 311 3 is_stmt 1 view .LVU66
 274 0006 FFF7FEFF 		bl	Get_SerialNum
 275              	.LVL18:
 316:USB_DEVICE/App/usbd_desc.c **** }
 276              		.loc 1 316 3 view .LVU67
 317:USB_DEVICE/App/usbd_desc.c **** 
 277              		.loc 1 317 1 is_stmt 0 view .LVU68
 278 000a 0148     		ldr	r0, .L25
 279 000c 08BD     		pop	{r3, pc}
 280              	.L26:
 281 000e 00BF     		.align	2
 282              	.L25:
 283 0010 00000000 		.word	.LANCHOR2
 284              		.cfi_endproc
 285              	.LFE358:
 287              		.section	.rodata.USBD_HS_ProductStrDescriptor.str1.4,"aMS",%progbits,1
 288              		.align	2
 289              	.LC0:
 290 0000 4176696F 		.ascii	"AvioNEXT Flight Computer\000"
 290      4E455854 
ARM GAS  /tmp/ccrLAlBY.s 			page 14


 290      20466C69 
 290      67687420 
 290      436F6D70 
 291              		.section	.text.USBD_HS_ProductStrDescriptor,"ax",%progbits
 292              		.align	1
 293              		.global	USBD_HS_ProductStrDescriptor
 294              		.syntax unified
 295              		.thumb
 296              		.thumb_func
 297              		.fpu fpv5-d16
 299              	USBD_HS_ProductStrDescriptor:
 300              	.LVL19:
 301              	.LFB356:
 273:USB_DEVICE/App/usbd_desc.c ****   if(speed == 0)
 302              		.loc 1 273 1 is_stmt 1 view -0
 303              		.cfi_startproc
 304              		@ args = 0, pretend = 0, frame = 0
 305              		@ frame_needed = 0, uses_anonymous_args = 0
 273:USB_DEVICE/App/usbd_desc.c ****   if(speed == 0)
 306              		.loc 1 273 1 is_stmt 0 view .LVU70
 307 0000 08B5     		push	{r3, lr}
 308              	.LCFI4:
 309              		.cfi_def_cfa_offset 8
 310              		.cfi_offset 3, -8
 311              		.cfi_offset 14, -4
 312 0002 0A46     		mov	r2, r1
 274:USB_DEVICE/App/usbd_desc.c ****   {
 313              		.loc 1 274 3 is_stmt 1 view .LVU71
 274:USB_DEVICE/App/usbd_desc.c ****   {
 314              		.loc 1 274 5 is_stmt 0 view .LVU72
 315 0004 28B9     		cbnz	r0, .L28
 276:USB_DEVICE/App/usbd_desc.c ****   }
 316              		.loc 1 276 5 is_stmt 1 view .LVU73
 317 0006 0549     		ldr	r1, .L31
 318              	.LVL20:
 276:USB_DEVICE/App/usbd_desc.c ****   }
 319              		.loc 1 276 5 is_stmt 0 view .LVU74
 320 0008 0548     		ldr	r0, .L31+4
 321              	.LVL21:
 276:USB_DEVICE/App/usbd_desc.c ****   }
 322              		.loc 1 276 5 view .LVU75
 323 000a FFF7FEFF 		bl	USBD_GetString
 324              	.LVL22:
 325              	.L29:
 282:USB_DEVICE/App/usbd_desc.c **** }
 326              		.loc 1 282 3 is_stmt 1 view .LVU76
 283:USB_DEVICE/App/usbd_desc.c **** 
 327              		.loc 1 283 1 is_stmt 0 view .LVU77
 328 000e 0348     		ldr	r0, .L31
 329 0010 08BD     		pop	{r3, pc}
 330              	.LVL23:
 331              	.L28:
 280:USB_DEVICE/App/usbd_desc.c ****   }
 332              		.loc 1 280 5 is_stmt 1 view .LVU78
 333 0012 0249     		ldr	r1, .L31
 334              	.LVL24:
 280:USB_DEVICE/App/usbd_desc.c ****   }
ARM GAS  /tmp/ccrLAlBY.s 			page 15


 335              		.loc 1 280 5 is_stmt 0 view .LVU79
 336 0014 0248     		ldr	r0, .L31+4
 337              	.LVL25:
 280:USB_DEVICE/App/usbd_desc.c ****   }
 338              		.loc 1 280 5 view .LVU80
 339 0016 FFF7FEFF 		bl	USBD_GetString
 340              	.LVL26:
 280:USB_DEVICE/App/usbd_desc.c ****   }
 341              		.loc 1 280 5 view .LVU81
 342 001a F8E7     		b	.L29
 343              	.L32:
 344              		.align	2
 345              	.L31:
 346 001c 00000000 		.word	USBD_StrDesc
 347 0020 00000000 		.word	.LC0
 348              		.cfi_endproc
 349              	.LFE356:
 351              		.section	.rodata.USBD_HS_ManufacturerStrDescriptor.str1.4,"aMS",%progbits,1
 352              		.align	2
 353              	.LC1:
 354 0000 41524300 		.ascii	"ARC\000"
 355              		.section	.text.USBD_HS_ManufacturerStrDescriptor,"ax",%progbits
 356              		.align	1
 357              		.global	USBD_HS_ManufacturerStrDescriptor
 358              		.syntax unified
 359              		.thumb
 360              		.thumb_func
 361              		.fpu fpv5-d16
 363              	USBD_HS_ManufacturerStrDescriptor:
 364              	.LVL27:
 365              	.LFB357:
 292:USB_DEVICE/App/usbd_desc.c ****   UNUSED(speed);
 366              		.loc 1 292 1 is_stmt 1 view -0
 367              		.cfi_startproc
 368              		@ args = 0, pretend = 0, frame = 0
 369              		@ frame_needed = 0, uses_anonymous_args = 0
 292:USB_DEVICE/App/usbd_desc.c ****   UNUSED(speed);
 370              		.loc 1 292 1 is_stmt 0 view .LVU83
 371 0000 10B5     		push	{r4, lr}
 372              	.LCFI5:
 373              		.cfi_def_cfa_offset 8
 374              		.cfi_offset 4, -8
 375              		.cfi_offset 14, -4
 376 0002 0A46     		mov	r2, r1
 293:USB_DEVICE/App/usbd_desc.c ****   USBD_GetString((uint8_t *)USBD_MANUFACTURER_STRING, USBD_StrDesc, length);
 377              		.loc 1 293 3 is_stmt 1 view .LVU84
 294:USB_DEVICE/App/usbd_desc.c ****   return USBD_StrDesc;
 378              		.loc 1 294 3 view .LVU85
 379 0004 034C     		ldr	r4, .L35
 380 0006 2146     		mov	r1, r4
 381              	.LVL28:
 294:USB_DEVICE/App/usbd_desc.c ****   return USBD_StrDesc;
 382              		.loc 1 294 3 is_stmt 0 view .LVU86
 383 0008 0348     		ldr	r0, .L35+4
 384              	.LVL29:
 294:USB_DEVICE/App/usbd_desc.c ****   return USBD_StrDesc;
 385              		.loc 1 294 3 view .LVU87
ARM GAS  /tmp/ccrLAlBY.s 			page 16


 386 000a FFF7FEFF 		bl	USBD_GetString
 387              	.LVL30:
 295:USB_DEVICE/App/usbd_desc.c **** }
 388              		.loc 1 295 3 is_stmt 1 view .LVU88
 296:USB_DEVICE/App/usbd_desc.c **** 
 389              		.loc 1 296 1 is_stmt 0 view .LVU89
 390 000e 2046     		mov	r0, r4
 391 0010 10BD     		pop	{r4, pc}
 392              	.L36:
 393 0012 00BF     		.align	2
 394              	.L35:
 395 0014 00000000 		.word	USBD_StrDesc
 396 0018 00000000 		.word	.LC1
 397              		.cfi_endproc
 398              	.LFE357:
 400              		.section	.rodata.USBD_HS_ConfigStrDescriptor.str1.4,"aMS",%progbits,1
 401              		.align	2
 402              	.LC2:
 403 0000 43444320 		.ascii	"CDC Config\000"
 403      436F6E66 
 403      696700
 404              		.section	.text.USBD_HS_ConfigStrDescriptor,"ax",%progbits
 405              		.align	1
 406              		.global	USBD_HS_ConfigStrDescriptor
 407              		.syntax unified
 408              		.thumb
 409              		.thumb_func
 410              		.fpu fpv5-d16
 412              	USBD_HS_ConfigStrDescriptor:
 413              	.LVL31:
 414              	.LFB359:
 326:USB_DEVICE/App/usbd_desc.c ****   if(speed == USBD_SPEED_HIGH)
 415              		.loc 1 326 1 is_stmt 1 view -0
 416              		.cfi_startproc
 417              		@ args = 0, pretend = 0, frame = 0
 418              		@ frame_needed = 0, uses_anonymous_args = 0
 326:USB_DEVICE/App/usbd_desc.c ****   if(speed == USBD_SPEED_HIGH)
 419              		.loc 1 326 1 is_stmt 0 view .LVU91
 420 0000 08B5     		push	{r3, lr}
 421              	.LCFI6:
 422              		.cfi_def_cfa_offset 8
 423              		.cfi_offset 3, -8
 424              		.cfi_offset 14, -4
 425 0002 0A46     		mov	r2, r1
 327:USB_DEVICE/App/usbd_desc.c ****   {
 426              		.loc 1 327 3 is_stmt 1 view .LVU92
 327:USB_DEVICE/App/usbd_desc.c ****   {
 427              		.loc 1 327 5 is_stmt 0 view .LVU93
 428 0004 28B9     		cbnz	r0, .L38
 329:USB_DEVICE/App/usbd_desc.c ****   }
 429              		.loc 1 329 5 is_stmt 1 view .LVU94
 430 0006 0549     		ldr	r1, .L41
 431              	.LVL32:
 329:USB_DEVICE/App/usbd_desc.c ****   }
 432              		.loc 1 329 5 is_stmt 0 view .LVU95
 433 0008 0548     		ldr	r0, .L41+4
 434              	.LVL33:
ARM GAS  /tmp/ccrLAlBY.s 			page 17


 329:USB_DEVICE/App/usbd_desc.c ****   }
 435              		.loc 1 329 5 view .LVU96
 436 000a FFF7FEFF 		bl	USBD_GetString
 437              	.LVL34:
 438              	.L39:
 335:USB_DEVICE/App/usbd_desc.c **** }
 439              		.loc 1 335 3 is_stmt 1 view .LVU97
 336:USB_DEVICE/App/usbd_desc.c **** 
 440              		.loc 1 336 1 is_stmt 0 view .LVU98
 441 000e 0348     		ldr	r0, .L41
 442 0010 08BD     		pop	{r3, pc}
 443              	.LVL35:
 444              	.L38:
 333:USB_DEVICE/App/usbd_desc.c ****   }
 445              		.loc 1 333 5 is_stmt 1 view .LVU99
 446 0012 0249     		ldr	r1, .L41
 447              	.LVL36:
 333:USB_DEVICE/App/usbd_desc.c ****   }
 448              		.loc 1 333 5 is_stmt 0 view .LVU100
 449 0014 0248     		ldr	r0, .L41+4
 450              	.LVL37:
 333:USB_DEVICE/App/usbd_desc.c ****   }
 451              		.loc 1 333 5 view .LVU101
 452 0016 FFF7FEFF 		bl	USBD_GetString
 453              	.LVL38:
 333:USB_DEVICE/App/usbd_desc.c ****   }
 454              		.loc 1 333 5 view .LVU102
 455 001a F8E7     		b	.L39
 456              	.L42:
 457              		.align	2
 458              	.L41:
 459 001c 00000000 		.word	USBD_StrDesc
 460 0020 00000000 		.word	.LC2
 461              		.cfi_endproc
 462              	.LFE359:
 464              		.section	.rodata.USBD_HS_InterfaceStrDescriptor.str1.4,"aMS",%progbits,1
 465              		.align	2
 466              	.LC3:
 467 0000 43444320 		.ascii	"CDC Interface\000"
 467      496E7465 
 467      72666163 
 467      6500
 468              		.section	.text.USBD_HS_InterfaceStrDescriptor,"ax",%progbits
 469              		.align	1
 470              		.global	USBD_HS_InterfaceStrDescriptor
 471              		.syntax unified
 472              		.thumb
 473              		.thumb_func
 474              		.fpu fpv5-d16
 476              	USBD_HS_InterfaceStrDescriptor:
 477              	.LVL39:
 478              	.LFB360:
 345:USB_DEVICE/App/usbd_desc.c ****   if(speed == 0)
 479              		.loc 1 345 1 is_stmt 1 view -0
 480              		.cfi_startproc
 481              		@ args = 0, pretend = 0, frame = 0
 482              		@ frame_needed = 0, uses_anonymous_args = 0
ARM GAS  /tmp/ccrLAlBY.s 			page 18


 345:USB_DEVICE/App/usbd_desc.c ****   if(speed == 0)
 483              		.loc 1 345 1 is_stmt 0 view .LVU104
 484 0000 08B5     		push	{r3, lr}
 485              	.LCFI7:
 486              		.cfi_def_cfa_offset 8
 487              		.cfi_offset 3, -8
 488              		.cfi_offset 14, -4
 489 0002 0A46     		mov	r2, r1
 346:USB_DEVICE/App/usbd_desc.c ****   {
 490              		.loc 1 346 3 is_stmt 1 view .LVU105
 346:USB_DEVICE/App/usbd_desc.c ****   {
 491              		.loc 1 346 5 is_stmt 0 view .LVU106
 492 0004 28B9     		cbnz	r0, .L44
 348:USB_DEVICE/App/usbd_desc.c ****   }
 493              		.loc 1 348 5 is_stmt 1 view .LVU107
 494 0006 0549     		ldr	r1, .L47
 495              	.LVL40:
 348:USB_DEVICE/App/usbd_desc.c ****   }
 496              		.loc 1 348 5 is_stmt 0 view .LVU108
 497 0008 0548     		ldr	r0, .L47+4
 498              	.LVL41:
 348:USB_DEVICE/App/usbd_desc.c ****   }
 499              		.loc 1 348 5 view .LVU109
 500 000a FFF7FEFF 		bl	USBD_GetString
 501              	.LVL42:
 502              	.L45:
 354:USB_DEVICE/App/usbd_desc.c **** }
 503              		.loc 1 354 3 is_stmt 1 view .LVU110
 355:USB_DEVICE/App/usbd_desc.c **** 
 504              		.loc 1 355 1 is_stmt 0 view .LVU111
 505 000e 0348     		ldr	r0, .L47
 506 0010 08BD     		pop	{r3, pc}
 507              	.LVL43:
 508              	.L44:
 352:USB_DEVICE/App/usbd_desc.c ****   }
 509              		.loc 1 352 5 is_stmt 1 view .LVU112
 510 0012 0249     		ldr	r1, .L47
 511              	.LVL44:
 352:USB_DEVICE/App/usbd_desc.c ****   }
 512              		.loc 1 352 5 is_stmt 0 view .LVU113
 513 0014 0248     		ldr	r0, .L47+4
 514              	.LVL45:
 352:USB_DEVICE/App/usbd_desc.c ****   }
 515              		.loc 1 352 5 view .LVU114
 516 0016 FFF7FEFF 		bl	USBD_GetString
 517              	.LVL46:
 352:USB_DEVICE/App/usbd_desc.c ****   }
 518              		.loc 1 352 5 view .LVU115
 519 001a F8E7     		b	.L45
 520              	.L48:
 521              		.align	2
 522              	.L47:
 523 001c 00000000 		.word	USBD_StrDesc
 524 0020 00000000 		.word	.LC3
 525              		.cfi_endproc
 526              	.LFE360:
 528              		.section	.text.USBD_HS_USR_BOSDescriptor,"ax",%progbits
ARM GAS  /tmp/ccrLAlBY.s 			page 19


 529              		.align	1
 530              		.global	USBD_HS_USR_BOSDescriptor
 531              		.syntax unified
 532              		.thumb
 533              		.thumb_func
 534              		.fpu fpv5-d16
 536              	USBD_HS_USR_BOSDescriptor:
 537              	.LVL47:
 538              	.LFB361:
 365:USB_DEVICE/App/usbd_desc.c ****   UNUSED(speed);
 539              		.loc 1 365 1 is_stmt 1 view -0
 540              		.cfi_startproc
 541              		@ args = 0, pretend = 0, frame = 0
 542              		@ frame_needed = 0, uses_anonymous_args = 0
 543              		@ link register save eliminated.
 366:USB_DEVICE/App/usbd_desc.c ****   *length = sizeof(USBD_HS_BOSDesc);
 544              		.loc 1 366 3 view .LVU117
 367:USB_DEVICE/App/usbd_desc.c ****   return (uint8_t*)USBD_HS_BOSDesc;
 545              		.loc 1 367 3 view .LVU118
 367:USB_DEVICE/App/usbd_desc.c ****   return (uint8_t*)USBD_HS_BOSDesc;
 546              		.loc 1 367 11 is_stmt 0 view .LVU119
 547 0000 0C23     		movs	r3, #12
 548 0002 0B80     		strh	r3, [r1]	@ movhi
 368:USB_DEVICE/App/usbd_desc.c **** }
 549              		.loc 1 368 3 is_stmt 1 view .LVU120
 369:USB_DEVICE/App/usbd_desc.c **** #endif /* (USBD_LPM_ENABLED == 1) */
 550              		.loc 1 369 1 is_stmt 0 view .LVU121
 551 0004 0048     		ldr	r0, .L50
 552              	.LVL48:
 369:USB_DEVICE/App/usbd_desc.c **** #endif /* (USBD_LPM_ENABLED == 1) */
 553              		.loc 1 369 1 view .LVU122
 554 0006 7047     		bx	lr
 555              	.L51:
 556              		.align	2
 557              	.L50:
 558 0008 00000000 		.word	.LANCHOR3
 559              		.cfi_endproc
 560              	.LFE361:
 562              		.global	USBD_StringSerial
 563              		.comm	USBD_StrDesc,512,4
 564              		.global	USBD_LangIDDesc
 565              		.global	USBD_HS_BOSDesc
 566              		.global	USBD_HS_DeviceDesc
 567              		.global	HS_Desc
 568              		.section	.data.HS_Desc,"aw"
 569              		.align	2
 572              	HS_Desc:
 573 0000 00000000 		.word	USBD_HS_DeviceDescriptor
 574 0004 00000000 		.word	USBD_HS_LangIDStrDescriptor
 575 0008 00000000 		.word	USBD_HS_ManufacturerStrDescriptor
 576 000c 00000000 		.word	USBD_HS_ProductStrDescriptor
 577 0010 00000000 		.word	USBD_HS_SerialStrDescriptor
 578 0014 00000000 		.word	USBD_HS_ConfigStrDescriptor
 579 0018 00000000 		.word	USBD_HS_InterfaceStrDescriptor
 580 001c 00000000 		.space	4
 581              		.section	.data.USBD_HS_BOSDesc,"aw"
 582              		.align	2
ARM GAS  /tmp/ccrLAlBY.s 			page 20


 583              		.set	.LANCHOR3,. + 0
 586              	USBD_HS_BOSDesc:
 587 0000 050F0C00 		.ascii	"\005\017\014\000\001\007\020\002\002\000\000\000"
 587      01071002 
 587      02000000 
 588              		.section	.data.USBD_HS_DeviceDesc,"aw"
 589              		.align	2
 590              		.set	.LANCHOR0,. + 0
 593              	USBD_HS_DeviceDesc:
 594 0000 12010002 		.ascii	"\022\001\000\002\002\002\000@\203\004@W\000\002\001"
 594      02020040 
 594      83044057 
 594      000201
 595 000f 020301   		.ascii	"\002\003\001"
 596              		.section	.data.USBD_LangIDDesc,"aw"
 597              		.align	2
 598              		.set	.LANCHOR1,. + 0
 601              	USBD_LangIDDesc:
 602 0000 04030904 		.ascii	"\004\003\011\004"
 603              		.section	.data.USBD_StringSerial,"aw"
 604              		.align	2
 605              		.set	.LANCHOR2,. + 0
 608              	USBD_StringSerial:
 609 0000 1A0300   		.ascii	"\032\003\000"
 610 0003 00000000 		.space	23
 610      00000000 
 610      00000000 
 610      00000000 
 610      00000000 
 611              		.text
 612              	.Letext0:
 613              		.file 2 "/nix/store/9w2nhnv8b84a8yg8jsii47ikl60bz16p-gcc-arm-embedded-9.3.1/arm-none-eabi/include/
 614              		.file 3 "/nix/store/9w2nhnv8b84a8yg8jsii47ikl60bz16p-gcc-arm-embedded-9.3.1/lib/gcc/arm-none-eabi/
 615              		.file 4 "/nix/store/9w2nhnv8b84a8yg8jsii47ikl60bz16p-gcc-arm-embedded-9.3.1/arm-none-eabi/include/
 616              		.file 5 "/nix/store/9w2nhnv8b84a8yg8jsii47ikl60bz16p-gcc-arm-embedded-9.3.1/arm-none-eabi/include/
 617              		.file 6 "/nix/store/9w2nhnv8b84a8yg8jsii47ikl60bz16p-gcc-arm-embedded-9.3.1/arm-none-eabi/include/
 618              		.file 7 "/nix/store/9w2nhnv8b84a8yg8jsii47ikl60bz16p-gcc-arm-embedded-9.3.1/arm-none-eabi/include/
 619              		.file 8 "/nix/store/9w2nhnv8b84a8yg8jsii47ikl60bz16p-gcc-arm-embedded-9.3.1/arm-none-eabi/include/
 620              		.file 9 "Drivers/CMSIS/Include/core_cm7.h"
 621              		.file 10 "Drivers/CMSIS/Device/ST/STM32H7xx/Include/system_stm32h7xx.h"
 622              		.file 11 "/nix/store/9w2nhnv8b84a8yg8jsii47ikl60bz16p-gcc-arm-embedded-9.3.1/arm-none-eabi/include
 623              		.file 12 "Drivers/STM32H7xx_HAL_Driver/Inc/stm32h7xx_hal_def.h"
 624              		.file 13 "Drivers/STM32H7xx_HAL_Driver/Inc/stm32h7xx_hal_flash.h"
 625              		.file 14 "Drivers/STM32H7xx_HAL_Driver/Inc/stm32h7xx_hal_uart.h"
 626              		.file 15 "Drivers/STM32H7xx_HAL_Driver/Inc/stm32h7xx_hal.h"
 627              		.file 16 "Middlewares/ST/STM32_USB_Device_Library/Core/Inc/usbd_def.h"
 628              		.file 17 "USB_DEVICE/App/usbd_desc.h"
 629              		.file 18 "Middlewares/ST/STM32_USB_Device_Library/Core/Inc/usbd_ctlreq.h"
ARM GAS  /tmp/ccrLAlBY.s 			page 21


DEFINED SYMBOLS
                            *ABS*:0000000000000000 usbd_desc.c
     /tmp/ccrLAlBY.s:17     .text.USBD_HS_DeviceDescriptor:0000000000000000 $t
     /tmp/ccrLAlBY.s:25     .text.USBD_HS_DeviceDescriptor:0000000000000000 USBD_HS_DeviceDescriptor
     /tmp/ccrLAlBY.s:48     .text.USBD_HS_DeviceDescriptor:0000000000000008 $d
     /tmp/ccrLAlBY.s:53     .text.USBD_HS_LangIDStrDescriptor:0000000000000000 $t
     /tmp/ccrLAlBY.s:60     .text.USBD_HS_LangIDStrDescriptor:0000000000000000 USBD_HS_LangIDStrDescriptor
     /tmp/ccrLAlBY.s:82     .text.USBD_HS_LangIDStrDescriptor:0000000000000008 $d
     /tmp/ccrLAlBY.s:87     .text.IntToUnicode:0000000000000000 $t
     /tmp/ccrLAlBY.s:93     .text.IntToUnicode:0000000000000000 IntToUnicode
     /tmp/ccrLAlBY.s:175    .text.Get_SerialNum:0000000000000000 $t
     /tmp/ccrLAlBY.s:181    .text.Get_SerialNum:0000000000000000 Get_SerialNum
     /tmp/ccrLAlBY.s:242    .text.Get_SerialNum:000000000000002c $d
     /tmp/ccrLAlBY.s:248    .text.USBD_HS_SerialStrDescriptor:0000000000000000 $t
     /tmp/ccrLAlBY.s:255    .text.USBD_HS_SerialStrDescriptor:0000000000000000 USBD_HS_SerialStrDescriptor
     /tmp/ccrLAlBY.s:283    .text.USBD_HS_SerialStrDescriptor:0000000000000010 $d
     /tmp/ccrLAlBY.s:288    .rodata.USBD_HS_ProductStrDescriptor.str1.4:0000000000000000 $d
     /tmp/ccrLAlBY.s:292    .text.USBD_HS_ProductStrDescriptor:0000000000000000 $t
     /tmp/ccrLAlBY.s:299    .text.USBD_HS_ProductStrDescriptor:0000000000000000 USBD_HS_ProductStrDescriptor
     /tmp/ccrLAlBY.s:346    .text.USBD_HS_ProductStrDescriptor:000000000000001c $d
                            *COM*:0000000000000200 USBD_StrDesc
     /tmp/ccrLAlBY.s:352    .rodata.USBD_HS_ManufacturerStrDescriptor.str1.4:0000000000000000 $d
     /tmp/ccrLAlBY.s:356    .text.USBD_HS_ManufacturerStrDescriptor:0000000000000000 $t
     /tmp/ccrLAlBY.s:363    .text.USBD_HS_ManufacturerStrDescriptor:0000000000000000 USBD_HS_ManufacturerStrDescriptor
     /tmp/ccrLAlBY.s:395    .text.USBD_HS_ManufacturerStrDescriptor:0000000000000014 $d
     /tmp/ccrLAlBY.s:401    .rodata.USBD_HS_ConfigStrDescriptor.str1.4:0000000000000000 $d
     /tmp/ccrLAlBY.s:405    .text.USBD_HS_ConfigStrDescriptor:0000000000000000 $t
     /tmp/ccrLAlBY.s:412    .text.USBD_HS_ConfigStrDescriptor:0000000000000000 USBD_HS_ConfigStrDescriptor
     /tmp/ccrLAlBY.s:459    .text.USBD_HS_ConfigStrDescriptor:000000000000001c $d
     /tmp/ccrLAlBY.s:465    .rodata.USBD_HS_InterfaceStrDescriptor.str1.4:0000000000000000 $d
     /tmp/ccrLAlBY.s:469    .text.USBD_HS_InterfaceStrDescriptor:0000000000000000 $t
     /tmp/ccrLAlBY.s:476    .text.USBD_HS_InterfaceStrDescriptor:0000000000000000 USBD_HS_InterfaceStrDescriptor
     /tmp/ccrLAlBY.s:523    .text.USBD_HS_InterfaceStrDescriptor:000000000000001c $d
     /tmp/ccrLAlBY.s:529    .text.USBD_HS_USR_BOSDescriptor:0000000000000000 $t
     /tmp/ccrLAlBY.s:536    .text.USBD_HS_USR_BOSDescriptor:0000000000000000 USBD_HS_USR_BOSDescriptor
     /tmp/ccrLAlBY.s:558    .text.USBD_HS_USR_BOSDescriptor:0000000000000008 $d
     /tmp/ccrLAlBY.s:608    .data.USBD_StringSerial:0000000000000000 USBD_StringSerial
     /tmp/ccrLAlBY.s:601    .data.USBD_LangIDDesc:0000000000000000 USBD_LangIDDesc
     /tmp/ccrLAlBY.s:586    .data.USBD_HS_BOSDesc:0000000000000000 USBD_HS_BOSDesc
     /tmp/ccrLAlBY.s:593    .data.USBD_HS_DeviceDesc:0000000000000000 USBD_HS_DeviceDesc
     /tmp/ccrLAlBY.s:572    .data.HS_Desc:0000000000000000 HS_Desc
     /tmp/ccrLAlBY.s:569    .data.HS_Desc:0000000000000000 $d
     /tmp/ccrLAlBY.s:582    .data.USBD_HS_BOSDesc:0000000000000000 $d
     /tmp/ccrLAlBY.s:589    .data.USBD_HS_DeviceDesc:0000000000000000 $d
     /tmp/ccrLAlBY.s:597    .data.USBD_LangIDDesc:0000000000000000 $d
     /tmp/ccrLAlBY.s:604    .data.USBD_StringSerial:0000000000000000 $d

UNDEFINED SYMBOLS
USBD_GetString
